[1.145s] Invoking command in '/home/mrc/sim_ws/src/rrt_package': PYTHONPATH=/home/mrc/sim_ws/build/rrt_package/prefix_override:/usr/lib/python3/dist-packages/colcon_core/task/python/colcon_distutils_commands:/home/mrc/sim_ws/install/rrt_package/lib/python3.8/site-packages:${PYTHONPATH} /usr/bin/python3 -W ignore:setup.py install is deprecated -W ignore:easy_install command is deprecated setup.py egg_info --egg-base ../../build/rrt_package build --build-base /home/mrc/sim_ws/build/rrt_package/build install --record /home/mrc/sim_ws/build/rrt_package/install.log --install-scripts $base/lib/rrt_package --single-version-externally-managed install_data
[1.477s] running egg_info
[1.478s] creating ../../build/rrt_package/rrt_package.egg-info
[1.478s] writing ../../build/rrt_package/rrt_package.egg-info/PKG-INFO
[1.478s] writing dependency_links to ../../build/rrt_package/rrt_package.egg-info/dependency_links.txt
[1.478s] writing entry points to ../../build/rrt_package/rrt_package.egg-info/entry_points.txt
[1.478s] writing requirements to ../../build/rrt_package/rrt_package.egg-info/requires.txt
[1.479s] writing top-level names to ../../build/rrt_package/rrt_package.egg-info/top_level.txt
[1.484s] writing manifest file '../../build/rrt_package/rrt_package.egg-info/SOURCES.txt'
[1.527s] reading manifest file '../../build/rrt_package/rrt_package.egg-info/SOURCES.txt'
[1.528s] writing manifest file '../../build/rrt_package/rrt_package.egg-info/SOURCES.txt'
[1.528s] running build
[1.528s] running build_py
[1.529s] creating /home/mrc/sim_ws/build/rrt_package/build
[1.529s] creating /home/mrc/sim_ws/build/rrt_package/build/lib
[1.529s] creating /home/mrc/sim_ws/build/rrt_package/build/lib/rrt_package
[1.529s] copying rrt_package/__init__.py -> /home/mrc/sim_ws/build/rrt_package/build/lib/rrt_package
[1.529s] copying rrt_package/RRT_node.py -> /home/mrc/sim_ws/build/rrt_package/build/lib/rrt_package
[1.529s] running install
[1.530s] running install_lib
[1.532s] creating /home/mrc/sim_ws/install/rrt_package/lib/python3.8/site-packages/rrt_package
[1.532s] copying /home/mrc/sim_ws/build/rrt_package/build/lib/rrt_package/__init__.py -> /home/mrc/sim_ws/install/rrt_package/lib/python3.8/site-packages/rrt_package
[1.532s] copying /home/mrc/sim_ws/build/rrt_package/build/lib/rrt_package/RRT_node.py -> /home/mrc/sim_ws/install/rrt_package/lib/python3.8/site-packages/rrt_package
[1.533s] byte-compiling /home/mrc/sim_ws/install/rrt_package/lib/python3.8/site-packages/rrt_package/__init__.py to __init__.cpython-38.pyc
[1.534s] byte-compiling /home/mrc/sim_ws/install/rrt_package/lib/python3.8/site-packages/rrt_package/RRT_node.py to RRT_node.cpython-38.pyc
[1.538s] Sorry: IndentationError: expected an indented block (RRT_node.py, line 41)
[1.540s] running install_data
[1.540s] creating /home/mrc/sim_ws/install/rrt_package/share/ament_index
[1.540s] creating /home/mrc/sim_ws/install/rrt_package/share/ament_index/resource_index
[1.540s] creating /home/mrc/sim_ws/install/rrt_package/share/ament_index/resource_index/packages
[1.540s] copying resource/rrt_package -> /home/mrc/sim_ws/install/rrt_package/share/ament_index/resource_index/packages
[1.540s] copying package.xml -> /home/mrc/sim_ws/install/rrt_package/share/rrt_package
[1.541s] running install_egg_info
[1.542s] Copying ../../build/rrt_package/rrt_package.egg-info to /home/mrc/sim_ws/install/rrt_package/lib/python3.8/site-packages/rrt_package-0.0.0-py3.8.egg-info
[1.545s] running install_scripts
[1.571s] writing list of installed files to '/home/mrc/sim_ws/build/rrt_package/install.log'
[1.605s] Invoked command in '/home/mrc/sim_ws/src/rrt_package' returned '0': PYTHONPATH=/home/mrc/sim_ws/build/rrt_package/prefix_override:/usr/lib/python3/dist-packages/colcon_core/task/python/colcon_distutils_commands:/home/mrc/sim_ws/install/rrt_package/lib/python3.8/site-packages:${PYTHONPATH} /usr/bin/python3 -W ignore:setup.py install is deprecated -W ignore:easy_install command is deprecated setup.py egg_info --egg-base ../../build/rrt_package build --build-base /home/mrc/sim_ws/build/rrt_package/build install --record /home/mrc/sim_ws/build/rrt_package/install.log --install-scripts $base/lib/rrt_package --single-version-externally-managed install_data
