[0.410s] Invoking command in '/home/mrc/sim_ws/build/safety_node': /usr/bin/cmake /home/mrc/sim_ws/src/f1tenth_lab2_template/safety_node -DCMAKE_INSTALL_PREFIX=/home/mrc/sim_ws/install/safety_node
[0.947s] -- The C compiler identification is GNU 9.4.0
[1.275s] -- The CXX compiler identification is GNU 9.4.0
[1.302s] -- Check for working C compiler: /usr/bin/cc
[1.439s] -- Check for working C compiler: /usr/bin/cc -- works
[1.446s] -- Detecting C compiler ABI info
[1.576s] -- Detecting C compiler ABI info - done
[1.588s] -- Detecting C compile features
[1.590s] -- Detecting C compile features - done
[1.597s] -- Check for working CXX compiler: /usr/bin/c++
[1.732s] -- Check for working CXX compiler: /usr/bin/c++ -- works
[1.734s] -- Detecting CXX compiler ABI info
[1.871s] -- Detecting CXX compiler ABI info - done
[1.885s] -- Detecting CXX compile features
[1.886s] -- Detecting CXX compile features - done
[1.910s] CMake Error at CMakeLists.txt:24 (find_package):
[1.910s]   By not providing "Findament_cmake.cmake" in CMAKE_MODULE_PATH this project
[1.910s]   has asked CMake to find a package configuration file provided by
[1.910s]   "ament_cmake", but CMake did not find one.
[1.910s] 
[1.910s]   Could not find a package configuration file provided by "ament_cmake" with
[1.911s]   any of the following names:
[1.911s] 
[1.911s]     ament_cmakeConfig.cmake
[1.912s]     ament_cmake-config.cmake
[1.912s] 
[1.912s]   Add the installation prefix of "ament_cmake" to CMAKE_PREFIX_PATH or set
[1.912s]   "ament_cmake_DIR" to a directory containing one of the above files.  If
[1.912s]   "ament_cmake" provides a separate development package or SDK, be sure it
[1.912s]   has been installed.
[1.913s] 
[1.913s] 
[1.913s] -- Configuring incomplete, errors occurred!
[1.914s] See also "/home/mrc/sim_ws/build/safety_node/CMakeFiles/CMakeOutput.log".
[1.941s] Invoked command in '/home/mrc/sim_ws/build/safety_node' returned '1': /usr/bin/cmake /home/mrc/sim_ws/src/f1tenth_lab2_template/safety_node -DCMAKE_INSTALL_PREFIX=/home/mrc/sim_ws/install/safety_node
