[0.553s] Invoking command in '/home/mrc/sim_ws/build/safety_node': CMAKE_PREFIX_PATH=${CMAKE_PREFIX_PATH}:/home/mrc/sim_ws/install/f1tenth_gym_ros:/opt/ros/foxy /usr/bin/cmake --build /home/mrc/sim_ws/build/safety_node -- -j2 -l2
[0.666s] Invoked command in '/home/mrc/sim_ws/build/safety_node' returned '0': CMAKE_PREFIX_PATH=${CMAKE_PREFIX_PATH}:/home/mrc/sim_ws/install/f1tenth_gym_ros:/opt/ros/foxy /usr/bin/cmake --build /home/mrc/sim_ws/build/safety_node -- -j2 -l2
[0.700s] Invoking command in '/home/mrc/sim_ws/build/safety_node': CMAKE_PREFIX_PATH=${CMAKE_PREFIX_PATH}:/home/mrc/sim_ws/install/f1tenth_gym_ros:/opt/ros/foxy /usr/bin/cmake --install /home/mrc/sim_ws/build/safety_node
[0.790s] -- Install configuration: ""
[0.790s] -- Up-to-date: /home/mrc/sim_ws/install/safety_node/share/safety_node/environment/pythonpath.sh
[0.790s] -- Up-to-date: /home/mrc/sim_ws/install/safety_node/share/safety_node/environment/pythonpath.dsv
[0.790s] -- Up-to-date: /home/mrc/sim_ws/install/safety_node/lib/python3.8/site-packages/safety_node
[0.790s] -- Up-to-date: /home/mrc/sim_ws/install/safety_node/lib/python3.8/site-packages/safety_node/__init__.py
[1.017s] Listing '/home/mrc/sim_ws/install/safety_node/lib/python3.8/site-packages/safety_node'...
[1.036s] -- Up-to-date: /home/mrc/sim_ws/install/safety_node/lib/safety_node/safety_node.py
[1.037s] -- Up-to-date: /home/mrc/sim_ws/install/safety_node/share/ament_index/resource_index/package_run_dependencies/safety_node
[1.037s] -- Up-to-date: /home/mrc/sim_ws/install/safety_node/share/ament_index/resource_index/parent_prefix_path/safety_node
[1.037s] -- Up-to-date: /home/mrc/sim_ws/install/safety_node/share/safety_node/environment/ament_prefix_path.sh
[1.037s] -- Up-to-date: /home/mrc/sim_ws/install/safety_node/share/safety_node/environment/ament_prefix_path.dsv
[1.037s] -- Up-to-date: /home/mrc/sim_ws/install/safety_node/share/safety_node/environment/path.sh
[1.037s] -- Up-to-date: /home/mrc/sim_ws/install/safety_node/share/safety_node/environment/path.dsv
[1.037s] -- Up-to-date: /home/mrc/sim_ws/install/safety_node/share/safety_node/local_setup.bash
[1.038s] -- Up-to-date: /home/mrc/sim_ws/install/safety_node/share/safety_node/local_setup.sh
[1.038s] -- Up-to-date: /home/mrc/sim_ws/install/safety_node/share/safety_node/local_setup.zsh
[1.038s] -- Up-to-date: /home/mrc/sim_ws/install/safety_node/share/safety_node/local_setup.dsv
[1.038s] -- Installing: /home/mrc/sim_ws/install/safety_node/share/safety_node/package.dsv
[1.038s] -- Up-to-date: /home/mrc/sim_ws/install/safety_node/share/ament_index/resource_index/packages/safety_node
[1.039s] -- Up-to-date: /home/mrc/sim_ws/install/safety_node/share/safety_node/cmake/safety_nodeConfig.cmake
[1.040s] -- Up-to-date: /home/mrc/sim_ws/install/safety_node/share/safety_node/cmake/safety_nodeConfig-version.cmake
[1.041s] -- Up-to-date: /home/mrc/sim_ws/install/safety_node/share/safety_node/package.xml
[1.050s] Invoked command in '/home/mrc/sim_ws/build/safety_node' returned '0': CMAKE_PREFIX_PATH=${CMAKE_PREFIX_PATH}:/home/mrc/sim_ws/install/f1tenth_gym_ros:/opt/ros/foxy /usr/bin/cmake --install /home/mrc/sim_ws/build/safety_node
