[5.299s] Invoking command in '/home/mrc/sim_ws/src/ppo_racing': PYTHONPATH=/home/mrc/sim_ws/build/ppo_racing/prefix_override:/usr/lib/python3/dist-packages/colcon_core/task/python/colcon_distutils_commands:/home/mrc/sim_ws/install/ppo_racing/lib/python3.8/site-packages:${PYTHONPATH} /usr/bin/python3 -W ignore:setup.py install is deprecated -W ignore:easy_install command is deprecated setup.py egg_info --egg-base ../../build/ppo_racing build --build-base /home/mrc/sim_ws/build/ppo_racing/build install --record /home/mrc/sim_ws/build/ppo_racing/install.log --install-scripts $base/lib/ppo_racing --single-version-externally-managed install_data
[7.108s] running egg_info
[7.115s] writing ../../build/ppo_racing/ppo_racing.egg-info/PKG-INFO
[7.119s] writing dependency_links to ../../build/ppo_racing/ppo_racing.egg-info/dependency_links.txt
[7.121s] writing entry points to ../../build/ppo_racing/ppo_racing.egg-info/entry_points.txt
[7.125s] writing requirements to ../../build/ppo_racing/ppo_racing.egg-info/requires.txt
[7.132s] writing top-level names to ../../build/ppo_racing/ppo_racing.egg-info/top_level.txt
[7.370s] reading manifest file '../../build/ppo_racing/ppo_racing.egg-info/SOURCES.txt'
[7.377s] writing manifest file '../../build/ppo_racing/ppo_racing.egg-info/SOURCES.txt'
[7.384s] running build
[7.385s] running build_py
[7.386s] copying ppo_racing/ppo_agent.py -> /home/mrc/sim_ws/build/ppo_racing/build/lib/ppo_racing
[7.390s] running install
[7.392s] running install_lib
[7.403s] copying /home/mrc/sim_ws/build/ppo_racing/build/lib/ppo_racing/ppo_agent.py -> /home/mrc/sim_ws/install/ppo_racing/lib/python3.8/site-packages/ppo_racing
[7.406s] byte-compiling /home/mrc/sim_ws/install/ppo_racing/lib/python3.8/site-packages/ppo_racing/ppo_agent.py to ppo_agent.cpython-38.pyc
[7.421s] running install_data
[7.422s] running install_egg_info
[7.432s] removing '/home/mrc/sim_ws/install/ppo_racing/lib/python3.8/site-packages/ppo_racing-0.0.0-py3.8.egg-info' (and everything under it)
[7.433s] Copying ../../build/ppo_racing/ppo_racing.egg-info to /home/mrc/sim_ws/install/ppo_racing/lib/python3.8/site-packages/ppo_racing-0.0.0-py3.8.egg-info
[7.435s] running install_scripts
[7.513s] Installing multi_agent_policy_node script to /home/mrc/sim_ws/install/ppo_racing/lib/ppo_racing
[7.519s] Installing policy_node script to /home/mrc/sim_ws/install/ppo_racing/lib/ppo_racing
[7.522s] Installing policy_node_local_obs script to /home/mrc/sim_ws/install/ppo_racing/lib/ppo_racing
[7.530s] writing list of installed files to '/home/mrc/sim_ws/build/ppo_racing/install.log'
[7.645s] Invoked command in '/home/mrc/sim_ws/src/ppo_racing' returned '0': PYTHONPATH=/home/mrc/sim_ws/build/ppo_racing/prefix_override:/usr/lib/python3/dist-packages/colcon_core/task/python/colcon_distutils_commands:/home/mrc/sim_ws/install/ppo_racing/lib/python3.8/site-packages:${PYTHONPATH} /usr/bin/python3 -W ignore:setup.py install is deprecated -W ignore:easy_install command is deprecated setup.py egg_info --egg-base ../../build/ppo_racing build --build-base /home/mrc/sim_ws/build/ppo_racing/build install --record /home/mrc/sim_ws/build/ppo_racing/install.log --install-scripts $base/lib/ppo_racing --single-version-externally-managed install_data
