[1.015s] Invoking command in '/home/mrc/sim_ws/src/rrt_package': PYTHONPATH=/home/mrc/sim_ws/build/rrt_package/prefix_override:/usr/lib/python3/dist-packages/colcon_core/task/python/colcon_distutils_commands:/home/mrc/sim_ws/install/rrt_package/lib/python3.8/site-packages:${PYTHONPATH} /usr/bin/python3 -W ignore:setup.py install is deprecated -W ignore:easy_install command is deprecated setup.py egg_info --egg-base ../../build/rrt_package build --build-base /home/mrc/sim_ws/build/rrt_package/build install --record /home/mrc/sim_ws/build/rrt_package/install.log --install-scripts $base/lib/rrt_package --single-version-externally-managed install_data
[1.349s] running egg_info
[1.351s] writing ../../build/rrt_package/rrt_package.egg-info/PKG-INFO
[1.352s] writing dependency_links to ../../build/rrt_package/rrt_package.egg-info/dependency_links.txt
[1.352s] writing entry points to ../../build/rrt_package/rrt_package.egg-info/entry_points.txt
[1.356s] writing requirements to ../../build/rrt_package/rrt_package.egg-info/requires.txt
[1.356s] writing top-level names to ../../build/rrt_package/rrt_package.egg-info/top_level.txt
[1.401s] reading manifest file '../../build/rrt_package/rrt_package.egg-info/SOURCES.txt'
[1.402s] writing manifest file '../../build/rrt_package/rrt_package.egg-info/SOURCES.txt'
[1.403s] running build
[1.403s] running build_py
[1.404s] running install
[1.406s] running install_lib
[1.408s] byte-compiling /home/mrc/sim_ws/install/rrt_package/lib/python3.8/site-packages/rrt_package/RRT_node.py to RRT_node.cpython-38.pyc
[1.410s] Sorry: IndentationError: expected an indented block (RRT_node.py, line 41)
[1.410s] running install_data
[1.410s] running install_egg_info
[1.413s] removing '/home/mrc/sim_ws/install/rrt_package/lib/python3.8/site-packages/rrt_package-0.0.0-py3.8.egg-info' (and everything under it)
[1.414s] Copying ../../build/rrt_package/rrt_package.egg-info to /home/mrc/sim_ws/install/rrt_package/lib/python3.8/site-packages/rrt_package-0.0.0-py3.8.egg-info
[1.416s] running install_scripts
[1.440s] writing list of installed files to '/home/mrc/sim_ws/build/rrt_package/install.log'
[1.478s] Invoked command in '/home/mrc/sim_ws/src/rrt_package' returned '0': PYTHONPATH=/home/mrc/sim_ws/build/rrt_package/prefix_override:/usr/lib/python3/dist-packages/colcon_core/task/python/colcon_distutils_commands:/home/mrc/sim_ws/install/rrt_package/lib/python3.8/site-packages:${PYTHONPATH} /usr/bin/python3 -W ignore:setup.py install is deprecated -W ignore:easy_install command is deprecated setup.py egg_info --egg-base ../../build/rrt_package build --build-base /home/mrc/sim_ws/build/rrt_package/build install --record /home/mrc/sim_ws/build/rrt_package/install.log --install-scripts $base/lib/rrt_package --single-version-externally-managed install_data
