[0.036s] Invoking command in '/home/mrc/sim_ws/build/safety_node': CMAKE_PREFIX_PATH=/opt/ros/foxy /usr/bin/cmake --build /home/mrc/sim_ws/build/safety_node -- -j2 -l2
[0.235s] Invoked command in '/home/mrc/sim_ws/build/safety_node' returned '0': CMAKE_PREFIX_PATH=/opt/ros/foxy /usr/bin/cmake --build /home/mrc/sim_ws/build/safety_node -- -j2 -l2
[0.242s] Invoking command in '/home/mrc/sim_ws/build/safety_node': CMAKE_PREFIX_PATH=/opt/ros/foxy /usr/bin/cmake --install /home/mrc/sim_ws/build/safety_node
[0.304s] -- Install configuration: ""
[0.306s] -- Execute custom install script
[0.313s] -- Up-to-date symlink: /home/mrc/sim_ws/install/safety_node/share/safety_node/environment/pythonpath.sh
[0.314s] -- Up-to-date symlink: /home/mrc/sim_ws/install/safety_node/share/safety_node/environment/pythonpath.dsv
[0.315s] -- Up-to-date symlink: /home/mrc/sim_ws/install/safety_node/lib/python3.8/site-packages/safety_node/__init__.py
[0.317s] -- Up-to-date symlink: /home/mrc/sim_ws/install/safety_node/lib/safety_node/safety_node.py
[0.318s] -- Up-to-date symlink: /home/mrc/sim_ws/install/safety_node/share/ament_index/resource_index/package_run_dependencies/safety_node
[0.320s] -- Up-to-date symlink: /home/mrc/sim_ws/install/safety_node/share/ament_index/resource_index/parent_prefix_path/safety_node
[0.322s] -- Up-to-date symlink: /home/mrc/sim_ws/install/safety_node/share/safety_node/environment/ament_prefix_path.sh
[0.328s] -- Up-to-date symlink: /home/mrc/sim_ws/install/safety_node/share/safety_node/environment/ament_prefix_path.dsv
[0.330s] -- Up-to-date symlink: /home/mrc/sim_ws/install/safety_node/share/safety_node/environment/path.sh
[0.332s] -- Up-to-date symlink: /home/mrc/sim_ws/install/safety_node/share/safety_node/environment/path.dsv
[0.332s] -- Up-to-date symlink: /home/mrc/sim_ws/install/safety_node/share/safety_node/local_setup.bash
[0.334s] -- Up-to-date symlink: /home/mrc/sim_ws/install/safety_node/share/safety_node/local_setup.sh
[0.335s] -- Up-to-date symlink: /home/mrc/sim_ws/install/safety_node/share/safety_node/local_setup.zsh
[0.337s] -- Up-to-date symlink: /home/mrc/sim_ws/install/safety_node/share/safety_node/local_setup.dsv
[0.338s] -- Symlinking: /home/mrc/sim_ws/install/safety_node/share/safety_node/package.dsv
[0.385s] -- Up-to-date symlink: /home/mrc/sim_ws/install/safety_node/share/ament_index/resource_index/packages/safety_node
[0.387s] -- Up-to-date symlink: /home/mrc/sim_ws/install/safety_node/share/safety_node/cmake/safety_nodeConfig.cmake
[0.388s] -- Up-to-date symlink: /home/mrc/sim_ws/install/safety_node/share/safety_node/cmake/safety_nodeConfig-version.cmake
[0.389s] -- Up-to-date symlink: /home/mrc/sim_ws/install/safety_node/share/safety_node/package.xml
[0.508s] Listing '/home/mrc/sim_ws/install/safety_node/lib/python3.8/site-packages/safety_node'...
[0.525s] Invoked command in '/home/mrc/sim_ws/build/safety_node' returned '0': CMAKE_PREFIX_PATH=/opt/ros/foxy /usr/bin/cmake --install /home/mrc/sim_ws/build/safety_node
