[1.331s] Invoking command in '/home/mrc/sim_ws/src/ppo_racing': PYTHONPATH=/home/mrc/sim_ws/build/ppo_racing/prefix_override:/usr/lib/python3/dist-packages/colcon_core/task/python/colcon_distutils_commands:/home/mrc/sim_ws/install/ppo_racing/lib/python3.8/site-packages:${PYTHONPATH} /usr/bin/python3 -W ignore:setup.py install is deprecated -W ignore:easy_install command is deprecated setup.py egg_info --egg-base ../../build/ppo_racing build --build-base /home/mrc/sim_ws/build/ppo_racing/build install --record /home/mrc/sim_ws/build/ppo_racing/install.log --install-scripts $base/lib/ppo_racing --single-version-externally-managed install_data
[1.705s] running egg_info
[1.706s] writing ../../build/ppo_racing/ppo_racing.egg-info/PKG-INFO
[1.707s] writing dependency_links to ../../build/ppo_racing/ppo_racing.egg-info/dependency_links.txt
[1.708s] writing entry points to ../../build/ppo_racing/ppo_racing.egg-info/entry_points.txt
[1.708s] writing requirements to ../../build/ppo_racing/ppo_racing.egg-info/requires.txt
[1.709s] writing top-level names to ../../build/ppo_racing/ppo_racing.egg-info/top_level.txt
[1.763s] reading manifest file '../../build/ppo_racing/ppo_racing.egg-info/SOURCES.txt'
[1.766s] writing manifest file '../../build/ppo_racing/ppo_racing.egg-info/SOURCES.txt'
[1.766s] running build
[1.766s] running build_py
[1.767s] copying ppo_racing/reward_node.py -> /home/mrc/sim_ws/build/ppo_racing/build/lib/ppo_racing
[1.769s] copying ppo_racing/multi_agent_policy_node.py -> /home/mrc/sim_ws/build/ppo_racing/build/lib/ppo_racing
[1.770s] copying ppo_racing/multi_agent_train.py -> /home/mrc/sim_ws/build/ppo_racing/build/lib/ppo_racing
[1.770s] running install
[1.771s] running install_lib
[1.774s] copying /home/mrc/sim_ws/build/ppo_racing/build/lib/ppo_racing/reward_node.py -> /home/mrc/sim_ws/install/ppo_racing/lib/python3.8/site-packages/ppo_racing
[1.775s] copying /home/mrc/sim_ws/build/ppo_racing/build/lib/ppo_racing/multi_agent_policy_node.py -> /home/mrc/sim_ws/install/ppo_racing/lib/python3.8/site-packages/ppo_racing
[1.775s] copying /home/mrc/sim_ws/build/ppo_racing/build/lib/ppo_racing/multi_agent_train.py -> /home/mrc/sim_ws/install/ppo_racing/lib/python3.8/site-packages/ppo_racing
[1.777s] byte-compiling /home/mrc/sim_ws/install/ppo_racing/lib/python3.8/site-packages/ppo_racing/reward_node.py to reward_node.cpython-38.pyc
[1.781s] byte-compiling /home/mrc/sim_ws/install/ppo_racing/lib/python3.8/site-packages/ppo_racing/multi_agent_policy_node.py to multi_agent_policy_node.cpython-38.pyc
[1.783s] byte-compiling /home/mrc/sim_ws/install/ppo_racing/lib/python3.8/site-packages/ppo_racing/multi_agent_train.py to multi_agent_train.cpython-38.pyc
[1.787s] running install_data
[1.787s] running install_egg_info
[1.790s] removing '/home/mrc/sim_ws/install/ppo_racing/lib/python3.8/site-packages/ppo_racing-0.0.0-py3.8.egg-info' (and everything under it)
[1.793s] Copying ../../build/ppo_racing/ppo_racing.egg-info to /home/mrc/sim_ws/install/ppo_racing/lib/python3.8/site-packages/ppo_racing-0.0.0-py3.8.egg-info
[1.795s] running install_scripts
[1.822s] Installing multi_agent_policy_node script to /home/mrc/sim_ws/install/ppo_racing/lib/ppo_racing
[1.823s] Installing policy_node script to /home/mrc/sim_ws/install/ppo_racing/lib/ppo_racing
[1.824s] writing list of installed files to '/home/mrc/sim_ws/build/ppo_racing/install.log'
[1.864s] Invoked command in '/home/mrc/sim_ws/src/ppo_racing' returned '0': PYTHONPATH=/home/mrc/sim_ws/build/ppo_racing/prefix_override:/usr/lib/python3/dist-packages/colcon_core/task/python/colcon_distutils_commands:/home/mrc/sim_ws/install/ppo_racing/lib/python3.8/site-packages:${PYTHONPATH} /usr/bin/python3 -W ignore:setup.py install is deprecated -W ignore:easy_install command is deprecated setup.py egg_info --egg-base ../../build/ppo_racing build --build-base /home/mrc/sim_ws/build/ppo_racing/build install --record /home/mrc/sim_ws/build/ppo_racing/install.log --install-scripts $base/lib/ppo_racing --single-version-externally-managed install_data
