[1.985s] Invoking command in '/home/mrc/sim_ws/src/rrt_package': PYTHONPATH=/home/mrc/sim_ws/build/rrt_package/prefix_override:/usr/lib/python3/dist-packages/colcon_core/task/python/colcon_distutils_commands:/home/mrc/sim_ws/install/rrt_package/lib/python3.8/site-packages:${PYTHONPATH} /usr/bin/python3 -W ignore:setup.py install is deprecated -W ignore:easy_install command is deprecated setup.py egg_info --egg-base ../../build/rrt_package build --build-base /home/mrc/sim_ws/build/rrt_package/build install --record /home/mrc/sim_ws/build/rrt_package/install.log --install-scripts $base/lib/rrt_package --single-version-externally-managed install_data
[2.640s] running egg_info
[2.642s] writing ../../build/rrt_package/rrt_package.egg-info/PKG-INFO
[2.643s] writing dependency_links to ../../build/rrt_package/rrt_package.egg-info/dependency_links.txt
[2.645s] writing entry points to ../../build/rrt_package/rrt_package.egg-info/entry_points.txt
[2.645s] writing requirements to ../../build/rrt_package/rrt_package.egg-info/requires.txt
[2.647s] writing top-level names to ../../build/rrt_package/rrt_package.egg-info/top_level.txt
[2.748s] reading manifest file '../../build/rrt_package/rrt_package.egg-info/SOURCES.txt'
[2.750s] writing manifest file '../../build/rrt_package/rrt_package.egg-info/SOURCES.txt'
[2.751s] running build
[2.751s] running build_py
[2.751s] copying rrt_package/rrt_pure_pursuit.py -> /home/mrc/sim_ws/build/rrt_package/build/lib/rrt_package
[2.752s] copying rrt_package/RRT_node.py -> /home/mrc/sim_ws/build/rrt_package/build/lib/rrt_package
[2.752s] running install
[2.754s] running install_lib
[2.756s] copying /home/mrc/sim_ws/build/rrt_package/build/lib/rrt_package/rrt_pure_pursuit.py -> /home/mrc/sim_ws/install/rrt_package/lib/python3.8/site-packages/rrt_package
[2.757s] copying /home/mrc/sim_ws/build/rrt_package/build/lib/rrt_package/RRT_node.py -> /home/mrc/sim_ws/install/rrt_package/lib/python3.8/site-packages/rrt_package
[2.759s] byte-compiling /home/mrc/sim_ws/install/rrt_package/lib/python3.8/site-packages/rrt_package/rrt_pure_pursuit.py to rrt_pure_pursuit.cpython-38.pyc
[2.766s] byte-compiling /home/mrc/sim_ws/install/rrt_package/lib/python3.8/site-packages/rrt_package/RRT_node.py to RRT_node.cpython-38.pyc
[2.772s] running install_data
[2.772s] running install_egg_info
[2.779s] removing '/home/mrc/sim_ws/install/rrt_package/lib/python3.8/site-packages/rrt_package-0.0.0-py3.8.egg-info' (and everything under it)
[2.780s] Copying ../../build/rrt_package/rrt_package.egg-info to /home/mrc/sim_ws/install/rrt_package/lib/python3.8/site-packages/rrt_package-0.0.0-py3.8.egg-info
[2.783s] running install_scripts
[2.823s] Installing RRT_node script to /home/mrc/sim_ws/install/rrt_package/lib/rrt_package
[2.823s] Installing rrt_pure_pursuit script to /home/mrc/sim_ws/install/rrt_package/lib/rrt_package
[2.824s] writing list of installed files to '/home/mrc/sim_ws/build/rrt_package/install.log'
[2.889s] Invoked command in '/home/mrc/sim_ws/src/rrt_package' returned '0': PYTHONPATH=/home/mrc/sim_ws/build/rrt_package/prefix_override:/usr/lib/python3/dist-packages/colcon_core/task/python/colcon_distutils_commands:/home/mrc/sim_ws/install/rrt_package/lib/python3.8/site-packages:${PYTHONPATH} /usr/bin/python3 -W ignore:setup.py install is deprecated -W ignore:easy_install command is deprecated setup.py egg_info --egg-base ../../build/rrt_package build --build-base /home/mrc/sim_ws/build/rrt_package/build install --record /home/mrc/sim_ws/build/rrt_package/install.log --install-scripts $base/lib/rrt_package --single-version-externally-managed install_data
