[0.448s] Invoking command in '/home/mrc/sim_ws/build/gap_follow': CMAKE_PREFIX_PATH=/opt/ros/foxy /usr/bin/cmake --build /home/mrc/sim_ws/build/gap_follow -- -j2 -l2
[0.807s] Invoked command in '/home/mrc/sim_ws/build/gap_follow' returned '0': CMAKE_PREFIX_PATH=/opt/ros/foxy /usr/bin/cmake --build /home/mrc/sim_ws/build/gap_follow -- -j2 -l2
[0.872s] Invoking command in '/home/mrc/sim_ws/build/gap_follow': CMAKE_PREFIX_PATH=/opt/ros/foxy /usr/bin/cmake --install /home/mrc/sim_ws/build/gap_follow
[0.935s] -- Install configuration: ""
[0.944s] -- Execute custom install script
[0.946s] -- Up-to-date symlink: /home/mrc/sim_ws/install/gap_follow/share/gap_follow/environment/pythonpath.sh
[0.948s] -- Up-to-date symlink: /home/mrc/sim_ws/install/gap_follow/share/gap_follow/environment/pythonpath.dsv
[0.951s] -- Up-to-date symlink: /home/mrc/sim_ws/install/gap_follow/lib/python3.8/site-packages/gap_follow/__init__.py
[0.953s] -- Up-to-date symlink: /home/mrc/sim_ws/install/gap_follow/lib/gap_follow/reactive_node.py
[0.954s] -- Up-to-date symlink: /home/mrc/sim_ws/install/gap_follow/share/ament_index/resource_index/package_run_dependencies/gap_follow
[0.957s] -- Up-to-date symlink: /home/mrc/sim_ws/install/gap_follow/share/ament_index/resource_index/parent_prefix_path/gap_follow
[0.970s] -- Up-to-date symlink: /home/mrc/sim_ws/install/gap_follow/share/gap_follow/environment/ament_prefix_path.sh
[0.971s] -- Up-to-date symlink: /home/mrc/sim_ws/install/gap_follow/share/gap_follow/environment/ament_prefix_path.dsv
[0.971s] -- Up-to-date symlink: /home/mrc/sim_ws/install/gap_follow/share/gap_follow/environment/path.sh
[0.974s] -- Up-to-date symlink: /home/mrc/sim_ws/install/gap_follow/share/gap_follow/environment/path.dsv
[0.974s] -- Up-to-date symlink: /home/mrc/sim_ws/install/gap_follow/share/gap_follow/local_setup.bash
[0.978s] -- Up-to-date symlink: /home/mrc/sim_ws/install/gap_follow/share/gap_follow/local_setup.sh
[0.978s] -- Up-to-date symlink: /home/mrc/sim_ws/install/gap_follow/share/gap_follow/local_setup.zsh
[0.978s] -- Up-to-date symlink: /home/mrc/sim_ws/install/gap_follow/share/gap_follow/local_setup.dsv
[0.981s] -- Symlinking: /home/mrc/sim_ws/install/gap_follow/share/gap_follow/package.dsv
[1.035s] -- Up-to-date symlink: /home/mrc/sim_ws/install/gap_follow/share/ament_index/resource_index/packages/gap_follow
[1.040s] -- Up-to-date symlink: /home/mrc/sim_ws/install/gap_follow/share/gap_follow/cmake/gap_followConfig.cmake
[1.045s] -- Up-to-date symlink: /home/mrc/sim_ws/install/gap_follow/share/gap_follow/cmake/gap_followConfig-version.cmake
[1.046s] -- Up-to-date symlink: /home/mrc/sim_ws/install/gap_follow/share/gap_follow/package.xml
[1.178s] Listing '/home/mrc/sim_ws/install/gap_follow/lib/python3.8/site-packages/gap_follow'...
[1.189s] Invoked command in '/home/mrc/sim_ws/build/gap_follow' returned '0': CMAKE_PREFIX_PATH=/opt/ros/foxy /usr/bin/cmake --install /home/mrc/sim_ws/build/gap_follow
