[0.028s] Invoking command in '/home/mrc/sim_ws/build/wall_follow': /usr/bin/cmake --build /home/mrc/sim_ws/build/wall_follow -- -j2 -l2
[0.126s] Invoked command in '/home/mrc/sim_ws/build/wall_follow' returned '0': /usr/bin/cmake --build /home/mrc/sim_ws/build/wall_follow -- -j2 -l2
[0.130s] Invoking command in '/home/mrc/sim_ws/build/wall_follow': /usr/bin/cmake --install /home/mrc/sim_ws/build/wall_follow
[0.154s] -- Install configuration: ""
[0.155s] -- Up-to-date: /home/mrc/sim_ws/install/wall_follow/share/wall_follow/environment/pythonpath.sh
[0.156s] -- Up-to-date: /home/mrc/sim_ws/install/wall_follow/share/wall_follow/environment/pythonpath.dsv
[0.157s] -- Up-to-date: /home/mrc/sim_ws/install/wall_follow/lib/python3.8/site-packages/wall_follow
[0.158s] -- Up-to-date: /home/mrc/sim_ws/install/wall_follow/lib/python3.8/site-packages/wall_follow/__init__.py
[0.204s] Listing '/home/mrc/sim_ws/install/wall_follow/lib/python3.8/site-packages/wall_follow'...
[0.212s] -- Installing: /home/mrc/sim_ws/install/wall_follow/lib/wall_follow/wall_follow_node.py
[0.214s] -- Up-to-date: /home/mrc/sim_ws/install/wall_follow/share/ament_index/resource_index/package_run_dependencies/wall_follow
[0.215s] -- Up-to-date: /home/mrc/sim_ws/install/wall_follow/share/ament_index/resource_index/parent_prefix_path/wall_follow
[0.215s] -- Up-to-date: /home/mrc/sim_ws/install/wall_follow/share/wall_follow/environment/ament_prefix_path.sh
[0.215s] -- Up-to-date: /home/mrc/sim_ws/install/wall_follow/share/wall_follow/environment/ament_prefix_path.dsv
[0.216s] -- Up-to-date: /home/mrc/sim_ws/install/wall_follow/share/wall_follow/environment/path.sh
[0.216s] -- Up-to-date: /home/mrc/sim_ws/install/wall_follow/share/wall_follow/environment/path.dsv
[0.217s] -- Up-to-date: /home/mrc/sim_ws/install/wall_follow/share/wall_follow/local_setup.bash
[0.217s] -- Up-to-date: /home/mrc/sim_ws/install/wall_follow/share/wall_follow/local_setup.sh
[0.218s] -- Up-to-date: /home/mrc/sim_ws/install/wall_follow/share/wall_follow/local_setup.zsh
[0.218s] -- Up-to-date: /home/mrc/sim_ws/install/wall_follow/share/wall_follow/local_setup.dsv
[0.218s] -- Installing: /home/mrc/sim_ws/install/wall_follow/share/wall_follow/package.dsv
[0.220s] -- Up-to-date: /home/mrc/sim_ws/install/wall_follow/share/ament_index/resource_index/packages/wall_follow
[0.221s] -- Up-to-date: /home/mrc/sim_ws/install/wall_follow/share/wall_follow/cmake/wall_followConfig.cmake
[0.223s] -- Up-to-date: /home/mrc/sim_ws/install/wall_follow/share/wall_follow/cmake/wall_followConfig-version.cmake
[0.223s] -- Up-to-date: /home/mrc/sim_ws/install/wall_follow/share/wall_follow/package.xml
[0.226s] Invoked command in '/home/mrc/sim_ws/build/wall_follow' returned '0': /usr/bin/cmake --install /home/mrc/sim_ws/build/wall_follow
