[1.107s] Invoking command in '/home/mrc/sim_ws/src/ppo_racing': PYTHONPATH=/home/mrc/sim_ws/build/ppo_racing/prefix_override:/usr/lib/python3/dist-packages/colcon_core/task/python/colcon_distutils_commands:/home/mrc/sim_ws/install/ppo_racing/lib/python3.8/site-packages:${PYTHONPATH} /usr/bin/python3 -W ignore:setup.py install is deprecated -W ignore:easy_install command is deprecated setup.py egg_info --egg-base ../../build/ppo_racing build --build-base /home/mrc/sim_ws/build/ppo_racing/build install --record /home/mrc/sim_ws/build/ppo_racing/install.log --install-scripts $base/lib/ppo_racing --single-version-externally-managed install_data
[1.460s] running egg_info
[1.460s] writing ../../build/ppo_racing/ppo_racing.egg-info/PKG-INFO
[1.461s] writing dependency_links to ../../build/ppo_racing/ppo_racing.egg-info/dependency_links.txt
[1.462s] writing entry points to ../../build/ppo_racing/ppo_racing.egg-info/entry_points.txt
[1.462s] writing requirements to ../../build/ppo_racing/ppo_racing.egg-info/requires.txt
[1.462s] writing top-level names to ../../build/ppo_racing/ppo_racing.egg-info/top_level.txt
[1.510s] reading manifest file '../../build/ppo_racing/ppo_racing.egg-info/SOURCES.txt'
[1.511s] writing manifest file '../../build/ppo_racing/ppo_racing.egg-info/SOURCES.txt'
[1.511s] running build
[1.511s] running build_py
[1.512s] copying ppo_racing/policy_node_local_obs.py -> /home/mrc/sim_ws/build/ppo_racing/build/lib/ppo_racing
[1.515s] running install
[1.517s] running install_lib
[1.519s] copying /home/mrc/sim_ws/build/ppo_racing/build/lib/ppo_racing/policy_node_local_obs.py -> /home/mrc/sim_ws/install/ppo_racing/lib/python3.8/site-packages/ppo_racing
[1.520s] byte-compiling /home/mrc/sim_ws/install/ppo_racing/lib/python3.8/site-packages/ppo_racing/policy_node_local_obs.py to policy_node_local_obs.cpython-38.pyc
[1.525s] running install_data
[1.526s] running install_egg_info
[1.528s] removing '/home/mrc/sim_ws/install/ppo_racing/lib/python3.8/site-packages/ppo_racing-0.0.0-py3.8.egg-info' (and everything under it)
[1.528s] Copying ../../build/ppo_racing/ppo_racing.egg-info to /home/mrc/sim_ws/install/ppo_racing/lib/python3.8/site-packages/ppo_racing-0.0.0-py3.8.egg-info
[1.530s] running install_scripts
[1.552s] Installing multi_agent_policy_node script to /home/mrc/sim_ws/install/ppo_racing/lib/ppo_racing
[1.552s] Installing policy_node script to /home/mrc/sim_ws/install/ppo_racing/lib/ppo_racing
[1.553s] Installing policy_node_local_obs script to /home/mrc/sim_ws/install/ppo_racing/lib/ppo_racing
[1.554s] writing list of installed files to '/home/mrc/sim_ws/build/ppo_racing/install.log'
[1.592s] Invoked command in '/home/mrc/sim_ws/src/ppo_racing' returned '0': PYTHONPATH=/home/mrc/sim_ws/build/ppo_racing/prefix_override:/usr/lib/python3/dist-packages/colcon_core/task/python/colcon_distutils_commands:/home/mrc/sim_ws/install/ppo_racing/lib/python3.8/site-packages:${PYTHONPATH} /usr/bin/python3 -W ignore:setup.py install is deprecated -W ignore:easy_install command is deprecated setup.py egg_info --egg-base ../../build/ppo_racing build --build-base /home/mrc/sim_ws/build/ppo_racing/build install --record /home/mrc/sim_ws/build/ppo_racing/install.log --install-scripts $base/lib/ppo_racing --single-version-externally-managed install_data
