[0.785s] DEBUG:colcon:Command line arguments: ['/usr/bin/colcon', 'build', '--packages-select', 'particle_filter']
[0.785s] DEBUG:colcon:Parsed command line arguments: Namespace(allow_overriding=[], ament_cmake_args=None, base_paths=['.'], build_base='build', catkin_cmake_args=None, catkin_skip_building_tests=False, cmake_args=None, cmake_clean_cache=False, cmake_clean_first=False, cmake_force_configure=False, cmake_target=None, cmake_target_skip_unavailable=False, continue_on_error=False, event_handlers=None, executor='parallel', ignore_user_meta=False, install_base='install', log_base=None, log_level=None, main=<bound method BuildVerb.main of <colcon_core.verb.build.BuildVerb object at 0x7f3a0c5940a0>>, merge_install=False, metas=['./colcon.meta'], mixin=None, mixin_files=None, mixin_verb=('build',), packages_above=None, packages_above_and_dependencies=None, packages_above_depth=None, packages_end=None, packages_ignore=None, packages_ignore_regex=None, packages_select=['particle_filter'], packages_select_build_failed=False, packages_select_by_dep=None, packages_select_regex=None, packages_select_test_failures=False, packages_skip=None, packages_skip_build_finished=False, packages_skip_by_dep=None, packages_skip_regex=None, packages_skip_test_passed=False, packages_skip_up_to=None, packages_start=None, packages_up_to=None, packages_up_to_regex=None, parallel_workers=2, paths=None, symlink_install=False, test_result_base=None, verb_extension=<colcon_core.verb.build.BuildVerb object at 0x7f3a0c5940a0>, verb_name='build', verb_parser=<colcon_mixin.mixin.mixin_argument.MixinArgumentDecorator object at 0x7f3a0c4e8730>)
[1.417s] Level 1:colcon.colcon_core.package_discovery:discover_packages(colcon_meta) check parameters
[1.417s] Level 1:colcon.colcon_core.package_discovery:discover_packages(recursive) check parameters
[1.417s] Level 1:colcon.colcon_core.package_discovery:discover_packages(ignore) check parameters
[1.418s] Level 1:colcon.colcon_core.package_discovery:discover_packages(path) check parameters
[1.423s] Level 1:colcon.colcon_core.package_discovery:discover_packages(colcon_meta) discover
[1.424s] Level 1:colcon.colcon_core.package_discovery:discover_packages(recursive) discover
[1.425s] INFO:colcon.colcon_core.package_discovery:Crawling recursively for packages in '/home/mrc/sim_ws'
[1.426s] Level 1:colcon.colcon_core.package_identification:_identify(.) by extensions ['ignore', 'ignore_ament_install']
[1.426s] Level 1:colcon.colcon_core.package_identification:_identify(.) by extension 'ignore'
[1.426s] Level 1:colcon.colcon_core.package_identification:_identify(.) by extension 'ignore_ament_install'
[1.426s] Level 1:colcon.colcon_core.package_identification:_identify(.) by extensions ['colcon_pkg']
[1.426s] Level 1:colcon.colcon_core.package_identification:_identify(.) by extension 'colcon_pkg'
[1.426s] Level 1:colcon.colcon_core.package_identification:_identify(.) by extensions ['colcon_meta']
[1.426s] Level 1:colcon.colcon_core.package_identification:_identify(.) by extension 'colcon_meta'
[1.428s] Level 1:colcon.colcon_core.package_identification:_identify(.) by extensions ['ros']
[1.428s] Level 1:colcon.colcon_core.package_identification:_identify(.) by extension 'ros'
[1.461s] Level 1:colcon.colcon_core.package_identification:_identify(.) by extensions ['cmake', 'python']
[1.461s] Level 1:colcon.colcon_core.package_identification:_identify(.) by extension 'cmake'
[1.461s] Level 1:colcon.colcon_core.package_identification:_identify(.) by extension 'python'
[1.461s] Level 1:colcon.colcon_core.package_identification:_identify(.) by extensions ['python_setup_py']
[1.461s] Level 1:colcon.colcon_core.package_identification:_identify(.) by extension 'python_setup_py'
[1.461s] Level 1:colcon.colcon_core.package_identification:_identify(build) by extensions ['ignore', 'ignore_ament_install']
[1.462s] Level 1:colcon.colcon_core.package_identification:_identify(build) by extension 'ignore'
[1.462s] Level 1:colcon.colcon_core.package_identification:_identify(build) ignored
[1.462s] Level 1:colcon.colcon_core.package_identification:_identify(install) by extensions ['ignore', 'ignore_ament_install']
[1.462s] Level 1:colcon.colcon_core.package_identification:_identify(install) by extension 'ignore'
[1.462s] Level 1:colcon.colcon_core.package_identification:_identify(install) ignored
[1.463s] Level 1:colcon.colcon_core.package_identification:_identify(log) by extensions ['ignore', 'ignore_ament_install']
[1.463s] Level 1:colcon.colcon_core.package_identification:_identify(log) by extension 'ignore'
[1.463s] Level 1:colcon.colcon_core.package_identification:_identify(log) ignored
[1.463s] Level 1:colcon.colcon_core.package_identification:_identify(src) by extensions ['ignore', 'ignore_ament_install']
[1.463s] Level 1:colcon.colcon_core.package_identification:_identify(src) by extension 'ignore'
[1.463s] Level 1:colcon.colcon_core.package_identification:_identify(src) by extension 'ignore_ament_install'
[1.463s] Level 1:colcon.colcon_core.package_identification:_identify(src) by extensions ['colcon_pkg']
[1.467s] Level 1:colcon.colcon_core.package_identification:_identify(src) by extension 'colcon_pkg'
[1.467s] Level 1:colcon.colcon_core.package_identification:_identify(src) by extensions ['colcon_meta']
[1.469s] Level 1:colcon.colcon_core.package_identification:_identify(src) by extension 'colcon_meta'
[1.470s] Level 1:colcon.colcon_core.package_identification:_identify(src) by extensions ['ros']
[1.470s] Level 1:colcon.colcon_core.package_identification:_identify(src) by extension 'ros'
[1.470s] Level 1:colcon.colcon_core.package_identification:_identify(src) by extensions ['cmake', 'python']
[1.470s] Level 1:colcon.colcon_core.package_identification:_identify(src) by extension 'cmake'
[1.470s] Level 1:colcon.colcon_core.package_identification:_identify(src) by extension 'python'
[1.470s] Level 1:colcon.colcon_core.package_identification:_identify(src) by extensions ['python_setup_py']
[1.470s] Level 1:colcon.colcon_core.package_identification:_identify(src) by extension 'python_setup_py'
[1.471s] Level 1:colcon.colcon_core.package_identification:_identify(src/f1tenth_gym_ros) by extensions ['ignore', 'ignore_ament_install']
[1.471s] Level 1:colcon.colcon_core.package_identification:_identify(src/f1tenth_gym_ros) by extension 'ignore'
[1.471s] Level 1:colcon.colcon_core.package_identification:_identify(src/f1tenth_gym_ros) by extension 'ignore_ament_install'
[1.471s] Level 1:colcon.colcon_core.package_identification:_identify(src/f1tenth_gym_ros) by extensions ['colcon_pkg']
[1.471s] Level 1:colcon.colcon_core.package_identification:_identify(src/f1tenth_gym_ros) by extension 'colcon_pkg'
[1.472s] Level 1:colcon.colcon_core.package_identification:_identify(src/f1tenth_gym_ros) by extensions ['colcon_meta']
[1.472s] Level 1:colcon.colcon_core.package_identification:_identify(src/f1tenth_gym_ros) by extension 'colcon_meta'
[1.472s] Level 1:colcon.colcon_core.package_identification:_identify(src/f1tenth_gym_ros) by extensions ['ros']
[1.472s] Level 1:colcon.colcon_core.package_identification:_identify(src/f1tenth_gym_ros) by extension 'ros'
[1.478s] DEBUG:colcon.colcon_core.package_identification:Package 'src/f1tenth_gym_ros' with type 'ros.ament_python' and name 'f1tenth_gym_ros'
[1.478s] Level 1:colcon.colcon_core.package_identification:_identify(src/f1tenth_lab2_template) by extensions ['ignore', 'ignore_ament_install']
[1.478s] Level 1:colcon.colcon_core.package_identification:_identify(src/f1tenth_lab2_template) by extension 'ignore'
[1.478s] Level 1:colcon.colcon_core.package_identification:_identify(src/f1tenth_lab2_template) by extension 'ignore_ament_install'
[1.478s] Level 1:colcon.colcon_core.package_identification:_identify(src/f1tenth_lab2_template) by extensions ['colcon_pkg']
[1.478s] Level 1:colcon.colcon_core.package_identification:_identify(src/f1tenth_lab2_template) by extension 'colcon_pkg'
[1.478s] Level 1:colcon.colcon_core.package_identification:_identify(src/f1tenth_lab2_template) by extensions ['colcon_meta']
[1.478s] Level 1:colcon.colcon_core.package_identification:_identify(src/f1tenth_lab2_template) by extension 'colcon_meta'
[1.479s] Level 1:colcon.colcon_core.package_identification:_identify(src/f1tenth_lab2_template) by extensions ['ros']
[1.479s] Level 1:colcon.colcon_core.package_identification:_identify(src/f1tenth_lab2_template) by extension 'ros'
[1.479s] Level 1:colcon.colcon_core.package_identification:_identify(src/f1tenth_lab2_template) by extensions ['cmake', 'python']
[1.479s] Level 1:colcon.colcon_core.package_identification:_identify(src/f1tenth_lab2_template) by extension 'cmake'
[1.479s] Level 1:colcon.colcon_core.package_identification:_identify(src/f1tenth_lab2_template) by extension 'python'
[1.485s] Level 1:colcon.colcon_core.package_identification:_identify(src/f1tenth_lab2_template) by extensions ['python_setup_py']
[1.486s] Level 1:colcon.colcon_core.package_identification:_identify(src/f1tenth_lab2_template) by extension 'python_setup_py'
[1.486s] Level 1:colcon.colcon_core.package_identification:_identify(src/f1tenth_lab2_template/safety_node) by extensions ['ignore', 'ignore_ament_install']
[1.486s] Level 1:colcon.colcon_core.package_identification:_identify(src/f1tenth_lab2_template/safety_node) by extension 'ignore'
[1.486s] Level 1:colcon.colcon_core.package_identification:_identify(src/f1tenth_lab2_template/safety_node) by extension 'ignore_ament_install'
[1.486s] Level 1:colcon.colcon_core.package_identification:_identify(src/f1tenth_lab2_template/safety_node) by extensions ['colcon_pkg']
[1.486s] Level 1:colcon.colcon_core.package_identification:_identify(src/f1tenth_lab2_template/safety_node) by extension 'colcon_pkg'
[1.486s] Level 1:colcon.colcon_core.package_identification:_identify(src/f1tenth_lab2_template/safety_node) by extensions ['colcon_meta']
[1.486s] Level 1:colcon.colcon_core.package_identification:_identify(src/f1tenth_lab2_template/safety_node) by extension 'colcon_meta'
[1.486s] Level 1:colcon.colcon_core.package_identification:_identify(src/f1tenth_lab2_template/safety_node) by extensions ['ros']
[1.487s] Level 1:colcon.colcon_core.package_identification:_identify(src/f1tenth_lab2_template/safety_node) by extension 'ros'
[1.489s] DEBUG:colcon.colcon_core.package_identification:Package 'src/f1tenth_lab2_template/safety_node' with type 'ros.ament_cmake' and name 'safety_node'
[1.490s] Level 1:colcon.colcon_core.package_identification:_identify(src/f1tenth_lab3_template) by extensions ['ignore', 'ignore_ament_install']
[1.490s] Level 1:colcon.colcon_core.package_identification:_identify(src/f1tenth_lab3_template) by extension 'ignore'
[1.490s] Level 1:colcon.colcon_core.package_identification:_identify(src/f1tenth_lab3_template) by extension 'ignore_ament_install'
[1.490s] Level 1:colcon.colcon_core.package_identification:_identify(src/f1tenth_lab3_template) by extensions ['colcon_pkg']
[1.490s] Level 1:colcon.colcon_core.package_identification:_identify(src/f1tenth_lab3_template) by extension 'colcon_pkg'
[1.490s] Level 1:colcon.colcon_core.package_identification:_identify(src/f1tenth_lab3_template) by extensions ['colcon_meta']
[1.490s] Level 1:colcon.colcon_core.package_identification:_identify(src/f1tenth_lab3_template) by extension 'colcon_meta'
[1.491s] Level 1:colcon.colcon_core.package_identification:_identify(src/f1tenth_lab3_template) by extensions ['ros']
[1.491s] Level 1:colcon.colcon_core.package_identification:_identify(src/f1tenth_lab3_template) by extension 'ros'
[1.491s] Level 1:colcon.colcon_core.package_identification:_identify(src/f1tenth_lab3_template) by extensions ['cmake', 'python']
[1.491s] Level 1:colcon.colcon_core.package_identification:_identify(src/f1tenth_lab3_template) by extension 'cmake'
[1.491s] Level 1:colcon.colcon_core.package_identification:_identify(src/f1tenth_lab3_template) by extension 'python'
[1.491s] Level 1:colcon.colcon_core.package_identification:_identify(src/f1tenth_lab3_template) by extensions ['python_setup_py']
[1.491s] Level 1:colcon.colcon_core.package_identification:_identify(src/f1tenth_lab3_template) by extension 'python_setup_py'
[1.491s] Level 1:colcon.colcon_core.package_identification:_identify(src/f1tenth_lab3_template/img) by extensions ['ignore', 'ignore_ament_install']
[1.491s] Level 1:colcon.colcon_core.package_identification:_identify(src/f1tenth_lab3_template/img) by extension 'ignore'
[1.491s] Level 1:colcon.colcon_core.package_identification:_identify(src/f1tenth_lab3_template/img) by extension 'ignore_ament_install'
[1.491s] Level 1:colcon.colcon_core.package_identification:_identify(src/f1tenth_lab3_template/img) by extensions ['colcon_pkg']
[1.492s] Level 1:colcon.colcon_core.package_identification:_identify(src/f1tenth_lab3_template/img) by extension 'colcon_pkg'
[1.492s] Level 1:colcon.colcon_core.package_identification:_identify(src/f1tenth_lab3_template/img) by extensions ['colcon_meta']
[1.492s] Level 1:colcon.colcon_core.package_identification:_identify(src/f1tenth_lab3_template/img) by extension 'colcon_meta'
[1.492s] Level 1:colcon.colcon_core.package_identification:_identify(src/f1tenth_lab3_template/img) by extensions ['ros']
[1.492s] Level 1:colcon.colcon_core.package_identification:_identify(src/f1tenth_lab3_template/img) by extension 'ros'
[1.492s] Level 1:colcon.colcon_core.package_identification:_identify(src/f1tenth_lab3_template/img) by extensions ['cmake', 'python']
[1.492s] Level 1:colcon.colcon_core.package_identification:_identify(src/f1tenth_lab3_template/img) by extension 'cmake'
[1.492s] Level 1:colcon.colcon_core.package_identification:_identify(src/f1tenth_lab3_template/img) by extension 'python'
[1.492s] Level 1:colcon.colcon_core.package_identification:_identify(src/f1tenth_lab3_template/img) by extensions ['python_setup_py']
[1.492s] Level 1:colcon.colcon_core.package_identification:_identify(src/f1tenth_lab3_template/img) by extension 'python_setup_py'
[1.492s] Level 1:colcon.colcon_core.package_identification:_identify(src/f1tenth_lab3_template/wall_follow) by extensions ['ignore', 'ignore_ament_install']
[1.493s] Level 1:colcon.colcon_core.package_identification:_identify(src/f1tenth_lab3_template/wall_follow) by extension 'ignore'
[1.493s] Level 1:colcon.colcon_core.package_identification:_identify(src/f1tenth_lab3_template/wall_follow) by extension 'ignore_ament_install'
[1.493s] Level 1:colcon.colcon_core.package_identification:_identify(src/f1tenth_lab3_template/wall_follow) by extensions ['colcon_pkg']
[1.493s] Level 1:colcon.colcon_core.package_identification:_identify(src/f1tenth_lab3_template/wall_follow) by extension 'colcon_pkg'
[1.493s] Level 1:colcon.colcon_core.package_identification:_identify(src/f1tenth_lab3_template/wall_follow) by extensions ['colcon_meta']
[1.493s] Level 1:colcon.colcon_core.package_identification:_identify(src/f1tenth_lab3_template/wall_follow) by extension 'colcon_meta'
[1.493s] Level 1:colcon.colcon_core.package_identification:_identify(src/f1tenth_lab3_template/wall_follow) by extensions ['ros']
[1.493s] Level 1:colcon.colcon_core.package_identification:_identify(src/f1tenth_lab3_template/wall_follow) by extension 'ros'
[1.495s] DEBUG:colcon.colcon_core.package_identification:Package 'src/f1tenth_lab3_template/wall_follow' with type 'ros.ament_cmake' and name 'wall_follow'
[1.495s] Level 1:colcon.colcon_core.package_identification:_identify(src/f1tenth_lab4_template) by extensions ['ignore', 'ignore_ament_install']
[1.495s] Level 1:colcon.colcon_core.package_identification:_identify(src/f1tenth_lab4_template) by extension 'ignore'
[1.495s] Level 1:colcon.colcon_core.package_identification:_identify(src/f1tenth_lab4_template) by extension 'ignore_ament_install'
[1.495s] Level 1:colcon.colcon_core.package_identification:_identify(src/f1tenth_lab4_template) by extensions ['colcon_pkg']
[1.495s] Level 1:colcon.colcon_core.package_identification:_identify(src/f1tenth_lab4_template) by extension 'colcon_pkg'
[1.495s] Level 1:colcon.colcon_core.package_identification:_identify(src/f1tenth_lab4_template) by extensions ['colcon_meta']
[1.495s] Level 1:colcon.colcon_core.package_identification:_identify(src/f1tenth_lab4_template) by extension 'colcon_meta'
[1.500s] Level 1:colcon.colcon_core.package_identification:_identify(src/f1tenth_lab4_template) by extensions ['ros']
[1.502s] Level 1:colcon.colcon_core.package_identification:_identify(src/f1tenth_lab4_template) by extension 'ros'
[1.503s] Level 1:colcon.colcon_core.package_identification:_identify(src/f1tenth_lab4_template) by extensions ['cmake', 'python']
[1.503s] Level 1:colcon.colcon_core.package_identification:_identify(src/f1tenth_lab4_template) by extension 'cmake'
[1.503s] Level 1:colcon.colcon_core.package_identification:_identify(src/f1tenth_lab4_template) by extension 'python'
[1.503s] Level 1:colcon.colcon_core.package_identification:_identify(src/f1tenth_lab4_template) by extensions ['python_setup_py']
[1.503s] Level 1:colcon.colcon_core.package_identification:_identify(src/f1tenth_lab4_template) by extension 'python_setup_py'
[1.503s] Level 1:colcon.colcon_core.package_identification:_identify(src/f1tenth_lab4_template/gap_follow) by extensions ['ignore', 'ignore_ament_install']
[1.504s] Level 1:colcon.colcon_core.package_identification:_identify(src/f1tenth_lab4_template/gap_follow) by extension 'ignore'
[1.504s] Level 1:colcon.colcon_core.package_identification:_identify(src/f1tenth_lab4_template/gap_follow) by extension 'ignore_ament_install'
[1.504s] Level 1:colcon.colcon_core.package_identification:_identify(src/f1tenth_lab4_template/gap_follow) by extensions ['colcon_pkg']
[1.504s] Level 1:colcon.colcon_core.package_identification:_identify(src/f1tenth_lab4_template/gap_follow) by extension 'colcon_pkg'
[1.504s] Level 1:colcon.colcon_core.package_identification:_identify(src/f1tenth_lab4_template/gap_follow) by extensions ['colcon_meta']
[1.504s] Level 1:colcon.colcon_core.package_identification:_identify(src/f1tenth_lab4_template/gap_follow) by extension 'colcon_meta'
[1.505s] Level 1:colcon.colcon_core.package_identification:_identify(src/f1tenth_lab4_template/gap_follow) by extensions ['ros']
[1.505s] Level 1:colcon.colcon_core.package_identification:_identify(src/f1tenth_lab4_template/gap_follow) by extension 'ros'
[1.506s] DEBUG:colcon.colcon_core.package_identification:Package 'src/f1tenth_lab4_template/gap_follow' with type 'ros.ament_cmake' and name 'gap_follow'
[1.507s] Level 1:colcon.colcon_core.package_identification:_identify(src/f1tenth_lab6_template) by extensions ['ignore', 'ignore_ament_install']
[1.507s] Level 1:colcon.colcon_core.package_identification:_identify(src/f1tenth_lab6_template) by extension 'ignore'
[1.507s] Level 1:colcon.colcon_core.package_identification:_identify(src/f1tenth_lab6_template) by extension 'ignore_ament_install'
[1.507s] Level 1:colcon.colcon_core.package_identification:_identify(src/f1tenth_lab6_template) by extensions ['colcon_pkg']
[1.507s] Level 1:colcon.colcon_core.package_identification:_identify(src/f1tenth_lab6_template) by extension 'colcon_pkg'
[1.507s] Level 1:colcon.colcon_core.package_identification:_identify(src/f1tenth_lab6_template) by extensions ['colcon_meta']
[1.507s] Level 1:colcon.colcon_core.package_identification:_identify(src/f1tenth_lab6_template) by extension 'colcon_meta'
[1.507s] Level 1:colcon.colcon_core.package_identification:_identify(src/f1tenth_lab6_template) by extensions ['ros']
[1.507s] Level 1:colcon.colcon_core.package_identification:_identify(src/f1tenth_lab6_template) by extension 'ros'
[1.510s] Level 1:colcon.colcon_core.package_identification:_identify(src/f1tenth_lab6_template) by extensions ['cmake', 'python']
[1.510s] Level 1:colcon.colcon_core.package_identification:_identify(src/f1tenth_lab6_template) by extension 'cmake'
[1.510s] Level 1:colcon.colcon_core.package_identification:_identify(src/f1tenth_lab6_template) by extension 'python'
[1.510s] Level 1:colcon.colcon_core.package_identification:_identify(src/f1tenth_lab6_template) by extensions ['python_setup_py']
[1.511s] Level 1:colcon.colcon_core.package_identification:_identify(src/f1tenth_lab6_template) by extension 'python_setup_py'
[1.511s] Level 1:colcon.colcon_core.package_identification:_identify(src/f1tenth_lab6_template/pure_pursuit) by extensions ['ignore', 'ignore_ament_install']
[1.511s] Level 1:colcon.colcon_core.package_identification:_identify(src/f1tenth_lab6_template/pure_pursuit) by extension 'ignore'
[1.511s] Level 1:colcon.colcon_core.package_identification:_identify(src/f1tenth_lab6_template/pure_pursuit) by extension 'ignore_ament_install'
[1.511s] Level 1:colcon.colcon_core.package_identification:_identify(src/f1tenth_lab6_template/pure_pursuit) by extensions ['colcon_pkg']
[1.511s] Level 1:colcon.colcon_core.package_identification:_identify(src/f1tenth_lab6_template/pure_pursuit) by extension 'colcon_pkg'
[1.512s] Level 1:colcon.colcon_core.package_identification:_identify(src/f1tenth_lab6_template/pure_pursuit) by extensions ['colcon_meta']
[1.512s] Level 1:colcon.colcon_core.package_identification:_identify(src/f1tenth_lab6_template/pure_pursuit) by extension 'colcon_meta'
[1.512s] Level 1:colcon.colcon_core.package_identification:_identify(src/f1tenth_lab6_template/pure_pursuit) by extensions ['ros']
[1.512s] Level 1:colcon.colcon_core.package_identification:_identify(src/f1tenth_lab6_template/pure_pursuit) by extension 'ros'
[1.518s] DEBUG:colcon.colcon_core.package_identification:Package 'src/f1tenth_lab6_template/pure_pursuit' with type 'ros.ament_cmake' and name 'pure_pursuit'
[1.519s] Level 1:colcon.colcon_core.package_identification:_identify(src/particle_filter) by extensions ['ignore', 'ignore_ament_install']
[1.519s] Level 1:colcon.colcon_core.package_identification:_identify(src/particle_filter) by extension 'ignore'
[1.519s] Level 1:colcon.colcon_core.package_identification:_identify(src/particle_filter) by extension 'ignore_ament_install'
[1.519s] Level 1:colcon.colcon_core.package_identification:_identify(src/particle_filter) by extensions ['colcon_pkg']
[1.519s] Level 1:colcon.colcon_core.package_identification:_identify(src/particle_filter) by extension 'colcon_pkg'
[1.520s] Level 1:colcon.colcon_core.package_identification:_identify(src/particle_filter) by extensions ['colcon_meta']
[1.520s] Level 1:colcon.colcon_core.package_identification:_identify(src/particle_filter) by extension 'colcon_meta'
[1.520s] Level 1:colcon.colcon_core.package_identification:_identify(src/particle_filter) by extensions ['ros']
[1.520s] Level 1:colcon.colcon_core.package_identification:_identify(src/particle_filter) by extension 'ros'
[1.526s] DEBUG:colcon.colcon_core.package_identification:Package 'src/particle_filter' with type 'ros.ament_python' and name 'particle_filter'
[1.527s] Level 1:colcon.colcon_core.package_discovery:discover_packages(recursive) using defaults
[1.527s] Level 1:colcon.colcon_core.package_discovery:discover_packages(ignore) discover
[1.527s] Level 1:colcon.colcon_core.package_discovery:discover_packages(ignore) using defaults
[1.527s] Level 1:colcon.colcon_core.package_discovery:discover_packages(path) discover
[1.527s] Level 1:colcon.colcon_core.package_discovery:discover_packages(path) using defaults
[1.617s] INFO:colcon.colcon_core.package_selection:Skipping not selected package 'f1tenth_gym_ros' in 'src/f1tenth_gym_ros'
[1.617s] INFO:colcon.colcon_core.package_selection:Skipping not selected package 'gap_follow' in 'src/f1tenth_lab4_template/gap_follow'
[1.618s] INFO:colcon.colcon_core.package_selection:Skipping not selected package 'pure_pursuit' in 'src/f1tenth_lab6_template/pure_pursuit'
[1.618s] INFO:colcon.colcon_core.package_selection:Skipping not selected package 'safety_node' in 'src/f1tenth_lab2_template/safety_node'
[1.618s] INFO:colcon.colcon_core.package_selection:Skipping not selected package 'wall_follow' in 'src/f1tenth_lab3_template/wall_follow'
[1.618s] Level 1:colcon.colcon_core.package_discovery:discover_packages(prefix_path) check parameters
[1.618s] Level 1:colcon.colcon_core.package_discovery:discover_packages(prefix_path) discover
[1.627s] DEBUG:colcon.colcon_installed_package_information.package_discovery:Found 6 installed packages in /home/mrc/sim_ws/install
[1.630s] DEBUG:colcon.colcon_installed_package_information.package_discovery:Found 339 installed packages in /opt/ros/foxy
[1.633s] Level 1:colcon.colcon_core.package_discovery:discover_packages(prefix_path) using defaults
[1.908s] Level 5:colcon.colcon_core.verb:set package 'particle_filter' build argument 'cmake_args' from command line to 'None'
[1.908s] Level 5:colcon.colcon_core.verb:set package 'particle_filter' build argument 'cmake_target' from command line to 'None'
[1.908s] Level 5:colcon.colcon_core.verb:set package 'particle_filter' build argument 'cmake_target_skip_unavailable' from command line to 'False'
[1.908s] Level 5:colcon.colcon_core.verb:set package 'particle_filter' build argument 'cmake_clean_cache' from command line to 'False'
[1.909s] Level 5:colcon.colcon_core.verb:set package 'particle_filter' build argument 'cmake_clean_first' from command line to 'False'
[1.909s] Level 5:colcon.colcon_core.verb:set package 'particle_filter' build argument 'cmake_force_configure' from command line to 'False'
[1.909s] Level 5:colcon.colcon_core.verb:set package 'particle_filter' build argument 'ament_cmake_args' from command line to 'None'
[1.909s] Level 5:colcon.colcon_core.verb:set package 'particle_filter' build argument 'catkin_cmake_args' from command line to 'None'
[1.909s] Level 5:colcon.colcon_core.verb:set package 'particle_filter' build argument 'catkin_skip_building_tests' from command line to 'False'
[1.909s] DEBUG:colcon.colcon_core.verb:Building package 'particle_filter' with the following arguments: {'ament_cmake_args': None, 'build_base': '/home/mrc/sim_ws/build/particle_filter', 'catkin_cmake_args': None, 'catkin_skip_building_tests': False, 'cmake_args': None, 'cmake_clean_cache': False, 'cmake_clean_first': False, 'cmake_force_configure': False, 'cmake_target': None, 'cmake_target_skip_unavailable': False, 'install_base': '/home/mrc/sim_ws/install/particle_filter', 'merge_install': False, 'path': '/home/mrc/sim_ws/src/particle_filter', 'symlink_install': False, 'test_result_base': None}
[1.909s] INFO:colcon.colcon_core.executor:Executing jobs using 'parallel' executor
[1.919s] DEBUG:colcon.colcon_parallel_executor.executor.parallel:run_until_complete
[1.920s] INFO:colcon.colcon_ros.task.ament_python.build:Building ROS package in '/home/mrc/sim_ws/src/particle_filter' with build type 'ament_python'
[1.920s] Level 1:colcon.colcon_core.shell:create_environment_hook('particle_filter', 'ament_prefix_path')
[1.924s] INFO:colcon.colcon_core.plugin_system:Skipping extension 'colcon_core.shell.bat': Not used on non-Windows systems
[1.926s] INFO:colcon.colcon_core.shell:Creating environment hook '/home/mrc/sim_ws/install/particle_filter/share/particle_filter/hook/ament_prefix_path.ps1'
[1.927s] INFO:colcon.colcon_core.shell:Creating environment descriptor '/home/mrc/sim_ws/install/particle_filter/share/particle_filter/hook/ament_prefix_path.dsv'
[1.929s] INFO:colcon.colcon_core.shell:Creating environment hook '/home/mrc/sim_ws/install/particle_filter/share/particle_filter/hook/ament_prefix_path.sh'
[1.936s] INFO:colcon.colcon_core.shell:Skip shell extension 'powershell' for command environment: Not usable outside of PowerShell
[1.936s] DEBUG:colcon.colcon_core.shell:Skip shell extension 'dsv' for command environment
[2.995s] INFO:colcon.colcon_core.task.python.build:Building Python package in '/home/mrc/sim_ws/src/particle_filter'
[2.996s] INFO:colcon.colcon_core.shell:Skip shell extension 'powershell' for command environment: Not usable outside of PowerShell
[2.996s] DEBUG:colcon.colcon_core.shell:Skip shell extension 'dsv' for command environment
[4.678s] DEBUG:colcon.colcon_core.event_handler.log_command:Invoking command in '/home/mrc/sim_ws/src/particle_filter': PYTHONPATH=/home/mrc/sim_ws/build/particle_filter/prefix_override:/usr/lib/python3/dist-packages/colcon_core/task/python/colcon_distutils_commands:/home/mrc/sim_ws/install/particle_filter/lib/python3.8/site-packages:${PYTHONPATH} /usr/bin/python3 -W ignore:setup.py install is deprecated -W ignore:easy_install command is deprecated setup.py egg_info --egg-base ../../build/particle_filter build --build-base /home/mrc/sim_ws/build/particle_filter/build install --record /home/mrc/sim_ws/build/particle_filter/install.log --install-scripts $base/lib/particle_filter --single-version-externally-managed install_data
[6.030s] Level 1:colcon.colcon_core.environment:checking '/home/mrc/sim_ws/install/particle_filter' for CMake module files
[6.030s] Level 1:colcon.colcon_core.environment:checking '/home/mrc/sim_ws/install/particle_filter' for CMake config files
[6.038s] DEBUG:colcon.colcon_core.event_handler.log_command:Invoked command in '/home/mrc/sim_ws/src/particle_filter' returned '0': PYTHONPATH=/home/mrc/sim_ws/build/particle_filter/prefix_override:/usr/lib/python3/dist-packages/colcon_core/task/python/colcon_distutils_commands:/home/mrc/sim_ws/install/particle_filter/lib/python3.8/site-packages:${PYTHONPATH} /usr/bin/python3 -W ignore:setup.py install is deprecated -W ignore:easy_install command is deprecated setup.py egg_info --egg-base ../../build/particle_filter build --build-base /home/mrc/sim_ws/build/particle_filter/build install --record /home/mrc/sim_ws/build/particle_filter/install.log --install-scripts $base/lib/particle_filter --single-version-externally-managed install_data
[6.046s] Level 1:colcon.colcon_core.environment:checking '/home/mrc/sim_ws/install/particle_filter/lib'
[6.046s] Level 1:colcon.colcon_core.environment:checking '/home/mrc/sim_ws/install/particle_filter/bin'
[6.046s] Level 1:colcon.colcon_core.environment:checking '/home/mrc/sim_ws/install/particle_filter/lib/pkgconfig/particle_filter.pc'
[6.047s] Level 1:colcon.colcon_core.environment:checking '/home/mrc/sim_ws/install/particle_filter/lib/python3.8/site-packages'
[6.047s] Level 1:colcon.colcon_core.shell:create_environment_hook('particle_filter', 'pythonpath')
[6.047s] INFO:colcon.colcon_core.shell:Creating environment hook '/home/mrc/sim_ws/install/particle_filter/share/particle_filter/hook/pythonpath.ps1'
[6.049s] INFO:colcon.colcon_core.shell:Creating environment descriptor '/home/mrc/sim_ws/install/particle_filter/share/particle_filter/hook/pythonpath.dsv'
[6.051s] INFO:colcon.colcon_core.shell:Creating environment hook '/home/mrc/sim_ws/install/particle_filter/share/particle_filter/hook/pythonpath.sh'
[6.056s] Level 1:colcon.colcon_core.environment:checking '/home/mrc/sim_ws/install/particle_filter/bin'
[6.056s] Level 1:colcon.colcon_core.environment:create_environment_scripts_only(particle_filter)
[6.056s] INFO:colcon.colcon_core.shell:Creating package script '/home/mrc/sim_ws/install/particle_filter/share/particle_filter/package.ps1'
[6.061s] INFO:colcon.colcon_core.shell:Creating package descriptor '/home/mrc/sim_ws/install/particle_filter/share/particle_filter/package.dsv'
[6.062s] INFO:colcon.colcon_core.shell:Creating package script '/home/mrc/sim_ws/install/particle_filter/share/particle_filter/package.sh'
[6.076s] INFO:colcon.colcon_core.shell:Creating package script '/home/mrc/sim_ws/install/particle_filter/share/particle_filter/package.bash'
[6.080s] INFO:colcon.colcon_core.shell:Creating package script '/home/mrc/sim_ws/install/particle_filter/share/particle_filter/package.zsh'
[6.084s] Level 1:colcon.colcon_core.environment:create_file_with_runtime_dependencies(/home/mrc/sim_ws/install/particle_filter/share/colcon-core/packages/particle_filter)
[6.089s] DEBUG:colcon.colcon_parallel_executor.executor.parallel:closing loop
[6.090s] DEBUG:colcon.colcon_parallel_executor.executor.parallel:loop closed
[6.091s] DEBUG:colcon.colcon_parallel_executor.executor.parallel:run_until_complete finished with '0'
[6.091s] DEBUG:colcon.colcon_core.event_reactor:joining thread
[6.126s] INFO:colcon.colcon_core.plugin_system:Skipping extension 'colcon_notification.desktop_notification.terminal_notifier': Not used on non-Darwin systems
[6.126s] INFO:colcon.colcon_core.plugin_system:Skipping extension 'colcon_notification.desktop_notification.win32': Not used on non-Windows systems
[6.126s] INFO:colcon.colcon_notification.desktop_notification:Sending desktop notification using 'notify2'
[6.224s] DEBUG:colcon.colcon_core.event_reactor:joined thread
[6.225s] INFO:colcon.colcon_core.shell:Creating prefix script '/home/mrc/sim_ws/install/local_setup.ps1'
[6.227s] INFO:colcon.colcon_core.shell:Creating prefix util module '/home/mrc/sim_ws/install/_local_setup_util_ps1.py'
[6.231s] INFO:colcon.colcon_core.shell:Creating prefix chain script '/home/mrc/sim_ws/install/setup.ps1'
[6.251s] INFO:colcon.colcon_core.shell:Creating prefix script '/home/mrc/sim_ws/install/local_setup.sh'
[6.257s] INFO:colcon.colcon_core.shell:Creating prefix util module '/home/mrc/sim_ws/install/_local_setup_util_sh.py'
[6.266s] INFO:colcon.colcon_core.shell:Creating prefix chain script '/home/mrc/sim_ws/install/setup.sh'
[6.272s] INFO:colcon.colcon_core.shell:Creating prefix script '/home/mrc/sim_ws/install/local_setup.bash'
[6.274s] INFO:colcon.colcon_core.shell:Creating prefix chain script '/home/mrc/sim_ws/install/setup.bash'
[6.290s] INFO:colcon.colcon_core.shell:Creating prefix script '/home/mrc/sim_ws/install/local_setup.zsh'
[6.295s] INFO:colcon.colcon_core.shell:Creating prefix chain script '/home/mrc/sim_ws/install/setup.zsh'
