[3.753s] Invoking command in '/home/mrc/sim_ws/src/ppo_racing': PYTHONPATH=/home/mrc/sim_ws/build/ppo_racing/prefix_override:/usr/lib/python3/dist-packages/colcon_core/task/python/colcon_distutils_commands:/home/mrc/sim_ws/install/ppo_racing/lib/python3.8/site-packages:${PYTHONPATH} /usr/bin/python3 -W ignore:setup.py install is deprecated -W ignore:easy_install command is deprecated setup.py egg_info --egg-base ../../build/ppo_racing build --build-base /home/mrc/sim_ws/build/ppo_racing/build install --record /home/mrc/sim_ws/build/ppo_racing/install.log --install-scripts $base/lib/ppo_racing --single-version-externally-managed install_data
[5.185s] running egg_info
[5.189s] writing ../../build/ppo_racing/ppo_racing.egg-info/PKG-INFO
[5.193s] writing dependency_links to ../../build/ppo_racing/ppo_racing.egg-info/dependency_links.txt
[5.194s] writing entry points to ../../build/ppo_racing/ppo_racing.egg-info/entry_points.txt
[5.195s] writing requirements to ../../build/ppo_racing/ppo_racing.egg-info/requires.txt
[5.197s] writing top-level names to ../../build/ppo_racing/ppo_racing.egg-info/top_level.txt
[5.402s] reading manifest file '../../build/ppo_racing/ppo_racing.egg-info/SOURCES.txt'
[5.408s] writing manifest file '../../build/ppo_racing/ppo_racing.egg-info/SOURCES.txt'
[5.411s] running build
[5.412s] running build_py
[5.417s] copying ppo_racing/policy_node.py -> /home/mrc/sim_ws/build/ppo_racing/build/lib/ppo_racing
[5.425s] running install
[5.429s] running install_lib
[5.437s] copying /home/mrc/sim_ws/build/ppo_racing/build/lib/ppo_racing/policy_node.py -> /home/mrc/sim_ws/install/ppo_racing/lib/python3.8/site-packages/ppo_racing
[5.444s] byte-compiling /home/mrc/sim_ws/install/ppo_racing/lib/python3.8/site-packages/ppo_racing/policy_node.py to policy_node.cpython-38.pyc
[5.455s] running install_data
[5.456s] running install_egg_info
[5.472s] removing '/home/mrc/sim_ws/install/ppo_racing/lib/python3.8/site-packages/ppo_racing-0.0.0-py3.8.egg-info' (and everything under it)
[5.473s] Copying ../../build/ppo_racing/ppo_racing.egg-info to /home/mrc/sim_ws/install/ppo_racing/lib/python3.8/site-packages/ppo_racing-0.0.0-py3.8.egg-info
[5.482s] running install_scripts
[5.585s] Installing policy_node script to /home/mrc/sim_ws/install/ppo_racing/lib/ppo_racing
[5.588s] writing list of installed files to '/home/mrc/sim_ws/build/ppo_racing/install.log'
[5.707s] Invoked command in '/home/mrc/sim_ws/src/ppo_racing' returned '0': PYTHONPATH=/home/mrc/sim_ws/build/ppo_racing/prefix_override:/usr/lib/python3/dist-packages/colcon_core/task/python/colcon_distutils_commands:/home/mrc/sim_ws/install/ppo_racing/lib/python3.8/site-packages:${PYTHONPATH} /usr/bin/python3 -W ignore:setup.py install is deprecated -W ignore:easy_install command is deprecated setup.py egg_info --egg-base ../../build/ppo_racing build --build-base /home/mrc/sim_ws/build/ppo_racing/build install --record /home/mrc/sim_ws/build/ppo_racing/install.log --install-scripts $base/lib/ppo_racing --single-version-externally-managed install_data
