[3.560s] Invoking command in '/home/mrc/sim_ws/src/camera_pkg': PYTHONPATH=/home/mrc/sim_ws/build/camera_pkg/prefix_override:/usr/lib/python3/dist-packages/colcon_core/task/python/colcon_distutils_commands:/home/mrc/sim_ws/install/camera_pkg/lib/python3.8/site-packages:${PYTHONPATH} /usr/bin/python3 -W ignore:setup.py install is deprecated -W ignore:easy_install command is deprecated setup.py egg_info --egg-base ../../build/camera_pkg build --build-base /home/mrc/sim_ws/build/camera_pkg/build install --record /home/mrc/sim_ws/build/camera_pkg/install.log --install-scripts $base/lib/camera_pkg --single-version-externally-managed install_data
[4.583s] running egg_info
[4.587s] writing ../../build/camera_pkg/camera_pkg.egg-info/PKG-INFO
[4.588s] writing dependency_links to ../../build/camera_pkg/camera_pkg.egg-info/dependency_links.txt
[4.590s] writing entry points to ../../build/camera_pkg/camera_pkg.egg-info/entry_points.txt
[4.592s] writing requirements to ../../build/camera_pkg/camera_pkg.egg-info/requires.txt
[4.595s] writing top-level names to ../../build/camera_pkg/camera_pkg.egg-info/top_level.txt
[4.722s] reading manifest file '../../build/camera_pkg/camera_pkg.egg-info/SOURCES.txt'
[4.728s] writing manifest file '../../build/camera_pkg/camera_pkg.egg-info/SOURCES.txt'
[4.733s] running build
[4.733s] running build_py
[4.734s] copying camera_pkg/opp_pose_tester.py -> /home/mrc/sim_ws/build/camera_pkg/build/lib/camera_pkg
[4.735s] running install
[4.737s] running install_lib
[4.740s] copying /home/mrc/sim_ws/build/camera_pkg/build/lib/camera_pkg/opp_pose_tester.py -> /home/mrc/sim_ws/install/camera_pkg/lib/python3.8/site-packages/camera_pkg
[4.742s] byte-compiling /home/mrc/sim_ws/install/camera_pkg/lib/python3.8/site-packages/camera_pkg/opp_pose_tester.py to opp_pose_tester.cpython-38.pyc
[4.753s] running install_data
[4.754s] running install_egg_info
[4.758s] removing '/home/mrc/sim_ws/install/camera_pkg/lib/python3.8/site-packages/camera_pkg-0.0.0-py3.8.egg-info' (and everything under it)
[4.759s] Copying ../../build/camera_pkg/camera_pkg.egg-info to /home/mrc/sim_ws/install/camera_pkg/lib/python3.8/site-packages/camera_pkg-0.0.0-py3.8.egg-info
[4.762s] running install_scripts
[4.811s] Installing opp_pose_estimator script to /home/mrc/sim_ws/install/camera_pkg/lib/camera_pkg
[4.814s] Installing opp_pose_tester script to /home/mrc/sim_ws/install/camera_pkg/lib/camera_pkg
[4.817s] writing list of installed files to '/home/mrc/sim_ws/build/camera_pkg/install.log'
[4.880s] Invoked command in '/home/mrc/sim_ws/src/camera_pkg' returned '0': PYTHONPATH=/home/mrc/sim_ws/build/camera_pkg/prefix_override:/usr/lib/python3/dist-packages/colcon_core/task/python/colcon_distutils_commands:/home/mrc/sim_ws/install/camera_pkg/lib/python3.8/site-packages:${PYTHONPATH} /usr/bin/python3 -W ignore:setup.py install is deprecated -W ignore:easy_install command is deprecated setup.py egg_info --egg-base ../../build/camera_pkg build --build-base /home/mrc/sim_ws/build/camera_pkg/build install --record /home/mrc/sim_ws/build/camera_pkg/install.log --install-scripts $base/lib/camera_pkg --single-version-externally-managed install_data
