[0.763s] Invoking command in '/home/mrc/sim_ws/build/gap_follow': CMAKE_PREFIX_PATH=${CMAKE_PREFIX_PATH}:/home/mrc/sim_ws/install/particle_filter:/home/mrc/sim_ws/install/f1tenth_gym_ros:/opt/ros/foxy /usr/bin/cmake --build /home/mrc/sim_ws/build/gap_follow -- -j2 -l2
[0.909s] Invoked command in '/home/mrc/sim_ws/build/gap_follow' returned '0': CMAKE_PREFIX_PATH=${CMAKE_PREFIX_PATH}:/home/mrc/sim_ws/install/particle_filter:/home/mrc/sim_ws/install/f1tenth_gym_ros:/opt/ros/foxy /usr/bin/cmake --build /home/mrc/sim_ws/build/gap_follow -- -j2 -l2
[0.955s] Invoking command in '/home/mrc/sim_ws/build/gap_follow': CMAKE_PREFIX_PATH=${CMAKE_PREFIX_PATH}:/home/mrc/sim_ws/install/particle_filter:/home/mrc/sim_ws/install/f1tenth_gym_ros:/opt/ros/foxy /usr/bin/cmake --install /home/mrc/sim_ws/build/gap_follow
[0.977s] -- Install configuration: ""
[0.979s] -- Execute custom install script
[0.980s] -- Up-to-date symlink: /home/mrc/sim_ws/install/gap_follow/share/gap_follow/environment/pythonpath.sh
[0.982s] -- Up-to-date symlink: /home/mrc/sim_ws/install/gap_follow/share/gap_follow/environment/pythonpath.dsv
[0.985s] -- Up-to-date symlink: /home/mrc/sim_ws/install/gap_follow/lib/python3.8/site-packages/gap_follow/__init__.py
[0.987s] -- Up-to-date symlink: /home/mrc/sim_ws/install/gap_follow/lib/gap_follow/reactive_node.py
[0.988s] -- Up-to-date symlink: /home/mrc/sim_ws/install/gap_follow/share/ament_index/resource_index/package_run_dependencies/gap_follow
[0.989s] -- Up-to-date symlink: /home/mrc/sim_ws/install/gap_follow/share/ament_index/resource_index/parent_prefix_path/gap_follow
[0.990s] -- Up-to-date symlink: /home/mrc/sim_ws/install/gap_follow/share/gap_follow/environment/ament_prefix_path.sh
[0.991s] -- Up-to-date symlink: /home/mrc/sim_ws/install/gap_follow/share/gap_follow/environment/ament_prefix_path.dsv
[0.992s] -- Up-to-date symlink: /home/mrc/sim_ws/install/gap_follow/share/gap_follow/environment/path.sh
[0.994s] -- Up-to-date symlink: /home/mrc/sim_ws/install/gap_follow/share/gap_follow/environment/path.dsv
[0.995s] -- Up-to-date symlink: /home/mrc/sim_ws/install/gap_follow/share/gap_follow/local_setup.bash
[0.996s] -- Up-to-date symlink: /home/mrc/sim_ws/install/gap_follow/share/gap_follow/local_setup.sh
[0.997s] -- Up-to-date symlink: /home/mrc/sim_ws/install/gap_follow/share/gap_follow/local_setup.zsh
[0.998s] -- Up-to-date symlink: /home/mrc/sim_ws/install/gap_follow/share/gap_follow/local_setup.dsv
[0.998s] -- Symlinking: /home/mrc/sim_ws/install/gap_follow/share/gap_follow/package.dsv
[1.028s] -- Up-to-date symlink: /home/mrc/sim_ws/install/gap_follow/share/ament_index/resource_index/packages/gap_follow
[1.029s] -- Up-to-date symlink: /home/mrc/sim_ws/install/gap_follow/share/gap_follow/cmake/gap_followConfig.cmake
[1.031s] -- Up-to-date symlink: /home/mrc/sim_ws/install/gap_follow/share/gap_follow/cmake/gap_followConfig-version.cmake
[1.033s] -- Up-to-date symlink: /home/mrc/sim_ws/install/gap_follow/share/gap_follow/package.xml
[1.138s] Listing '/home/mrc/sim_ws/install/gap_follow/lib/python3.8/site-packages/gap_follow'...
[1.157s] Invoked command in '/home/mrc/sim_ws/build/gap_follow' returned '0': CMAKE_PREFIX_PATH=${CMAKE_PREFIX_PATH}:/home/mrc/sim_ws/install/particle_filter:/home/mrc/sim_ws/install/f1tenth_gym_ros:/opt/ros/foxy /usr/bin/cmake --install /home/mrc/sim_ws/build/gap_follow
