[1.757s] Invoking command in '/home/mrc/sim_ws/src/ppo_racing': PYTHONPATH=/home/mrc/sim_ws/build/ppo_racing/prefix_override:/usr/lib/python3/dist-packages/colcon_core/task/python/colcon_distutils_commands:/home/mrc/sim_ws/install/ppo_racing/lib/python3.8/site-packages:${PYTHONPATH} /usr/bin/python3 -W ignore:setup.py install is deprecated -W ignore:easy_install command is deprecated setup.py egg_info --egg-base ../../build/ppo_racing build --build-base /home/mrc/sim_ws/build/ppo_racing/build install --record /home/mrc/sim_ws/build/ppo_racing/install.log --install-scripts $base/lib/ppo_racing --single-version-externally-managed install_data
[2.453s] running egg_info
[2.456s] writing ../../build/ppo_racing/ppo_racing.egg-info/PKG-INFO
[2.460s] writing dependency_links to ../../build/ppo_racing/ppo_racing.egg-info/dependency_links.txt
[2.461s] writing entry points to ../../build/ppo_racing/ppo_racing.egg-info/entry_points.txt
[2.461s] writing requirements to ../../build/ppo_racing/ppo_racing.egg-info/requires.txt
[2.462s] writing top-level names to ../../build/ppo_racing/ppo_racing.egg-info/top_level.txt
[2.548s] package init file 'ppo_racing/__init__.py' not found (or not a regular file)
[2.549s] reading manifest file '../../build/ppo_racing/ppo_racing.egg-info/SOURCES.txt'
[2.554s] writing manifest file '../../build/ppo_racing/ppo_racing.egg-info/SOURCES.txt'
[2.556s] running build
[2.557s] running build_py
[2.558s] copying ppo_racing/env_wrapper.py -> /home/mrc/sim_ws/build/ppo_racing/build/lib/ppo_racing
[2.559s] running install
[2.561s] running install_lib
[2.564s] copying /home/mrc/sim_ws/build/ppo_racing/build/lib/ppo_racing/env_wrapper.py -> /home/mrc/sim_ws/install/ppo_racing/lib/python3.8/site-packages/ppo_racing
[2.566s] byte-compiling /home/mrc/sim_ws/install/ppo_racing/lib/python3.8/site-packages/ppo_racing/env_wrapper.py to env_wrapper.cpython-38.pyc
[2.570s]   File "/home/mrc/sim_ws/install/ppo_racing/lib/python3.8/site-packages/ppo_racing/env_wrapper.py", line 107
[2.570s]     
[2.571s]     ^
[2.575s] SyntaxError: unexpected EOF while parsing
[2.576s] 
[2.576s] running install_data
[2.577s] running install_egg_info
[2.580s] removing '/home/mrc/sim_ws/install/ppo_racing/lib/python3.8/site-packages/ppo_racing-0.0.0-py3.8.egg-info' (and everything under it)
[2.581s] Copying ../../build/ppo_racing/ppo_racing.egg-info to /home/mrc/sim_ws/install/ppo_racing/lib/python3.8/site-packages/ppo_racing-0.0.0-py3.8.egg-info
[2.588s] running install_scripts
[2.628s] Installing policy_node script to /home/mrc/sim_ws/install/ppo_racing/lib/ppo_racing
[2.630s] writing list of installed files to '/home/mrc/sim_ws/build/ppo_racing/install.log'
[2.697s] Invoked command in '/home/mrc/sim_ws/src/ppo_racing' returned '0': PYTHONPATH=/home/mrc/sim_ws/build/ppo_racing/prefix_override:/usr/lib/python3/dist-packages/colcon_core/task/python/colcon_distutils_commands:/home/mrc/sim_ws/install/ppo_racing/lib/python3.8/site-packages:${PYTHONPATH} /usr/bin/python3 -W ignore:setup.py install is deprecated -W ignore:easy_install command is deprecated setup.py egg_info --egg-base ../../build/ppo_racing build --build-base /home/mrc/sim_ws/build/ppo_racing/build install --record /home/mrc/sim_ws/build/ppo_racing/install.log --install-scripts $base/lib/ppo_racing --single-version-externally-managed install_data
