[0.024s] Invoking command in '/home/mrc/sim_ws/build/safety_node': CMAKE_PREFIX_PATH=${CMAKE_PREFIX_PATH}:/home/mrc/sim_ws/install/f1tenth_gym_ros:/opt/ros/foxy /usr/bin/cmake --build /home/mrc/sim_ws/build/safety_node -- -j2 -l2
[0.180s] Invoked command in '/home/mrc/sim_ws/build/safety_node' returned '0': CMAKE_PREFIX_PATH=${CMAKE_PREFIX_PATH}:/home/mrc/sim_ws/install/f1tenth_gym_ros:/opt/ros/foxy /usr/bin/cmake --build /home/mrc/sim_ws/build/safety_node -- -j2 -l2
[0.218s] Invoking command in '/home/mrc/sim_ws/build/safety_node': CMAKE_PREFIX_PATH=${CMAKE_PREFIX_PATH}:/home/mrc/sim_ws/install/f1tenth_gym_ros:/opt/ros/foxy /usr/bin/cmake --install /home/mrc/sim_ws/build/safety_node
[0.246s] -- Install configuration: ""
[0.246s] -- Up-to-date: /home/mrc/sim_ws/install/safety_node/share/safety_node/environment/pythonpath.sh
[0.248s] -- Up-to-date: /home/mrc/sim_ws/install/safety_node/share/safety_node/environment/pythonpath.dsv
[0.249s] -- Up-to-date: /home/mrc/sim_ws/install/safety_node/lib/python3.8/site-packages/safety_node
[0.251s] -- Up-to-date: /home/mrc/sim_ws/install/safety_node/lib/python3.8/site-packages/safety_node/__init__.py
[0.341s] Listing '/home/mrc/sim_ws/install/safety_node/lib/python3.8/site-packages/safety_node'...
[0.364s] -- Installing: /home/mrc/sim_ws/install/safety_node/lib/safety_node/safety_node.py
[0.365s] -- Up-to-date: /home/mrc/sim_ws/install/safety_node/share/ament_index/resource_index/package_run_dependencies/safety_node
[0.365s] -- Up-to-date: /home/mrc/sim_ws/install/safety_node/share/ament_index/resource_index/parent_prefix_path/safety_node
[0.365s] -- Up-to-date: /home/mrc/sim_ws/install/safety_node/share/safety_node/environment/ament_prefix_path.sh
[0.365s] -- Up-to-date: /home/mrc/sim_ws/install/safety_node/share/safety_node/environment/ament_prefix_path.dsv
[0.366s] -- Up-to-date: /home/mrc/sim_ws/install/safety_node/share/safety_node/environment/path.sh
[0.366s] -- Up-to-date: /home/mrc/sim_ws/install/safety_node/share/safety_node/environment/path.dsv
[0.366s] -- Up-to-date: /home/mrc/sim_ws/install/safety_node/share/safety_node/local_setup.bash
[0.370s] -- Up-to-date: /home/mrc/sim_ws/install/safety_node/share/safety_node/local_setup.sh
[0.370s] -- Up-to-date: /home/mrc/sim_ws/install/safety_node/share/safety_node/local_setup.zsh
[0.374s] -- Up-to-date: /home/mrc/sim_ws/install/safety_node/share/safety_node/local_setup.dsv
[0.375s] -- Up-to-date: /home/mrc/sim_ws/install/safety_node/share/safety_node/package.dsv
[0.376s] -- Up-to-date: /home/mrc/sim_ws/install/safety_node/share/ament_index/resource_index/packages/safety_node
[0.377s] -- Up-to-date: /home/mrc/sim_ws/install/safety_node/share/safety_node/cmake/safety_nodeConfig.cmake
[0.378s] -- Up-to-date: /home/mrc/sim_ws/install/safety_node/share/safety_node/cmake/safety_nodeConfig-version.cmake
[0.378s] -- Up-to-date: /home/mrc/sim_ws/install/safety_node/share/safety_node/package.xml
[0.382s] Invoked command in '/home/mrc/sim_ws/build/safety_node' returned '0': CMAKE_PREFIX_PATH=${CMAKE_PREFIX_PATH}:/home/mrc/sim_ws/install/f1tenth_gym_ros:/opt/ros/foxy /usr/bin/cmake --install /home/mrc/sim_ws/build/safety_node
