[0.125s] Invoking command in '/home/mrc/sim_ws/build/safety_node': CMAKE_PREFIX_PATH=${CMAKE_PREFIX_PATH}:/home/mrc/sim_ws/install/particle_filter:/home/mrc/sim_ws/install/f1tenth_gym_ros:/opt/ros/foxy /usr/bin/cmake --build /home/mrc/sim_ws/build/safety_node -- -j2 -l2
[0.445s] Invoked command in '/home/mrc/sim_ws/build/safety_node' returned '0': CMAKE_PREFIX_PATH=${CMAKE_PREFIX_PATH}:/home/mrc/sim_ws/install/particle_filter:/home/mrc/sim_ws/install/f1tenth_gym_ros:/opt/ros/foxy /usr/bin/cmake --build /home/mrc/sim_ws/build/safety_node -- -j2 -l2
[0.568s] Invoking command in '/home/mrc/sim_ws/build/safety_node': CMAKE_PREFIX_PATH=${CMAKE_PREFIX_PATH}:/home/mrc/sim_ws/install/particle_filter:/home/mrc/sim_ws/install/f1tenth_gym_ros:/opt/ros/foxy /usr/bin/cmake --install /home/mrc/sim_ws/build/safety_node
[0.651s] -- Install configuration: ""
[0.651s] -- Up-to-date: /home/mrc/sim_ws/install/safety_node/share/safety_node/environment/pythonpath.sh
[0.658s] -- Up-to-date: /home/mrc/sim_ws/install/safety_node/share/safety_node/environment/pythonpath.dsv
[0.662s] -- Up-to-date: /home/mrc/sim_ws/install/safety_node/lib/python3.8/site-packages/safety_node
[0.664s] -- Up-to-date: /home/mrc/sim_ws/install/safety_node/lib/python3.8/site-packages/safety_node/__init__.py
[0.860s] Listing '/home/mrc/sim_ws/install/safety_node/lib/python3.8/site-packages/safety_node'...
[0.898s] -- Installing: /home/mrc/sim_ws/install/safety_node/lib/safety_node/safety_node.py
[0.900s] -- Up-to-date: /home/mrc/sim_ws/install/safety_node/share/ament_index/resource_index/package_run_dependencies/safety_node
[0.902s] -- Up-to-date: /home/mrc/sim_ws/install/safety_node/share/ament_index/resource_index/parent_prefix_path/safety_node
[0.905s] -- Up-to-date: /home/mrc/sim_ws/install/safety_node/share/safety_node/environment/ament_prefix_path.sh
[0.906s] -- Up-to-date: /home/mrc/sim_ws/install/safety_node/share/safety_node/environment/ament_prefix_path.dsv
[0.906s] -- Up-to-date: /home/mrc/sim_ws/install/safety_node/share/safety_node/environment/path.sh
[0.907s] -- Up-to-date: /home/mrc/sim_ws/install/safety_node/share/safety_node/environment/path.dsv
[0.907s] -- Up-to-date: /home/mrc/sim_ws/install/safety_node/share/safety_node/local_setup.bash
[0.913s] -- Up-to-date: /home/mrc/sim_ws/install/safety_node/share/safety_node/local_setup.sh
[0.943s] -- Up-to-date: /home/mrc/sim_ws/install/safety_node/share/safety_node/local_setup.zsh
[0.943s] -- Up-to-date: /home/mrc/sim_ws/install/safety_node/share/safety_node/local_setup.dsv
[0.943s] -- Installing: /home/mrc/sim_ws/install/safety_node/share/safety_node/package.dsv
[0.943s] -- Up-to-date: /home/mrc/sim_ws/install/safety_node/share/ament_index/resource_index/packages/safety_node
[0.943s] -- Up-to-date: /home/mrc/sim_ws/install/safety_node/share/safety_node/cmake/safety_nodeConfig.cmake
[0.943s] -- Up-to-date: /home/mrc/sim_ws/install/safety_node/share/safety_node/cmake/safety_nodeConfig-version.cmake
[0.944s] -- Up-to-date: /home/mrc/sim_ws/install/safety_node/share/safety_node/package.xml
[0.950s] Invoked command in '/home/mrc/sim_ws/build/safety_node' returned '0': CMAKE_PREFIX_PATH=${CMAKE_PREFIX_PATH}:/home/mrc/sim_ws/install/particle_filter:/home/mrc/sim_ws/install/f1tenth_gym_ros:/opt/ros/foxy /usr/bin/cmake --install /home/mrc/sim_ws/build/safety_node
