[0.192s] Invoking command in '/home/mrc/sim_ws/build/gap_follow': CMAKE_PREFIX_PATH=${CMAKE_PREFIX_PATH}:/home/mrc/sim_ws/install/f1tenth_gym_ros:/opt/ros/foxy /usr/bin/cmake --build /home/mrc/sim_ws/build/gap_follow -- -j2 -l2
[0.555s] Invoked command in '/home/mrc/sim_ws/build/gap_follow' returned '0': CMAKE_PREFIX_PATH=${CMAKE_PREFIX_PATH}:/home/mrc/sim_ws/install/f1tenth_gym_ros:/opt/ros/foxy /usr/bin/cmake --build /home/mrc/sim_ws/build/gap_follow -- -j2 -l2
[0.605s] Invoking command in '/home/mrc/sim_ws/build/gap_follow': CMAKE_PREFIX_PATH=${CMAKE_PREFIX_PATH}:/home/mrc/sim_ws/install/f1tenth_gym_ros:/opt/ros/foxy /usr/bin/cmake --install /home/mrc/sim_ws/build/gap_follow
[0.678s] -- Install configuration: ""
[0.679s] -- Up-to-date: /home/mrc/sim_ws/install/gap_follow/share/gap_follow/environment/pythonpath.sh
[0.680s] -- Up-to-date: /home/mrc/sim_ws/install/gap_follow/share/gap_follow/environment/pythonpath.dsv
[0.681s] -- Up-to-date: /home/mrc/sim_ws/install/gap_follow/lib/python3.8/site-packages/gap_follow
[0.682s] -- Up-to-date: /home/mrc/sim_ws/install/gap_follow/lib/python3.8/site-packages/gap_follow/__init__.py
[0.867s] Listing '/home/mrc/sim_ws/install/gap_follow/lib/python3.8/site-packages/gap_follow'...
[0.890s] -- Installing: /home/mrc/sim_ws/install/gap_follow/lib/gap_follow/reactive_node.py
[0.891s] -- Up-to-date: /home/mrc/sim_ws/install/gap_follow/share/ament_index/resource_index/package_run_dependencies/gap_follow
[0.892s] -- Up-to-date: /home/mrc/sim_ws/install/gap_follow/share/ament_index/resource_index/parent_prefix_path/gap_follow
[0.893s] -- Up-to-date: /home/mrc/sim_ws/install/gap_follow/share/gap_follow/environment/ament_prefix_path.sh
[0.893s] -- Up-to-date: /home/mrc/sim_ws/install/gap_follow/share/gap_follow/environment/ament_prefix_path.dsv
[0.893s] -- Up-to-date: /home/mrc/sim_ws/install/gap_follow/share/gap_follow/environment/path.sh
[0.894s] -- Up-to-date: /home/mrc/sim_ws/install/gap_follow/share/gap_follow/environment/path.dsv
[0.895s] -- Up-to-date: /home/mrc/sim_ws/install/gap_follow/share/gap_follow/local_setup.bash
[0.895s] -- Up-to-date: /home/mrc/sim_ws/install/gap_follow/share/gap_follow/local_setup.sh
[0.896s] -- Up-to-date: /home/mrc/sim_ws/install/gap_follow/share/gap_follow/local_setup.zsh
[0.897s] -- Up-to-date: /home/mrc/sim_ws/install/gap_follow/share/gap_follow/local_setup.dsv
[0.900s] -- Installing: /home/mrc/sim_ws/install/gap_follow/share/gap_follow/package.dsv
[0.902s] -- Up-to-date: /home/mrc/sim_ws/install/gap_follow/share/ament_index/resource_index/packages/gap_follow
[0.910s] -- Up-to-date: /home/mrc/sim_ws/install/gap_follow/share/gap_follow/cmake/gap_followConfig.cmake
[0.910s] -- Up-to-date: /home/mrc/sim_ws/install/gap_follow/share/gap_follow/cmake/gap_followConfig-version.cmake
[0.910s] -- Up-to-date: /home/mrc/sim_ws/install/gap_follow/share/gap_follow/package.xml
[0.922s] Invoked command in '/home/mrc/sim_ws/build/gap_follow' returned '0': CMAKE_PREFIX_PATH=${CMAKE_PREFIX_PATH}:/home/mrc/sim_ws/install/f1tenth_gym_ros:/opt/ros/foxy /usr/bin/cmake --install /home/mrc/sim_ws/build/gap_follow
