[1.217s] Invoking command in '/home/mrc/sim_ws/src/ppo_racing': PYTHONPATH=/home/mrc/sim_ws/build/ppo_racing/prefix_override:/usr/lib/python3/dist-packages/colcon_core/task/python/colcon_distutils_commands:/home/mrc/sim_ws/install/ppo_racing/lib/python3.8/site-packages:${PYTHONPATH} /usr/bin/python3 -W ignore:setup.py install is deprecated -W ignore:easy_install command is deprecated setup.py egg_info --egg-base ../../build/ppo_racing build --build-base /home/mrc/sim_ws/build/ppo_racing/build install --record /home/mrc/sim_ws/build/ppo_racing/install.log --install-scripts $base/lib/ppo_racing --single-version-externally-managed install_data
[1.622s] running egg_info
[1.623s] writing ../../build/ppo_racing/ppo_racing.egg-info/PKG-INFO
[1.624s] writing dependency_links to ../../build/ppo_racing/ppo_racing.egg-info/dependency_links.txt
[1.624s] writing entry points to ../../build/ppo_racing/ppo_racing.egg-info/entry_points.txt
[1.625s] writing requirements to ../../build/ppo_racing/ppo_racing.egg-info/requires.txt
[1.625s] writing top-level names to ../../build/ppo_racing/ppo_racing.egg-info/top_level.txt
[1.684s] reading manifest file '../../build/ppo_racing/ppo_racing.egg-info/SOURCES.txt'
[1.686s] writing manifest file '../../build/ppo_racing/ppo_racing.egg-info/SOURCES.txt'
[1.686s] running build
[1.686s] running build_py
[1.687s] copying ppo_racing/policy_node.py -> /home/mrc/sim_ws/build/ppo_racing/build/lib/ppo_racing
[1.687s] copying ppo_racing/reward_node.py -> /home/mrc/sim_ws/build/ppo_racing/build/lib/ppo_racing
[1.688s] copying ppo_racing/ppo_agent.py -> /home/mrc/sim_ws/build/ppo_racing/build/lib/ppo_racing
[1.689s] copying ppo_racing/train.py -> /home/mrc/sim_ws/build/ppo_racing/build/lib/ppo_racing
[1.690s] running install
[1.692s] running install_lib
[1.694s] copying /home/mrc/sim_ws/build/ppo_racing/build/lib/ppo_racing/policy_node.py -> /home/mrc/sim_ws/install/ppo_racing/lib/python3.8/site-packages/ppo_racing
[1.694s] copying /home/mrc/sim_ws/build/ppo_racing/build/lib/ppo_racing/reward_node.py -> /home/mrc/sim_ws/install/ppo_racing/lib/python3.8/site-packages/ppo_racing
[1.694s] copying /home/mrc/sim_ws/build/ppo_racing/build/lib/ppo_racing/ppo_agent.py -> /home/mrc/sim_ws/install/ppo_racing/lib/python3.8/site-packages/ppo_racing
[1.695s] copying /home/mrc/sim_ws/build/ppo_racing/build/lib/ppo_racing/train.py -> /home/mrc/sim_ws/install/ppo_racing/lib/python3.8/site-packages/ppo_racing
[1.696s] byte-compiling /home/mrc/sim_ws/install/ppo_racing/lib/python3.8/site-packages/ppo_racing/policy_node.py to policy_node.cpython-38.pyc
[1.700s] byte-compiling /home/mrc/sim_ws/install/ppo_racing/lib/python3.8/site-packages/ppo_racing/reward_node.py to reward_node.cpython-38.pyc
[1.703s] byte-compiling /home/mrc/sim_ws/install/ppo_racing/lib/python3.8/site-packages/ppo_racing/ppo_agent.py to ppo_agent.cpython-38.pyc
[1.706s] byte-compiling /home/mrc/sim_ws/install/ppo_racing/lib/python3.8/site-packages/ppo_racing/train.py to train.cpython-38.pyc
[1.710s] running install_data
[1.710s] running install_egg_info
[1.712s] removing '/home/mrc/sim_ws/install/ppo_racing/lib/python3.8/site-packages/ppo_racing-0.0.0-py3.8.egg-info' (and everything under it)
[1.713s] Copying ../../build/ppo_racing/ppo_racing.egg-info to /home/mrc/sim_ws/install/ppo_racing/lib/python3.8/site-packages/ppo_racing-0.0.0-py3.8.egg-info
[1.715s] running install_scripts
[1.743s] Installing policy_node script to /home/mrc/sim_ws/install/ppo_racing/lib/ppo_racing
[1.744s] writing list of installed files to '/home/mrc/sim_ws/build/ppo_racing/install.log'
[1.789s] Invoked command in '/home/mrc/sim_ws/src/ppo_racing' returned '0': PYTHONPATH=/home/mrc/sim_ws/build/ppo_racing/prefix_override:/usr/lib/python3/dist-packages/colcon_core/task/python/colcon_distutils_commands:/home/mrc/sim_ws/install/ppo_racing/lib/python3.8/site-packages:${PYTHONPATH} /usr/bin/python3 -W ignore:setup.py install is deprecated -W ignore:easy_install command is deprecated setup.py egg_info --egg-base ../../build/ppo_racing build --build-base /home/mrc/sim_ws/build/ppo_racing/build install --record /home/mrc/sim_ws/build/ppo_racing/install.log --install-scripts $base/lib/ppo_racing --single-version-externally-managed install_data
