[0.082s] Invoking command in '/home/mrc/sim_ws/build/gap_follow': CMAKE_PREFIX_PATH=${CMAKE_PREFIX_PATH}:/home/mrc/sim_ws/install/camera_pkg:/home/mrc/sim_ws/install/rrt_package:/home/mrc/sim_ws/install/ppo_racing:/home/mrc/sim_ws/install/particle_filter:/home/mrc/sim_ws/install/f1tenth_gym_ros:/home/mrc/sim_ws/install/RRT_package:/opt/ros/foxy /usr/bin/cmake --build /home/mrc/sim_ws/build/gap_follow -- -j2 -l2
[0.408s] Invoked command in '/home/mrc/sim_ws/build/gap_follow' returned '0': CMAKE_PREFIX_PATH=${CMAKE_PREFIX_PATH}:/home/mrc/sim_ws/install/camera_pkg:/home/mrc/sim_ws/install/rrt_package:/home/mrc/sim_ws/install/ppo_racing:/home/mrc/sim_ws/install/particle_filter:/home/mrc/sim_ws/install/f1tenth_gym_ros:/home/mrc/sim_ws/install/RRT_package:/opt/ros/foxy /usr/bin/cmake --build /home/mrc/sim_ws/build/gap_follow -- -j2 -l2
[0.466s] Invoking command in '/home/mrc/sim_ws/build/gap_follow': CMAKE_PREFIX_PATH=${CMAKE_PREFIX_PATH}:/home/mrc/sim_ws/install/camera_pkg:/home/mrc/sim_ws/install/rrt_package:/home/mrc/sim_ws/install/ppo_racing:/home/mrc/sim_ws/install/particle_filter:/home/mrc/sim_ws/install/f1tenth_gym_ros:/home/mrc/sim_ws/install/RRT_package:/opt/ros/foxy /usr/bin/cmake --install /home/mrc/sim_ws/build/gap_follow
[0.499s] -- Install configuration: ""
[0.502s] -- Execute custom install script
[0.504s] -- Up-to-date symlink: /home/mrc/sim_ws/install/gap_follow/share/gap_follow/environment/pythonpath.sh
[0.505s] -- Up-to-date symlink: /home/mrc/sim_ws/install/gap_follow/share/gap_follow/environment/pythonpath.dsv
[0.508s] -- Up-to-date symlink: /home/mrc/sim_ws/install/gap_follow/lib/python3.8/site-packages/gap_follow/__init__.py
[0.511s] -- Up-to-date symlink: /home/mrc/sim_ws/install/gap_follow/lib/gap_follow/reactive_node.py
[0.512s] -- Up-to-date symlink: /home/mrc/sim_ws/install/gap_follow/share/ament_index/resource_index/package_run_dependencies/gap_follow
[0.513s] -- Up-to-date symlink: /home/mrc/sim_ws/install/gap_follow/share/ament_index/resource_index/parent_prefix_path/gap_follow
[0.516s] -- Up-to-date symlink: /home/mrc/sim_ws/install/gap_follow/share/gap_follow/environment/ament_prefix_path.sh
[0.518s] -- Up-to-date symlink: /home/mrc/sim_ws/install/gap_follow/share/gap_follow/environment/ament_prefix_path.dsv
[0.522s] -- Up-to-date symlink: /home/mrc/sim_ws/install/gap_follow/share/gap_follow/environment/path.sh
[0.523s] -- Up-to-date symlink: /home/mrc/sim_ws/install/gap_follow/share/gap_follow/environment/path.dsv
[0.525s] -- Up-to-date symlink: /home/mrc/sim_ws/install/gap_follow/share/gap_follow/local_setup.bash
[0.527s] -- Up-to-date symlink: /home/mrc/sim_ws/install/gap_follow/share/gap_follow/local_setup.sh
[0.532s] -- Up-to-date symlink: /home/mrc/sim_ws/install/gap_follow/share/gap_follow/local_setup.zsh
[0.534s] -- Up-to-date symlink: /home/mrc/sim_ws/install/gap_follow/share/gap_follow/local_setup.dsv
[0.535s] -- Symlinking: /home/mrc/sim_ws/install/gap_follow/share/gap_follow/package.dsv
[0.564s] -- Up-to-date symlink: /home/mrc/sim_ws/install/gap_follow/share/ament_index/resource_index/packages/gap_follow
[0.567s] -- Up-to-date symlink: /home/mrc/sim_ws/install/gap_follow/share/gap_follow/cmake/gap_followConfig.cmake
[0.568s] -- Up-to-date symlink: /home/mrc/sim_ws/install/gap_follow/share/gap_follow/cmake/gap_followConfig-version.cmake
[0.570s] -- Up-to-date symlink: /home/mrc/sim_ws/install/gap_follow/share/gap_follow/package.xml
[0.662s] Listing '/home/mrc/sim_ws/install/gap_follow/lib/python3.8/site-packages/gap_follow'...
[0.683s] Invoked command in '/home/mrc/sim_ws/build/gap_follow' returned '0': CMAKE_PREFIX_PATH=${CMAKE_PREFIX_PATH}:/home/mrc/sim_ws/install/camera_pkg:/home/mrc/sim_ws/install/rrt_package:/home/mrc/sim_ws/install/ppo_racing:/home/mrc/sim_ws/install/particle_filter:/home/mrc/sim_ws/install/f1tenth_gym_ros:/home/mrc/sim_ws/install/RRT_package:/opt/ros/foxy /usr/bin/cmake --install /home/mrc/sim_ws/build/gap_follow
