[0.109s] Invoking command in '/home/mrc/sim_ws/build/wall_follow': CMAKE_PREFIX_PATH=${CMAKE_PREFIX_PATH}:/home/mrc/sim_ws/install/rrt_package:/home/mrc/sim_ws/install/ppo_racing:/home/mrc/sim_ws/install/particle_filter:/home/mrc/sim_ws/install/f1tenth_gym_ros:/home/mrc/sim_ws/install/camera_pkg:/home/mrc/sim_ws/install/RRT_package:/opt/ros/foxy /usr/bin/cmake --build /home/mrc/sim_ws/build/wall_follow -- -j2 -l2
[0.517s] Invoked command in '/home/mrc/sim_ws/build/wall_follow' returned '0': CMAKE_PREFIX_PATH=${CMAKE_PREFIX_PATH}:/home/mrc/sim_ws/install/rrt_package:/home/mrc/sim_ws/install/ppo_racing:/home/mrc/sim_ws/install/particle_filter:/home/mrc/sim_ws/install/f1tenth_gym_ros:/home/mrc/sim_ws/install/camera_pkg:/home/mrc/sim_ws/install/RRT_package:/opt/ros/foxy /usr/bin/cmake --build /home/mrc/sim_ws/build/wall_follow -- -j2 -l2
[0.638s] Invoking command in '/home/mrc/sim_ws/build/wall_follow': CMAKE_PREFIX_PATH=${CMAKE_PREFIX_PATH}:/home/mrc/sim_ws/install/rrt_package:/home/mrc/sim_ws/install/ppo_racing:/home/mrc/sim_ws/install/particle_filter:/home/mrc/sim_ws/install/f1tenth_gym_ros:/home/mrc/sim_ws/install/camera_pkg:/home/mrc/sim_ws/install/RRT_package:/opt/ros/foxy /usr/bin/cmake --install /home/mrc/sim_ws/build/wall_follow
[0.758s] -- Install configuration: ""
[0.760s] -- Execute custom install script
[0.763s] -- Up-to-date symlink: /home/mrc/sim_ws/install/wall_follow/share/wall_follow/environment/pythonpath.sh
[0.765s] -- Up-to-date symlink: /home/mrc/sim_ws/install/wall_follow/share/wall_follow/environment/pythonpath.dsv
[0.779s] -- Up-to-date symlink: /home/mrc/sim_ws/install/wall_follow/lib/python3.8/site-packages/wall_follow/__init__.py
[0.780s] -- Up-to-date symlink: /home/mrc/sim_ws/install/wall_follow/lib/wall_follow/wall_follow_node.py
[0.780s] -- Up-to-date symlink: /home/mrc/sim_ws/install/wall_follow/share/ament_index/resource_index/package_run_dependencies/wall_follow
[0.786s] -- Up-to-date symlink: /home/mrc/sim_ws/install/wall_follow/share/ament_index/resource_index/parent_prefix_path/wall_follow
[0.787s] -- Up-to-date symlink: /home/mrc/sim_ws/install/wall_follow/share/wall_follow/environment/ament_prefix_path.sh
[0.789s] -- Up-to-date symlink: /home/mrc/sim_ws/install/wall_follow/share/wall_follow/environment/ament_prefix_path.dsv
[0.790s] -- Up-to-date symlink: /home/mrc/sim_ws/install/wall_follow/share/wall_follow/environment/path.sh
[0.792s] -- Up-to-date symlink: /home/mrc/sim_ws/install/wall_follow/share/wall_follow/environment/path.dsv
[0.794s] -- Up-to-date symlink: /home/mrc/sim_ws/install/wall_follow/share/wall_follow/local_setup.bash
[0.797s] -- Up-to-date symlink: /home/mrc/sim_ws/install/wall_follow/share/wall_follow/local_setup.sh
[0.801s] -- Up-to-date symlink: /home/mrc/sim_ws/install/wall_follow/share/wall_follow/local_setup.zsh
[0.804s] -- Up-to-date symlink: /home/mrc/sim_ws/install/wall_follow/share/wall_follow/local_setup.dsv
[0.805s] -- Symlinking: /home/mrc/sim_ws/install/wall_follow/share/wall_follow/package.dsv
[0.902s] -- Up-to-date symlink: /home/mrc/sim_ws/install/wall_follow/share/ament_index/resource_index/packages/wall_follow
[0.905s] -- Up-to-date symlink: /home/mrc/sim_ws/install/wall_follow/share/wall_follow/cmake/wall_followConfig.cmake
[0.907s] -- Up-to-date symlink: /home/mrc/sim_ws/install/wall_follow/share/wall_follow/cmake/wall_followConfig-version.cmake
[0.917s] -- Up-to-date symlink: /home/mrc/sim_ws/install/wall_follow/share/wall_follow/package.xml
[1.143s] Listing '/home/mrc/sim_ws/install/wall_follow/lib/python3.8/site-packages/wall_follow'...
[1.199s] Invoked command in '/home/mrc/sim_ws/build/wall_follow' returned '0': CMAKE_PREFIX_PATH=${CMAKE_PREFIX_PATH}:/home/mrc/sim_ws/install/rrt_package:/home/mrc/sim_ws/install/ppo_racing:/home/mrc/sim_ws/install/particle_filter:/home/mrc/sim_ws/install/f1tenth_gym_ros:/home/mrc/sim_ws/install/camera_pkg:/home/mrc/sim_ws/install/RRT_package:/opt/ros/foxy /usr/bin/cmake --install /home/mrc/sim_ws/build/wall_follow
