[1.498s] Invoking command in '/home/mrc/sim_ws/src/rrt_package': PYTHONPATH=/home/mrc/sim_ws/build/rrt_package/prefix_override:/usr/lib/python3/dist-packages/colcon_core/task/python/colcon_distutils_commands:/home/mrc/sim_ws/install/rrt_package/lib/python3.8/site-packages:${PYTHONPATH} /usr/bin/python3 -W ignore:setup.py install is deprecated -W ignore:easy_install command is deprecated setup.py egg_info --egg-base ../../build/rrt_package build --build-base /home/mrc/sim_ws/build/rrt_package/build install --record /home/mrc/sim_ws/build/rrt_package/install.log --install-scripts $base/lib/rrt_package --single-version-externally-managed install_data
[1.999s] running egg_info
[2.000s] writing ../../build/rrt_package/rrt_package.egg-info/PKG-INFO
[2.001s] writing dependency_links to ../../build/rrt_package/rrt_package.egg-info/dependency_links.txt
[2.003s] writing entry points to ../../build/rrt_package/rrt_package.egg-info/entry_points.txt
[2.004s] writing requirements to ../../build/rrt_package/rrt_package.egg-info/requires.txt
[2.004s] writing top-level names to ../../build/rrt_package/rrt_package.egg-info/top_level.txt
[2.067s] reading manifest file '../../build/rrt_package/rrt_package.egg-info/SOURCES.txt'
[2.069s] writing manifest file '../../build/rrt_package/rrt_package.egg-info/SOURCES.txt'
[2.070s] running build
[2.070s] running build_py
[2.071s] running install
[2.076s] running install_lib
[2.078s] running install_data
[2.079s] running install_egg_info
[2.082s] removing '/home/mrc/sim_ws/install/rrt_package/lib/python3.8/site-packages/rrt_package-0.0.0-py3.8.egg-info' (and everything under it)
[2.083s] Copying ../../build/rrt_package/rrt_package.egg-info to /home/mrc/sim_ws/install/rrt_package/lib/python3.8/site-packages/rrt_package-0.0.0-py3.8.egg-info
[2.085s] running install_scripts
[2.118s] Installing RRT_node script to /home/mrc/sim_ws/install/rrt_package/lib/rrt_package
[2.119s] Installing rrt_pure_pursuit script to /home/mrc/sim_ws/install/rrt_package/lib/rrt_package
[2.124s] writing list of installed files to '/home/mrc/sim_ws/build/rrt_package/install.log'
[2.172s] Invoked command in '/home/mrc/sim_ws/src/rrt_package' returned '0': PYTHONPATH=/home/mrc/sim_ws/build/rrt_package/prefix_override:/usr/lib/python3/dist-packages/colcon_core/task/python/colcon_distutils_commands:/home/mrc/sim_ws/install/rrt_package/lib/python3.8/site-packages:${PYTHONPATH} /usr/bin/python3 -W ignore:setup.py install is deprecated -W ignore:easy_install command is deprecated setup.py egg_info --egg-base ../../build/rrt_package build --build-base /home/mrc/sim_ws/build/rrt_package/build install --record /home/mrc/sim_ws/build/rrt_package/install.log --install-scripts $base/lib/rrt_package --single-version-externally-managed install_data
