[4.209s] Invoking command in '/home/mrc/sim_ws/src/ppo_racing': PYTHONPATH=/home/mrc/sim_ws/build/ppo_racing/prefix_override:/usr/lib/python3/dist-packages/colcon_core/task/python/colcon_distutils_commands:/home/mrc/sim_ws/install/ppo_racing/lib/python3.8/site-packages:${PYTHONPATH} /usr/bin/python3 -W ignore:setup.py install is deprecated -W ignore:easy_install command is deprecated setup.py egg_info --egg-base ../../build/ppo_racing build --build-base /home/mrc/sim_ws/build/ppo_racing/build install --record /home/mrc/sim_ws/build/ppo_racing/install.log --install-scripts $base/lib/ppo_racing --single-version-externally-managed install_data
[5.689s] running egg_info
[5.691s] writing ../../build/ppo_racing/ppo_racing.egg-info/PKG-INFO
[5.692s] writing dependency_links to ../../build/ppo_racing/ppo_racing.egg-info/dependency_links.txt
[5.692s] writing entry points to ../../build/ppo_racing/ppo_racing.egg-info/entry_points.txt
[5.693s] writing requirements to ../../build/ppo_racing/ppo_racing.egg-info/requires.txt
[5.694s] writing top-level names to ../../build/ppo_racing/ppo_racing.egg-info/top_level.txt
[5.871s] reading manifest file '../../build/ppo_racing/ppo_racing.egg-info/SOURCES.txt'
[5.876s] writing manifest file '../../build/ppo_racing/ppo_racing.egg-info/SOURCES.txt'
[5.876s] running build
[5.876s] running build_py
[5.877s] copying ppo_racing/policy_node.py -> /home/mrc/sim_ws/build/ppo_racing/build/lib/ppo_racing
[5.878s] running install
[5.881s] running install_lib
[5.895s] copying /home/mrc/sim_ws/build/ppo_racing/build/lib/ppo_racing/policy_node.py -> /home/mrc/sim_ws/install/ppo_racing/lib/python3.8/site-packages/ppo_racing
[5.898s] byte-compiling /home/mrc/sim_ws/install/ppo_racing/lib/python3.8/site-packages/ppo_racing/policy_node.py to policy_node.cpython-38.pyc
[5.917s] running install_data
[5.917s] running install_egg_info
[5.928s] removing '/home/mrc/sim_ws/install/ppo_racing/lib/python3.8/site-packages/ppo_racing-0.0.0-py3.8.egg-info' (and everything under it)
[5.929s] Copying ../../build/ppo_racing/ppo_racing.egg-info to /home/mrc/sim_ws/install/ppo_racing/lib/python3.8/site-packages/ppo_racing-0.0.0-py3.8.egg-info
[5.932s] running install_scripts
[6.046s] Installing policy_node script to /home/mrc/sim_ws/install/ppo_racing/lib/ppo_racing
[6.047s] writing list of installed files to '/home/mrc/sim_ws/build/ppo_racing/install.log'
[6.160s] Invoked command in '/home/mrc/sim_ws/src/ppo_racing' returned '0': PYTHONPATH=/home/mrc/sim_ws/build/ppo_racing/prefix_override:/usr/lib/python3/dist-packages/colcon_core/task/python/colcon_distutils_commands:/home/mrc/sim_ws/install/ppo_racing/lib/python3.8/site-packages:${PYTHONPATH} /usr/bin/python3 -W ignore:setup.py install is deprecated -W ignore:easy_install command is deprecated setup.py egg_info --egg-base ../../build/ppo_racing build --build-base /home/mrc/sim_ws/build/ppo_racing/build install --record /home/mrc/sim_ws/build/ppo_racing/install.log --install-scripts $base/lib/ppo_racing --single-version-externally-managed install_data
