[1.147s] DEBUG:colcon:Command line arguments: ['/usr/bin/colcon', 'build']
[1.148s] DEBUG:colcon:Parsed command line arguments: Namespace(allow_overriding=[], ament_cmake_args=None, base_paths=['.'], build_base='build', catkin_cmake_args=None, catkin_skip_building_tests=False, cmake_args=None, cmake_clean_cache=False, cmake_clean_first=False, cmake_force_configure=False, cmake_target=None, cmake_target_skip_unavailable=False, continue_on_error=False, event_handlers=None, executor='parallel', ignore_user_meta=False, install_base='install', log_base=None, log_level=None, main=<bound method BuildVerb.main of <colcon_core.verb.build.BuildVerb object at 0x7f6d1c5e1340>>, merge_install=False, metas=['./colcon.meta'], mixin=None, mixin_files=None, mixin_verb=('build',), packages_above=None, packages_above_and_dependencies=None, packages_above_depth=None, packages_end=None, packages_ignore=None, packages_ignore_regex=None, packages_select=None, packages_select_build_failed=False, packages_select_by_dep=None, packages_select_regex=None, packages_select_test_failures=False, packages_skip=None, packages_skip_build_finished=False, packages_skip_by_dep=None, packages_skip_regex=None, packages_skip_test_passed=False, packages_skip_up_to=None, packages_start=None, packages_up_to=None, packages_up_to_regex=None, parallel_workers=2, paths=None, symlink_install=False, test_result_base=None, verb_extension=<colcon_core.verb.build.BuildVerb object at 0x7f6d1c5e1340>, verb_name='build', verb_parser=<colcon_mixin.mixin.mixin_argument.MixinArgumentDecorator object at 0x7f6d1c52f910>)
[1.551s] Level 1:colcon.colcon_core.package_discovery:discover_packages(colcon_meta) check parameters
[1.552s] Level 1:colcon.colcon_core.package_discovery:discover_packages(recursive) check parameters
[1.552s] Level 1:colcon.colcon_core.package_discovery:discover_packages(ignore) check parameters
[1.552s] Level 1:colcon.colcon_core.package_discovery:discover_packages(path) check parameters
[1.552s] Level 1:colcon.colcon_core.package_discovery:discover_packages(colcon_meta) discover
[1.552s] Level 1:colcon.colcon_core.package_discovery:discover_packages(recursive) discover
[1.552s] INFO:colcon.colcon_core.package_discovery:Crawling recursively for packages in '/home/mrc/sim_ws'
[1.552s] Level 1:colcon.colcon_core.package_identification:_identify(.) by extensions ['ignore', 'ignore_ament_install']
[1.552s] Level 1:colcon.colcon_core.package_identification:_identify(.) by extension 'ignore'
[1.552s] Level 1:colcon.colcon_core.package_identification:_identify(.) by extension 'ignore_ament_install'
[1.552s] Level 1:colcon.colcon_core.package_identification:_identify(.) by extensions ['colcon_pkg']
[1.552s] Level 1:colcon.colcon_core.package_identification:_identify(.) by extension 'colcon_pkg'
[1.552s] Level 1:colcon.colcon_core.package_identification:_identify(.) by extensions ['colcon_meta']
[1.553s] Level 1:colcon.colcon_core.package_identification:_identify(.) by extension 'colcon_meta'
[1.553s] Level 1:colcon.colcon_core.package_identification:_identify(.) by extensions ['ros']
[1.553s] Level 1:colcon.colcon_core.package_identification:_identify(.) by extension 'ros'
[1.592s] Level 1:colcon.colcon_core.package_identification:_identify(.) by extensions ['cmake', 'python']
[1.592s] Level 1:colcon.colcon_core.package_identification:_identify(.) by extension 'cmake'
[1.592s] Level 1:colcon.colcon_core.package_identification:_identify(.) by extension 'python'
[1.592s] Level 1:colcon.colcon_core.package_identification:_identify(.) by extensions ['python_setup_py']
[1.592s] Level 1:colcon.colcon_core.package_identification:_identify(.) by extension 'python_setup_py'
[1.593s] Level 1:colcon.colcon_core.package_identification:_identify(build) by extensions ['ignore', 'ignore_ament_install']
[1.593s] Level 1:colcon.colcon_core.package_identification:_identify(build) by extension 'ignore'
[1.593s] Level 1:colcon.colcon_core.package_identification:_identify(build) ignored
[1.593s] Level 1:colcon.colcon_core.package_identification:_identify(install) by extensions ['ignore', 'ignore_ament_install']
[1.593s] Level 1:colcon.colcon_core.package_identification:_identify(install) by extension 'ignore'
[1.593s] Level 1:colcon.colcon_core.package_identification:_identify(install) ignored
[1.594s] Level 1:colcon.colcon_core.package_identification:_identify(log) by extensions ['ignore', 'ignore_ament_install']
[1.594s] Level 1:colcon.colcon_core.package_identification:_identify(log) by extension 'ignore'
[1.594s] Level 1:colcon.colcon_core.package_identification:_identify(log) ignored
[1.595s] Level 1:colcon.colcon_core.package_identification:_identify(src) by extensions ['ignore', 'ignore_ament_install']
[1.595s] Level 1:colcon.colcon_core.package_identification:_identify(src) by extension 'ignore'
[1.595s] Level 1:colcon.colcon_core.package_identification:_identify(src) by extension 'ignore_ament_install'
[1.595s] Level 1:colcon.colcon_core.package_identification:_identify(src) by extensions ['colcon_pkg']
[1.595s] Level 1:colcon.colcon_core.package_identification:_identify(src) by extension 'colcon_pkg'
[1.595s] Level 1:colcon.colcon_core.package_identification:_identify(src) by extensions ['colcon_meta']
[1.595s] Level 1:colcon.colcon_core.package_identification:_identify(src) by extension 'colcon_meta'
[1.595s] Level 1:colcon.colcon_core.package_identification:_identify(src) by extensions ['ros']
[1.595s] Level 1:colcon.colcon_core.package_identification:_identify(src) by extension 'ros'
[1.595s] Level 1:colcon.colcon_core.package_identification:_identify(src) by extensions ['cmake', 'python']
[1.595s] Level 1:colcon.colcon_core.package_identification:_identify(src) by extension 'cmake'
[1.595s] Level 1:colcon.colcon_core.package_identification:_identify(src) by extension 'python'
[1.595s] Level 1:colcon.colcon_core.package_identification:_identify(src) by extensions ['python_setup_py']
[1.595s] Level 1:colcon.colcon_core.package_identification:_identify(src) by extension 'python_setup_py'
[1.597s] Level 1:colcon.colcon_core.package_identification:_identify(src/RRT_package) by extensions ['ignore', 'ignore_ament_install']
[1.597s] Level 1:colcon.colcon_core.package_identification:_identify(src/RRT_package) by extension 'ignore'
[1.597s] Level 1:colcon.colcon_core.package_identification:_identify(src/RRT_package) by extension 'ignore_ament_install'
[1.597s] Level 1:colcon.colcon_core.package_identification:_identify(src/RRT_package) by extensions ['colcon_pkg']
[1.597s] Level 1:colcon.colcon_core.package_identification:_identify(src/RRT_package) by extension 'colcon_pkg'
[1.597s] Level 1:colcon.colcon_core.package_identification:_identify(src/RRT_package) by extensions ['colcon_meta']
[1.597s] Level 1:colcon.colcon_core.package_identification:_identify(src/RRT_package) by extension 'colcon_meta'
[1.597s] Level 1:colcon.colcon_core.package_identification:_identify(src/RRT_package) by extensions ['ros']
[1.597s] Level 1:colcon.colcon_core.package_identification:_identify(src/RRT_package) by extension 'ros'
[1.598s] Level 1:colcon.colcon_core.package_identification:_identify(src/RRT_package) by extensions ['cmake', 'python']
[1.598s] Level 1:colcon.colcon_core.package_identification:_identify(src/RRT_package) by extension 'cmake'
[1.598s] Level 1:colcon.colcon_core.package_identification:_identify(src/RRT_package) by extension 'python'
[1.598s] Level 1:colcon.colcon_core.package_identification:_identify(src/RRT_package) by extensions ['python_setup_py']
[1.598s] Level 1:colcon.colcon_core.package_identification:_identify(src/RRT_package) by extension 'python_setup_py'
[1.599s] Level 1:colcon.colcon_core.package_identification:_identify(src/RRT_package/RRT_package) by extensions ['ignore', 'ignore_ament_install']
[1.599s] Level 1:colcon.colcon_core.package_identification:_identify(src/RRT_package/RRT_package) by extension 'ignore'
[1.600s] Level 1:colcon.colcon_core.package_identification:_identify(src/RRT_package/RRT_package) by extension 'ignore_ament_install'
[1.600s] Level 1:colcon.colcon_core.package_identification:_identify(src/RRT_package/RRT_package) by extensions ['colcon_pkg']
[1.600s] Level 1:colcon.colcon_core.package_identification:_identify(src/RRT_package/RRT_package) by extension 'colcon_pkg'
[1.600s] Level 1:colcon.colcon_core.package_identification:_identify(src/RRT_package/RRT_package) by extensions ['colcon_meta']
[1.600s] Level 1:colcon.colcon_core.package_identification:_identify(src/RRT_package/RRT_package) by extension 'colcon_meta'
[1.600s] Level 1:colcon.colcon_core.package_identification:_identify(src/RRT_package/RRT_package) by extensions ['ros']
[1.600s] Level 1:colcon.colcon_core.package_identification:_identify(src/RRT_package/RRT_package) by extension 'ros'
[1.600s] Level 1:colcon.colcon_core.package_identification:_identify(src/RRT_package/RRT_package) by extensions ['cmake', 'python']
[1.600s] Level 1:colcon.colcon_core.package_identification:_identify(src/RRT_package/RRT_package) by extension 'cmake'
[1.600s] Level 1:colcon.colcon_core.package_identification:_identify(src/RRT_package/RRT_package) by extension 'python'
[1.600s] Level 1:colcon.colcon_core.package_identification:_identify(src/RRT_package/RRT_package) by extensions ['python_setup_py']
[1.600s] Level 1:colcon.colcon_core.package_identification:_identify(src/RRT_package/RRT_package) by extension 'python_setup_py'
[1.601s] Level 1:colcon.colcon_core.package_identification:_identify(src/f1tenth_gym_ros) by extensions ['ignore', 'ignore_ament_install']
[1.601s] Level 1:colcon.colcon_core.package_identification:_identify(src/f1tenth_gym_ros) by extension 'ignore'
[1.601s] Level 1:colcon.colcon_core.package_identification:_identify(src/f1tenth_gym_ros) by extension 'ignore_ament_install'
[1.601s] Level 1:colcon.colcon_core.package_identification:_identify(src/f1tenth_gym_ros) by extensions ['colcon_pkg']
[1.601s] Level 1:colcon.colcon_core.package_identification:_identify(src/f1tenth_gym_ros) by extension 'colcon_pkg'
[1.601s] Level 1:colcon.colcon_core.package_identification:_identify(src/f1tenth_gym_ros) by extensions ['colcon_meta']
[1.601s] Level 1:colcon.colcon_core.package_identification:_identify(src/f1tenth_gym_ros) by extension 'colcon_meta'
[1.602s] Level 1:colcon.colcon_core.package_identification:_identify(src/f1tenth_gym_ros) by extensions ['ros']
[1.602s] Level 1:colcon.colcon_core.package_identification:_identify(src/f1tenth_gym_ros) by extension 'ros'
[1.611s] DEBUG:colcon.colcon_core.package_identification:Package 'src/f1tenth_gym_ros' with type 'ros.ament_python' and name 'f1tenth_gym_ros'
[1.614s] Level 1:colcon.colcon_core.package_identification:_identify(src/f1tenth_lab2_template) by extensions ['ignore', 'ignore_ament_install']
[1.614s] Level 1:colcon.colcon_core.package_identification:_identify(src/f1tenth_lab2_template) by extension 'ignore'
[1.615s] Level 1:colcon.colcon_core.package_identification:_identify(src/f1tenth_lab2_template) by extension 'ignore_ament_install'
[1.615s] Level 1:colcon.colcon_core.package_identification:_identify(src/f1tenth_lab2_template) by extensions ['colcon_pkg']
[1.615s] Level 1:colcon.colcon_core.package_identification:_identify(src/f1tenth_lab2_template) by extension 'colcon_pkg'
[1.615s] Level 1:colcon.colcon_core.package_identification:_identify(src/f1tenth_lab2_template) by extensions ['colcon_meta']
[1.615s] Level 1:colcon.colcon_core.package_identification:_identify(src/f1tenth_lab2_template) by extension 'colcon_meta'
[1.615s] Level 1:colcon.colcon_core.package_identification:_identify(src/f1tenth_lab2_template) by extensions ['ros']
[1.615s] Level 1:colcon.colcon_core.package_identification:_identify(src/f1tenth_lab2_template) by extension 'ros'
[1.615s] Level 1:colcon.colcon_core.package_identification:_identify(src/f1tenth_lab2_template) by extensions ['cmake', 'python']
[1.615s] Level 1:colcon.colcon_core.package_identification:_identify(src/f1tenth_lab2_template) by extension 'cmake'
[1.615s] Level 1:colcon.colcon_core.package_identification:_identify(src/f1tenth_lab2_template) by extension 'python'
[1.615s] Level 1:colcon.colcon_core.package_identification:_identify(src/f1tenth_lab2_template) by extensions ['python_setup_py']
[1.615s] Level 1:colcon.colcon_core.package_identification:_identify(src/f1tenth_lab2_template) by extension 'python_setup_py'
[1.617s] Level 1:colcon.colcon_core.package_identification:_identify(src/f1tenth_lab2_template/safety_node) by extensions ['ignore', 'ignore_ament_install']
[1.617s] Level 1:colcon.colcon_core.package_identification:_identify(src/f1tenth_lab2_template/safety_node) by extension 'ignore'
[1.617s] Level 1:colcon.colcon_core.package_identification:_identify(src/f1tenth_lab2_template/safety_node) by extension 'ignore_ament_install'
[1.617s] Level 1:colcon.colcon_core.package_identification:_identify(src/f1tenth_lab2_template/safety_node) by extensions ['colcon_pkg']
[1.617s] Level 1:colcon.colcon_core.package_identification:_identify(src/f1tenth_lab2_template/safety_node) by extension 'colcon_pkg'
[1.617s] Level 1:colcon.colcon_core.package_identification:_identify(src/f1tenth_lab2_template/safety_node) by extensions ['colcon_meta']
[1.617s] Level 1:colcon.colcon_core.package_identification:_identify(src/f1tenth_lab2_template/safety_node) by extension 'colcon_meta'
[1.617s] Level 1:colcon.colcon_core.package_identification:_identify(src/f1tenth_lab2_template/safety_node) by extensions ['ros']
[1.617s] Level 1:colcon.colcon_core.package_identification:_identify(src/f1tenth_lab2_template/safety_node) by extension 'ros'
[1.620s] DEBUG:colcon.colcon_core.package_identification:Package 'src/f1tenth_lab2_template/safety_node' with type 'ros.ament_cmake' and name 'safety_node'
[1.621s] Level 1:colcon.colcon_core.package_identification:_identify(src/f1tenth_lab3_template) by extensions ['ignore', 'ignore_ament_install']
[1.622s] Level 1:colcon.colcon_core.package_identification:_identify(src/f1tenth_lab3_template) by extension 'ignore'
[1.622s] Level 1:colcon.colcon_core.package_identification:_identify(src/f1tenth_lab3_template) by extension 'ignore_ament_install'
[1.622s] Level 1:colcon.colcon_core.package_identification:_identify(src/f1tenth_lab3_template) by extensions ['colcon_pkg']
[1.622s] Level 1:colcon.colcon_core.package_identification:_identify(src/f1tenth_lab3_template) by extension 'colcon_pkg'
[1.622s] Level 1:colcon.colcon_core.package_identification:_identify(src/f1tenth_lab3_template) by extensions ['colcon_meta']
[1.622s] Level 1:colcon.colcon_core.package_identification:_identify(src/f1tenth_lab3_template) by extension 'colcon_meta'
[1.622s] Level 1:colcon.colcon_core.package_identification:_identify(src/f1tenth_lab3_template) by extensions ['ros']
[1.622s] Level 1:colcon.colcon_core.package_identification:_identify(src/f1tenth_lab3_template) by extension 'ros'
[1.622s] Level 1:colcon.colcon_core.package_identification:_identify(src/f1tenth_lab3_template) by extensions ['cmake', 'python']
[1.622s] Level 1:colcon.colcon_core.package_identification:_identify(src/f1tenth_lab3_template) by extension 'cmake'
[1.623s] Level 1:colcon.colcon_core.package_identification:_identify(src/f1tenth_lab3_template) by extension 'python'
[1.623s] Level 1:colcon.colcon_core.package_identification:_identify(src/f1tenth_lab3_template) by extensions ['python_setup_py']
[1.623s] Level 1:colcon.colcon_core.package_identification:_identify(src/f1tenth_lab3_template) by extension 'python_setup_py'
[1.624s] Level 1:colcon.colcon_core.package_identification:_identify(src/f1tenth_lab3_template/img) by extensions ['ignore', 'ignore_ament_install']
[1.624s] Level 1:colcon.colcon_core.package_identification:_identify(src/f1tenth_lab3_template/img) by extension 'ignore'
[1.625s] Level 1:colcon.colcon_core.package_identification:_identify(src/f1tenth_lab3_template/img) by extension 'ignore_ament_install'
[1.625s] Level 1:colcon.colcon_core.package_identification:_identify(src/f1tenth_lab3_template/img) by extensions ['colcon_pkg']
[1.625s] Level 1:colcon.colcon_core.package_identification:_identify(src/f1tenth_lab3_template/img) by extension 'colcon_pkg'
[1.625s] Level 1:colcon.colcon_core.package_identification:_identify(src/f1tenth_lab3_template/img) by extensions ['colcon_meta']
[1.625s] Level 1:colcon.colcon_core.package_identification:_identify(src/f1tenth_lab3_template/img) by extension 'colcon_meta'
[1.625s] Level 1:colcon.colcon_core.package_identification:_identify(src/f1tenth_lab3_template/img) by extensions ['ros']
[1.625s] Level 1:colcon.colcon_core.package_identification:_identify(src/f1tenth_lab3_template/img) by extension 'ros'
[1.625s] Level 1:colcon.colcon_core.package_identification:_identify(src/f1tenth_lab3_template/img) by extensions ['cmake', 'python']
[1.625s] Level 1:colcon.colcon_core.package_identification:_identify(src/f1tenth_lab3_template/img) by extension 'cmake'
[1.625s] Level 1:colcon.colcon_core.package_identification:_identify(src/f1tenth_lab3_template/img) by extension 'python'
[1.625s] Level 1:colcon.colcon_core.package_identification:_identify(src/f1tenth_lab3_template/img) by extensions ['python_setup_py']
[1.625s] Level 1:colcon.colcon_core.package_identification:_identify(src/f1tenth_lab3_template/img) by extension 'python_setup_py'
[1.627s] Level 1:colcon.colcon_core.package_identification:_identify(src/f1tenth_lab3_template/wall_follow) by extensions ['ignore', 'ignore_ament_install']
[1.627s] Level 1:colcon.colcon_core.package_identification:_identify(src/f1tenth_lab3_template/wall_follow) by extension 'ignore'
[1.627s] Level 1:colcon.colcon_core.package_identification:_identify(src/f1tenth_lab3_template/wall_follow) by extension 'ignore_ament_install'
[1.627s] Level 1:colcon.colcon_core.package_identification:_identify(src/f1tenth_lab3_template/wall_follow) by extensions ['colcon_pkg']
[1.627s] Level 1:colcon.colcon_core.package_identification:_identify(src/f1tenth_lab3_template/wall_follow) by extension 'colcon_pkg'
[1.627s] Level 1:colcon.colcon_core.package_identification:_identify(src/f1tenth_lab3_template/wall_follow) by extensions ['colcon_meta']
[1.627s] Level 1:colcon.colcon_core.package_identification:_identify(src/f1tenth_lab3_template/wall_follow) by extension 'colcon_meta'
[1.628s] Level 1:colcon.colcon_core.package_identification:_identify(src/f1tenth_lab3_template/wall_follow) by extensions ['ros']
[1.628s] Level 1:colcon.colcon_core.package_identification:_identify(src/f1tenth_lab3_template/wall_follow) by extension 'ros'
[1.630s] DEBUG:colcon.colcon_core.package_identification:Package 'src/f1tenth_lab3_template/wall_follow' with type 'ros.ament_cmake' and name 'wall_follow'
[1.631s] Level 1:colcon.colcon_core.package_identification:_identify(src/f1tenth_lab4_template) by extensions ['ignore', 'ignore_ament_install']
[1.632s] Level 1:colcon.colcon_core.package_identification:_identify(src/f1tenth_lab4_template) by extension 'ignore'
[1.632s] Level 1:colcon.colcon_core.package_identification:_identify(src/f1tenth_lab4_template) by extension 'ignore_ament_install'
[1.632s] Level 1:colcon.colcon_core.package_identification:_identify(src/f1tenth_lab4_template) by extensions ['colcon_pkg']
[1.632s] Level 1:colcon.colcon_core.package_identification:_identify(src/f1tenth_lab4_template) by extension 'colcon_pkg'
[1.632s] Level 1:colcon.colcon_core.package_identification:_identify(src/f1tenth_lab4_template) by extensions ['colcon_meta']
[1.632s] Level 1:colcon.colcon_core.package_identification:_identify(src/f1tenth_lab4_template) by extension 'colcon_meta'
[1.632s] Level 1:colcon.colcon_core.package_identification:_identify(src/f1tenth_lab4_template) by extensions ['ros']
[1.632s] Level 1:colcon.colcon_core.package_identification:_identify(src/f1tenth_lab4_template) by extension 'ros'
[1.632s] Level 1:colcon.colcon_core.package_identification:_identify(src/f1tenth_lab4_template) by extensions ['cmake', 'python']
[1.633s] Level 1:colcon.colcon_core.package_identification:_identify(src/f1tenth_lab4_template) by extension 'cmake'
[1.633s] Level 1:colcon.colcon_core.package_identification:_identify(src/f1tenth_lab4_template) by extension 'python'
[1.633s] Level 1:colcon.colcon_core.package_identification:_identify(src/f1tenth_lab4_template) by extensions ['python_setup_py']
[1.633s] Level 1:colcon.colcon_core.package_identification:_identify(src/f1tenth_lab4_template) by extension 'python_setup_py'
[1.634s] Level 1:colcon.colcon_core.package_identification:_identify(src/f1tenth_lab4_template/gap_follow) by extensions ['ignore', 'ignore_ament_install']
[1.634s] Level 1:colcon.colcon_core.package_identification:_identify(src/f1tenth_lab4_template/gap_follow) by extension 'ignore'
[1.635s] Level 1:colcon.colcon_core.package_identification:_identify(src/f1tenth_lab4_template/gap_follow) by extension 'ignore_ament_install'
[1.635s] Level 1:colcon.colcon_core.package_identification:_identify(src/f1tenth_lab4_template/gap_follow) by extensions ['colcon_pkg']
[1.635s] Level 1:colcon.colcon_core.package_identification:_identify(src/f1tenth_lab4_template/gap_follow) by extension 'colcon_pkg'
[1.635s] Level 1:colcon.colcon_core.package_identification:_identify(src/f1tenth_lab4_template/gap_follow) by extensions ['colcon_meta']
[1.635s] Level 1:colcon.colcon_core.package_identification:_identify(src/f1tenth_lab4_template/gap_follow) by extension 'colcon_meta'
[1.635s] Level 1:colcon.colcon_core.package_identification:_identify(src/f1tenth_lab4_template/gap_follow) by extensions ['ros']
[1.635s] Level 1:colcon.colcon_core.package_identification:_identify(src/f1tenth_lab4_template/gap_follow) by extension 'ros'
[1.638s] DEBUG:colcon.colcon_core.package_identification:Package 'src/f1tenth_lab4_template/gap_follow' with type 'ros.ament_cmake' and name 'gap_follow'
[1.641s] Level 1:colcon.colcon_core.package_identification:_identify(src/f1tenth_lab6_template) by extensions ['ignore', 'ignore_ament_install']
[1.641s] Level 1:colcon.colcon_core.package_identification:_identify(src/f1tenth_lab6_template) by extension 'ignore'
[1.641s] Level 1:colcon.colcon_core.package_identification:_identify(src/f1tenth_lab6_template) by extension 'ignore_ament_install'
[1.641s] Level 1:colcon.colcon_core.package_identification:_identify(src/f1tenth_lab6_template) by extensions ['colcon_pkg']
[1.641s] Level 1:colcon.colcon_core.package_identification:_identify(src/f1tenth_lab6_template) by extension 'colcon_pkg'
[1.641s] Level 1:colcon.colcon_core.package_identification:_identify(src/f1tenth_lab6_template) by extensions ['colcon_meta']
[1.641s] Level 1:colcon.colcon_core.package_identification:_identify(src/f1tenth_lab6_template) by extension 'colcon_meta'
[1.641s] Level 1:colcon.colcon_core.package_identification:_identify(src/f1tenth_lab6_template) by extensions ['ros']
[1.642s] Level 1:colcon.colcon_core.package_identification:_identify(src/f1tenth_lab6_template) by extension 'ros'
[1.642s] Level 1:colcon.colcon_core.package_identification:_identify(src/f1tenth_lab6_template) by extensions ['cmake', 'python']
[1.642s] Level 1:colcon.colcon_core.package_identification:_identify(src/f1tenth_lab6_template) by extension 'cmake'
[1.642s] Level 1:colcon.colcon_core.package_identification:_identify(src/f1tenth_lab6_template) by extension 'python'
[1.642s] Level 1:colcon.colcon_core.package_identification:_identify(src/f1tenth_lab6_template) by extensions ['python_setup_py']
[1.642s] Level 1:colcon.colcon_core.package_identification:_identify(src/f1tenth_lab6_template) by extension 'python_setup_py'
[1.644s] Level 1:colcon.colcon_core.package_identification:_identify(src/f1tenth_lab6_template/pure_pursuit) by extensions ['ignore', 'ignore_ament_install']
[1.644s] Level 1:colcon.colcon_core.package_identification:_identify(src/f1tenth_lab6_template/pure_pursuit) by extension 'ignore'
[1.644s] Level 1:colcon.colcon_core.package_identification:_identify(src/f1tenth_lab6_template/pure_pursuit) by extension 'ignore_ament_install'
[1.644s] Level 1:colcon.colcon_core.package_identification:_identify(src/f1tenth_lab6_template/pure_pursuit) by extensions ['colcon_pkg']
[1.644s] Level 1:colcon.colcon_core.package_identification:_identify(src/f1tenth_lab6_template/pure_pursuit) by extension 'colcon_pkg'
[1.644s] Level 1:colcon.colcon_core.package_identification:_identify(src/f1tenth_lab6_template/pure_pursuit) by extensions ['colcon_meta']
[1.645s] Level 1:colcon.colcon_core.package_identification:_identify(src/f1tenth_lab6_template/pure_pursuit) by extension 'colcon_meta'
[1.645s] Level 1:colcon.colcon_core.package_identification:_identify(src/f1tenth_lab6_template/pure_pursuit) by extensions ['ros']
[1.645s] Level 1:colcon.colcon_core.package_identification:_identify(src/f1tenth_lab6_template/pure_pursuit) by extension 'ros'
[1.647s] DEBUG:colcon.colcon_core.package_identification:Package 'src/f1tenth_lab6_template/pure_pursuit' with type 'ros.ament_cmake' and name 'pure_pursuit'
[1.651s] Level 1:colcon.colcon_core.package_identification:_identify(src/particle_filter) by extensions ['ignore', 'ignore_ament_install']
[1.651s] Level 1:colcon.colcon_core.package_identification:_identify(src/particle_filter) by extension 'ignore'
[1.651s] Level 1:colcon.colcon_core.package_identification:_identify(src/particle_filter) by extension 'ignore_ament_install'
[1.652s] Level 1:colcon.colcon_core.package_identification:_identify(src/particle_filter) by extensions ['colcon_pkg']
[1.652s] Level 1:colcon.colcon_core.package_identification:_identify(src/particle_filter) by extension 'colcon_pkg'
[1.652s] Level 1:colcon.colcon_core.package_identification:_identify(src/particle_filter) by extensions ['colcon_meta']
[1.652s] Level 1:colcon.colcon_core.package_identification:_identify(src/particle_filter) by extension 'colcon_meta'
[1.652s] Level 1:colcon.colcon_core.package_identification:_identify(src/particle_filter) by extensions ['ros']
[1.652s] Level 1:colcon.colcon_core.package_identification:_identify(src/particle_filter) by extension 'ros'
[1.656s] DEBUG:colcon.colcon_core.package_identification:Package 'src/particle_filter' with type 'ros.ament_python' and name 'particle_filter'
[1.656s] Level 1:colcon.colcon_core.package_identification:_identify(src/rrt_package) by extensions ['ignore', 'ignore_ament_install']
[1.656s] Level 1:colcon.colcon_core.package_identification:_identify(src/rrt_package) by extension 'ignore'
[1.656s] Level 1:colcon.colcon_core.package_identification:_identify(src/rrt_package) by extension 'ignore_ament_install'
[1.656s] Level 1:colcon.colcon_core.package_identification:_identify(src/rrt_package) by extensions ['colcon_pkg']
[1.656s] Level 1:colcon.colcon_core.package_identification:_identify(src/rrt_package) by extension 'colcon_pkg'
[1.657s] Level 1:colcon.colcon_core.package_identification:_identify(src/rrt_package) by extensions ['colcon_meta']
[1.657s] Level 1:colcon.colcon_core.package_identification:_identify(src/rrt_package) by extension 'colcon_meta'
[1.657s] Level 1:colcon.colcon_core.package_identification:_identify(src/rrt_package) by extensions ['ros']
[1.657s] Level 1:colcon.colcon_core.package_identification:_identify(src/rrt_package) by extension 'ros'
[1.659s] DEBUG:colcon.colcon_core.package_identification:Package 'src/rrt_package' with type 'ros.ament_python' and name 'rrt_package'
[1.659s] Level 1:colcon.colcon_core.package_discovery:discover_packages(recursive) using defaults
[1.659s] Level 1:colcon.colcon_core.package_discovery:discover_packages(ignore) discover
[1.659s] Level 1:colcon.colcon_core.package_discovery:discover_packages(ignore) using defaults
[1.659s] Level 1:colcon.colcon_core.package_discovery:discover_packages(path) discover
[1.659s] Level 1:colcon.colcon_core.package_discovery:discover_packages(path) using defaults
[1.746s] Level 1:colcon.colcon_core.package_discovery:discover_packages(prefix_path) check parameters
[1.746s] Level 1:colcon.colcon_core.package_discovery:discover_packages(prefix_path) discover
[1.758s] DEBUG:colcon.colcon_installed_package_information.package_discovery:Found 339 installed packages in /opt/ros/foxy
[1.763s] Level 1:colcon.colcon_core.package_discovery:discover_packages(prefix_path) using defaults
[1.933s] Level 5:colcon.colcon_core.verb:set package 'f1tenth_gym_ros' build argument 'cmake_args' from command line to 'None'
[1.933s] Level 5:colcon.colcon_core.verb:set package 'f1tenth_gym_ros' build argument 'cmake_target' from command line to 'None'
[1.933s] Level 5:colcon.colcon_core.verb:set package 'f1tenth_gym_ros' build argument 'cmake_target_skip_unavailable' from command line to 'False'
[1.933s] Level 5:colcon.colcon_core.verb:set package 'f1tenth_gym_ros' build argument 'cmake_clean_cache' from command line to 'False'
[1.933s] Level 5:colcon.colcon_core.verb:set package 'f1tenth_gym_ros' build argument 'cmake_clean_first' from command line to 'False'
[1.933s] Level 5:colcon.colcon_core.verb:set package 'f1tenth_gym_ros' build argument 'cmake_force_configure' from command line to 'False'
[1.934s] Level 5:colcon.colcon_core.verb:set package 'f1tenth_gym_ros' build argument 'ament_cmake_args' from command line to 'None'
[1.934s] Level 5:colcon.colcon_core.verb:set package 'f1tenth_gym_ros' build argument 'catkin_cmake_args' from command line to 'None'
[1.934s] Level 5:colcon.colcon_core.verb:set package 'f1tenth_gym_ros' build argument 'catkin_skip_building_tests' from command line to 'False'
[1.934s] DEBUG:colcon.colcon_core.verb:Building package 'f1tenth_gym_ros' with the following arguments: {'ament_cmake_args': None, 'build_base': '/home/mrc/sim_ws/build/f1tenth_gym_ros', 'catkin_cmake_args': None, 'catkin_skip_building_tests': False, 'cmake_args': None, 'cmake_clean_cache': False, 'cmake_clean_first': False, 'cmake_force_configure': False, 'cmake_target': None, 'cmake_target_skip_unavailable': False, 'install_base': '/home/mrc/sim_ws/install/f1tenth_gym_ros', 'merge_install': False, 'path': '/home/mrc/sim_ws/src/f1tenth_gym_ros', 'symlink_install': False, 'test_result_base': None}
[1.934s] Level 5:colcon.colcon_core.verb:set package 'gap_follow' build argument 'cmake_args' from command line to 'None'
[1.934s] Level 5:colcon.colcon_core.verb:set package 'gap_follow' build argument 'cmake_target' from command line to 'None'
[1.934s] Level 5:colcon.colcon_core.verb:set package 'gap_follow' build argument 'cmake_target_skip_unavailable' from command line to 'False'
[1.934s] Level 5:colcon.colcon_core.verb:set package 'gap_follow' build argument 'cmake_clean_cache' from command line to 'False'
[1.934s] Level 5:colcon.colcon_core.verb:set package 'gap_follow' build argument 'cmake_clean_first' from command line to 'False'
[1.934s] Level 5:colcon.colcon_core.verb:set package 'gap_follow' build argument 'cmake_force_configure' from command line to 'False'
[1.934s] Level 5:colcon.colcon_core.verb:set package 'gap_follow' build argument 'ament_cmake_args' from command line to 'None'
[1.934s] Level 5:colcon.colcon_core.verb:set package 'gap_follow' build argument 'catkin_cmake_args' from command line to 'None'
[1.934s] Level 5:colcon.colcon_core.verb:set package 'gap_follow' build argument 'catkin_skip_building_tests' from command line to 'False'
[1.934s] DEBUG:colcon.colcon_core.verb:Building package 'gap_follow' with the following arguments: {'ament_cmake_args': None, 'build_base': '/home/mrc/sim_ws/build/gap_follow', 'catkin_cmake_args': None, 'catkin_skip_building_tests': False, 'cmake_args': None, 'cmake_clean_cache': False, 'cmake_clean_first': False, 'cmake_force_configure': False, 'cmake_target': None, 'cmake_target_skip_unavailable': False, 'install_base': '/home/mrc/sim_ws/install/gap_follow', 'merge_install': False, 'path': '/home/mrc/sim_ws/src/f1tenth_lab4_template/gap_follow', 'symlink_install': False, 'test_result_base': None}
[1.935s] Level 5:colcon.colcon_core.verb:set package 'particle_filter' build argument 'cmake_args' from command line to 'None'
[1.935s] Level 5:colcon.colcon_core.verb:set package 'particle_filter' build argument 'cmake_target' from command line to 'None'
[1.935s] Level 5:colcon.colcon_core.verb:set package 'particle_filter' build argument 'cmake_target_skip_unavailable' from command line to 'False'
[1.935s] Level 5:colcon.colcon_core.verb:set package 'particle_filter' build argument 'cmake_clean_cache' from command line to 'False'
[1.935s] Level 5:colcon.colcon_core.verb:set package 'particle_filter' build argument 'cmake_clean_first' from command line to 'False'
[1.935s] Level 5:colcon.colcon_core.verb:set package 'particle_filter' build argument 'cmake_force_configure' from command line to 'False'
[1.935s] Level 5:colcon.colcon_core.verb:set package 'particle_filter' build argument 'ament_cmake_args' from command line to 'None'
[1.935s] Level 5:colcon.colcon_core.verb:set package 'particle_filter' build argument 'catkin_cmake_args' from command line to 'None'
[1.935s] Level 5:colcon.colcon_core.verb:set package 'particle_filter' build argument 'catkin_skip_building_tests' from command line to 'False'
[1.935s] DEBUG:colcon.colcon_core.verb:Building package 'particle_filter' with the following arguments: {'ament_cmake_args': None, 'build_base': '/home/mrc/sim_ws/build/particle_filter', 'catkin_cmake_args': None, 'catkin_skip_building_tests': False, 'cmake_args': None, 'cmake_clean_cache': False, 'cmake_clean_first': False, 'cmake_force_configure': False, 'cmake_target': None, 'cmake_target_skip_unavailable': False, 'install_base': '/home/mrc/sim_ws/install/particle_filter', 'merge_install': False, 'path': '/home/mrc/sim_ws/src/particle_filter', 'symlink_install': False, 'test_result_base': None}
[1.936s] Level 5:colcon.colcon_core.verb:set package 'pure_pursuit' build argument 'cmake_args' from command line to 'None'
[1.936s] Level 5:colcon.colcon_core.verb:set package 'pure_pursuit' build argument 'cmake_target' from command line to 'None'
[1.936s] Level 5:colcon.colcon_core.verb:set package 'pure_pursuit' build argument 'cmake_target_skip_unavailable' from command line to 'False'
[1.936s] Level 5:colcon.colcon_core.verb:set package 'pure_pursuit' build argument 'cmake_clean_cache' from command line to 'False'
[1.936s] Level 5:colcon.colcon_core.verb:set package 'pure_pursuit' build argument 'cmake_clean_first' from command line to 'False'
[1.936s] Level 5:colcon.colcon_core.verb:set package 'pure_pursuit' build argument 'cmake_force_configure' from command line to 'False'
[1.936s] Level 5:colcon.colcon_core.verb:set package 'pure_pursuit' build argument 'ament_cmake_args' from command line to 'None'
[1.936s] Level 5:colcon.colcon_core.verb:set package 'pure_pursuit' build argument 'catkin_cmake_args' from command line to 'None'
[1.936s] Level 5:colcon.colcon_core.verb:set package 'pure_pursuit' build argument 'catkin_skip_building_tests' from command line to 'False'
[1.936s] DEBUG:colcon.colcon_core.verb:Building package 'pure_pursuit' with the following arguments: {'ament_cmake_args': None, 'build_base': '/home/mrc/sim_ws/build/pure_pursuit', 'catkin_cmake_args': None, 'catkin_skip_building_tests': False, 'cmake_args': None, 'cmake_clean_cache': False, 'cmake_clean_first': False, 'cmake_force_configure': False, 'cmake_target': None, 'cmake_target_skip_unavailable': False, 'install_base': '/home/mrc/sim_ws/install/pure_pursuit', 'merge_install': False, 'path': '/home/mrc/sim_ws/src/f1tenth_lab6_template/pure_pursuit', 'symlink_install': False, 'test_result_base': None}
[1.936s] Level 5:colcon.colcon_core.verb:set package 'rrt_package' build argument 'cmake_args' from command line to 'None'
[1.936s] Level 5:colcon.colcon_core.verb:set package 'rrt_package' build argument 'cmake_target' from command line to 'None'
[1.937s] Level 5:colcon.colcon_core.verb:set package 'rrt_package' build argument 'cmake_target_skip_unavailable' from command line to 'False'
[1.937s] Level 5:colcon.colcon_core.verb:set package 'rrt_package' build argument 'cmake_clean_cache' from command line to 'False'
[1.937s] Level 5:colcon.colcon_core.verb:set package 'rrt_package' build argument 'cmake_clean_first' from command line to 'False'
[1.937s] Level 5:colcon.colcon_core.verb:set package 'rrt_package' build argument 'cmake_force_configure' from command line to 'False'
[1.937s] Level 5:colcon.colcon_core.verb:set package 'rrt_package' build argument 'ament_cmake_args' from command line to 'None'
[1.937s] Level 5:colcon.colcon_core.verb:set package 'rrt_package' build argument 'catkin_cmake_args' from command line to 'None'
[1.937s] Level 5:colcon.colcon_core.verb:set package 'rrt_package' build argument 'catkin_skip_building_tests' from command line to 'False'
[1.937s] DEBUG:colcon.colcon_core.verb:Building package 'rrt_package' with the following arguments: {'ament_cmake_args': None, 'build_base': '/home/mrc/sim_ws/build/rrt_package', 'catkin_cmake_args': None, 'catkin_skip_building_tests': False, 'cmake_args': None, 'cmake_clean_cache': False, 'cmake_clean_first': False, 'cmake_force_configure': False, 'cmake_target': None, 'cmake_target_skip_unavailable': False, 'install_base': '/home/mrc/sim_ws/install/rrt_package', 'merge_install': False, 'path': '/home/mrc/sim_ws/src/rrt_package', 'symlink_install': False, 'test_result_base': None}
[1.937s] Level 5:colcon.colcon_core.verb:set package 'safety_node' build argument 'cmake_args' from command line to 'None'
[1.937s] Level 5:colcon.colcon_core.verb:set package 'safety_node' build argument 'cmake_target' from command line to 'None'
[1.937s] Level 5:colcon.colcon_core.verb:set package 'safety_node' build argument 'cmake_target_skip_unavailable' from command line to 'False'
[1.937s] Level 5:colcon.colcon_core.verb:set package 'safety_node' build argument 'cmake_clean_cache' from command line to 'False'
[1.937s] Level 5:colcon.colcon_core.verb:set package 'safety_node' build argument 'cmake_clean_first' from command line to 'False'
[1.937s] Level 5:colcon.colcon_core.verb:set package 'safety_node' build argument 'cmake_force_configure' from command line to 'False'
[1.937s] Level 5:colcon.colcon_core.verb:set package 'safety_node' build argument 'ament_cmake_args' from command line to 'None'
[1.938s] Level 5:colcon.colcon_core.verb:set package 'safety_node' build argument 'catkin_cmake_args' from command line to 'None'
[1.938s] Level 5:colcon.colcon_core.verb:set package 'safety_node' build argument 'catkin_skip_building_tests' from command line to 'False'
[1.938s] DEBUG:colcon.colcon_core.verb:Building package 'safety_node' with the following arguments: {'ament_cmake_args': None, 'build_base': '/home/mrc/sim_ws/build/safety_node', 'catkin_cmake_args': None, 'catkin_skip_building_tests': False, 'cmake_args': None, 'cmake_clean_cache': False, 'cmake_clean_first': False, 'cmake_force_configure': False, 'cmake_target': None, 'cmake_target_skip_unavailable': False, 'install_base': '/home/mrc/sim_ws/install/safety_node', 'merge_install': False, 'path': '/home/mrc/sim_ws/src/f1tenth_lab2_template/safety_node', 'symlink_install': False, 'test_result_base': None}
[1.938s] Level 5:colcon.colcon_core.verb:set package 'wall_follow' build argument 'cmake_args' from command line to 'None'
[1.938s] Level 5:colcon.colcon_core.verb:set package 'wall_follow' build argument 'cmake_target' from command line to 'None'
[1.938s] Level 5:colcon.colcon_core.verb:set package 'wall_follow' build argument 'cmake_target_skip_unavailable' from command line to 'False'
[1.938s] Level 5:colcon.colcon_core.verb:set package 'wall_follow' build argument 'cmake_clean_cache' from command line to 'False'
[1.938s] Level 5:colcon.colcon_core.verb:set package 'wall_follow' build argument 'cmake_clean_first' from command line to 'False'
[1.938s] Level 5:colcon.colcon_core.verb:set package 'wall_follow' build argument 'cmake_force_configure' from command line to 'False'
[1.938s] Level 5:colcon.colcon_core.verb:set package 'wall_follow' build argument 'ament_cmake_args' from command line to 'None'
[1.938s] Level 5:colcon.colcon_core.verb:set package 'wall_follow' build argument 'catkin_cmake_args' from command line to 'None'
[1.938s] Level 5:colcon.colcon_core.verb:set package 'wall_follow' build argument 'catkin_skip_building_tests' from command line to 'False'
[1.938s] DEBUG:colcon.colcon_core.verb:Building package 'wall_follow' with the following arguments: {'ament_cmake_args': None, 'build_base': '/home/mrc/sim_ws/build/wall_follow', 'catkin_cmake_args': None, 'catkin_skip_building_tests': False, 'cmake_args': None, 'cmake_clean_cache': False, 'cmake_clean_first': False, 'cmake_force_configure': False, 'cmake_target': None, 'cmake_target_skip_unavailable': False, 'install_base': '/home/mrc/sim_ws/install/wall_follow', 'merge_install': False, 'path': '/home/mrc/sim_ws/src/f1tenth_lab3_template/wall_follow', 'symlink_install': False, 'test_result_base': None}
[1.938s] INFO:colcon.colcon_core.executor:Executing jobs using 'parallel' executor
[1.940s] DEBUG:colcon.colcon_parallel_executor.executor.parallel:run_until_complete
[1.940s] INFO:colcon.colcon_ros.task.ament_python.build:Building ROS package in '/home/mrc/sim_ws/src/f1tenth_gym_ros' with build type 'ament_python'
[1.940s] Level 1:colcon.colcon_core.shell:create_environment_hook('f1tenth_gym_ros', 'ament_prefix_path')
[1.955s] INFO:colcon.colcon_core.plugin_system:Skipping extension 'colcon_core.shell.bat': Not used on non-Windows systems
[1.955s] INFO:colcon.colcon_core.shell:Creating environment hook '/home/mrc/sim_ws/install/f1tenth_gym_ros/share/f1tenth_gym_ros/hook/ament_prefix_path.ps1'
[1.960s] INFO:colcon.colcon_core.shell:Creating environment descriptor '/home/mrc/sim_ws/install/f1tenth_gym_ros/share/f1tenth_gym_ros/hook/ament_prefix_path.dsv'
[1.962s] INFO:colcon.colcon_core.shell:Creating environment hook '/home/mrc/sim_ws/install/f1tenth_gym_ros/share/f1tenth_gym_ros/hook/ament_prefix_path.sh'
[1.964s] INFO:colcon.colcon_core.shell:Skip shell extension 'powershell' for command environment: Not usable outside of PowerShell
[1.964s] DEBUG:colcon.colcon_core.shell:Skip shell extension 'dsv' for command environment
[1.973s] INFO:colcon.colcon_ros.task.ament_cmake.build:Building ROS package in '/home/mrc/sim_ws/src/f1tenth_lab4_template/gap_follow' with build type 'ament_cmake'
[1.973s] INFO:colcon.colcon_cmake.task.cmake.build:Building CMake package in '/home/mrc/sim_ws/src/f1tenth_lab4_template/gap_follow'
[1.974s] INFO:colcon.colcon_core.shell:Skip shell extension 'powershell' for command environment: Not usable outside of PowerShell
[1.974s] DEBUG:colcon.colcon_core.shell:Skip shell extension 'dsv' for command environment
[2.421s] INFO:colcon.colcon_core.task.python.build:Building Python package in '/home/mrc/sim_ws/src/f1tenth_gym_ros'
[2.422s] INFO:colcon.colcon_core.shell:Skip shell extension 'powershell' for command environment: Not usable outside of PowerShell
[2.422s] DEBUG:colcon.colcon_core.shell:Skip shell extension 'dsv' for command environment
[2.436s] DEBUG:colcon.colcon_core.event_handler.log_command:Invoking command in '/home/mrc/sim_ws/build/gap_follow': CMAKE_PREFIX_PATH=/opt/ros/foxy /usr/bin/cmake --build /home/mrc/sim_ws/build/gap_follow -- -j2 -l2
[2.738s] DEBUG:colcon.colcon_core.event_handler.log_command:Invoked command in '/home/mrc/sim_ws/build/gap_follow' returned '0': CMAKE_PREFIX_PATH=/opt/ros/foxy /usr/bin/cmake --build /home/mrc/sim_ws/build/gap_follow -- -j2 -l2
[2.762s] DEBUG:colcon.colcon_core.event_handler.log_command:Invoking command in '/home/mrc/sim_ws/build/gap_follow': CMAKE_PREFIX_PATH=/opt/ros/foxy /usr/bin/cmake --install /home/mrc/sim_ws/build/gap_follow
[2.929s] Level 1:colcon.colcon_core.environment:create_environment_scripts_only(gap_follow)
[2.930s] DEBUG:colcon.colcon_core.event_handler.log_command:Invoked command in '/home/mrc/sim_ws/build/gap_follow' returned '0': CMAKE_PREFIX_PATH=/opt/ros/foxy /usr/bin/cmake --install /home/mrc/sim_ws/build/gap_follow
[2.951s] Level 1:colcon.colcon_core.environment:checking '/home/mrc/sim_ws/install/gap_follow' for CMake module files
[2.952s] Level 1:colcon.colcon_core.environment:checking '/home/mrc/sim_ws/install/gap_follow' for CMake config files
[2.954s] Level 1:colcon.colcon_core.shell:create_environment_hook('gap_follow', 'cmake_prefix_path')
[2.955s] INFO:colcon.colcon_core.shell:Creating environment hook '/home/mrc/sim_ws/install/gap_follow/share/gap_follow/hook/cmake_prefix_path.ps1'
[2.959s] INFO:colcon.colcon_core.shell:Creating environment descriptor '/home/mrc/sim_ws/install/gap_follow/share/gap_follow/hook/cmake_prefix_path.dsv'
[2.960s] INFO:colcon.colcon_core.shell:Creating environment hook '/home/mrc/sim_ws/install/gap_follow/share/gap_follow/hook/cmake_prefix_path.sh'
[2.962s] Level 1:colcon.colcon_core.environment:checking '/home/mrc/sim_ws/install/gap_follow/lib'
[2.962s] Level 1:colcon.colcon_core.environment:checking '/home/mrc/sim_ws/install/gap_follow/bin'
[2.962s] Level 1:colcon.colcon_core.environment:checking '/home/mrc/sim_ws/install/gap_follow/lib/pkgconfig/gap_follow.pc'
[2.962s] Level 1:colcon.colcon_core.environment:checking '/home/mrc/sim_ws/install/gap_follow/lib/python3.8/site-packages'
[2.963s] Level 1:colcon.colcon_core.shell:create_environment_hook('gap_follow', 'pythonpath')
[2.963s] INFO:colcon.colcon_core.shell:Creating environment hook '/home/mrc/sim_ws/install/gap_follow/share/gap_follow/hook/pythonpath.ps1'
[2.964s] INFO:colcon.colcon_core.shell:Creating environment descriptor '/home/mrc/sim_ws/install/gap_follow/share/gap_follow/hook/pythonpath.dsv'
[2.964s] INFO:colcon.colcon_core.shell:Creating environment hook '/home/mrc/sim_ws/install/gap_follow/share/gap_follow/hook/pythonpath.sh'
[2.966s] Level 1:colcon.colcon_core.environment:checking '/home/mrc/sim_ws/install/gap_follow/bin'
[2.966s] INFO:colcon.colcon_core.shell:Creating package script '/home/mrc/sim_ws/install/gap_follow/share/gap_follow/package.ps1'
[2.969s] INFO:colcon.colcon_core.shell:Creating package descriptor '/home/mrc/sim_ws/install/gap_follow/share/gap_follow/package.dsv'
[2.970s] INFO:colcon.colcon_core.shell:Creating package script '/home/mrc/sim_ws/install/gap_follow/share/gap_follow/package.sh'
[2.973s] INFO:colcon.colcon_core.shell:Creating package script '/home/mrc/sim_ws/install/gap_follow/share/gap_follow/package.bash'
[2.977s] INFO:colcon.colcon_core.shell:Creating package script '/home/mrc/sim_ws/install/gap_follow/share/gap_follow/package.zsh'
[2.980s] Level 1:colcon.colcon_core.environment:create_file_with_runtime_dependencies(/home/mrc/sim_ws/install/gap_follow/share/colcon-core/packages/gap_follow)
[2.981s] Level 1:colcon.colcon_core.environment:create_environment_scripts_only(gap_follow)
[2.981s] Level 1:colcon.colcon_core.environment:checking '/home/mrc/sim_ws/install/gap_follow' for CMake module files
[2.982s] Level 1:colcon.colcon_core.environment:checking '/home/mrc/sim_ws/install/gap_follow' for CMake config files
[2.983s] Level 1:colcon.colcon_core.shell:create_environment_hook('gap_follow', 'cmake_prefix_path')
[2.983s] INFO:colcon.colcon_core.shell:Creating environment hook '/home/mrc/sim_ws/install/gap_follow/share/gap_follow/hook/cmake_prefix_path.ps1'
[2.984s] INFO:colcon.colcon_core.shell:Creating environment descriptor '/home/mrc/sim_ws/install/gap_follow/share/gap_follow/hook/cmake_prefix_path.dsv'
[2.985s] INFO:colcon.colcon_core.shell:Creating environment hook '/home/mrc/sim_ws/install/gap_follow/share/gap_follow/hook/cmake_prefix_path.sh'
[2.986s] Level 1:colcon.colcon_core.environment:checking '/home/mrc/sim_ws/install/gap_follow/lib'
[2.986s] Level 1:colcon.colcon_core.environment:checking '/home/mrc/sim_ws/install/gap_follow/bin'
[2.986s] Level 1:colcon.colcon_core.environment:checking '/home/mrc/sim_ws/install/gap_follow/lib/pkgconfig/gap_follow.pc'
[2.986s] Level 1:colcon.colcon_core.environment:checking '/home/mrc/sim_ws/install/gap_follow/lib/python3.8/site-packages'
[2.987s] Level 1:colcon.colcon_core.shell:create_environment_hook('gap_follow', 'pythonpath')
[2.987s] INFO:colcon.colcon_core.shell:Creating environment hook '/home/mrc/sim_ws/install/gap_follow/share/gap_follow/hook/pythonpath.ps1'
[2.988s] INFO:colcon.colcon_core.shell:Creating environment descriptor '/home/mrc/sim_ws/install/gap_follow/share/gap_follow/hook/pythonpath.dsv'
[2.989s] INFO:colcon.colcon_core.shell:Creating environment hook '/home/mrc/sim_ws/install/gap_follow/share/gap_follow/hook/pythonpath.sh'
[2.990s] Level 1:colcon.colcon_core.environment:checking '/home/mrc/sim_ws/install/gap_follow/bin'
[2.991s] INFO:colcon.colcon_core.shell:Creating package script '/home/mrc/sim_ws/install/gap_follow/share/gap_follow/package.ps1'
[2.992s] INFO:colcon.colcon_core.shell:Creating package descriptor '/home/mrc/sim_ws/install/gap_follow/share/gap_follow/package.dsv'
[2.993s] INFO:colcon.colcon_core.shell:Creating package script '/home/mrc/sim_ws/install/gap_follow/share/gap_follow/package.sh'
[2.995s] INFO:colcon.colcon_core.shell:Creating package script '/home/mrc/sim_ws/install/gap_follow/share/gap_follow/package.bash'
[2.999s] INFO:colcon.colcon_core.shell:Creating package script '/home/mrc/sim_ws/install/gap_follow/share/gap_follow/package.zsh'
[3.001s] Level 1:colcon.colcon_core.environment:create_file_with_runtime_dependencies(/home/mrc/sim_ws/install/gap_follow/share/colcon-core/packages/gap_follow)
[3.001s] INFO:colcon.colcon_ros.task.ament_python.build:Building ROS package in '/home/mrc/sim_ws/src/particle_filter' with build type 'ament_python'
[3.002s] Level 1:colcon.colcon_core.shell:create_environment_hook('particle_filter', 'ament_prefix_path')
[3.002s] INFO:colcon.colcon_core.shell:Creating environment hook '/home/mrc/sim_ws/install/particle_filter/share/particle_filter/hook/ament_prefix_path.ps1'
[3.010s] INFO:colcon.colcon_core.shell:Creating environment descriptor '/home/mrc/sim_ws/install/particle_filter/share/particle_filter/hook/ament_prefix_path.dsv'
[3.011s] INFO:colcon.colcon_core.shell:Creating environment hook '/home/mrc/sim_ws/install/particle_filter/share/particle_filter/hook/ament_prefix_path.sh'
[3.012s] INFO:colcon.colcon_core.shell:Skip shell extension 'powershell' for command environment: Not usable outside of PowerShell
[3.012s] DEBUG:colcon.colcon_core.shell:Skip shell extension 'dsv' for command environment
[3.541s] INFO:colcon.colcon_core.task.python.build:Building Python package in '/home/mrc/sim_ws/src/particle_filter'
[3.542s] INFO:colcon.colcon_core.shell:Skip shell extension 'powershell' for command environment: Not usable outside of PowerShell
[3.542s] DEBUG:colcon.colcon_core.shell:Skip shell extension 'dsv' for command environment
[3.561s] DEBUG:colcon.colcon_core.event_handler.log_command:Invoking command in '/home/mrc/sim_ws/src/f1tenth_gym_ros': PYTHONPATH=/home/mrc/sim_ws/build/f1tenth_gym_ros/prefix_override:/usr/lib/python3/dist-packages/colcon_core/task/python/colcon_distutils_commands:/home/mrc/sim_ws/install/f1tenth_gym_ros/lib/python3.8/site-packages:${PYTHONPATH} /usr/bin/python3 -W ignore:setup.py install is deprecated -W ignore:easy_install command is deprecated setup.py egg_info --egg-base ../../build/f1tenth_gym_ros build --build-base /home/mrc/sim_ws/build/f1tenth_gym_ros/build install --record /home/mrc/sim_ws/build/f1tenth_gym_ros/install.log --single-version-externally-managed install_data
[4.098s] Level 1:colcon.colcon_core.environment:checking '/home/mrc/sim_ws/install/f1tenth_gym_ros' for CMake module files
[4.099s] Level 1:colcon.colcon_core.environment:checking '/home/mrc/sim_ws/install/f1tenth_gym_ros' for CMake config files
[4.100s] DEBUG:colcon.colcon_core.event_handler.log_command:Invoked command in '/home/mrc/sim_ws/src/f1tenth_gym_ros' returned '0': PYTHONPATH=/home/mrc/sim_ws/build/f1tenth_gym_ros/prefix_override:/usr/lib/python3/dist-packages/colcon_core/task/python/colcon_distutils_commands:/home/mrc/sim_ws/install/f1tenth_gym_ros/lib/python3.8/site-packages:${PYTHONPATH} /usr/bin/python3 -W ignore:setup.py install is deprecated -W ignore:easy_install command is deprecated setup.py egg_info --egg-base ../../build/f1tenth_gym_ros build --build-base /home/mrc/sim_ws/build/f1tenth_gym_ros/build install --record /home/mrc/sim_ws/build/f1tenth_gym_ros/install.log --single-version-externally-managed install_data
[4.101s] Level 1:colcon.colcon_core.environment:checking '/home/mrc/sim_ws/install/f1tenth_gym_ros/lib'
[4.102s] Level 1:colcon.colcon_core.environment:checking '/home/mrc/sim_ws/install/f1tenth_gym_ros/bin'
[4.102s] Level 1:colcon.colcon_core.environment:checking '/home/mrc/sim_ws/install/f1tenth_gym_ros/lib/pkgconfig/f1tenth_gym_ros.pc'
[4.102s] Level 1:colcon.colcon_core.environment:checking '/home/mrc/sim_ws/install/f1tenth_gym_ros/lib/python3.8/site-packages'
[4.102s] Level 1:colcon.colcon_core.shell:create_environment_hook('f1tenth_gym_ros', 'pythonpath')
[4.102s] INFO:colcon.colcon_core.shell:Creating environment hook '/home/mrc/sim_ws/install/f1tenth_gym_ros/share/f1tenth_gym_ros/hook/pythonpath.ps1'
[4.103s] INFO:colcon.colcon_core.shell:Creating environment descriptor '/home/mrc/sim_ws/install/f1tenth_gym_ros/share/f1tenth_gym_ros/hook/pythonpath.dsv'
[4.104s] INFO:colcon.colcon_core.shell:Creating environment hook '/home/mrc/sim_ws/install/f1tenth_gym_ros/share/f1tenth_gym_ros/hook/pythonpath.sh'
[4.109s] Level 1:colcon.colcon_core.environment:checking '/home/mrc/sim_ws/install/f1tenth_gym_ros/bin'
[4.110s] Level 1:colcon.colcon_core.environment:create_environment_scripts_only(f1tenth_gym_ros)
[4.110s] INFO:colcon.colcon_core.shell:Creating package script '/home/mrc/sim_ws/install/f1tenth_gym_ros/share/f1tenth_gym_ros/package.ps1'
[4.111s] INFO:colcon.colcon_core.shell:Creating package descriptor '/home/mrc/sim_ws/install/f1tenth_gym_ros/share/f1tenth_gym_ros/package.dsv'
[4.112s] INFO:colcon.colcon_core.shell:Creating package script '/home/mrc/sim_ws/install/f1tenth_gym_ros/share/f1tenth_gym_ros/package.sh'
[4.113s] INFO:colcon.colcon_core.shell:Creating package script '/home/mrc/sim_ws/install/f1tenth_gym_ros/share/f1tenth_gym_ros/package.bash'
[4.114s] INFO:colcon.colcon_core.shell:Creating package script '/home/mrc/sim_ws/install/f1tenth_gym_ros/share/f1tenth_gym_ros/package.zsh'
[4.115s] Level 1:colcon.colcon_core.environment:create_file_with_runtime_dependencies(/home/mrc/sim_ws/install/f1tenth_gym_ros/share/colcon-core/packages/f1tenth_gym_ros)
[4.116s] INFO:colcon.colcon_ros.task.ament_cmake.build:Building ROS package in '/home/mrc/sim_ws/src/f1tenth_lab6_template/pure_pursuit' with build type 'ament_cmake'
[4.116s] INFO:colcon.colcon_cmake.task.cmake.build:Building CMake package in '/home/mrc/sim_ws/src/f1tenth_lab6_template/pure_pursuit'
[4.117s] INFO:colcon.colcon_core.shell:Skip shell extension 'powershell' for command environment: Not usable outside of PowerShell
[4.117s] DEBUG:colcon.colcon_core.shell:Skip shell extension 'dsv' for command environment
[4.139s] DEBUG:colcon.colcon_core.event_handler.log_command:Invoking command in '/home/mrc/sim_ws/build/pure_pursuit': CMAKE_PREFIX_PATH=/opt/ros/foxy /usr/bin/cmake --build /home/mrc/sim_ws/build/pure_pursuit -- -j2 -l2
[4.259s] DEBUG:colcon.colcon_core.event_handler.log_command:Invoked command in '/home/mrc/sim_ws/build/pure_pursuit' returned '0': CMAKE_PREFIX_PATH=/opt/ros/foxy /usr/bin/cmake --build /home/mrc/sim_ws/build/pure_pursuit -- -j2 -l2
[4.264s] DEBUG:colcon.colcon_core.event_handler.log_command:Invoking command in '/home/mrc/sim_ws/build/pure_pursuit': CMAKE_PREFIX_PATH=/opt/ros/foxy /usr/bin/cmake --install /home/mrc/sim_ws/build/pure_pursuit
[4.283s] DEBUG:colcon.colcon_core.event_handler.log_command:Invoking command in '/home/mrc/sim_ws/src/particle_filter': PYTHONPATH=/home/mrc/sim_ws/build/particle_filter/prefix_override:/usr/lib/python3/dist-packages/colcon_core/task/python/colcon_distutils_commands:/home/mrc/sim_ws/install/particle_filter/lib/python3.8/site-packages:${PYTHONPATH} /usr/bin/python3 -W ignore:setup.py install is deprecated -W ignore:easy_install command is deprecated setup.py egg_info --egg-base ../../build/particle_filter build --build-base /home/mrc/sim_ws/build/particle_filter/build install --record /home/mrc/sim_ws/build/particle_filter/install.log --install-scripts $base/lib/particle_filter --single-version-externally-managed install_data
[4.420s] Level 1:colcon.colcon_core.environment:create_environment_scripts_only(pure_pursuit)
[4.421s] Level 1:colcon.colcon_core.environment:checking '/home/mrc/sim_ws/install/pure_pursuit' for CMake module files
[4.422s] DEBUG:colcon.colcon_core.event_handler.log_command:Invoked command in '/home/mrc/sim_ws/build/pure_pursuit' returned '0': CMAKE_PREFIX_PATH=/opt/ros/foxy /usr/bin/cmake --install /home/mrc/sim_ws/build/pure_pursuit
[4.422s] Level 1:colcon.colcon_core.environment:checking '/home/mrc/sim_ws/install/pure_pursuit' for CMake config files
[4.426s] Level 1:colcon.colcon_core.shell:create_environment_hook('pure_pursuit', 'cmake_prefix_path')
[4.426s] INFO:colcon.colcon_core.shell:Creating environment hook '/home/mrc/sim_ws/install/pure_pursuit/share/pure_pursuit/hook/cmake_prefix_path.ps1'
[4.427s] INFO:colcon.colcon_core.shell:Creating environment descriptor '/home/mrc/sim_ws/install/pure_pursuit/share/pure_pursuit/hook/cmake_prefix_path.dsv'
[4.428s] INFO:colcon.colcon_core.shell:Creating environment hook '/home/mrc/sim_ws/install/pure_pursuit/share/pure_pursuit/hook/cmake_prefix_path.sh'
[4.430s] Level 1:colcon.colcon_core.environment:checking '/home/mrc/sim_ws/install/pure_pursuit/lib'
[4.430s] Level 1:colcon.colcon_core.environment:checking '/home/mrc/sim_ws/install/pure_pursuit/bin'
[4.430s] Level 1:colcon.colcon_core.environment:checking '/home/mrc/sim_ws/install/pure_pursuit/lib/pkgconfig/pure_pursuit.pc'
[4.430s] Level 1:colcon.colcon_core.environment:checking '/home/mrc/sim_ws/install/pure_pursuit/lib/python3.8/site-packages'
[4.430s] Level 1:colcon.colcon_core.shell:create_environment_hook('pure_pursuit', 'pythonpath')
[4.431s] INFO:colcon.colcon_core.shell:Creating environment hook '/home/mrc/sim_ws/install/pure_pursuit/share/pure_pursuit/hook/pythonpath.ps1'
[4.432s] INFO:colcon.colcon_core.shell:Creating environment descriptor '/home/mrc/sim_ws/install/pure_pursuit/share/pure_pursuit/hook/pythonpath.dsv'
[4.432s] INFO:colcon.colcon_core.shell:Creating environment hook '/home/mrc/sim_ws/install/pure_pursuit/share/pure_pursuit/hook/pythonpath.sh'
[4.433s] Level 1:colcon.colcon_core.environment:checking '/home/mrc/sim_ws/install/pure_pursuit/bin'
[4.434s] INFO:colcon.colcon_core.shell:Creating package script '/home/mrc/sim_ws/install/pure_pursuit/share/pure_pursuit/package.ps1'
[4.435s] INFO:colcon.colcon_core.shell:Creating package descriptor '/home/mrc/sim_ws/install/pure_pursuit/share/pure_pursuit/package.dsv'
[4.436s] INFO:colcon.colcon_core.shell:Creating package script '/home/mrc/sim_ws/install/pure_pursuit/share/pure_pursuit/package.sh'
[4.437s] INFO:colcon.colcon_core.shell:Creating package script '/home/mrc/sim_ws/install/pure_pursuit/share/pure_pursuit/package.bash'
[4.438s] INFO:colcon.colcon_core.shell:Creating package script '/home/mrc/sim_ws/install/pure_pursuit/share/pure_pursuit/package.zsh'
[4.438s] Level 1:colcon.colcon_core.environment:create_file_with_runtime_dependencies(/home/mrc/sim_ws/install/pure_pursuit/share/colcon-core/packages/pure_pursuit)
[4.440s] Level 1:colcon.colcon_core.environment:create_environment_scripts_only(pure_pursuit)
[4.440s] Level 1:colcon.colcon_core.environment:checking '/home/mrc/sim_ws/install/pure_pursuit' for CMake module files
[4.441s] Level 1:colcon.colcon_core.environment:checking '/home/mrc/sim_ws/install/pure_pursuit' for CMake config files
[4.441s] Level 1:colcon.colcon_core.shell:create_environment_hook('pure_pursuit', 'cmake_prefix_path')
[4.442s] INFO:colcon.colcon_core.shell:Creating environment hook '/home/mrc/sim_ws/install/pure_pursuit/share/pure_pursuit/hook/cmake_prefix_path.ps1'
[4.443s] INFO:colcon.colcon_core.shell:Creating environment descriptor '/home/mrc/sim_ws/install/pure_pursuit/share/pure_pursuit/hook/cmake_prefix_path.dsv'
[4.443s] INFO:colcon.colcon_core.shell:Creating environment hook '/home/mrc/sim_ws/install/pure_pursuit/share/pure_pursuit/hook/cmake_prefix_path.sh'
[4.445s] Level 1:colcon.colcon_core.environment:checking '/home/mrc/sim_ws/install/pure_pursuit/lib'
[4.445s] Level 1:colcon.colcon_core.environment:checking '/home/mrc/sim_ws/install/pure_pursuit/bin'
[4.445s] Level 1:colcon.colcon_core.environment:checking '/home/mrc/sim_ws/install/pure_pursuit/lib/pkgconfig/pure_pursuit.pc'
[4.445s] Level 1:colcon.colcon_core.environment:checking '/home/mrc/sim_ws/install/pure_pursuit/lib/python3.8/site-packages'
[4.445s] Level 1:colcon.colcon_core.shell:create_environment_hook('pure_pursuit', 'pythonpath')
[4.445s] INFO:colcon.colcon_core.shell:Creating environment hook '/home/mrc/sim_ws/install/pure_pursuit/share/pure_pursuit/hook/pythonpath.ps1'
[4.446s] INFO:colcon.colcon_core.shell:Creating environment descriptor '/home/mrc/sim_ws/install/pure_pursuit/share/pure_pursuit/hook/pythonpath.dsv'
[4.447s] INFO:colcon.colcon_core.shell:Creating environment hook '/home/mrc/sim_ws/install/pure_pursuit/share/pure_pursuit/hook/pythonpath.sh'
[4.448s] Level 1:colcon.colcon_core.environment:checking '/home/mrc/sim_ws/install/pure_pursuit/bin'
[4.449s] INFO:colcon.colcon_core.shell:Creating package script '/home/mrc/sim_ws/install/pure_pursuit/share/pure_pursuit/package.ps1'
[4.450s] INFO:colcon.colcon_core.shell:Creating package descriptor '/home/mrc/sim_ws/install/pure_pursuit/share/pure_pursuit/package.dsv'
[4.451s] INFO:colcon.colcon_core.shell:Creating package script '/home/mrc/sim_ws/install/pure_pursuit/share/pure_pursuit/package.sh'
[4.452s] INFO:colcon.colcon_core.shell:Creating package script '/home/mrc/sim_ws/install/pure_pursuit/share/pure_pursuit/package.bash'
[4.453s] INFO:colcon.colcon_core.shell:Creating package script '/home/mrc/sim_ws/install/pure_pursuit/share/pure_pursuit/package.zsh'
[4.454s] Level 1:colcon.colcon_core.environment:create_file_with_runtime_dependencies(/home/mrc/sim_ws/install/pure_pursuit/share/colcon-core/packages/pure_pursuit)
[4.455s] INFO:colcon.colcon_ros.task.ament_python.build:Building ROS package in '/home/mrc/sim_ws/src/rrt_package' with build type 'ament_python'
[4.455s] Level 1:colcon.colcon_core.shell:create_environment_hook('rrt_package', 'ament_prefix_path')
[4.456s] INFO:colcon.colcon_core.shell:Creating environment hook '/home/mrc/sim_ws/install/rrt_package/share/rrt_package/hook/ament_prefix_path.ps1'
[4.458s] INFO:colcon.colcon_core.shell:Creating environment descriptor '/home/mrc/sim_ws/install/rrt_package/share/rrt_package/hook/ament_prefix_path.dsv'
[4.459s] INFO:colcon.colcon_core.shell:Creating environment hook '/home/mrc/sim_ws/install/rrt_package/share/rrt_package/hook/ament_prefix_path.sh'
[4.460s] INFO:colcon.colcon_core.shell:Skip shell extension 'powershell' for command environment: Not usable outside of PowerShell
[4.461s] DEBUG:colcon.colcon_core.shell:Skip shell extension 'dsv' for command environment
[4.899s] INFO:colcon.colcon_core.task.python.build:Building Python package in '/home/mrc/sim_ws/src/rrt_package'
[4.900s] INFO:colcon.colcon_core.shell:Skip shell extension 'powershell' for command environment: Not usable outside of PowerShell
[4.900s] DEBUG:colcon.colcon_core.shell:Skip shell extension 'dsv' for command environment
[4.913s] Level 1:colcon.colcon_core.environment:checking '/home/mrc/sim_ws/install/particle_filter' for CMake module files
[4.914s] DEBUG:colcon.colcon_core.event_handler.log_command:Invoked command in '/home/mrc/sim_ws/src/particle_filter' returned '0': PYTHONPATH=/home/mrc/sim_ws/build/particle_filter/prefix_override:/usr/lib/python3/dist-packages/colcon_core/task/python/colcon_distutils_commands:/home/mrc/sim_ws/install/particle_filter/lib/python3.8/site-packages:${PYTHONPATH} /usr/bin/python3 -W ignore:setup.py install is deprecated -W ignore:easy_install command is deprecated setup.py egg_info --egg-base ../../build/particle_filter build --build-base /home/mrc/sim_ws/build/particle_filter/build install --record /home/mrc/sim_ws/build/particle_filter/install.log --install-scripts $base/lib/particle_filter --single-version-externally-managed install_data
[4.915s] Level 1:colcon.colcon_core.environment:checking '/home/mrc/sim_ws/install/particle_filter' for CMake config files
[4.918s] Level 1:colcon.colcon_core.environment:checking '/home/mrc/sim_ws/install/particle_filter/lib'
[4.918s] Level 1:colcon.colcon_core.environment:checking '/home/mrc/sim_ws/install/particle_filter/bin'
[4.918s] Level 1:colcon.colcon_core.environment:checking '/home/mrc/sim_ws/install/particle_filter/lib/pkgconfig/particle_filter.pc'
[4.918s] Level 1:colcon.colcon_core.environment:checking '/home/mrc/sim_ws/install/particle_filter/lib/python3.8/site-packages'
[4.919s] Level 1:colcon.colcon_core.shell:create_environment_hook('particle_filter', 'pythonpath')
[4.919s] INFO:colcon.colcon_core.shell:Creating environment hook '/home/mrc/sim_ws/install/particle_filter/share/particle_filter/hook/pythonpath.ps1'
[4.920s] INFO:colcon.colcon_core.shell:Creating environment descriptor '/home/mrc/sim_ws/install/particle_filter/share/particle_filter/hook/pythonpath.dsv'
[4.921s] INFO:colcon.colcon_core.shell:Creating environment hook '/home/mrc/sim_ws/install/particle_filter/share/particle_filter/hook/pythonpath.sh'
[4.922s] Level 1:colcon.colcon_core.environment:checking '/home/mrc/sim_ws/install/particle_filter/bin'
[4.922s] Level 1:colcon.colcon_core.environment:create_environment_scripts_only(particle_filter)
[4.922s] INFO:colcon.colcon_core.shell:Creating package script '/home/mrc/sim_ws/install/particle_filter/share/particle_filter/package.ps1'
[4.923s] INFO:colcon.colcon_core.shell:Creating package descriptor '/home/mrc/sim_ws/install/particle_filter/share/particle_filter/package.dsv'
[4.926s] INFO:colcon.colcon_core.shell:Creating package script '/home/mrc/sim_ws/install/particle_filter/share/particle_filter/package.sh'
[4.927s] INFO:colcon.colcon_core.shell:Creating package script '/home/mrc/sim_ws/install/particle_filter/share/particle_filter/package.bash'
[4.927s] INFO:colcon.colcon_core.shell:Creating package script '/home/mrc/sim_ws/install/particle_filter/share/particle_filter/package.zsh'
[4.928s] Level 1:colcon.colcon_core.environment:create_file_with_runtime_dependencies(/home/mrc/sim_ws/install/particle_filter/share/colcon-core/packages/particle_filter)
[4.930s] INFO:colcon.colcon_ros.task.ament_cmake.build:Building ROS package in '/home/mrc/sim_ws/src/f1tenth_lab2_template/safety_node' with build type 'ament_cmake'
[4.930s] INFO:colcon.colcon_cmake.task.cmake.build:Building CMake package in '/home/mrc/sim_ws/src/f1tenth_lab2_template/safety_node'
[4.931s] INFO:colcon.colcon_core.shell:Skip shell extension 'powershell' for command environment: Not usable outside of PowerShell
[4.931s] DEBUG:colcon.colcon_core.shell:Skip shell extension 'dsv' for command environment
[4.958s] DEBUG:colcon.colcon_core.event_handler.log_command:Invoking command in '/home/mrc/sim_ws/build/safety_node': CMAKE_PREFIX_PATH=/opt/ros/foxy /usr/bin/cmake --build /home/mrc/sim_ws/build/safety_node -- -j2 -l2
[5.073s] DEBUG:colcon.colcon_core.event_handler.log_command:Invoked command in '/home/mrc/sim_ws/build/safety_node' returned '0': CMAKE_PREFIX_PATH=/opt/ros/foxy /usr/bin/cmake --build /home/mrc/sim_ws/build/safety_node -- -j2 -l2
[5.082s] DEBUG:colcon.colcon_core.event_handler.log_command:Invoking command in '/home/mrc/sim_ws/build/safety_node': CMAKE_PREFIX_PATH=/opt/ros/foxy /usr/bin/cmake --install /home/mrc/sim_ws/build/safety_node
[5.222s] Level 1:colcon.colcon_core.environment:create_environment_scripts_only(safety_node)
[5.223s] Level 1:colcon.colcon_core.environment:checking '/home/mrc/sim_ws/install/safety_node' for CMake module files
[5.226s] DEBUG:colcon.colcon_core.event_handler.log_command:Invoked command in '/home/mrc/sim_ws/build/safety_node' returned '0': CMAKE_PREFIX_PATH=/opt/ros/foxy /usr/bin/cmake --install /home/mrc/sim_ws/build/safety_node
[5.227s] Level 1:colcon.colcon_core.environment:checking '/home/mrc/sim_ws/install/safety_node' for CMake config files
[5.230s] Level 1:colcon.colcon_core.shell:create_environment_hook('safety_node', 'cmake_prefix_path')
[5.231s] INFO:colcon.colcon_core.shell:Creating environment hook '/home/mrc/sim_ws/install/safety_node/share/safety_node/hook/cmake_prefix_path.ps1'
[5.233s] INFO:colcon.colcon_core.shell:Creating environment descriptor '/home/mrc/sim_ws/install/safety_node/share/safety_node/hook/cmake_prefix_path.dsv'
[5.234s] INFO:colcon.colcon_core.shell:Creating environment hook '/home/mrc/sim_ws/install/safety_node/share/safety_node/hook/cmake_prefix_path.sh'
[5.236s] Level 1:colcon.colcon_core.environment:checking '/home/mrc/sim_ws/install/safety_node/lib'
[5.236s] Level 1:colcon.colcon_core.environment:checking '/home/mrc/sim_ws/install/safety_node/bin'
[5.237s] Level 1:colcon.colcon_core.environment:checking '/home/mrc/sim_ws/install/safety_node/lib/pkgconfig/safety_node.pc'
[5.237s] Level 1:colcon.colcon_core.environment:checking '/home/mrc/sim_ws/install/safety_node/lib/python3.8/site-packages'
[5.238s] Level 1:colcon.colcon_core.shell:create_environment_hook('safety_node', 'pythonpath')
[5.238s] INFO:colcon.colcon_core.shell:Creating environment hook '/home/mrc/sim_ws/install/safety_node/share/safety_node/hook/pythonpath.ps1'
[5.240s] INFO:colcon.colcon_core.shell:Creating environment descriptor '/home/mrc/sim_ws/install/safety_node/share/safety_node/hook/pythonpath.dsv'
[5.241s] INFO:colcon.colcon_core.shell:Creating environment hook '/home/mrc/sim_ws/install/safety_node/share/safety_node/hook/pythonpath.sh'
[5.243s] Level 1:colcon.colcon_core.environment:checking '/home/mrc/sim_ws/install/safety_node/bin'
[5.243s] INFO:colcon.colcon_core.shell:Creating package script '/home/mrc/sim_ws/install/safety_node/share/safety_node/package.ps1'
[5.245s] INFO:colcon.colcon_core.shell:Creating package descriptor '/home/mrc/sim_ws/install/safety_node/share/safety_node/package.dsv'
[5.246s] INFO:colcon.colcon_core.shell:Creating package script '/home/mrc/sim_ws/install/safety_node/share/safety_node/package.sh'
[5.247s] INFO:colcon.colcon_core.shell:Creating package script '/home/mrc/sim_ws/install/safety_node/share/safety_node/package.bash'
[5.248s] INFO:colcon.colcon_core.shell:Creating package script '/home/mrc/sim_ws/install/safety_node/share/safety_node/package.zsh'
[5.249s] Level 1:colcon.colcon_core.environment:create_file_with_runtime_dependencies(/home/mrc/sim_ws/install/safety_node/share/colcon-core/packages/safety_node)
[5.250s] Level 1:colcon.colcon_core.environment:create_environment_scripts_only(safety_node)
[5.251s] Level 1:colcon.colcon_core.environment:checking '/home/mrc/sim_ws/install/safety_node' for CMake module files
[5.253s] Level 1:colcon.colcon_core.environment:checking '/home/mrc/sim_ws/install/safety_node' for CMake config files
[5.254s] Level 1:colcon.colcon_core.shell:create_environment_hook('safety_node', 'cmake_prefix_path')
[5.254s] INFO:colcon.colcon_core.shell:Creating environment hook '/home/mrc/sim_ws/install/safety_node/share/safety_node/hook/cmake_prefix_path.ps1'
[5.256s] INFO:colcon.colcon_core.shell:Creating environment descriptor '/home/mrc/sim_ws/install/safety_node/share/safety_node/hook/cmake_prefix_path.dsv'
[5.257s] INFO:colcon.colcon_core.shell:Creating environment hook '/home/mrc/sim_ws/install/safety_node/share/safety_node/hook/cmake_prefix_path.sh'
[5.259s] Level 1:colcon.colcon_core.environment:checking '/home/mrc/sim_ws/install/safety_node/lib'
[5.259s] Level 1:colcon.colcon_core.environment:checking '/home/mrc/sim_ws/install/safety_node/bin'
[5.259s] Level 1:colcon.colcon_core.environment:checking '/home/mrc/sim_ws/install/safety_node/lib/pkgconfig/safety_node.pc'
[5.259s] Level 1:colcon.colcon_core.environment:checking '/home/mrc/sim_ws/install/safety_node/lib/python3.8/site-packages'
[5.259s] Level 1:colcon.colcon_core.shell:create_environment_hook('safety_node', 'pythonpath')
[5.260s] INFO:colcon.colcon_core.shell:Creating environment hook '/home/mrc/sim_ws/install/safety_node/share/safety_node/hook/pythonpath.ps1'
[5.261s] INFO:colcon.colcon_core.shell:Creating environment descriptor '/home/mrc/sim_ws/install/safety_node/share/safety_node/hook/pythonpath.dsv'
[5.262s] INFO:colcon.colcon_core.shell:Creating environment hook '/home/mrc/sim_ws/install/safety_node/share/safety_node/hook/pythonpath.sh'
[5.264s] Level 1:colcon.colcon_core.environment:checking '/home/mrc/sim_ws/install/safety_node/bin'
[5.265s] INFO:colcon.colcon_core.shell:Creating package script '/home/mrc/sim_ws/install/safety_node/share/safety_node/package.ps1'
[5.266s] INFO:colcon.colcon_core.shell:Creating package descriptor '/home/mrc/sim_ws/install/safety_node/share/safety_node/package.dsv'
[5.268s] INFO:colcon.colcon_core.shell:Creating package script '/home/mrc/sim_ws/install/safety_node/share/safety_node/package.sh'
[5.269s] INFO:colcon.colcon_core.shell:Creating package script '/home/mrc/sim_ws/install/safety_node/share/safety_node/package.bash'
[5.270s] INFO:colcon.colcon_core.shell:Creating package script '/home/mrc/sim_ws/install/safety_node/share/safety_node/package.zsh'
[5.271s] Level 1:colcon.colcon_core.environment:create_file_with_runtime_dependencies(/home/mrc/sim_ws/install/safety_node/share/colcon-core/packages/safety_node)
[5.273s] INFO:colcon.colcon_ros.task.ament_cmake.build:Building ROS package in '/home/mrc/sim_ws/src/f1tenth_lab3_template/wall_follow' with build type 'ament_cmake'
[5.274s] INFO:colcon.colcon_cmake.task.cmake.build:Building CMake package in '/home/mrc/sim_ws/src/f1tenth_lab3_template/wall_follow'
[5.274s] INFO:colcon.colcon_core.shell:Skip shell extension 'powershell' for command environment: Not usable outside of PowerShell
[5.274s] DEBUG:colcon.colcon_core.shell:Skip shell extension 'dsv' for command environment
[5.298s] DEBUG:colcon.colcon_core.event_handler.log_command:Invoking command in '/home/mrc/sim_ws/build/wall_follow': CMAKE_PREFIX_PATH=/opt/ros/foxy /usr/bin/cmake --build /home/mrc/sim_ws/build/wall_follow -- -j2 -l2
[5.400s] DEBUG:colcon.colcon_core.event_handler.log_command:Invoked command in '/home/mrc/sim_ws/build/wall_follow' returned '0': CMAKE_PREFIX_PATH=/opt/ros/foxy /usr/bin/cmake --build /home/mrc/sim_ws/build/wall_follow -- -j2 -l2
[5.409s] DEBUG:colcon.colcon_core.event_handler.log_command:Invoking command in '/home/mrc/sim_ws/build/wall_follow': CMAKE_PREFIX_PATH=/opt/ros/foxy /usr/bin/cmake --install /home/mrc/sim_ws/build/wall_follow
[5.537s] Level 1:colcon.colcon_core.environment:create_environment_scripts_only(wall_follow)
[5.538s] Level 1:colcon.colcon_core.environment:checking '/home/mrc/sim_ws/install/wall_follow' for CMake module files
[5.539s] Level 1:colcon.colcon_core.environment:checking '/home/mrc/sim_ws/install/wall_follow' for CMake config files
[5.540s] DEBUG:colcon.colcon_core.event_handler.log_command:Invoked command in '/home/mrc/sim_ws/build/wall_follow' returned '0': CMAKE_PREFIX_PATH=/opt/ros/foxy /usr/bin/cmake --install /home/mrc/sim_ws/build/wall_follow
[5.542s] Level 1:colcon.colcon_core.shell:create_environment_hook('wall_follow', 'cmake_prefix_path')
[5.543s] INFO:colcon.colcon_core.shell:Creating environment hook '/home/mrc/sim_ws/install/wall_follow/share/wall_follow/hook/cmake_prefix_path.ps1'
[5.544s] INFO:colcon.colcon_core.shell:Creating environment descriptor '/home/mrc/sim_ws/install/wall_follow/share/wall_follow/hook/cmake_prefix_path.dsv'
[5.545s] INFO:colcon.colcon_core.shell:Creating environment hook '/home/mrc/sim_ws/install/wall_follow/share/wall_follow/hook/cmake_prefix_path.sh'
[5.547s] Level 1:colcon.colcon_core.environment:checking '/home/mrc/sim_ws/install/wall_follow/lib'
[5.547s] Level 1:colcon.colcon_core.environment:checking '/home/mrc/sim_ws/install/wall_follow/bin'
[5.547s] Level 1:colcon.colcon_core.environment:checking '/home/mrc/sim_ws/install/wall_follow/lib/pkgconfig/wall_follow.pc'
[5.548s] Level 1:colcon.colcon_core.environment:checking '/home/mrc/sim_ws/install/wall_follow/lib/python3.8/site-packages'
[5.548s] Level 1:colcon.colcon_core.shell:create_environment_hook('wall_follow', 'pythonpath')
[5.549s] INFO:colcon.colcon_core.shell:Creating environment hook '/home/mrc/sim_ws/install/wall_follow/share/wall_follow/hook/pythonpath.ps1'
[5.550s] INFO:colcon.colcon_core.shell:Creating environment descriptor '/home/mrc/sim_ws/install/wall_follow/share/wall_follow/hook/pythonpath.dsv'
[5.551s] INFO:colcon.colcon_core.shell:Creating environment hook '/home/mrc/sim_ws/install/wall_follow/share/wall_follow/hook/pythonpath.sh'
[5.552s] Level 1:colcon.colcon_core.environment:checking '/home/mrc/sim_ws/install/wall_follow/bin'
[5.553s] INFO:colcon.colcon_core.shell:Creating package script '/home/mrc/sim_ws/install/wall_follow/share/wall_follow/package.ps1'
[5.554s] INFO:colcon.colcon_core.shell:Creating package descriptor '/home/mrc/sim_ws/install/wall_follow/share/wall_follow/package.dsv'
[5.555s] INFO:colcon.colcon_core.shell:Creating package script '/home/mrc/sim_ws/install/wall_follow/share/wall_follow/package.sh'
[5.557s] INFO:colcon.colcon_core.shell:Creating package script '/home/mrc/sim_ws/install/wall_follow/share/wall_follow/package.bash'
[5.558s] INFO:colcon.colcon_core.shell:Creating package script '/home/mrc/sim_ws/install/wall_follow/share/wall_follow/package.zsh'
[5.559s] Level 1:colcon.colcon_core.environment:create_file_with_runtime_dependencies(/home/mrc/sim_ws/install/wall_follow/share/colcon-core/packages/wall_follow)
[5.560s] Level 1:colcon.colcon_core.environment:create_environment_scripts_only(wall_follow)
[5.560s] Level 1:colcon.colcon_core.environment:checking '/home/mrc/sim_ws/install/wall_follow' for CMake module files
[5.561s] Level 1:colcon.colcon_core.environment:checking '/home/mrc/sim_ws/install/wall_follow' for CMake config files
[5.562s] Level 1:colcon.colcon_core.shell:create_environment_hook('wall_follow', 'cmake_prefix_path')
[5.562s] INFO:colcon.colcon_core.shell:Creating environment hook '/home/mrc/sim_ws/install/wall_follow/share/wall_follow/hook/cmake_prefix_path.ps1'
[5.563s] INFO:colcon.colcon_core.shell:Creating environment descriptor '/home/mrc/sim_ws/install/wall_follow/share/wall_follow/hook/cmake_prefix_path.dsv'
[5.564s] INFO:colcon.colcon_core.shell:Creating environment hook '/home/mrc/sim_ws/install/wall_follow/share/wall_follow/hook/cmake_prefix_path.sh'
[5.565s] Level 1:colcon.colcon_core.environment:checking '/home/mrc/sim_ws/install/wall_follow/lib'
[5.565s] Level 1:colcon.colcon_core.environment:checking '/home/mrc/sim_ws/install/wall_follow/bin'
[5.566s] Level 1:colcon.colcon_core.environment:checking '/home/mrc/sim_ws/install/wall_follow/lib/pkgconfig/wall_follow.pc'
[5.566s] Level 1:colcon.colcon_core.environment:checking '/home/mrc/sim_ws/install/wall_follow/lib/python3.8/site-packages'
[5.566s] Level 1:colcon.colcon_core.shell:create_environment_hook('wall_follow', 'pythonpath')
[5.566s] INFO:colcon.colcon_core.shell:Creating environment hook '/home/mrc/sim_ws/install/wall_follow/share/wall_follow/hook/pythonpath.ps1'
[5.567s] INFO:colcon.colcon_core.shell:Creating environment descriptor '/home/mrc/sim_ws/install/wall_follow/share/wall_follow/hook/pythonpath.dsv'
[5.568s] INFO:colcon.colcon_core.shell:Creating environment hook '/home/mrc/sim_ws/install/wall_follow/share/wall_follow/hook/pythonpath.sh'
[5.569s] Level 1:colcon.colcon_core.environment:checking '/home/mrc/sim_ws/install/wall_follow/bin'
[5.570s] INFO:colcon.colcon_core.shell:Creating package script '/home/mrc/sim_ws/install/wall_follow/share/wall_follow/package.ps1'
[5.572s] INFO:colcon.colcon_core.shell:Creating package descriptor '/home/mrc/sim_ws/install/wall_follow/share/wall_follow/package.dsv'
[5.573s] INFO:colcon.colcon_core.shell:Creating package script '/home/mrc/sim_ws/install/wall_follow/share/wall_follow/package.sh'
[5.575s] INFO:colcon.colcon_core.shell:Creating package script '/home/mrc/sim_ws/install/wall_follow/share/wall_follow/package.bash'
[5.576s] INFO:colcon.colcon_core.shell:Creating package script '/home/mrc/sim_ws/install/wall_follow/share/wall_follow/package.zsh'
[5.577s] Level 1:colcon.colcon_core.environment:create_file_with_runtime_dependencies(/home/mrc/sim_ws/install/wall_follow/share/colcon-core/packages/wall_follow)
[5.654s] DEBUG:colcon.colcon_core.event_handler.log_command:Invoking command in '/home/mrc/sim_ws/src/rrt_package': PYTHONPATH=/home/mrc/sim_ws/build/rrt_package/prefix_override:/usr/lib/python3/dist-packages/colcon_core/task/python/colcon_distutils_commands:/home/mrc/sim_ws/install/rrt_package/lib/python3.8/site-packages:${PYTHONPATH} /usr/bin/python3 -W ignore:setup.py install is deprecated -W ignore:easy_install command is deprecated setup.py egg_info --egg-base ../../build/rrt_package build --build-base /home/mrc/sim_ws/build/rrt_package/build install --record /home/mrc/sim_ws/build/rrt_package/install.log --install-scripts $base/lib/rrt_package --single-version-externally-managed install_data
[6.100s] Level 1:colcon.colcon_core.environment:checking '/home/mrc/sim_ws/install/rrt_package' for CMake module files
[6.101s] DEBUG:colcon.colcon_core.event_handler.log_command:Invoked command in '/home/mrc/sim_ws/src/rrt_package' returned '0': PYTHONPATH=/home/mrc/sim_ws/build/rrt_package/prefix_override:/usr/lib/python3/dist-packages/colcon_core/task/python/colcon_distutils_commands:/home/mrc/sim_ws/install/rrt_package/lib/python3.8/site-packages:${PYTHONPATH} /usr/bin/python3 -W ignore:setup.py install is deprecated -W ignore:easy_install command is deprecated setup.py egg_info --egg-base ../../build/rrt_package build --build-base /home/mrc/sim_ws/build/rrt_package/build install --record /home/mrc/sim_ws/build/rrt_package/install.log --install-scripts $base/lib/rrt_package --single-version-externally-managed install_data
[6.102s] Level 1:colcon.colcon_core.environment:checking '/home/mrc/sim_ws/install/rrt_package' for CMake config files
[6.103s] Level 1:colcon.colcon_core.environment:checking '/home/mrc/sim_ws/install/rrt_package/lib'
[6.104s] Level 1:colcon.colcon_core.environment:checking '/home/mrc/sim_ws/install/rrt_package/bin'
[6.104s] Level 1:colcon.colcon_core.environment:checking '/home/mrc/sim_ws/install/rrt_package/lib/pkgconfig/rrt_package.pc'
[6.105s] Level 1:colcon.colcon_core.environment:checking '/home/mrc/sim_ws/install/rrt_package/lib/python3.8/site-packages'
[6.105s] Level 1:colcon.colcon_core.shell:create_environment_hook('rrt_package', 'pythonpath')
[6.106s] INFO:colcon.colcon_core.shell:Creating environment hook '/home/mrc/sim_ws/install/rrt_package/share/rrt_package/hook/pythonpath.ps1'
[6.107s] INFO:colcon.colcon_core.shell:Creating environment descriptor '/home/mrc/sim_ws/install/rrt_package/share/rrt_package/hook/pythonpath.dsv'
[6.107s] INFO:colcon.colcon_core.shell:Creating environment hook '/home/mrc/sim_ws/install/rrt_package/share/rrt_package/hook/pythonpath.sh'
[6.109s] Level 1:colcon.colcon_core.environment:checking '/home/mrc/sim_ws/install/rrt_package/bin'
[6.109s] Level 1:colcon.colcon_core.environment:create_environment_scripts_only(rrt_package)
[6.109s] INFO:colcon.colcon_core.shell:Creating package script '/home/mrc/sim_ws/install/rrt_package/share/rrt_package/package.ps1'
[6.110s] INFO:colcon.colcon_core.shell:Creating package descriptor '/home/mrc/sim_ws/install/rrt_package/share/rrt_package/package.dsv'
[6.111s] INFO:colcon.colcon_core.shell:Creating package script '/home/mrc/sim_ws/install/rrt_package/share/rrt_package/package.sh'
[6.112s] INFO:colcon.colcon_core.shell:Creating package script '/home/mrc/sim_ws/install/rrt_package/share/rrt_package/package.bash'
[6.113s] INFO:colcon.colcon_core.shell:Creating package script '/home/mrc/sim_ws/install/rrt_package/share/rrt_package/package.zsh'
[6.113s] Level 1:colcon.colcon_core.environment:create_file_with_runtime_dependencies(/home/mrc/sim_ws/install/rrt_package/share/colcon-core/packages/rrt_package)
[6.114s] DEBUG:colcon.colcon_parallel_executor.executor.parallel:closing loop
[6.115s] DEBUG:colcon.colcon_parallel_executor.executor.parallel:loop closed
[6.116s] DEBUG:colcon.colcon_parallel_executor.executor.parallel:run_until_complete finished with '0'
[6.116s] DEBUG:colcon.colcon_core.event_reactor:joining thread
[6.137s] INFO:colcon.colcon_core.plugin_system:Skipping extension 'colcon_notification.desktop_notification.terminal_notifier': Not used on non-Darwin systems
[6.138s] INFO:colcon.colcon_core.plugin_system:Skipping extension 'colcon_notification.desktop_notification.win32': Not used on non-Windows systems
[6.138s] INFO:colcon.colcon_notification.desktop_notification:Sending desktop notification using 'notify2'
[6.175s] DEBUG:colcon.colcon_core.event_reactor:joined thread
[6.175s] INFO:colcon.colcon_core.shell:Creating prefix script '/home/mrc/sim_ws/install/local_setup.ps1'
[6.178s] INFO:colcon.colcon_core.shell:Creating prefix util module '/home/mrc/sim_ws/install/_local_setup_util_ps1.py'
[6.181s] INFO:colcon.colcon_core.shell:Creating prefix chain script '/home/mrc/sim_ws/install/setup.ps1'
[6.187s] INFO:colcon.colcon_core.shell:Creating prefix script '/home/mrc/sim_ws/install/local_setup.sh'
[6.189s] INFO:colcon.colcon_core.shell:Creating prefix util module '/home/mrc/sim_ws/install/_local_setup_util_sh.py'
[6.190s] INFO:colcon.colcon_core.shell:Creating prefix chain script '/home/mrc/sim_ws/install/setup.sh'
[6.193s] INFO:colcon.colcon_core.shell:Creating prefix script '/home/mrc/sim_ws/install/local_setup.bash'
[6.195s] INFO:colcon.colcon_core.shell:Creating prefix chain script '/home/mrc/sim_ws/install/setup.bash'
[6.198s] INFO:colcon.colcon_core.shell:Creating prefix script '/home/mrc/sim_ws/install/local_setup.zsh'
[6.200s] INFO:colcon.colcon_core.shell:Creating prefix chain script '/home/mrc/sim_ws/install/setup.zsh'
