[2.073s] Invoking command in '/home/mrc/sim_ws/src/ppo_racing': PYTHONPATH=/home/mrc/sim_ws/build/ppo_racing/prefix_override:/usr/lib/python3/dist-packages/colcon_core/task/python/colcon_distutils_commands:/home/mrc/sim_ws/install/ppo_racing/lib/python3.8/site-packages:${PYTHONPATH} /usr/bin/python3 -W ignore:setup.py install is deprecated -W ignore:easy_install command is deprecated setup.py egg_info --egg-base ../../build/ppo_racing build --build-base /home/mrc/sim_ws/build/ppo_racing/build install --record /home/mrc/sim_ws/build/ppo_racing/install.log --install-scripts $base/lib/ppo_racing --single-version-externally-managed install_data
[2.597s] running egg_info
[2.601s] writing ../../build/ppo_racing/ppo_racing.egg-info/PKG-INFO
[2.603s] writing dependency_links to ../../build/ppo_racing/ppo_racing.egg-info/dependency_links.txt
[2.604s] writing entry points to ../../build/ppo_racing/ppo_racing.egg-info/entry_points.txt
[2.604s] writing requirements to ../../build/ppo_racing/ppo_racing.egg-info/requires.txt
[2.612s] writing top-level names to ../../build/ppo_racing/ppo_racing.egg-info/top_level.txt
[2.773s] reading manifest file '../../build/ppo_racing/ppo_racing.egg-info/SOURCES.txt'
[2.776s] writing manifest file '../../build/ppo_racing/ppo_racing.egg-info/SOURCES.txt'
[2.777s] running build
[2.777s] running build_py
[2.780s] copying ppo_racing/policy_node.py -> /home/mrc/sim_ws/build/ppo_racing/build/lib/ppo_racing
[2.781s] copying ppo_racing/reward_node.py -> /home/mrc/sim_ws/build/ppo_racing/build/lib/ppo_racing
[2.782s] copying ppo_racing/ppo_agent.py -> /home/mrc/sim_ws/build/ppo_racing/build/lib/ppo_racing
[2.783s] copying ppo_racing/train.py -> /home/mrc/sim_ws/build/ppo_racing/build/lib/ppo_racing
[2.786s] copying ppo_racing/multi_agent_train.py -> /home/mrc/sim_ws/build/ppo_racing/build/lib/ppo_racing
[2.789s] running install
[2.791s] running install_lib
[2.794s] copying /home/mrc/sim_ws/build/ppo_racing/build/lib/ppo_racing/policy_node.py -> /home/mrc/sim_ws/install/ppo_racing/lib/python3.8/site-packages/ppo_racing
[2.796s] copying /home/mrc/sim_ws/build/ppo_racing/build/lib/ppo_racing/reward_node.py -> /home/mrc/sim_ws/install/ppo_racing/lib/python3.8/site-packages/ppo_racing
[2.797s] copying /home/mrc/sim_ws/build/ppo_racing/build/lib/ppo_racing/ppo_agent.py -> /home/mrc/sim_ws/install/ppo_racing/lib/python3.8/site-packages/ppo_racing
[2.798s] copying /home/mrc/sim_ws/build/ppo_racing/build/lib/ppo_racing/train.py -> /home/mrc/sim_ws/install/ppo_racing/lib/python3.8/site-packages/ppo_racing
[2.799s] copying /home/mrc/sim_ws/build/ppo_racing/build/lib/ppo_racing/multi_agent_train.py -> /home/mrc/sim_ws/install/ppo_racing/lib/python3.8/site-packages/ppo_racing
[2.804s] byte-compiling /home/mrc/sim_ws/install/ppo_racing/lib/python3.8/site-packages/ppo_racing/policy_node.py to policy_node.cpython-38.pyc
[2.812s] byte-compiling /home/mrc/sim_ws/install/ppo_racing/lib/python3.8/site-packages/ppo_racing/reward_node.py to reward_node.cpython-38.pyc
[2.817s] byte-compiling /home/mrc/sim_ws/install/ppo_racing/lib/python3.8/site-packages/ppo_racing/ppo_agent.py to ppo_agent.cpython-38.pyc
[2.825s] byte-compiling /home/mrc/sim_ws/install/ppo_racing/lib/python3.8/site-packages/ppo_racing/train.py to train.cpython-38.pyc
[2.830s] byte-compiling /home/mrc/sim_ws/install/ppo_racing/lib/python3.8/site-packages/ppo_racing/multi_agent_train.py to multi_agent_train.cpython-38.pyc
[2.835s] running install_data
[2.835s] running install_egg_info
[2.841s] removing '/home/mrc/sim_ws/install/ppo_racing/lib/python3.8/site-packages/ppo_racing-0.0.0-py3.8.egg-info' (and everything under it)
[2.846s] Copying ../../build/ppo_racing/ppo_racing.egg-info to /home/mrc/sim_ws/install/ppo_racing/lib/python3.8/site-packages/ppo_racing-0.0.0-py3.8.egg-info
[2.866s] running install_scripts
[3.023s] Installing policy_node script to /home/mrc/sim_ws/install/ppo_racing/lib/ppo_racing
[3.035s] writing list of installed files to '/home/mrc/sim_ws/build/ppo_racing/install.log'
[3.112s] Invoked command in '/home/mrc/sim_ws/src/ppo_racing' returned '0': PYTHONPATH=/home/mrc/sim_ws/build/ppo_racing/prefix_override:/usr/lib/python3/dist-packages/colcon_core/task/python/colcon_distutils_commands:/home/mrc/sim_ws/install/ppo_racing/lib/python3.8/site-packages:${PYTHONPATH} /usr/bin/python3 -W ignore:setup.py install is deprecated -W ignore:easy_install command is deprecated setup.py egg_info --egg-base ../../build/ppo_racing build --build-base /home/mrc/sim_ws/build/ppo_racing/build install --record /home/mrc/sim_ws/build/ppo_racing/install.log --install-scripts $base/lib/ppo_racing --single-version-externally-managed install_data
