[0.125s] Invoking command in '/home/mrc/sim_ws/build/wall_follow': CMAKE_PREFIX_PATH=${CMAKE_PREFIX_PATH}:/home/mrc/sim_ws/install/particle_filter:/home/mrc/sim_ws/install/f1tenth_gym_ros:/opt/ros/foxy /usr/bin/cmake --build /home/mrc/sim_ws/build/wall_follow -- -j2 -l2
[0.474s] Invoked command in '/home/mrc/sim_ws/build/wall_follow' returned '0': CMAKE_PREFIX_PATH=${CMAKE_PREFIX_PATH}:/home/mrc/sim_ws/install/particle_filter:/home/mrc/sim_ws/install/f1tenth_gym_ros:/opt/ros/foxy /usr/bin/cmake --build /home/mrc/sim_ws/build/wall_follow -- -j2 -l2
[0.533s] Invoking command in '/home/mrc/sim_ws/build/wall_follow': CMAKE_PREFIX_PATH=${CMAKE_PREFIX_PATH}:/home/mrc/sim_ws/install/particle_filter:/home/mrc/sim_ws/install/f1tenth_gym_ros:/opt/ros/foxy /usr/bin/cmake --install /home/mrc/sim_ws/build/wall_follow
[0.600s] -- Install configuration: ""
[0.601s] -- Execute custom install script
[0.604s] -- Up-to-date symlink: /home/mrc/sim_ws/install/wall_follow/share/wall_follow/environment/pythonpath.sh
[0.604s] -- Up-to-date symlink: /home/mrc/sim_ws/install/wall_follow/share/wall_follow/environment/pythonpath.dsv
[0.606s] -- Up-to-date symlink: /home/mrc/sim_ws/install/wall_follow/lib/python3.8/site-packages/wall_follow/__init__.py
[0.607s] -- Up-to-date symlink: /home/mrc/sim_ws/install/wall_follow/lib/wall_follow/wall_follow_node.py
[0.608s] -- Up-to-date symlink: /home/mrc/sim_ws/install/wall_follow/share/ament_index/resource_index/package_run_dependencies/wall_follow
[0.609s] -- Up-to-date symlink: /home/mrc/sim_ws/install/wall_follow/share/ament_index/resource_index/parent_prefix_path/wall_follow
[0.610s] -- Up-to-date symlink: /home/mrc/sim_ws/install/wall_follow/share/wall_follow/environment/ament_prefix_path.sh
[0.611s] -- Up-to-date symlink: /home/mrc/sim_ws/install/wall_follow/share/wall_follow/environment/ament_prefix_path.dsv
[0.612s] -- Up-to-date symlink: /home/mrc/sim_ws/install/wall_follow/share/wall_follow/environment/path.sh
[0.613s] -- Up-to-date symlink: /home/mrc/sim_ws/install/wall_follow/share/wall_follow/environment/path.dsv
[0.616s] -- Up-to-date symlink: /home/mrc/sim_ws/install/wall_follow/share/wall_follow/local_setup.bash
[0.617s] -- Up-to-date symlink: /home/mrc/sim_ws/install/wall_follow/share/wall_follow/local_setup.sh
[0.618s] -- Up-to-date symlink: /home/mrc/sim_ws/install/wall_follow/share/wall_follow/local_setup.zsh
[0.619s] -- Up-to-date symlink: /home/mrc/sim_ws/install/wall_follow/share/wall_follow/local_setup.dsv
[0.620s] -- Symlinking: /home/mrc/sim_ws/install/wall_follow/share/wall_follow/package.dsv
[0.658s] -- Up-to-date symlink: /home/mrc/sim_ws/install/wall_follow/share/ament_index/resource_index/packages/wall_follow
[0.659s] -- Up-to-date symlink: /home/mrc/sim_ws/install/wall_follow/share/wall_follow/cmake/wall_followConfig.cmake
[0.659s] -- Up-to-date symlink: /home/mrc/sim_ws/install/wall_follow/share/wall_follow/cmake/wall_followConfig-version.cmake
[0.662s] -- Up-to-date symlink: /home/mrc/sim_ws/install/wall_follow/share/wall_follow/package.xml
[0.839s] Listing '/home/mrc/sim_ws/install/wall_follow/lib/python3.8/site-packages/wall_follow'...
[0.878s] Invoked command in '/home/mrc/sim_ws/build/wall_follow' returned '0': CMAKE_PREFIX_PATH=${CMAKE_PREFIX_PATH}:/home/mrc/sim_ws/install/particle_filter:/home/mrc/sim_ws/install/f1tenth_gym_ros:/opt/ros/foxy /usr/bin/cmake --install /home/mrc/sim_ws/build/wall_follow
