[0.054s] Invoking command in '/home/mrc/sim_ws/build/wall_follow': CMAKE_PREFIX_PATH=${CMAKE_PREFIX_PATH}:/home/mrc/sim_ws/install/f1tenth_gym_ros:/opt/ros/foxy /usr/bin/cmake --build /home/mrc/sim_ws/build/wall_follow -- -j2 -l2
[0.238s] Invoked command in '/home/mrc/sim_ws/build/wall_follow' returned '0': CMAKE_PREFIX_PATH=${CMAKE_PREFIX_PATH}:/home/mrc/sim_ws/install/f1tenth_gym_ros:/opt/ros/foxy /usr/bin/cmake --build /home/mrc/sim_ws/build/wall_follow -- -j2 -l2
[0.286s] Invoking command in '/home/mrc/sim_ws/build/wall_follow': CMAKE_PREFIX_PATH=${CMAKE_PREFIX_PATH}:/home/mrc/sim_ws/install/f1tenth_gym_ros:/opt/ros/foxy /usr/bin/cmake --install /home/mrc/sim_ws/build/wall_follow
[0.392s] -- Install configuration: ""
[0.392s] -- Up-to-date: /home/mrc/sim_ws/install/wall_follow/share/wall_follow/environment/pythonpath.sh
[0.392s] -- Up-to-date: /home/mrc/sim_ws/install/wall_follow/share/wall_follow/environment/pythonpath.dsv
[0.393s] -- Up-to-date: /home/mrc/sim_ws/install/wall_follow/lib/python3.8/site-packages/wall_follow
[0.393s] -- Up-to-date: /home/mrc/sim_ws/install/wall_follow/lib/python3.8/site-packages/wall_follow/__init__.py
[0.577s] Listing '/home/mrc/sim_ws/install/wall_follow/lib/python3.8/site-packages/wall_follow'...
[0.596s] -- Installing: /home/mrc/sim_ws/install/wall_follow/lib/wall_follow/wall_follow_node.py
[0.596s] -- Up-to-date: /home/mrc/sim_ws/install/wall_follow/share/ament_index/resource_index/package_run_dependencies/wall_follow
[0.597s] -- Up-to-date: /home/mrc/sim_ws/install/wall_follow/share/ament_index/resource_index/parent_prefix_path/wall_follow
[0.597s] -- Up-to-date: /home/mrc/sim_ws/install/wall_follow/share/wall_follow/environment/ament_prefix_path.sh
[0.597s] -- Up-to-date: /home/mrc/sim_ws/install/wall_follow/share/wall_follow/environment/ament_prefix_path.dsv
[0.598s] -- Up-to-date: /home/mrc/sim_ws/install/wall_follow/share/wall_follow/environment/path.sh
[0.598s] -- Up-to-date: /home/mrc/sim_ws/install/wall_follow/share/wall_follow/environment/path.dsv
[0.598s] -- Up-to-date: /home/mrc/sim_ws/install/wall_follow/share/wall_follow/local_setup.bash
[0.598s] -- Up-to-date: /home/mrc/sim_ws/install/wall_follow/share/wall_follow/local_setup.sh
[0.599s] -- Up-to-date: /home/mrc/sim_ws/install/wall_follow/share/wall_follow/local_setup.zsh
[0.599s] -- Up-to-date: /home/mrc/sim_ws/install/wall_follow/share/wall_follow/local_setup.dsv
[0.599s] -- Installing: /home/mrc/sim_ws/install/wall_follow/share/wall_follow/package.dsv
[0.600s] -- Up-to-date: /home/mrc/sim_ws/install/wall_follow/share/ament_index/resource_index/packages/wall_follow
[0.600s] -- Up-to-date: /home/mrc/sim_ws/install/wall_follow/share/wall_follow/cmake/wall_followConfig.cmake
[0.600s] -- Up-to-date: /home/mrc/sim_ws/install/wall_follow/share/wall_follow/cmake/wall_followConfig-version.cmake
[0.600s] -- Up-to-date: /home/mrc/sim_ws/install/wall_follow/share/wall_follow/package.xml
[0.622s] Invoked command in '/home/mrc/sim_ws/build/wall_follow' returned '0': CMAKE_PREFIX_PATH=${CMAKE_PREFIX_PATH}:/home/mrc/sim_ws/install/f1tenth_gym_ros:/opt/ros/foxy /usr/bin/cmake --install /home/mrc/sim_ws/build/wall_follow
