[3.730s] Invoking command in '/home/mrc/sim_ws/src/ppo_racing': PYTHONPATH=/home/mrc/sim_ws/build/ppo_racing/prefix_override:/usr/lib/python3/dist-packages/colcon_core/task/python/colcon_distutils_commands:/home/mrc/sim_ws/install/ppo_racing/lib/python3.8/site-packages:${PYTHONPATH} /usr/bin/python3 -W ignore:setup.py install is deprecated -W ignore:easy_install command is deprecated setup.py egg_info --egg-base ../../build/ppo_racing build --build-base /home/mrc/sim_ws/build/ppo_racing/build install --record /home/mrc/sim_ws/build/ppo_racing/install.log --install-scripts $base/lib/ppo_racing --single-version-externally-managed install_data
[4.815s] running egg_info
[4.821s] writing ../../build/ppo_racing/ppo_racing.egg-info/PKG-INFO
[4.823s] writing dependency_links to ../../build/ppo_racing/ppo_racing.egg-info/dependency_links.txt
[4.826s] writing entry points to ../../build/ppo_racing/ppo_racing.egg-info/entry_points.txt
[4.826s] writing requirements to ../../build/ppo_racing/ppo_racing.egg-info/requires.txt
[4.833s] writing top-level names to ../../build/ppo_racing/ppo_racing.egg-info/top_level.txt
[5.015s] reading manifest file '../../build/ppo_racing/ppo_racing.egg-info/SOURCES.txt'
[5.023s] writing manifest file '../../build/ppo_racing/ppo_racing.egg-info/SOURCES.txt'
[5.024s] running build
[5.025s] running build_py
[5.026s] copying ppo_racing/policy_node.py -> /home/mrc/sim_ws/build/ppo_racing/build/lib/ppo_racing
[5.027s] copying ppo_racing/reward_node.py -> /home/mrc/sim_ws/build/ppo_racing/build/lib/ppo_racing
[5.031s] copying ppo_racing/train.py -> /home/mrc/sim_ws/build/ppo_racing/build/lib/ppo_racing
[5.035s] running install
[5.038s] running install_lib
[5.045s] copying /home/mrc/sim_ws/build/ppo_racing/build/lib/ppo_racing/policy_node.py -> /home/mrc/sim_ws/install/ppo_racing/lib/python3.8/site-packages/ppo_racing
[5.046s] copying /home/mrc/sim_ws/build/ppo_racing/build/lib/ppo_racing/reward_node.py -> /home/mrc/sim_ws/install/ppo_racing/lib/python3.8/site-packages/ppo_racing
[5.048s] copying /home/mrc/sim_ws/build/ppo_racing/build/lib/ppo_racing/train.py -> /home/mrc/sim_ws/install/ppo_racing/lib/python3.8/site-packages/ppo_racing
[5.050s] byte-compiling /home/mrc/sim_ws/install/ppo_racing/lib/python3.8/site-packages/ppo_racing/policy_node.py to policy_node.cpython-38.pyc
[5.057s] byte-compiling /home/mrc/sim_ws/install/ppo_racing/lib/python3.8/site-packages/ppo_racing/reward_node.py to reward_node.cpython-38.pyc
[5.067s] byte-compiling /home/mrc/sim_ws/install/ppo_racing/lib/python3.8/site-packages/ppo_racing/env_wrapper.py to env_wrapper.cpython-38.pyc
[5.071s] Sorry: IndentationError: unexpected indent (env_wrapper.py, line 2)
[5.072s] byte-compiling /home/mrc/sim_ws/install/ppo_racing/lib/python3.8/site-packages/ppo_racing/train.py to train.cpython-38.pyc
[5.081s] running install_data
[5.081s] running install_egg_info
[5.098s] removing '/home/mrc/sim_ws/install/ppo_racing/lib/python3.8/site-packages/ppo_racing-0.0.0-py3.8.egg-info' (and everything under it)
[5.107s] Copying ../../build/ppo_racing/ppo_racing.egg-info to /home/mrc/sim_ws/install/ppo_racing/lib/python3.8/site-packages/ppo_racing-0.0.0-py3.8.egg-info
[5.110s] running install_scripts
[5.178s] Installing policy_node script to /home/mrc/sim_ws/install/ppo_racing/lib/ppo_racing
[5.181s] writing list of installed files to '/home/mrc/sim_ws/build/ppo_racing/install.log'
[5.293s] Invoked command in '/home/mrc/sim_ws/src/ppo_racing' returned '0': PYTHONPATH=/home/mrc/sim_ws/build/ppo_racing/prefix_override:/usr/lib/python3/dist-packages/colcon_core/task/python/colcon_distutils_commands:/home/mrc/sim_ws/install/ppo_racing/lib/python3.8/site-packages:${PYTHONPATH} /usr/bin/python3 -W ignore:setup.py install is deprecated -W ignore:easy_install command is deprecated setup.py egg_info --egg-base ../../build/ppo_racing build --build-base /home/mrc/sim_ws/build/ppo_racing/build install --record /home/mrc/sim_ws/build/ppo_racing/install.log --install-scripts $base/lib/ppo_racing --single-version-externally-managed install_data
