[0.049s] Invoking command in '/home/mrc/sim_ws/build/safety_node': CMAKE_PREFIX_PATH=${CMAKE_PREFIX_PATH}:/home/mrc/sim_ws/install/particle_filter:/home/mrc/sim_ws/install/f1tenth_gym_ros:/opt/ros/foxy /usr/bin/cmake --build /home/mrc/sim_ws/build/safety_node -- -j2 -l2
[0.141s] Invoked command in '/home/mrc/sim_ws/build/safety_node' returned '0': CMAKE_PREFIX_PATH=${CMAKE_PREFIX_PATH}:/home/mrc/sim_ws/install/particle_filter:/home/mrc/sim_ws/install/f1tenth_gym_ros:/opt/ros/foxy /usr/bin/cmake --build /home/mrc/sim_ws/build/safety_node -- -j2 -l2
[0.148s] Invoking command in '/home/mrc/sim_ws/build/safety_node': CMAKE_PREFIX_PATH=${CMAKE_PREFIX_PATH}:/home/mrc/sim_ws/install/particle_filter:/home/mrc/sim_ws/install/f1tenth_gym_ros:/opt/ros/foxy /usr/bin/cmake --install /home/mrc/sim_ws/build/safety_node
[0.166s] -- Install configuration: ""
[0.168s] -- Execute custom install script
[0.172s] -- Up-to-date symlink: /home/mrc/sim_ws/install/safety_node/share/safety_node/environment/pythonpath.sh
[0.172s] -- Up-to-date symlink: /home/mrc/sim_ws/install/safety_node/share/safety_node/environment/pythonpath.dsv
[0.174s] -- Up-to-date symlink: /home/mrc/sim_ws/install/safety_node/lib/python3.8/site-packages/safety_node/__init__.py
[0.175s] -- Up-to-date symlink: /home/mrc/sim_ws/install/safety_node/lib/safety_node/safety_node.py
[0.175s] -- Up-to-date symlink: /home/mrc/sim_ws/install/safety_node/share/ament_index/resource_index/package_run_dependencies/safety_node
[0.176s] -- Up-to-date symlink: /home/mrc/sim_ws/install/safety_node/share/ament_index/resource_index/parent_prefix_path/safety_node
[0.177s] -- Up-to-date symlink: /home/mrc/sim_ws/install/safety_node/share/safety_node/environment/ament_prefix_path.sh
[0.178s] -- Up-to-date symlink: /home/mrc/sim_ws/install/safety_node/share/safety_node/environment/ament_prefix_path.dsv
[0.179s] -- Up-to-date symlink: /home/mrc/sim_ws/install/safety_node/share/safety_node/environment/path.sh
[0.179s] -- Up-to-date symlink: /home/mrc/sim_ws/install/safety_node/share/safety_node/environment/path.dsv
[0.180s] -- Up-to-date symlink: /home/mrc/sim_ws/install/safety_node/share/safety_node/local_setup.bash
[0.181s] -- Up-to-date symlink: /home/mrc/sim_ws/install/safety_node/share/safety_node/local_setup.sh
[0.181s] -- Up-to-date symlink: /home/mrc/sim_ws/install/safety_node/share/safety_node/local_setup.zsh
[0.182s] -- Up-to-date symlink: /home/mrc/sim_ws/install/safety_node/share/safety_node/local_setup.dsv
[0.183s] -- Symlinking: /home/mrc/sim_ws/install/safety_node/share/safety_node/package.dsv
[0.206s] -- Up-to-date symlink: /home/mrc/sim_ws/install/safety_node/share/ament_index/resource_index/packages/safety_node
[0.207s] -- Up-to-date symlink: /home/mrc/sim_ws/install/safety_node/share/safety_node/cmake/safety_nodeConfig.cmake
[0.207s] -- Up-to-date symlink: /home/mrc/sim_ws/install/safety_node/share/safety_node/cmake/safety_nodeConfig-version.cmake
[0.207s] -- Up-to-date symlink: /home/mrc/sim_ws/install/safety_node/share/safety_node/package.xml
[0.265s] Listing '/home/mrc/sim_ws/install/safety_node/lib/python3.8/site-packages/safety_node'...
[0.278s] Invoked command in '/home/mrc/sim_ws/build/safety_node' returned '0': CMAKE_PREFIX_PATH=${CMAKE_PREFIX_PATH}:/home/mrc/sim_ws/install/particle_filter:/home/mrc/sim_ws/install/f1tenth_gym_ros:/opt/ros/foxy /usr/bin/cmake --install /home/mrc/sim_ws/build/safety_node
