[3.807s] Invoking command in '/home/mrc/sim_ws/src/ppo_racing': PYTHONPATH=/home/mrc/sim_ws/build/ppo_racing/prefix_override:/usr/lib/python3/dist-packages/colcon_core/task/python/colcon_distutils_commands:/home/mrc/sim_ws/install/ppo_racing/lib/python3.8/site-packages:${PYTHONPATH} /usr/bin/python3 -W ignore:setup.py install is deprecated -W ignore:easy_install command is deprecated setup.py egg_info --egg-base ../../build/ppo_racing build --build-base /home/mrc/sim_ws/build/ppo_racing/build install --record /home/mrc/sim_ws/build/ppo_racing/install.log --install-scripts $base/lib/ppo_racing --single-version-externally-managed install_data
[5.101s] running egg_info
[5.105s] writing ../../build/ppo_racing/ppo_racing.egg-info/PKG-INFO
[5.106s] writing dependency_links to ../../build/ppo_racing/ppo_racing.egg-info/dependency_links.txt
[5.107s] writing entry points to ../../build/ppo_racing/ppo_racing.egg-info/entry_points.txt
[5.111s] writing requirements to ../../build/ppo_racing/ppo_racing.egg-info/requires.txt
[5.111s] writing top-level names to ../../build/ppo_racing/ppo_racing.egg-info/top_level.txt
[5.242s] reading manifest file '../../build/ppo_racing/ppo_racing.egg-info/SOURCES.txt'
[5.246s] writing manifest file '../../build/ppo_racing/ppo_racing.egg-info/SOURCES.txt'
[5.247s] running build
[5.247s] running build_py
[5.247s] copying ppo_racing/plotting_from_csv.py -> /home/mrc/sim_ws/build/ppo_racing/build/lib/ppo_racing
[5.248s] copying ppo_racing/policy_node_local_obs.py -> /home/mrc/sim_ws/build/ppo_racing/build/lib/ppo_racing
[5.253s] running install
[5.257s] running install_lib
[5.259s] copying /home/mrc/sim_ws/build/ppo_racing/build/lib/ppo_racing/plotting_from_csv.py -> /home/mrc/sim_ws/install/ppo_racing/lib/python3.8/site-packages/ppo_racing
[5.260s] copying /home/mrc/sim_ws/build/ppo_racing/build/lib/ppo_racing/policy_node_local_obs.py -> /home/mrc/sim_ws/install/ppo_racing/lib/python3.8/site-packages/ppo_racing
[5.262s] byte-compiling /home/mrc/sim_ws/install/ppo_racing/lib/python3.8/site-packages/ppo_racing/plotting_from_csv.py to plotting_from_csv.cpython-38.pyc
[5.269s] byte-compiling /home/mrc/sim_ws/install/ppo_racing/lib/python3.8/site-packages/ppo_racing/policy_node_local_obs.py to policy_node_local_obs.cpython-38.pyc
[5.274s] running install_data
[5.275s] running install_egg_info
[5.288s] removing '/home/mrc/sim_ws/install/ppo_racing/lib/python3.8/site-packages/ppo_racing-0.0.0-py3.8.egg-info' (and everything under it)
[5.289s] Copying ../../build/ppo_racing/ppo_racing.egg-info to /home/mrc/sim_ws/install/ppo_racing/lib/python3.8/site-packages/ppo_racing-0.0.0-py3.8.egg-info
[5.291s] running install_scripts
[5.380s] Installing multi_agent_policy_node script to /home/mrc/sim_ws/install/ppo_racing/lib/ppo_racing
[5.381s] Installing policy_node script to /home/mrc/sim_ws/install/ppo_racing/lib/ppo_racing
[5.382s] Installing policy_node_local_obs script to /home/mrc/sim_ws/install/ppo_racing/lib/ppo_racing
[5.384s] writing list of installed files to '/home/mrc/sim_ws/build/ppo_racing/install.log'
[5.487s] Invoked command in '/home/mrc/sim_ws/src/ppo_racing' returned '0': PYTHONPATH=/home/mrc/sim_ws/build/ppo_racing/prefix_override:/usr/lib/python3/dist-packages/colcon_core/task/python/colcon_distutils_commands:/home/mrc/sim_ws/install/ppo_racing/lib/python3.8/site-packages:${PYTHONPATH} /usr/bin/python3 -W ignore:setup.py install is deprecated -W ignore:easy_install command is deprecated setup.py egg_info --egg-base ../../build/ppo_racing build --build-base /home/mrc/sim_ws/build/ppo_racing/build install --record /home/mrc/sim_ws/build/ppo_racing/install.log --install-scripts $base/lib/ppo_racing --single-version-externally-managed install_data
