[1.056s] DEBUG:colcon:Command line arguments: ['/usr/bin/colcon', 'build', '--packages-select', 'ppo_racing']
[1.056s] DEBUG:colcon:Parsed command line arguments: Namespace(allow_overriding=[], ament_cmake_args=None, base_paths=['.'], build_base='build', catkin_cmake_args=None, catkin_skip_building_tests=False, cmake_args=None, cmake_clean_cache=False, cmake_clean_first=False, cmake_force_configure=False, cmake_target=None, cmake_target_skip_unavailable=False, continue_on_error=False, event_handlers=None, executor='parallel', ignore_user_meta=False, install_base='install', log_base=None, log_level=None, main=<bound method BuildVerb.main of <colcon_core.verb.build.BuildVerb object at 0x7f2c35ab81f0>>, merge_install=False, metas=['./colcon.meta'], mixin=None, mixin_files=None, mixin_verb=('build',), packages_above=None, packages_above_and_dependencies=None, packages_above_depth=None, packages_end=None, packages_ignore=None, packages_ignore_regex=None, packages_select=['ppo_racing'], packages_select_build_failed=False, packages_select_by_dep=None, packages_select_regex=None, packages_select_test_failures=False, packages_skip=None, packages_skip_build_finished=False, packages_skip_by_dep=None, packages_skip_regex=None, packages_skip_test_passed=False, packages_skip_up_to=None, packages_start=None, packages_up_to=None, packages_up_to_regex=None, parallel_workers=2, paths=None, symlink_install=False, test_result_base=None, verb_extension=<colcon_core.verb.build.BuildVerb object at 0x7f2c35ab81f0>, verb_name='build', verb_parser=<colcon_mixin.mixin.mixin_argument.MixinArgumentDecorator object at 0x7f2c35a03850>)
[2.369s] Level 1:colcon.colcon_core.package_discovery:discover_packages(colcon_meta) check parameters
[2.369s] Level 1:colcon.colcon_core.package_discovery:discover_packages(recursive) check parameters
[2.369s] Level 1:colcon.colcon_core.package_discovery:discover_packages(ignore) check parameters
[2.369s] Level 1:colcon.colcon_core.package_discovery:discover_packages(path) check parameters
[2.369s] Level 1:colcon.colcon_core.package_discovery:discover_packages(colcon_meta) discover
[2.369s] Level 1:colcon.colcon_core.package_discovery:discover_packages(recursive) discover
[2.370s] INFO:colcon.colcon_core.package_discovery:Crawling recursively for packages in '/home/mrc/sim_ws'
[2.370s] Level 1:colcon.colcon_core.package_identification:_identify(.) by extensions ['ignore', 'ignore_ament_install']
[2.370s] Level 1:colcon.colcon_core.package_identification:_identify(.) by extension 'ignore'
[2.370s] Level 1:colcon.colcon_core.package_identification:_identify(.) by extension 'ignore_ament_install'
[2.371s] Level 1:colcon.colcon_core.package_identification:_identify(.) by extensions ['colcon_pkg']
[2.371s] Level 1:colcon.colcon_core.package_identification:_identify(.) by extension 'colcon_pkg'
[2.373s] Level 1:colcon.colcon_core.package_identification:_identify(.) by extensions ['colcon_meta']
[2.374s] Level 1:colcon.colcon_core.package_identification:_identify(.) by extension 'colcon_meta'
[2.374s] Level 1:colcon.colcon_core.package_identification:_identify(.) by extensions ['ros']
[2.374s] Level 1:colcon.colcon_core.package_identification:_identify(.) by extension 'ros'
[2.408s] Level 1:colcon.colcon_core.package_identification:_identify(.) by extensions ['cmake', 'python']
[2.409s] Level 1:colcon.colcon_core.package_identification:_identify(.) by extension 'cmake'
[2.409s] Level 1:colcon.colcon_core.package_identification:_identify(.) by extension 'python'
[2.409s] Level 1:colcon.colcon_core.package_identification:_identify(.) by extensions ['python_setup_py']
[2.409s] Level 1:colcon.colcon_core.package_identification:_identify(.) by extension 'python_setup_py'
[2.410s] Level 1:colcon.colcon_core.package_identification:_identify(build) by extensions ['ignore', 'ignore_ament_install']
[2.410s] Level 1:colcon.colcon_core.package_identification:_identify(build) by extension 'ignore'
[2.410s] Level 1:colcon.colcon_core.package_identification:_identify(build) ignored
[2.411s] Level 1:colcon.colcon_core.package_identification:_identify(install) by extensions ['ignore', 'ignore_ament_install']
[2.411s] Level 1:colcon.colcon_core.package_identification:_identify(install) by extension 'ignore'
[2.411s] Level 1:colcon.colcon_core.package_identification:_identify(install) ignored
[2.412s] Level 1:colcon.colcon_core.package_identification:_identify(log) by extensions ['ignore', 'ignore_ament_install']
[2.412s] Level 1:colcon.colcon_core.package_identification:_identify(log) by extension 'ignore'
[2.412s] Level 1:colcon.colcon_core.package_identification:_identify(log) ignored
[2.413s] Level 1:colcon.colcon_core.package_identification:_identify(src) by extensions ['ignore', 'ignore_ament_install']
[2.413s] Level 1:colcon.colcon_core.package_identification:_identify(src) by extension 'ignore'
[2.413s] Level 1:colcon.colcon_core.package_identification:_identify(src) by extension 'ignore_ament_install'
[2.413s] Level 1:colcon.colcon_core.package_identification:_identify(src) by extensions ['colcon_pkg']
[2.413s] Level 1:colcon.colcon_core.package_identification:_identify(src) by extension 'colcon_pkg'
[2.413s] Level 1:colcon.colcon_core.package_identification:_identify(src) by extensions ['colcon_meta']
[2.414s] Level 1:colcon.colcon_core.package_identification:_identify(src) by extension 'colcon_meta'
[2.414s] Level 1:colcon.colcon_core.package_identification:_identify(src) by extensions ['ros']
[2.414s] Level 1:colcon.colcon_core.package_identification:_identify(src) by extension 'ros'
[2.414s] Level 1:colcon.colcon_core.package_identification:_identify(src) by extensions ['cmake', 'python']
[2.414s] Level 1:colcon.colcon_core.package_identification:_identify(src) by extension 'cmake'
[2.414s] Level 1:colcon.colcon_core.package_identification:_identify(src) by extension 'python'
[2.415s] Level 1:colcon.colcon_core.package_identification:_identify(src) by extensions ['python_setup_py']
[2.415s] Level 1:colcon.colcon_core.package_identification:_identify(src) by extension 'python_setup_py'
[2.415s] Level 1:colcon.colcon_core.package_identification:_identify(src/RRT_package) by extensions ['ignore', 'ignore_ament_install']
[2.415s] Level 1:colcon.colcon_core.package_identification:_identify(src/RRT_package) by extension 'ignore'
[2.415s] Level 1:colcon.colcon_core.package_identification:_identify(src/RRT_package) by extension 'ignore_ament_install'
[2.416s] Level 1:colcon.colcon_core.package_identification:_identify(src/RRT_package) by extensions ['colcon_pkg']
[2.416s] Level 1:colcon.colcon_core.package_identification:_identify(src/RRT_package) by extension 'colcon_pkg'
[2.416s] Level 1:colcon.colcon_core.package_identification:_identify(src/RRT_package) by extensions ['colcon_meta']
[2.416s] Level 1:colcon.colcon_core.package_identification:_identify(src/RRT_package) by extension 'colcon_meta'
[2.416s] Level 1:colcon.colcon_core.package_identification:_identify(src/RRT_package) by extensions ['ros']
[2.416s] Level 1:colcon.colcon_core.package_identification:_identify(src/RRT_package) by extension 'ros'
[2.416s] Level 1:colcon.colcon_core.package_identification:_identify(src/RRT_package) by extensions ['cmake', 'python']
[2.416s] Level 1:colcon.colcon_core.package_identification:_identify(src/RRT_package) by extension 'cmake'
[2.416s] Level 1:colcon.colcon_core.package_identification:_identify(src/RRT_package) by extension 'python'
[2.416s] Level 1:colcon.colcon_core.package_identification:_identify(src/RRT_package) by extensions ['python_setup_py']
[2.416s] Level 1:colcon.colcon_core.package_identification:_identify(src/RRT_package) by extension 'python_setup_py'
[2.417s] Level 1:colcon.colcon_core.package_identification:_identify(src/RRT_package/RRT_package) by extensions ['ignore', 'ignore_ament_install']
[2.417s] Level 1:colcon.colcon_core.package_identification:_identify(src/RRT_package/RRT_package) by extension 'ignore'
[2.417s] Level 1:colcon.colcon_core.package_identification:_identify(src/RRT_package/RRT_package) by extension 'ignore_ament_install'
[2.417s] Level 1:colcon.colcon_core.package_identification:_identify(src/RRT_package/RRT_package) by extensions ['colcon_pkg']
[2.417s] Level 1:colcon.colcon_core.package_identification:_identify(src/RRT_package/RRT_package) by extension 'colcon_pkg'
[2.417s] Level 1:colcon.colcon_core.package_identification:_identify(src/RRT_package/RRT_package) by extensions ['colcon_meta']
[2.417s] Level 1:colcon.colcon_core.package_identification:_identify(src/RRT_package/RRT_package) by extension 'colcon_meta'
[2.417s] Level 1:colcon.colcon_core.package_identification:_identify(src/RRT_package/RRT_package) by extensions ['ros']
[2.417s] Level 1:colcon.colcon_core.package_identification:_identify(src/RRT_package/RRT_package) by extension 'ros'
[2.418s] Level 1:colcon.colcon_core.package_identification:_identify(src/RRT_package/RRT_package) by extensions ['cmake', 'python']
[2.418s] Level 1:colcon.colcon_core.package_identification:_identify(src/RRT_package/RRT_package) by extension 'cmake'
[2.418s] Level 1:colcon.colcon_core.package_identification:_identify(src/RRT_package/RRT_package) by extension 'python'
[2.418s] Level 1:colcon.colcon_core.package_identification:_identify(src/RRT_package/RRT_package) by extensions ['python_setup_py']
[2.418s] Level 1:colcon.colcon_core.package_identification:_identify(src/RRT_package/RRT_package) by extension 'python_setup_py'
[2.418s] Level 1:colcon.colcon_core.package_identification:_identify(src/camera_pkg) by extensions ['ignore', 'ignore_ament_install']
[2.418s] Level 1:colcon.colcon_core.package_identification:_identify(src/camera_pkg) by extension 'ignore'
[2.418s] Level 1:colcon.colcon_core.package_identification:_identify(src/camera_pkg) by extension 'ignore_ament_install'
[2.418s] Level 1:colcon.colcon_core.package_identification:_identify(src/camera_pkg) by extensions ['colcon_pkg']
[2.418s] Level 1:colcon.colcon_core.package_identification:_identify(src/camera_pkg) by extension 'colcon_pkg'
[2.418s] Level 1:colcon.colcon_core.package_identification:_identify(src/camera_pkg) by extensions ['colcon_meta']
[2.418s] Level 1:colcon.colcon_core.package_identification:_identify(src/camera_pkg) by extension 'colcon_meta'
[2.418s] Level 1:colcon.colcon_core.package_identification:_identify(src/camera_pkg) by extensions ['ros']
[2.419s] Level 1:colcon.colcon_core.package_identification:_identify(src/camera_pkg) by extension 'ros'
[2.429s] DEBUG:colcon.colcon_core.package_identification:Package 'src/camera_pkg' with type 'ros.ament_python' and name 'camera_pkg'
[2.429s] Level 1:colcon.colcon_core.package_identification:_identify(src/f1tenth_gym_ros) by extensions ['ignore', 'ignore_ament_install']
[2.429s] Level 1:colcon.colcon_core.package_identification:_identify(src/f1tenth_gym_ros) by extension 'ignore'
[2.430s] Level 1:colcon.colcon_core.package_identification:_identify(src/f1tenth_gym_ros) by extension 'ignore_ament_install'
[2.430s] Level 1:colcon.colcon_core.package_identification:_identify(src/f1tenth_gym_ros) by extensions ['colcon_pkg']
[2.430s] Level 1:colcon.colcon_core.package_identification:_identify(src/f1tenth_gym_ros) by extension 'colcon_pkg'
[2.430s] Level 1:colcon.colcon_core.package_identification:_identify(src/f1tenth_gym_ros) by extensions ['colcon_meta']
[2.430s] Level 1:colcon.colcon_core.package_identification:_identify(src/f1tenth_gym_ros) by extension 'colcon_meta'
[2.430s] Level 1:colcon.colcon_core.package_identification:_identify(src/f1tenth_gym_ros) by extensions ['ros']
[2.430s] Level 1:colcon.colcon_core.package_identification:_identify(src/f1tenth_gym_ros) by extension 'ros'
[2.433s] DEBUG:colcon.colcon_core.package_identification:Package 'src/f1tenth_gym_ros' with type 'ros.ament_python' and name 'f1tenth_gym_ros'
[2.434s] Level 1:colcon.colcon_core.package_identification:_identify(src/f1tenth_lab2_template) by extensions ['ignore', 'ignore_ament_install']
[2.434s] Level 1:colcon.colcon_core.package_identification:_identify(src/f1tenth_lab2_template) by extension 'ignore'
[2.434s] Level 1:colcon.colcon_core.package_identification:_identify(src/f1tenth_lab2_template) by extension 'ignore_ament_install'
[2.435s] Level 1:colcon.colcon_core.package_identification:_identify(src/f1tenth_lab2_template) by extensions ['colcon_pkg']
[2.435s] Level 1:colcon.colcon_core.package_identification:_identify(src/f1tenth_lab2_template) by extension 'colcon_pkg'
[2.435s] Level 1:colcon.colcon_core.package_identification:_identify(src/f1tenth_lab2_template) by extensions ['colcon_meta']
[2.435s] Level 1:colcon.colcon_core.package_identification:_identify(src/f1tenth_lab2_template) by extension 'colcon_meta'
[2.435s] Level 1:colcon.colcon_core.package_identification:_identify(src/f1tenth_lab2_template) by extensions ['ros']
[2.435s] Level 1:colcon.colcon_core.package_identification:_identify(src/f1tenth_lab2_template) by extension 'ros'
[2.436s] Level 1:colcon.colcon_core.package_identification:_identify(src/f1tenth_lab2_template) by extensions ['cmake', 'python']
[2.436s] Level 1:colcon.colcon_core.package_identification:_identify(src/f1tenth_lab2_template) by extension 'cmake'
[2.436s] Level 1:colcon.colcon_core.package_identification:_identify(src/f1tenth_lab2_template) by extension 'python'
[2.436s] Level 1:colcon.colcon_core.package_identification:_identify(src/f1tenth_lab2_template) by extensions ['python_setup_py']
[2.436s] Level 1:colcon.colcon_core.package_identification:_identify(src/f1tenth_lab2_template) by extension 'python_setup_py'
[2.436s] Level 1:colcon.colcon_core.package_identification:_identify(src/f1tenth_lab2_template/safety_node) by extensions ['ignore', 'ignore_ament_install']
[2.437s] Level 1:colcon.colcon_core.package_identification:_identify(src/f1tenth_lab2_template/safety_node) by extension 'ignore'
[2.437s] Level 1:colcon.colcon_core.package_identification:_identify(src/f1tenth_lab2_template/safety_node) by extension 'ignore_ament_install'
[2.437s] Level 1:colcon.colcon_core.package_identification:_identify(src/f1tenth_lab2_template/safety_node) by extensions ['colcon_pkg']
[2.437s] Level 1:colcon.colcon_core.package_identification:_identify(src/f1tenth_lab2_template/safety_node) by extension 'colcon_pkg'
[2.437s] Level 1:colcon.colcon_core.package_identification:_identify(src/f1tenth_lab2_template/safety_node) by extensions ['colcon_meta']
[2.437s] Level 1:colcon.colcon_core.package_identification:_identify(src/f1tenth_lab2_template/safety_node) by extension 'colcon_meta'
[2.437s] Level 1:colcon.colcon_core.package_identification:_identify(src/f1tenth_lab2_template/safety_node) by extensions ['ros']
[2.437s] Level 1:colcon.colcon_core.package_identification:_identify(src/f1tenth_lab2_template/safety_node) by extension 'ros'
[2.443s] DEBUG:colcon.colcon_core.package_identification:Package 'src/f1tenth_lab2_template/safety_node' with type 'ros.ament_cmake' and name 'safety_node'
[2.446s] Level 1:colcon.colcon_core.package_identification:_identify(src/f1tenth_lab3_template) by extensions ['ignore', 'ignore_ament_install']
[2.449s] Level 1:colcon.colcon_core.package_identification:_identify(src/f1tenth_lab3_template) by extension 'ignore'
[2.449s] Level 1:colcon.colcon_core.package_identification:_identify(src/f1tenth_lab3_template) by extension 'ignore_ament_install'
[2.450s] Level 1:colcon.colcon_core.package_identification:_identify(src/f1tenth_lab3_template) by extensions ['colcon_pkg']
[2.450s] Level 1:colcon.colcon_core.package_identification:_identify(src/f1tenth_lab3_template) by extension 'colcon_pkg'
[2.450s] Level 1:colcon.colcon_core.package_identification:_identify(src/f1tenth_lab3_template) by extensions ['colcon_meta']
[2.450s] Level 1:colcon.colcon_core.package_identification:_identify(src/f1tenth_lab3_template) by extension 'colcon_meta'
[2.450s] Level 1:colcon.colcon_core.package_identification:_identify(src/f1tenth_lab3_template) by extensions ['ros']
[2.450s] Level 1:colcon.colcon_core.package_identification:_identify(src/f1tenth_lab3_template) by extension 'ros'
[2.451s] Level 1:colcon.colcon_core.package_identification:_identify(src/f1tenth_lab3_template) by extensions ['cmake', 'python']
[2.451s] Level 1:colcon.colcon_core.package_identification:_identify(src/f1tenth_lab3_template) by extension 'cmake'
[2.451s] Level 1:colcon.colcon_core.package_identification:_identify(src/f1tenth_lab3_template) by extension 'python'
[2.451s] Level 1:colcon.colcon_core.package_identification:_identify(src/f1tenth_lab3_template) by extensions ['python_setup_py']
[2.451s] Level 1:colcon.colcon_core.package_identification:_identify(src/f1tenth_lab3_template) by extension 'python_setup_py'
[2.452s] Level 1:colcon.colcon_core.package_identification:_identify(src/f1tenth_lab3_template/img) by extensions ['ignore', 'ignore_ament_install']
[2.452s] Level 1:colcon.colcon_core.package_identification:_identify(src/f1tenth_lab3_template/img) by extension 'ignore'
[2.452s] Level 1:colcon.colcon_core.package_identification:_identify(src/f1tenth_lab3_template/img) by extension 'ignore_ament_install'
[2.452s] Level 1:colcon.colcon_core.package_identification:_identify(src/f1tenth_lab3_template/img) by extensions ['colcon_pkg']
[2.452s] Level 1:colcon.colcon_core.package_identification:_identify(src/f1tenth_lab3_template/img) by extension 'colcon_pkg'
[2.453s] Level 1:colcon.colcon_core.package_identification:_identify(src/f1tenth_lab3_template/img) by extensions ['colcon_meta']
[2.453s] Level 1:colcon.colcon_core.package_identification:_identify(src/f1tenth_lab3_template/img) by extension 'colcon_meta'
[2.453s] Level 1:colcon.colcon_core.package_identification:_identify(src/f1tenth_lab3_template/img) by extensions ['ros']
[2.453s] Level 1:colcon.colcon_core.package_identification:_identify(src/f1tenth_lab3_template/img) by extension 'ros'
[2.453s] Level 1:colcon.colcon_core.package_identification:_identify(src/f1tenth_lab3_template/img) by extensions ['cmake', 'python']
[2.453s] Level 1:colcon.colcon_core.package_identification:_identify(src/f1tenth_lab3_template/img) by extension 'cmake'
[2.453s] Level 1:colcon.colcon_core.package_identification:_identify(src/f1tenth_lab3_template/img) by extension 'python'
[2.453s] Level 1:colcon.colcon_core.package_identification:_identify(src/f1tenth_lab3_template/img) by extensions ['python_setup_py']
[2.453s] Level 1:colcon.colcon_core.package_identification:_identify(src/f1tenth_lab3_template/img) by extension 'python_setup_py'
[2.454s] Level 1:colcon.colcon_core.package_identification:_identify(src/f1tenth_lab3_template/wall_follow) by extensions ['ignore', 'ignore_ament_install']
[2.454s] Level 1:colcon.colcon_core.package_identification:_identify(src/f1tenth_lab3_template/wall_follow) by extension 'ignore'
[2.454s] Level 1:colcon.colcon_core.package_identification:_identify(src/f1tenth_lab3_template/wall_follow) by extension 'ignore_ament_install'
[2.454s] Level 1:colcon.colcon_core.package_identification:_identify(src/f1tenth_lab3_template/wall_follow) by extensions ['colcon_pkg']
[2.454s] Level 1:colcon.colcon_core.package_identification:_identify(src/f1tenth_lab3_template/wall_follow) by extension 'colcon_pkg'
[2.454s] Level 1:colcon.colcon_core.package_identification:_identify(src/f1tenth_lab3_template/wall_follow) by extensions ['colcon_meta']
[2.454s] Level 1:colcon.colcon_core.package_identification:_identify(src/f1tenth_lab3_template/wall_follow) by extension 'colcon_meta'
[2.456s] Level 1:colcon.colcon_core.package_identification:_identify(src/f1tenth_lab3_template/wall_follow) by extensions ['ros']
[2.457s] Level 1:colcon.colcon_core.package_identification:_identify(src/f1tenth_lab3_template/wall_follow) by extension 'ros'
[2.460s] DEBUG:colcon.colcon_core.package_identification:Package 'src/f1tenth_lab3_template/wall_follow' with type 'ros.ament_cmake' and name 'wall_follow'
[2.461s] Level 1:colcon.colcon_core.package_identification:_identify(src/f1tenth_lab4_template) by extensions ['ignore', 'ignore_ament_install']
[2.461s] Level 1:colcon.colcon_core.package_identification:_identify(src/f1tenth_lab4_template) by extension 'ignore'
[2.461s] Level 1:colcon.colcon_core.package_identification:_identify(src/f1tenth_lab4_template) by extension 'ignore_ament_install'
[2.461s] Level 1:colcon.colcon_core.package_identification:_identify(src/f1tenth_lab4_template) by extensions ['colcon_pkg']
[2.461s] Level 1:colcon.colcon_core.package_identification:_identify(src/f1tenth_lab4_template) by extension 'colcon_pkg'
[2.462s] Level 1:colcon.colcon_core.package_identification:_identify(src/f1tenth_lab4_template) by extensions ['colcon_meta']
[2.462s] Level 1:colcon.colcon_core.package_identification:_identify(src/f1tenth_lab4_template) by extension 'colcon_meta'
[2.462s] Level 1:colcon.colcon_core.package_identification:_identify(src/f1tenth_lab4_template) by extensions ['ros']
[2.462s] Level 1:colcon.colcon_core.package_identification:_identify(src/f1tenth_lab4_template) by extension 'ros'
[2.462s] Level 1:colcon.colcon_core.package_identification:_identify(src/f1tenth_lab4_template) by extensions ['cmake', 'python']
[2.462s] Level 1:colcon.colcon_core.package_identification:_identify(src/f1tenth_lab4_template) by extension 'cmake'
[2.462s] Level 1:colcon.colcon_core.package_identification:_identify(src/f1tenth_lab4_template) by extension 'python'
[2.462s] Level 1:colcon.colcon_core.package_identification:_identify(src/f1tenth_lab4_template) by extensions ['python_setup_py']
[2.462s] Level 1:colcon.colcon_core.package_identification:_identify(src/f1tenth_lab4_template) by extension 'python_setup_py'
[2.463s] Level 1:colcon.colcon_core.package_identification:_identify(src/f1tenth_lab4_template/gap_follow) by extensions ['ignore', 'ignore_ament_install']
[2.463s] Level 1:colcon.colcon_core.package_identification:_identify(src/f1tenth_lab4_template/gap_follow) by extension 'ignore'
[2.463s] Level 1:colcon.colcon_core.package_identification:_identify(src/f1tenth_lab4_template/gap_follow) by extension 'ignore_ament_install'
[2.464s] Level 1:colcon.colcon_core.package_identification:_identify(src/f1tenth_lab4_template/gap_follow) by extensions ['colcon_pkg']
[2.464s] Level 1:colcon.colcon_core.package_identification:_identify(src/f1tenth_lab4_template/gap_follow) by extension 'colcon_pkg'
[2.466s] Level 1:colcon.colcon_core.package_identification:_identify(src/f1tenth_lab4_template/gap_follow) by extensions ['colcon_meta']
[2.466s] Level 1:colcon.colcon_core.package_identification:_identify(src/f1tenth_lab4_template/gap_follow) by extension 'colcon_meta'
[2.466s] Level 1:colcon.colcon_core.package_identification:_identify(src/f1tenth_lab4_template/gap_follow) by extensions ['ros']
[2.466s] Level 1:colcon.colcon_core.package_identification:_identify(src/f1tenth_lab4_template/gap_follow) by extension 'ros'
[2.471s] DEBUG:colcon.colcon_core.package_identification:Package 'src/f1tenth_lab4_template/gap_follow' with type 'ros.ament_cmake' and name 'gap_follow'
[2.475s] Level 1:colcon.colcon_core.package_identification:_identify(src/f1tenth_lab6_template) by extensions ['ignore', 'ignore_ament_install']
[2.476s] Level 1:colcon.colcon_core.package_identification:_identify(src/f1tenth_lab6_template) by extension 'ignore'
[2.477s] Level 1:colcon.colcon_core.package_identification:_identify(src/f1tenth_lab6_template) by extension 'ignore_ament_install'
[2.477s] Level 1:colcon.colcon_core.package_identification:_identify(src/f1tenth_lab6_template) by extensions ['colcon_pkg']
[2.477s] Level 1:colcon.colcon_core.package_identification:_identify(src/f1tenth_lab6_template) by extension 'colcon_pkg'
[2.477s] Level 1:colcon.colcon_core.package_identification:_identify(src/f1tenth_lab6_template) by extensions ['colcon_meta']
[2.477s] Level 1:colcon.colcon_core.package_identification:_identify(src/f1tenth_lab6_template) by extension 'colcon_meta'
[2.478s] Level 1:colcon.colcon_core.package_identification:_identify(src/f1tenth_lab6_template) by extensions ['ros']
[2.478s] Level 1:colcon.colcon_core.package_identification:_identify(src/f1tenth_lab6_template) by extension 'ros'
[2.478s] Level 1:colcon.colcon_core.package_identification:_identify(src/f1tenth_lab6_template) by extensions ['cmake', 'python']
[2.478s] Level 1:colcon.colcon_core.package_identification:_identify(src/f1tenth_lab6_template) by extension 'cmake'
[2.478s] Level 1:colcon.colcon_core.package_identification:_identify(src/f1tenth_lab6_template) by extension 'python'
[2.478s] Level 1:colcon.colcon_core.package_identification:_identify(src/f1tenth_lab6_template) by extensions ['python_setup_py']
[2.479s] Level 1:colcon.colcon_core.package_identification:_identify(src/f1tenth_lab6_template) by extension 'python_setup_py'
[2.479s] Level 1:colcon.colcon_core.package_identification:_identify(src/f1tenth_lab6_template/pure_pursuit) by extensions ['ignore', 'ignore_ament_install']
[2.479s] Level 1:colcon.colcon_core.package_identification:_identify(src/f1tenth_lab6_template/pure_pursuit) by extension 'ignore'
[2.480s] Level 1:colcon.colcon_core.package_identification:_identify(src/f1tenth_lab6_template/pure_pursuit) by extension 'ignore_ament_install'
[2.480s] Level 1:colcon.colcon_core.package_identification:_identify(src/f1tenth_lab6_template/pure_pursuit) by extensions ['colcon_pkg']
[2.480s] Level 1:colcon.colcon_core.package_identification:_identify(src/f1tenth_lab6_template/pure_pursuit) by extension 'colcon_pkg'
[2.480s] Level 1:colcon.colcon_core.package_identification:_identify(src/f1tenth_lab6_template/pure_pursuit) by extensions ['colcon_meta']
[2.480s] Level 1:colcon.colcon_core.package_identification:_identify(src/f1tenth_lab6_template/pure_pursuit) by extension 'colcon_meta'
[2.480s] Level 1:colcon.colcon_core.package_identification:_identify(src/f1tenth_lab6_template/pure_pursuit) by extensions ['ros']
[2.480s] Level 1:colcon.colcon_core.package_identification:_identify(src/f1tenth_lab6_template/pure_pursuit) by extension 'ros'
[2.484s] DEBUG:colcon.colcon_core.package_identification:Package 'src/f1tenth_lab6_template/pure_pursuit' with type 'ros.ament_cmake' and name 'pure_pursuit'
[2.485s] Level 1:colcon.colcon_core.package_identification:_identify(src/particle_filter) by extensions ['ignore', 'ignore_ament_install']
[2.486s] Level 1:colcon.colcon_core.package_identification:_identify(src/particle_filter) by extension 'ignore'
[2.486s] Level 1:colcon.colcon_core.package_identification:_identify(src/particle_filter) by extension 'ignore_ament_install'
[2.487s] Level 1:colcon.colcon_core.package_identification:_identify(src/particle_filter) by extensions ['colcon_pkg']
[2.492s] Level 1:colcon.colcon_core.package_identification:_identify(src/particle_filter) by extension 'colcon_pkg'
[2.493s] Level 1:colcon.colcon_core.package_identification:_identify(src/particle_filter) by extensions ['colcon_meta']
[2.493s] Level 1:colcon.colcon_core.package_identification:_identify(src/particle_filter) by extension 'colcon_meta'
[2.494s] Level 1:colcon.colcon_core.package_identification:_identify(src/particle_filter) by extensions ['ros']
[2.494s] Level 1:colcon.colcon_core.package_identification:_identify(src/particle_filter) by extension 'ros'
[2.498s] DEBUG:colcon.colcon_core.package_identification:Package 'src/particle_filter' with type 'ros.ament_python' and name 'particle_filter'
[2.499s] Level 1:colcon.colcon_core.package_identification:_identify(src/ppo_racing) by extensions ['ignore', 'ignore_ament_install']
[2.500s] Level 1:colcon.colcon_core.package_identification:_identify(src/ppo_racing) by extension 'ignore'
[2.500s] Level 1:colcon.colcon_core.package_identification:_identify(src/ppo_racing) by extension 'ignore_ament_install'
[2.501s] Level 1:colcon.colcon_core.package_identification:_identify(src/ppo_racing) by extensions ['colcon_pkg']
[2.501s] Level 1:colcon.colcon_core.package_identification:_identify(src/ppo_racing) by extension 'colcon_pkg'
[2.501s] Level 1:colcon.colcon_core.package_identification:_identify(src/ppo_racing) by extensions ['colcon_meta']
[2.501s] Level 1:colcon.colcon_core.package_identification:_identify(src/ppo_racing) by extension 'colcon_meta'
[2.501s] Level 1:colcon.colcon_core.package_identification:_identify(src/ppo_racing) by extensions ['ros']
[2.501s] Level 1:colcon.colcon_core.package_identification:_identify(src/ppo_racing) by extension 'ros'
[2.504s] DEBUG:colcon.colcon_core.package_identification:Package 'src/ppo_racing' with type 'ros.ament_python' and name 'ppo_racing'
[2.509s] Level 1:colcon.colcon_core.package_identification:_identify(src/rrt_package) by extensions ['ignore', 'ignore_ament_install']
[2.509s] Level 1:colcon.colcon_core.package_identification:_identify(src/rrt_package) by extension 'ignore'
[2.509s] Level 1:colcon.colcon_core.package_identification:_identify(src/rrt_package) by extension 'ignore_ament_install'
[2.510s] Level 1:colcon.colcon_core.package_identification:_identify(src/rrt_package) by extensions ['colcon_pkg']
[2.511s] Level 1:colcon.colcon_core.package_identification:_identify(src/rrt_package) by extension 'colcon_pkg'
[2.512s] Level 1:colcon.colcon_core.package_identification:_identify(src/rrt_package) by extensions ['colcon_meta']
[2.512s] Level 1:colcon.colcon_core.package_identification:_identify(src/rrt_package) by extension 'colcon_meta'
[2.512s] Level 1:colcon.colcon_core.package_identification:_identify(src/rrt_package) by extensions ['ros']
[2.512s] Level 1:colcon.colcon_core.package_identification:_identify(src/rrt_package) by extension 'ros'
[2.514s] DEBUG:colcon.colcon_core.package_identification:Package 'src/rrt_package' with type 'ros.ament_python' and name 'rrt_package'
[2.514s] Level 1:colcon.colcon_core.package_discovery:discover_packages(recursive) using defaults
[2.514s] Level 1:colcon.colcon_core.package_discovery:discover_packages(ignore) discover
[2.514s] Level 1:colcon.colcon_core.package_discovery:discover_packages(ignore) using defaults
[2.515s] Level 1:colcon.colcon_core.package_discovery:discover_packages(path) discover
[2.515s] Level 1:colcon.colcon_core.package_discovery:discover_packages(path) using defaults
[2.613s] INFO:colcon.colcon_core.package_selection:Skipping not selected package 'camera_pkg' in 'src/camera_pkg'
[2.613s] INFO:colcon.colcon_core.package_selection:Skipping not selected package 'f1tenth_gym_ros' in 'src/f1tenth_gym_ros'
[2.613s] INFO:colcon.colcon_core.package_selection:Skipping not selected package 'gap_follow' in 'src/f1tenth_lab4_template/gap_follow'
[2.613s] INFO:colcon.colcon_core.package_selection:Skipping not selected package 'particle_filter' in 'src/particle_filter'
[2.613s] INFO:colcon.colcon_core.package_selection:Skipping not selected package 'pure_pursuit' in 'src/f1tenth_lab6_template/pure_pursuit'
[2.614s] INFO:colcon.colcon_core.package_selection:Skipping not selected package 'rrt_package' in 'src/rrt_package'
[2.614s] INFO:colcon.colcon_core.package_selection:Skipping not selected package 'safety_node' in 'src/f1tenth_lab2_template/safety_node'
[2.614s] INFO:colcon.colcon_core.package_selection:Skipping not selected package 'wall_follow' in 'src/f1tenth_lab3_template/wall_follow'
[2.614s] Level 1:colcon.colcon_core.package_discovery:discover_packages(prefix_path) check parameters
[2.614s] Level 1:colcon.colcon_core.package_discovery:discover_packages(prefix_path) discover
[2.618s] DEBUG:colcon.colcon_installed_package_information.package_discovery:Found 10 installed packages in /home/mrc/sim_ws/install
[2.621s] DEBUG:colcon.colcon_installed_package_information.package_discovery:Found 339 installed packages in /opt/ros/foxy
[2.627s] Level 1:colcon.colcon_core.package_discovery:discover_packages(prefix_path) using defaults
[2.818s] Level 5:colcon.colcon_core.verb:set package 'ppo_racing' build argument 'cmake_args' from command line to 'None'
[2.818s] Level 5:colcon.colcon_core.verb:set package 'ppo_racing' build argument 'cmake_target' from command line to 'None'
[2.818s] Level 5:colcon.colcon_core.verb:set package 'ppo_racing' build argument 'cmake_target_skip_unavailable' from command line to 'False'
[2.818s] Level 5:colcon.colcon_core.verb:set package 'ppo_racing' build argument 'cmake_clean_cache' from command line to 'False'
[2.818s] Level 5:colcon.colcon_core.verb:set package 'ppo_racing' build argument 'cmake_clean_first' from command line to 'False'
[2.818s] Level 5:colcon.colcon_core.verb:set package 'ppo_racing' build argument 'cmake_force_configure' from command line to 'False'
[2.818s] Level 5:colcon.colcon_core.verb:set package 'ppo_racing' build argument 'ament_cmake_args' from command line to 'None'
[2.818s] Level 5:colcon.colcon_core.verb:set package 'ppo_racing' build argument 'catkin_cmake_args' from command line to 'None'
[2.818s] Level 5:colcon.colcon_core.verb:set package 'ppo_racing' build argument 'catkin_skip_building_tests' from command line to 'False'
[2.818s] DEBUG:colcon.colcon_core.verb:Building package 'ppo_racing' with the following arguments: {'ament_cmake_args': None, 'build_base': '/home/mrc/sim_ws/build/ppo_racing', 'catkin_cmake_args': None, 'catkin_skip_building_tests': False, 'cmake_args': None, 'cmake_clean_cache': False, 'cmake_clean_first': False, 'cmake_force_configure': False, 'cmake_target': None, 'cmake_target_skip_unavailable': False, 'install_base': '/home/mrc/sim_ws/install/ppo_racing', 'merge_install': False, 'path': '/home/mrc/sim_ws/src/ppo_racing', 'symlink_install': False, 'test_result_base': None}
[2.819s] INFO:colcon.colcon_core.executor:Executing jobs using 'parallel' executor
[2.825s] DEBUG:colcon.colcon_parallel_executor.executor.parallel:run_until_complete
[2.825s] INFO:colcon.colcon_ros.task.ament_python.build:Building ROS package in '/home/mrc/sim_ws/src/ppo_racing' with build type 'ament_python'
[2.826s] Level 1:colcon.colcon_core.shell:create_environment_hook('ppo_racing', 'ament_prefix_path')
[2.837s] INFO:colcon.colcon_core.plugin_system:Skipping extension 'colcon_core.shell.bat': Not used on non-Windows systems
[2.841s] INFO:colcon.colcon_core.shell:Creating environment hook '/home/mrc/sim_ws/install/ppo_racing/share/ppo_racing/hook/ament_prefix_path.ps1'
[2.845s] INFO:colcon.colcon_core.shell:Creating environment descriptor '/home/mrc/sim_ws/install/ppo_racing/share/ppo_racing/hook/ament_prefix_path.dsv'
[2.847s] INFO:colcon.colcon_core.shell:Creating environment hook '/home/mrc/sim_ws/install/ppo_racing/share/ppo_racing/hook/ament_prefix_path.sh'
[2.850s] INFO:colcon.colcon_core.shell:Skip shell extension 'powershell' for command environment: Not usable outside of PowerShell
[2.850s] DEBUG:colcon.colcon_core.shell:Skip shell extension 'dsv' for command environment
[3.759s] INFO:colcon.colcon_core.task.python.build:Building Python package in '/home/mrc/sim_ws/src/ppo_racing'
[3.760s] INFO:colcon.colcon_core.shell:Skip shell extension 'powershell' for command environment: Not usable outside of PowerShell
[3.761s] DEBUG:colcon.colcon_core.shell:Skip shell extension 'dsv' for command environment
[6.021s] DEBUG:colcon.colcon_core.event_handler.log_command:Invoking command in '/home/mrc/sim_ws/src/ppo_racing': PYTHONPATH=/home/mrc/sim_ws/build/ppo_racing/prefix_override:/usr/lib/python3/dist-packages/colcon_core/task/python/colcon_distutils_commands:/home/mrc/sim_ws/install/ppo_racing/lib/python3.8/site-packages:${PYTHONPATH} /usr/bin/python3 -W ignore:setup.py install is deprecated -W ignore:easy_install command is deprecated setup.py egg_info --egg-base ../../build/ppo_racing build --build-base /home/mrc/sim_ws/build/ppo_racing/build install --record /home/mrc/sim_ws/build/ppo_racing/install.log --install-scripts $base/lib/ppo_racing --single-version-externally-managed install_data
[7.763s] DEBUG:colcon.colcon_core.event_handler.log_command:Invoked command in '/home/mrc/sim_ws/src/ppo_racing' returned '0': PYTHONPATH=/home/mrc/sim_ws/build/ppo_racing/prefix_override:/usr/lib/python3/dist-packages/colcon_core/task/python/colcon_distutils_commands:/home/mrc/sim_ws/install/ppo_racing/lib/python3.8/site-packages:${PYTHONPATH} /usr/bin/python3 -W ignore:setup.py install is deprecated -W ignore:easy_install command is deprecated setup.py egg_info --egg-base ../../build/ppo_racing build --build-base /home/mrc/sim_ws/build/ppo_racing/build install --record /home/mrc/sim_ws/build/ppo_racing/install.log --install-scripts $base/lib/ppo_racing --single-version-externally-managed install_data
[7.775s] Level 1:colcon.colcon_core.environment:checking '/home/mrc/sim_ws/install/ppo_racing' for CMake module files
[7.776s] Level 1:colcon.colcon_core.environment:checking '/home/mrc/sim_ws/install/ppo_racing' for CMake config files
[7.779s] Level 1:colcon.colcon_core.environment:checking '/home/mrc/sim_ws/install/ppo_racing/lib'
[7.779s] Level 1:colcon.colcon_core.environment:checking '/home/mrc/sim_ws/install/ppo_racing/bin'
[7.779s] Level 1:colcon.colcon_core.environment:checking '/home/mrc/sim_ws/install/ppo_racing/lib/pkgconfig/ppo_racing.pc'
[7.784s] Level 1:colcon.colcon_core.environment:checking '/home/mrc/sim_ws/install/ppo_racing/lib/python3.8/site-packages'
[7.784s] Level 1:colcon.colcon_core.shell:create_environment_hook('ppo_racing', 'pythonpath')
[7.785s] INFO:colcon.colcon_core.shell:Creating environment hook '/home/mrc/sim_ws/install/ppo_racing/share/ppo_racing/hook/pythonpath.ps1'
[7.786s] INFO:colcon.colcon_core.shell:Creating environment descriptor '/home/mrc/sim_ws/install/ppo_racing/share/ppo_racing/hook/pythonpath.dsv'
[7.789s] INFO:colcon.colcon_core.shell:Creating environment hook '/home/mrc/sim_ws/install/ppo_racing/share/ppo_racing/hook/pythonpath.sh'
[7.790s] Level 1:colcon.colcon_core.environment:checking '/home/mrc/sim_ws/install/ppo_racing/bin'
[7.791s] Level 1:colcon.colcon_core.environment:create_environment_scripts_only(ppo_racing)
[7.794s] INFO:colcon.colcon_core.shell:Creating package script '/home/mrc/sim_ws/install/ppo_racing/share/ppo_racing/package.ps1'
[7.801s] INFO:colcon.colcon_core.shell:Creating package descriptor '/home/mrc/sim_ws/install/ppo_racing/share/ppo_racing/package.dsv'
[7.805s] INFO:colcon.colcon_core.shell:Creating package script '/home/mrc/sim_ws/install/ppo_racing/share/ppo_racing/package.sh'
[7.806s] INFO:colcon.colcon_core.shell:Creating package script '/home/mrc/sim_ws/install/ppo_racing/share/ppo_racing/package.bash'
[7.816s] INFO:colcon.colcon_core.shell:Creating package script '/home/mrc/sim_ws/install/ppo_racing/share/ppo_racing/package.zsh'
[7.827s] Level 1:colcon.colcon_core.environment:create_file_with_runtime_dependencies(/home/mrc/sim_ws/install/ppo_racing/share/colcon-core/packages/ppo_racing)
[7.829s] DEBUG:colcon.colcon_parallel_executor.executor.parallel:closing loop
[7.832s] DEBUG:colcon.colcon_parallel_executor.executor.parallel:loop closed
[7.832s] DEBUG:colcon.colcon_parallel_executor.executor.parallel:run_until_complete finished with '0'
[7.833s] DEBUG:colcon.colcon_core.event_reactor:joining thread
[7.899s] INFO:colcon.colcon_core.plugin_system:Skipping extension 'colcon_notification.desktop_notification.terminal_notifier': Not used on non-Darwin systems
[7.899s] INFO:colcon.colcon_core.plugin_system:Skipping extension 'colcon_notification.desktop_notification.win32': Not used on non-Windows systems
[7.899s] INFO:colcon.colcon_notification.desktop_notification:Sending desktop notification using 'notify2'
[7.986s] DEBUG:colcon.colcon_core.event_reactor:joined thread
[7.988s] INFO:colcon.colcon_core.shell:Creating prefix script '/home/mrc/sim_ws/install/local_setup.ps1'
[7.991s] INFO:colcon.colcon_core.shell:Creating prefix util module '/home/mrc/sim_ws/install/_local_setup_util_ps1.py'
[7.996s] INFO:colcon.colcon_core.shell:Creating prefix chain script '/home/mrc/sim_ws/install/setup.ps1'
[8.011s] INFO:colcon.colcon_core.shell:Creating prefix script '/home/mrc/sim_ws/install/local_setup.sh'
[8.020s] INFO:colcon.colcon_core.shell:Creating prefix util module '/home/mrc/sim_ws/install/_local_setup_util_sh.py'
[8.036s] INFO:colcon.colcon_core.shell:Creating prefix chain script '/home/mrc/sim_ws/install/setup.sh'
[8.048s] INFO:colcon.colcon_core.shell:Creating prefix script '/home/mrc/sim_ws/install/local_setup.bash'
[8.050s] INFO:colcon.colcon_core.shell:Creating prefix chain script '/home/mrc/sim_ws/install/setup.bash'
[8.068s] INFO:colcon.colcon_core.shell:Creating prefix script '/home/mrc/sim_ws/install/local_setup.zsh'
[8.072s] INFO:colcon.colcon_core.shell:Creating prefix chain script '/home/mrc/sim_ws/install/setup.zsh'
