[6.032s] Invoking command in '/home/mrc/sim_ws/src/rrt_package': PYTHONPATH=/home/mrc/sim_ws/build/rrt_package/prefix_override:/usr/lib/python3/dist-packages/colcon_core/task/python/colcon_distutils_commands:/home/mrc/sim_ws/install/rrt_package/lib/python3.8/site-packages:${PYTHONPATH} /usr/bin/python3 -W ignore:setup.py install is deprecated -W ignore:easy_install command is deprecated setup.py egg_info --egg-base ../../build/rrt_package build --build-base /home/mrc/sim_ws/build/rrt_package/build install --record /home/mrc/sim_ws/build/rrt_package/install.log --install-scripts $base/lib/rrt_package --single-version-externally-managed install_data
[7.085s] running egg_info
[7.091s] writing ../../build/rrt_package/rrt_package.egg-info/PKG-INFO
[7.092s] writing dependency_links to ../../build/rrt_package/rrt_package.egg-info/dependency_links.txt
[7.096s] writing entry points to ../../build/rrt_package/rrt_package.egg-info/entry_points.txt
[7.097s] writing requirements to ../../build/rrt_package/rrt_package.egg-info/requires.txt
[7.098s] writing top-level names to ../../build/rrt_package/rrt_package.egg-info/top_level.txt
[7.212s] reading manifest file '../../build/rrt_package/rrt_package.egg-info/SOURCES.txt'
[7.214s] writing manifest file '../../build/rrt_package/rrt_package.egg-info/SOURCES.txt'
[7.215s] running build
[7.216s] running build_py
[7.217s] copying rrt_package/RRT_node.py -> /home/mrc/sim_ws/build/rrt_package/build/lib/rrt_package
[7.223s] running install
[7.230s] running install_lib
[7.235s] copying /home/mrc/sim_ws/build/rrt_package/build/lib/rrt_package/RRT_node.py -> /home/mrc/sim_ws/install/rrt_package/lib/python3.8/site-packages/rrt_package
[7.243s] byte-compiling /home/mrc/sim_ws/install/rrt_package/lib/python3.8/site-packages/rrt_package/RRT_node.py to RRT_node.cpython-38.pyc
[7.261s] running install_data
[7.262s] running install_egg_info
[7.273s] removing '/home/mrc/sim_ws/install/rrt_package/lib/python3.8/site-packages/rrt_package-0.0.0-py3.8.egg-info' (and everything under it)
[7.274s] Copying ../../build/rrt_package/rrt_package.egg-info to /home/mrc/sim_ws/install/rrt_package/lib/python3.8/site-packages/rrt_package-0.0.0-py3.8.egg-info
[7.277s] running install_scripts
[7.384s] Installing RRT_node script to /home/mrc/sim_ws/install/rrt_package/lib/rrt_package
[7.392s] Installing rrt_pure_pursuit script to /home/mrc/sim_ws/install/rrt_package/lib/rrt_package
[7.403s] writing list of installed files to '/home/mrc/sim_ws/build/rrt_package/install.log'
[7.558s] Invoked command in '/home/mrc/sim_ws/src/rrt_package' returned '0': PYTHONPATH=/home/mrc/sim_ws/build/rrt_package/prefix_override:/usr/lib/python3/dist-packages/colcon_core/task/python/colcon_distutils_commands:/home/mrc/sim_ws/install/rrt_package/lib/python3.8/site-packages:${PYTHONPATH} /usr/bin/python3 -W ignore:setup.py install is deprecated -W ignore:easy_install command is deprecated setup.py egg_info --egg-base ../../build/rrt_package build --build-base /home/mrc/sim_ws/build/rrt_package/build install --record /home/mrc/sim_ws/build/rrt_package/install.log --install-scripts $base/lib/rrt_package --single-version-externally-managed install_data
