[1.435s] Invoking command in '/home/mrc/sim_ws/src/ppo_racing': PYTHONPATH=/home/mrc/sim_ws/build/ppo_racing/prefix_override:/usr/lib/python3/dist-packages/colcon_core/task/python/colcon_distutils_commands:/home/mrc/sim_ws/install/ppo_racing/lib/python3.8/site-packages:${PYTHONPATH} /usr/bin/python3 -W ignore:setup.py install is deprecated -W ignore:easy_install command is deprecated setup.py egg_info --egg-base ../../build/ppo_racing build --build-base /home/mrc/sim_ws/build/ppo_racing/build install --record /home/mrc/sim_ws/build/ppo_racing/install.log --install-scripts $base/lib/ppo_racing --single-version-externally-managed install_data
[1.973s] running egg_info
[1.975s] writing ../../build/ppo_racing/ppo_racing.egg-info/PKG-INFO
[1.979s] writing dependency_links to ../../build/ppo_racing/ppo_racing.egg-info/dependency_links.txt
[1.980s] writing entry points to ../../build/ppo_racing/ppo_racing.egg-info/entry_points.txt
[1.981s] writing requirements to ../../build/ppo_racing/ppo_racing.egg-info/requires.txt
[1.982s] writing top-level names to ../../build/ppo_racing/ppo_racing.egg-info/top_level.txt
[2.042s] reading manifest file '../../build/ppo_racing/ppo_racing.egg-info/SOURCES.txt'
[2.045s] writing manifest file '../../build/ppo_racing/ppo_racing.egg-info/SOURCES.txt'
[2.046s] running build
[2.046s] running build_py
[2.049s] copying ppo_racing/policy_node_local_obs.py -> /home/mrc/sim_ws/build/ppo_racing/build/lib/ppo_racing
[2.051s] running install
[2.053s] running install_lib
[2.059s] copying /home/mrc/sim_ws/build/ppo_racing/build/lib/ppo_racing/policy_node_local_obs.py -> /home/mrc/sim_ws/install/ppo_racing/lib/python3.8/site-packages/ppo_racing
[2.063s] byte-compiling /home/mrc/sim_ws/install/ppo_racing/lib/python3.8/site-packages/ppo_racing/policy_node_local_obs.py to policy_node_local_obs.cpython-38.pyc
[2.070s] running install_data
[2.071s] running install_egg_info
[2.073s] removing '/home/mrc/sim_ws/install/ppo_racing/lib/python3.8/site-packages/ppo_racing-0.0.0-py3.8.egg-info' (and everything under it)
[2.076s] Copying ../../build/ppo_racing/ppo_racing.egg-info to /home/mrc/sim_ws/install/ppo_racing/lib/python3.8/site-packages/ppo_racing-0.0.0-py3.8.egg-info
[2.079s] running install_scripts
[2.110s] Installing multi_agent_policy_node script to /home/mrc/sim_ws/install/ppo_racing/lib/ppo_racing
[2.110s] Installing policy_node script to /home/mrc/sim_ws/install/ppo_racing/lib/ppo_racing
[2.111s] Installing policy_node_local_obs script to /home/mrc/sim_ws/install/ppo_racing/lib/ppo_racing
[2.113s] writing list of installed files to '/home/mrc/sim_ws/build/ppo_racing/install.log'
[2.158s] Invoked command in '/home/mrc/sim_ws/src/ppo_racing' returned '0': PYTHONPATH=/home/mrc/sim_ws/build/ppo_racing/prefix_override:/usr/lib/python3/dist-packages/colcon_core/task/python/colcon_distutils_commands:/home/mrc/sim_ws/install/ppo_racing/lib/python3.8/site-packages:${PYTHONPATH} /usr/bin/python3 -W ignore:setup.py install is deprecated -W ignore:easy_install command is deprecated setup.py egg_info --egg-base ../../build/ppo_racing build --build-base /home/mrc/sim_ws/build/ppo_racing/build install --record /home/mrc/sim_ws/build/ppo_racing/install.log --install-scripts $base/lib/ppo_racing --single-version-externally-managed install_data
