[2.340s] Invoking command in '/home/mrc/sim_ws/src/ppo_racing': PYTHONPATH=/home/mrc/sim_ws/build/ppo_racing/prefix_override:/usr/lib/python3/dist-packages/colcon_core/task/python/colcon_distutils_commands:/home/mrc/sim_ws/install/ppo_racing/lib/python3.8/site-packages:${PYTHONPATH} /usr/bin/python3 -W ignore:setup.py install is deprecated -W ignore:easy_install command is deprecated setup.py egg_info --egg-base ../../build/ppo_racing build --build-base /home/mrc/sim_ws/build/ppo_racing/build install --record /home/mrc/sim_ws/build/ppo_racing/install.log --install-scripts $base/lib/ppo_racing --single-version-externally-managed install_data
[3.649s] running egg_info
[3.650s] writing ../../build/ppo_racing/ppo_racing.egg-info/PKG-INFO
[3.650s] writing dependency_links to ../../build/ppo_racing/ppo_racing.egg-info/dependency_links.txt
[3.652s] writing entry points to ../../build/ppo_racing/ppo_racing.egg-info/entry_points.txt
[3.654s] writing requirements to ../../build/ppo_racing/ppo_racing.egg-info/requires.txt
[3.656s] writing top-level names to ../../build/ppo_racing/ppo_racing.egg-info/top_level.txt
[3.814s] reading manifest file '../../build/ppo_racing/ppo_racing.egg-info/SOURCES.txt'
[3.823s] writing manifest file '../../build/ppo_racing/ppo_racing.egg-info/SOURCES.txt'
[3.825s] running build
[3.825s] running build_py
[3.832s] copying ppo_racing/policy_node_local_obs.py -> /home/mrc/sim_ws/build/ppo_racing/build/lib/ppo_racing
[3.835s] running install
[3.837s] running install_lib
[3.847s] copying /home/mrc/sim_ws/build/ppo_racing/build/lib/ppo_racing/policy_node_local_obs.py -> /home/mrc/sim_ws/install/ppo_racing/lib/python3.8/site-packages/ppo_racing
[3.852s] byte-compiling /home/mrc/sim_ws/install/ppo_racing/lib/python3.8/site-packages/ppo_racing/policy_node_local_obs.py to policy_node_local_obs.cpython-38.pyc
[3.865s] running install_data
[3.865s] running install_egg_info
[3.873s] removing '/home/mrc/sim_ws/install/ppo_racing/lib/python3.8/site-packages/ppo_racing-0.0.0-py3.8.egg-info' (and everything under it)
[3.876s] Copying ../../build/ppo_racing/ppo_racing.egg-info to /home/mrc/sim_ws/install/ppo_racing/lib/python3.8/site-packages/ppo_racing-0.0.0-py3.8.egg-info
[3.889s] running install_scripts
[3.939s] Installing multi_agent_policy_node script to /home/mrc/sim_ws/install/ppo_racing/lib/ppo_racing
[3.941s] Installing policy_node script to /home/mrc/sim_ws/install/ppo_racing/lib/ppo_racing
[3.942s] Installing policy_node_local_obs script to /home/mrc/sim_ws/install/ppo_racing/lib/ppo_racing
[3.944s] writing list of installed files to '/home/mrc/sim_ws/build/ppo_racing/install.log'
[4.001s] Invoked command in '/home/mrc/sim_ws/src/ppo_racing' returned '0': PYTHONPATH=/home/mrc/sim_ws/build/ppo_racing/prefix_override:/usr/lib/python3/dist-packages/colcon_core/task/python/colcon_distutils_commands:/home/mrc/sim_ws/install/ppo_racing/lib/python3.8/site-packages:${PYTHONPATH} /usr/bin/python3 -W ignore:setup.py install is deprecated -W ignore:easy_install command is deprecated setup.py egg_info --egg-base ../../build/ppo_racing build --build-base /home/mrc/sim_ws/build/ppo_racing/build install --record /home/mrc/sim_ws/build/ppo_racing/install.log --install-scripts $base/lib/ppo_racing --single-version-externally-managed install_data
