[7.455s] Invoking command in '/home/mrc/sim_ws/src/ppo_racing': PYTHONPATH=/home/mrc/sim_ws/build/ppo_racing/prefix_override:/usr/lib/python3/dist-packages/colcon_core/task/python/colcon_distutils_commands:/home/mrc/sim_ws/install/ppo_racing/lib/python3.8/site-packages:${PYTHONPATH} /usr/bin/python3 -W ignore:setup.py install is deprecated -W ignore:easy_install command is deprecated setup.py egg_info --egg-base ../../build/ppo_racing build --build-base /home/mrc/sim_ws/build/ppo_racing/build install --record /home/mrc/sim_ws/build/ppo_racing/install.log --install-scripts $base/lib/ppo_racing --single-version-externally-managed install_data
[9.591s] running egg_info
[9.604s] writing ../../build/ppo_racing/ppo_racing.egg-info/PKG-INFO
[9.609s] writing dependency_links to ../../build/ppo_racing/ppo_racing.egg-info/dependency_links.txt
[9.616s] writing entry points to ../../build/ppo_racing/ppo_racing.egg-info/entry_points.txt
[9.621s] writing requirements to ../../build/ppo_racing/ppo_racing.egg-info/requires.txt
[9.647s] writing top-level names to ../../build/ppo_racing/ppo_racing.egg-info/top_level.txt
[10.025s] reading manifest file '../../build/ppo_racing/ppo_racing.egg-info/SOURCES.txt'
[10.037s] writing manifest file '../../build/ppo_racing/ppo_racing.egg-info/SOURCES.txt'
[10.041s] running build
[10.042s] running build_py
[10.052s] copying ppo_racing/policy_node.py -> /home/mrc/sim_ws/build/ppo_racing/build/lib/ppo_racing
[10.054s] running install
[10.062s] running install_lib
[10.076s] copying /home/mrc/sim_ws/build/ppo_racing/build/lib/ppo_racing/policy_node.py -> /home/mrc/sim_ws/install/ppo_racing/lib/python3.8/site-packages/ppo_racing
[10.083s] byte-compiling /home/mrc/sim_ws/install/ppo_racing/lib/python3.8/site-packages/ppo_racing/policy_node.py to policy_node.cpython-38.pyc
[10.110s] running install_data
[10.114s] running install_egg_info
[10.142s] removing '/home/mrc/sim_ws/install/ppo_racing/lib/python3.8/site-packages/ppo_racing-0.0.0-py3.8.egg-info' (and everything under it)
[10.143s] Copying ../../build/ppo_racing/ppo_racing.egg-info to /home/mrc/sim_ws/install/ppo_racing/lib/python3.8/site-packages/ppo_racing-0.0.0-py3.8.egg-info
[10.156s] running install_scripts
[10.263s] Installing multi_agent_policy_node script to /home/mrc/sim_ws/install/ppo_racing/lib/ppo_racing
[10.266s] Installing policy_node script to /home/mrc/sim_ws/install/ppo_racing/lib/ppo_racing
[10.294s] writing list of installed files to '/home/mrc/sim_ws/build/ppo_racing/install.log'
[10.447s] Invoked command in '/home/mrc/sim_ws/src/ppo_racing' returned '0': PYTHONPATH=/home/mrc/sim_ws/build/ppo_racing/prefix_override:/usr/lib/python3/dist-packages/colcon_core/task/python/colcon_distutils_commands:/home/mrc/sim_ws/install/ppo_racing/lib/python3.8/site-packages:${PYTHONPATH} /usr/bin/python3 -W ignore:setup.py install is deprecated -W ignore:easy_install command is deprecated setup.py egg_info --egg-base ../../build/ppo_racing build --build-base /home/mrc/sim_ws/build/ppo_racing/build install --record /home/mrc/sim_ws/build/ppo_racing/install.log --install-scripts $base/lib/ppo_racing --single-version-externally-managed install_data
