[2.110s] Invoking command in '/home/mrc/sim_ws/src/rrt_package': PYTHONPATH=/home/mrc/sim_ws/build/rrt_package/prefix_override:/usr/lib/python3/dist-packages/colcon_core/task/python/colcon_distutils_commands:/home/mrc/sim_ws/install/rrt_package/lib/python3.8/site-packages:${PYTHONPATH} /usr/bin/python3 -W ignore:setup.py install is deprecated -W ignore:easy_install command is deprecated setup.py egg_info --egg-base ../../build/rrt_package build --build-base /home/mrc/sim_ws/build/rrt_package/build install --record /home/mrc/sim_ws/build/rrt_package/install.log --install-scripts $base/lib/rrt_package --single-version-externally-managed install_data
[2.893s] running egg_info
[2.894s] writing ../../build/rrt_package/rrt_package.egg-info/PKG-INFO
[2.895s] writing dependency_links to ../../build/rrt_package/rrt_package.egg-info/dependency_links.txt
[2.895s] writing entry points to ../../build/rrt_package/rrt_package.egg-info/entry_points.txt
[2.896s] writing requirements to ../../build/rrt_package/rrt_package.egg-info/requires.txt
[2.896s] writing top-level names to ../../build/rrt_package/rrt_package.egg-info/top_level.txt
[2.993s] reading manifest file '../../build/rrt_package/rrt_package.egg-info/SOURCES.txt'
[2.995s] writing manifest file '../../build/rrt_package/rrt_package.egg-info/SOURCES.txt'
[2.995s] running build
[2.996s] running build_py
[2.996s] copying rrt_package/RRT_node.py -> /home/mrc/sim_ws/build/rrt_package/build/lib/rrt_package
[2.997s] running install
[3.003s] running install_lib
[3.005s] copying /home/mrc/sim_ws/build/rrt_package/build/lib/rrt_package/RRT_node.py -> /home/mrc/sim_ws/install/rrt_package/lib/python3.8/site-packages/rrt_package
[3.007s] byte-compiling /home/mrc/sim_ws/install/rrt_package/lib/python3.8/site-packages/rrt_package/RRT_node.py to RRT_node.cpython-38.pyc
[3.014s] running install_data
[3.014s] running install_egg_info
[3.022s] removing '/home/mrc/sim_ws/install/rrt_package/lib/python3.8/site-packages/rrt_package-0.0.0-py3.8.egg-info' (and everything under it)
[3.022s] Copying ../../build/rrt_package/rrt_package.egg-info to /home/mrc/sim_ws/install/rrt_package/lib/python3.8/site-packages/rrt_package-0.0.0-py3.8.egg-info
[3.025s] running install_scripts
[3.074s] Installing RRT_node script to /home/mrc/sim_ws/install/rrt_package/lib/rrt_package
[3.074s] Installing rrt_pure_pursuit script to /home/mrc/sim_ws/install/rrt_package/lib/rrt_package
[3.075s] writing list of installed files to '/home/mrc/sim_ws/build/rrt_package/install.log'
[3.142s] Invoked command in '/home/mrc/sim_ws/src/rrt_package' returned '0': PYTHONPATH=/home/mrc/sim_ws/build/rrt_package/prefix_override:/usr/lib/python3/dist-packages/colcon_core/task/python/colcon_distutils_commands:/home/mrc/sim_ws/install/rrt_package/lib/python3.8/site-packages:${PYTHONPATH} /usr/bin/python3 -W ignore:setup.py install is deprecated -W ignore:easy_install command is deprecated setup.py egg_info --egg-base ../../build/rrt_package build --build-base /home/mrc/sim_ws/build/rrt_package/build install --record /home/mrc/sim_ws/build/rrt_package/install.log --install-scripts $base/lib/rrt_package --single-version-externally-managed install_data
