[0.111s] Invoking command in '/home/mrc/sim_ws/build/pure_pursuit': CMAKE_PREFIX_PATH=${CMAKE_PREFIX_PATH}:/home/mrc/sim_ws/install/particle_filter:/home/mrc/sim_ws/install/f1tenth_gym_ros:/opt/ros/foxy /usr/bin/cmake --build /home/mrc/sim_ws/build/pure_pursuit -- -j2 -l2
[0.377s] Invoked command in '/home/mrc/sim_ws/build/pure_pursuit' returned '0': CMAKE_PREFIX_PATH=${CMAKE_PREFIX_PATH}:/home/mrc/sim_ws/install/particle_filter:/home/mrc/sim_ws/install/f1tenth_gym_ros:/opt/ros/foxy /usr/bin/cmake --build /home/mrc/sim_ws/build/pure_pursuit -- -j2 -l2
[0.433s] Invoking command in '/home/mrc/sim_ws/build/pure_pursuit': CMAKE_PREFIX_PATH=${CMAKE_PREFIX_PATH}:/home/mrc/sim_ws/install/particle_filter:/home/mrc/sim_ws/install/f1tenth_gym_ros:/opt/ros/foxy /usr/bin/cmake --install /home/mrc/sim_ws/build/pure_pursuit
[0.479s] -- Install configuration: ""
[0.480s] -- Up-to-date: /home/mrc/sim_ws/install/pure_pursuit/share/pure_pursuit/environment/pythonpath.sh
[0.481s] -- Up-to-date: /home/mrc/sim_ws/install/pure_pursuit/share/pure_pursuit/environment/pythonpath.dsv
[0.481s] -- Up-to-date: /home/mrc/sim_ws/install/pure_pursuit/lib/python3.8/site-packages/pure_pursuit
[0.482s] -- Up-to-date: /home/mrc/sim_ws/install/pure_pursuit/lib/python3.8/site-packages/pure_pursuit/__init__.py
[0.632s] Listing '/home/mrc/sim_ws/install/pure_pursuit/lib/python3.8/site-packages/pure_pursuit'...
[0.667s] -- Installing: /home/mrc/sim_ws/install/pure_pursuit/lib/pure_pursuit/pure_pursuit_node.py
[0.670s] -- Up-to-date: /home/mrc/sim_ws/install/pure_pursuit/share/ament_index/resource_index/package_run_dependencies/pure_pursuit
[0.671s] -- Up-to-date: /home/mrc/sim_ws/install/pure_pursuit/share/ament_index/resource_index/parent_prefix_path/pure_pursuit
[0.673s] -- Up-to-date: /home/mrc/sim_ws/install/pure_pursuit/share/pure_pursuit/environment/ament_prefix_path.sh
[0.674s] -- Up-to-date: /home/mrc/sim_ws/install/pure_pursuit/share/pure_pursuit/environment/ament_prefix_path.dsv
[0.675s] -- Up-to-date: /home/mrc/sim_ws/install/pure_pursuit/share/pure_pursuit/environment/path.sh
[0.678s] -- Up-to-date: /home/mrc/sim_ws/install/pure_pursuit/share/pure_pursuit/environment/path.dsv
[0.678s] -- Up-to-date: /home/mrc/sim_ws/install/pure_pursuit/share/pure_pursuit/local_setup.bash
[0.680s] -- Up-to-date: /home/mrc/sim_ws/install/pure_pursuit/share/pure_pursuit/local_setup.sh
[0.689s] -- Up-to-date: /home/mrc/sim_ws/install/pure_pursuit/share/pure_pursuit/local_setup.zsh
[0.694s] -- Up-to-date: /home/mrc/sim_ws/install/pure_pursuit/share/pure_pursuit/local_setup.dsv
[0.709s] -- Installing: /home/mrc/sim_ws/install/pure_pursuit/share/pure_pursuit/package.dsv
[0.721s] -- Up-to-date: /home/mrc/sim_ws/install/pure_pursuit/share/ament_index/resource_index/packages/pure_pursuit
[0.722s] -- Up-to-date: /home/mrc/sim_ws/install/pure_pursuit/share/pure_pursuit/cmake/pure_pursuitConfig.cmake
[0.722s] -- Up-to-date: /home/mrc/sim_ws/install/pure_pursuit/share/pure_pursuit/cmake/pure_pursuitConfig-version.cmake
[0.722s] -- Up-to-date: /home/mrc/sim_ws/install/pure_pursuit/share/pure_pursuit/package.xml
[0.740s] Invoked command in '/home/mrc/sim_ws/build/pure_pursuit' returned '0': CMAKE_PREFIX_PATH=${CMAKE_PREFIX_PATH}:/home/mrc/sim_ws/install/particle_filter:/home/mrc/sim_ws/install/f1tenth_gym_ros:/opt/ros/foxy /usr/bin/cmake --install /home/mrc/sim_ws/build/pure_pursuit
