[0.039s] Invoking command in '/home/mrc/sim_ws/build/pure_pursuit': CMAKE_PREFIX_PATH=${CMAKE_PREFIX_PATH}:/home/mrc/sim_ws/install/particle_filter:/home/mrc/sim_ws/install/f1tenth_gym_ros:/opt/ros/foxy /usr/bin/cmake --build /home/mrc/sim_ws/build/pure_pursuit -- -j2 -l2
[0.155s] Invoked command in '/home/mrc/sim_ws/build/pure_pursuit' returned '0': CMAKE_PREFIX_PATH=${CMAKE_PREFIX_PATH}:/home/mrc/sim_ws/install/particle_filter:/home/mrc/sim_ws/install/f1tenth_gym_ros:/opt/ros/foxy /usr/bin/cmake --build /home/mrc/sim_ws/build/pure_pursuit -- -j2 -l2
[0.160s] Invoking command in '/home/mrc/sim_ws/build/pure_pursuit': CMAKE_PREFIX_PATH=${CMAKE_PREFIX_PATH}:/home/mrc/sim_ws/install/particle_filter:/home/mrc/sim_ws/install/f1tenth_gym_ros:/opt/ros/foxy /usr/bin/cmake --install /home/mrc/sim_ws/build/pure_pursuit
[0.182s] -- Install configuration: ""
[0.183s] -- Execute custom install script
[0.183s] -- Up-to-date symlink: /home/mrc/sim_ws/install/pure_pursuit/share/pure_pursuit/environment/pythonpath.sh
[0.184s] -- Up-to-date symlink: /home/mrc/sim_ws/install/pure_pursuit/share/pure_pursuit/environment/pythonpath.dsv
[0.185s] -- Up-to-date symlink: /home/mrc/sim_ws/install/pure_pursuit/lib/python3.8/site-packages/pure_pursuit/__init__.py
[0.186s] -- Up-to-date symlink: /home/mrc/sim_ws/install/pure_pursuit/lib/pure_pursuit/pure_pursuit_node.py
[0.186s] -- Up-to-date symlink: /home/mrc/sim_ws/install/pure_pursuit/share/ament_index/resource_index/package_run_dependencies/pure_pursuit
[0.187s] -- Up-to-date symlink: /home/mrc/sim_ws/install/pure_pursuit/share/ament_index/resource_index/parent_prefix_path/pure_pursuit
[0.187s] -- Up-to-date symlink: /home/mrc/sim_ws/install/pure_pursuit/share/pure_pursuit/environment/ament_prefix_path.sh
[0.188s] -- Up-to-date symlink: /home/mrc/sim_ws/install/pure_pursuit/share/pure_pursuit/environment/ament_prefix_path.dsv
[0.189s] -- Up-to-date symlink: /home/mrc/sim_ws/install/pure_pursuit/share/pure_pursuit/environment/path.sh
[0.191s] -- Up-to-date symlink: /home/mrc/sim_ws/install/pure_pursuit/share/pure_pursuit/environment/path.dsv
[0.191s] -- Up-to-date symlink: /home/mrc/sim_ws/install/pure_pursuit/share/pure_pursuit/local_setup.bash
[0.192s] -- Up-to-date symlink: /home/mrc/sim_ws/install/pure_pursuit/share/pure_pursuit/local_setup.sh
[0.192s] -- Up-to-date symlink: /home/mrc/sim_ws/install/pure_pursuit/share/pure_pursuit/local_setup.zsh
[0.193s] -- Up-to-date symlink: /home/mrc/sim_ws/install/pure_pursuit/share/pure_pursuit/local_setup.dsv
[0.193s] -- Symlinking: /home/mrc/sim_ws/install/pure_pursuit/share/pure_pursuit/package.dsv
[0.210s] -- Up-to-date symlink: /home/mrc/sim_ws/install/pure_pursuit/share/ament_index/resource_index/packages/pure_pursuit
[0.211s] -- Up-to-date symlink: /home/mrc/sim_ws/install/pure_pursuit/share/pure_pursuit/cmake/pure_pursuitConfig.cmake
[0.212s] -- Up-to-date symlink: /home/mrc/sim_ws/install/pure_pursuit/share/pure_pursuit/cmake/pure_pursuitConfig-version.cmake
[0.212s] -- Up-to-date symlink: /home/mrc/sim_ws/install/pure_pursuit/share/pure_pursuit/package.xml
[0.270s] Listing '/home/mrc/sim_ws/install/pure_pursuit/lib/python3.8/site-packages/pure_pursuit'...
[0.283s] Invoked command in '/home/mrc/sim_ws/build/pure_pursuit' returned '0': CMAKE_PREFIX_PATH=${CMAKE_PREFIX_PATH}:/home/mrc/sim_ws/install/particle_filter:/home/mrc/sim_ws/install/f1tenth_gym_ros:/opt/ros/foxy /usr/bin/cmake --install /home/mrc/sim_ws/build/pure_pursuit
