[0.435s] DEBUG:colcon:Command line arguments: ['/usr/bin/colcon', 'build', '--packages-select', 'gap_follow']
[0.435s] DEBUG:colcon:Parsed command line arguments: Namespace(allow_overriding=[], ament_cmake_args=None, base_paths=['.'], build_base='build', catkin_cmake_args=None, catkin_skip_building_tests=False, cmake_args=None, cmake_clean_cache=False, cmake_clean_first=False, cmake_force_configure=False, cmake_target=None, cmake_target_skip_unavailable=False, continue_on_error=False, event_handlers=None, executor='parallel', ignore_user_meta=False, install_base='install', log_base=None, log_level=None, main=<bound method BuildVerb.main of <colcon_core.verb.build.BuildVerb object at 0x7febbe14bd60>>, merge_install=False, metas=['./colcon.meta'], mixin=None, mixin_files=None, mixin_verb=('build',), packages_above=None, packages_above_and_dependencies=None, packages_above_depth=None, packages_end=None, packages_ignore=None, packages_ignore_regex=None, packages_select=['gap_follow'], packages_select_build_failed=False, packages_select_by_dep=None, packages_select_regex=None, packages_select_test_failures=False, packages_skip=None, packages_skip_build_finished=False, packages_skip_by_dep=None, packages_skip_regex=None, packages_skip_test_passed=False, packages_skip_up_to=None, packages_start=None, packages_up_to=None, packages_up_to_regex=None, parallel_workers=2, paths=None, symlink_install=False, test_result_base=None, verb_extension=<colcon_core.verb.build.BuildVerb object at 0x7febbe14bd60>, verb_name='build', verb_parser=<colcon_mixin.mixin.mixin_argument.MixinArgumentDecorator object at 0x7febbdfc3400>)
[0.774s] Level 1:colcon.colcon_core.package_discovery:discover_packages(colcon_meta) check parameters
[0.775s] Level 1:colcon.colcon_core.package_discovery:discover_packages(recursive) check parameters
[0.775s] Level 1:colcon.colcon_core.package_discovery:discover_packages(ignore) check parameters
[0.775s] Level 1:colcon.colcon_core.package_discovery:discover_packages(path) check parameters
[0.776s] Level 1:colcon.colcon_core.package_discovery:discover_packages(colcon_meta) discover
[0.776s] Level 1:colcon.colcon_core.package_discovery:discover_packages(recursive) discover
[0.776s] INFO:colcon.colcon_core.package_discovery:Crawling recursively for packages in '/home/mrc/sim_ws'
[0.776s] Level 1:colcon.colcon_core.package_identification:_identify(.) by extensions ['ignore', 'ignore_ament_install']
[0.776s] Level 1:colcon.colcon_core.package_identification:_identify(.) by extension 'ignore'
[0.776s] Level 1:colcon.colcon_core.package_identification:_identify(.) by extension 'ignore_ament_install'
[0.776s] Level 1:colcon.colcon_core.package_identification:_identify(.) by extensions ['colcon_pkg']
[0.776s] Level 1:colcon.colcon_core.package_identification:_identify(.) by extension 'colcon_pkg'
[0.777s] Level 1:colcon.colcon_core.package_identification:_identify(.) by extensions ['colcon_meta']
[0.777s] Level 1:colcon.colcon_core.package_identification:_identify(.) by extension 'colcon_meta'
[0.777s] Level 1:colcon.colcon_core.package_identification:_identify(.) by extensions ['ros']
[0.777s] Level 1:colcon.colcon_core.package_identification:_identify(.) by extension 'ros'
[0.792s] Level 1:colcon.colcon_core.package_identification:_identify(.) by extensions ['cmake', 'python']
[0.793s] Level 1:colcon.colcon_core.package_identification:_identify(.) by extension 'cmake'
[0.793s] Level 1:colcon.colcon_core.package_identification:_identify(.) by extension 'python'
[0.793s] Level 1:colcon.colcon_core.package_identification:_identify(.) by extensions ['python_setup_py']
[0.793s] Level 1:colcon.colcon_core.package_identification:_identify(.) by extension 'python_setup_py'
[0.793s] Level 1:colcon.colcon_core.package_identification:_identify(build) by extensions ['ignore', 'ignore_ament_install']
[0.793s] Level 1:colcon.colcon_core.package_identification:_identify(build) by extension 'ignore'
[0.793s] Level 1:colcon.colcon_core.package_identification:_identify(build) ignored
[0.793s] Level 1:colcon.colcon_core.package_identification:_identify(install) by extensions ['ignore', 'ignore_ament_install']
[0.793s] Level 1:colcon.colcon_core.package_identification:_identify(install) by extension 'ignore'
[0.793s] Level 1:colcon.colcon_core.package_identification:_identify(install) ignored
[0.794s] Level 1:colcon.colcon_core.package_identification:_identify(log) by extensions ['ignore', 'ignore_ament_install']
[0.794s] Level 1:colcon.colcon_core.package_identification:_identify(log) by extension 'ignore'
[0.794s] Level 1:colcon.colcon_core.package_identification:_identify(log) ignored
[0.794s] Level 1:colcon.colcon_core.package_identification:_identify(src) by extensions ['ignore', 'ignore_ament_install']
[0.794s] Level 1:colcon.colcon_core.package_identification:_identify(src) by extension 'ignore'
[0.794s] Level 1:colcon.colcon_core.package_identification:_identify(src) by extension 'ignore_ament_install'
[0.794s] Level 1:colcon.colcon_core.package_identification:_identify(src) by extensions ['colcon_pkg']
[0.794s] Level 1:colcon.colcon_core.package_identification:_identify(src) by extension 'colcon_pkg'
[0.794s] Level 1:colcon.colcon_core.package_identification:_identify(src) by extensions ['colcon_meta']
[0.794s] Level 1:colcon.colcon_core.package_identification:_identify(src) by extension 'colcon_meta'
[0.794s] Level 1:colcon.colcon_core.package_identification:_identify(src) by extensions ['ros']
[0.794s] Level 1:colcon.colcon_core.package_identification:_identify(src) by extension 'ros'
[0.795s] Level 1:colcon.colcon_core.package_identification:_identify(src) by extensions ['cmake', 'python']
[0.795s] Level 1:colcon.colcon_core.package_identification:_identify(src) by extension 'cmake'
[0.795s] Level 1:colcon.colcon_core.package_identification:_identify(src) by extension 'python'
[0.795s] Level 1:colcon.colcon_core.package_identification:_identify(src) by extensions ['python_setup_py']
[0.795s] Level 1:colcon.colcon_core.package_identification:_identify(src) by extension 'python_setup_py'
[0.795s] Level 1:colcon.colcon_core.package_identification:_identify(src/f1tenth_gym_ros) by extensions ['ignore', 'ignore_ament_install']
[0.795s] Level 1:colcon.colcon_core.package_identification:_identify(src/f1tenth_gym_ros) by extension 'ignore'
[0.795s] Level 1:colcon.colcon_core.package_identification:_identify(src/f1tenth_gym_ros) by extension 'ignore_ament_install'
[0.795s] Level 1:colcon.colcon_core.package_identification:_identify(src/f1tenth_gym_ros) by extensions ['colcon_pkg']
[0.795s] Level 1:colcon.colcon_core.package_identification:_identify(src/f1tenth_gym_ros) by extension 'colcon_pkg'
[0.795s] Level 1:colcon.colcon_core.package_identification:_identify(src/f1tenth_gym_ros) by extensions ['colcon_meta']
[0.795s] Level 1:colcon.colcon_core.package_identification:_identify(src/f1tenth_gym_ros) by extension 'colcon_meta'
[0.795s] Level 1:colcon.colcon_core.package_identification:_identify(src/f1tenth_gym_ros) by extensions ['ros']
[0.795s] Level 1:colcon.colcon_core.package_identification:_identify(src/f1tenth_gym_ros) by extension 'ros'
[0.803s] DEBUG:colcon.colcon_core.package_identification:Package 'src/f1tenth_gym_ros' with type 'ros.ament_python' and name 'f1tenth_gym_ros'
[0.804s] Level 1:colcon.colcon_core.package_identification:_identify(src/f1tenth_lab2_template) by extensions ['ignore', 'ignore_ament_install']
[0.805s] Level 1:colcon.colcon_core.package_identification:_identify(src/f1tenth_lab2_template) by extension 'ignore'
[0.805s] Level 1:colcon.colcon_core.package_identification:_identify(src/f1tenth_lab2_template) by extension 'ignore_ament_install'
[0.805s] Level 1:colcon.colcon_core.package_identification:_identify(src/f1tenth_lab2_template) by extensions ['colcon_pkg']
[0.805s] Level 1:colcon.colcon_core.package_identification:_identify(src/f1tenth_lab2_template) by extension 'colcon_pkg'
[0.805s] Level 1:colcon.colcon_core.package_identification:_identify(src/f1tenth_lab2_template) by extensions ['colcon_meta']
[0.805s] Level 1:colcon.colcon_core.package_identification:_identify(src/f1tenth_lab2_template) by extension 'colcon_meta'
[0.805s] Level 1:colcon.colcon_core.package_identification:_identify(src/f1tenth_lab2_template) by extensions ['ros']
[0.805s] Level 1:colcon.colcon_core.package_identification:_identify(src/f1tenth_lab2_template) by extension 'ros'
[0.805s] Level 1:colcon.colcon_core.package_identification:_identify(src/f1tenth_lab2_template) by extensions ['cmake', 'python']
[0.805s] Level 1:colcon.colcon_core.package_identification:_identify(src/f1tenth_lab2_template) by extension 'cmake'
[0.806s] Level 1:colcon.colcon_core.package_identification:_identify(src/f1tenth_lab2_template) by extension 'python'
[0.806s] Level 1:colcon.colcon_core.package_identification:_identify(src/f1tenth_lab2_template) by extensions ['python_setup_py']
[0.806s] Level 1:colcon.colcon_core.package_identification:_identify(src/f1tenth_lab2_template) by extension 'python_setup_py'
[0.807s] Level 1:colcon.colcon_core.package_identification:_identify(src/f1tenth_lab2_template/safety_node) by extensions ['ignore', 'ignore_ament_install']
[0.807s] Level 1:colcon.colcon_core.package_identification:_identify(src/f1tenth_lab2_template/safety_node) by extension 'ignore'
[0.807s] Level 1:colcon.colcon_core.package_identification:_identify(src/f1tenth_lab2_template/safety_node) by extension 'ignore_ament_install'
[0.807s] Level 1:colcon.colcon_core.package_identification:_identify(src/f1tenth_lab2_template/safety_node) by extensions ['colcon_pkg']
[0.807s] Level 1:colcon.colcon_core.package_identification:_identify(src/f1tenth_lab2_template/safety_node) by extension 'colcon_pkg'
[0.807s] Level 1:colcon.colcon_core.package_identification:_identify(src/f1tenth_lab2_template/safety_node) by extensions ['colcon_meta']
[0.807s] Level 1:colcon.colcon_core.package_identification:_identify(src/f1tenth_lab2_template/safety_node) by extension 'colcon_meta'
[0.807s] Level 1:colcon.colcon_core.package_identification:_identify(src/f1tenth_lab2_template/safety_node) by extensions ['ros']
[0.807s] Level 1:colcon.colcon_core.package_identification:_identify(src/f1tenth_lab2_template/safety_node) by extension 'ros'
[0.809s] DEBUG:colcon.colcon_core.package_identification:Package 'src/f1tenth_lab2_template/safety_node' with type 'ros.ament_cmake' and name 'safety_node'
[0.809s] Level 1:colcon.colcon_core.package_identification:_identify(src/f1tenth_lab3_template) by extensions ['ignore', 'ignore_ament_install']
[0.809s] Level 1:colcon.colcon_core.package_identification:_identify(src/f1tenth_lab3_template) by extension 'ignore'
[0.809s] Level 1:colcon.colcon_core.package_identification:_identify(src/f1tenth_lab3_template) by extension 'ignore_ament_install'
[0.809s] Level 1:colcon.colcon_core.package_identification:_identify(src/f1tenth_lab3_template) by extensions ['colcon_pkg']
[0.809s] Level 1:colcon.colcon_core.package_identification:_identify(src/f1tenth_lab3_template) by extension 'colcon_pkg'
[0.810s] Level 1:colcon.colcon_core.package_identification:_identify(src/f1tenth_lab3_template) by extensions ['colcon_meta']
[0.810s] Level 1:colcon.colcon_core.package_identification:_identify(src/f1tenth_lab3_template) by extension 'colcon_meta'
[0.810s] Level 1:colcon.colcon_core.package_identification:_identify(src/f1tenth_lab3_template) by extensions ['ros']
[0.810s] Level 1:colcon.colcon_core.package_identification:_identify(src/f1tenth_lab3_template) by extension 'ros'
[0.810s] Level 1:colcon.colcon_core.package_identification:_identify(src/f1tenth_lab3_template) by extensions ['cmake', 'python']
[0.810s] Level 1:colcon.colcon_core.package_identification:_identify(src/f1tenth_lab3_template) by extension 'cmake'
[0.810s] Level 1:colcon.colcon_core.package_identification:_identify(src/f1tenth_lab3_template) by extension 'python'
[0.810s] Level 1:colcon.colcon_core.package_identification:_identify(src/f1tenth_lab3_template) by extensions ['python_setup_py']
[0.810s] Level 1:colcon.colcon_core.package_identification:_identify(src/f1tenth_lab3_template) by extension 'python_setup_py'
[0.810s] Level 1:colcon.colcon_core.package_identification:_identify(src/f1tenth_lab3_template/img) by extensions ['ignore', 'ignore_ament_install']
[0.810s] Level 1:colcon.colcon_core.package_identification:_identify(src/f1tenth_lab3_template/img) by extension 'ignore'
[0.810s] Level 1:colcon.colcon_core.package_identification:_identify(src/f1tenth_lab3_template/img) by extension 'ignore_ament_install'
[0.810s] Level 1:colcon.colcon_core.package_identification:_identify(src/f1tenth_lab3_template/img) by extensions ['colcon_pkg']
[0.811s] Level 1:colcon.colcon_core.package_identification:_identify(src/f1tenth_lab3_template/img) by extension 'colcon_pkg'
[0.811s] Level 1:colcon.colcon_core.package_identification:_identify(src/f1tenth_lab3_template/img) by extensions ['colcon_meta']
[0.811s] Level 1:colcon.colcon_core.package_identification:_identify(src/f1tenth_lab3_template/img) by extension 'colcon_meta'
[0.811s] Level 1:colcon.colcon_core.package_identification:_identify(src/f1tenth_lab3_template/img) by extensions ['ros']
[0.811s] Level 1:colcon.colcon_core.package_identification:_identify(src/f1tenth_lab3_template/img) by extension 'ros'
[0.811s] Level 1:colcon.colcon_core.package_identification:_identify(src/f1tenth_lab3_template/img) by extensions ['cmake', 'python']
[0.811s] Level 1:colcon.colcon_core.package_identification:_identify(src/f1tenth_lab3_template/img) by extension 'cmake'
[0.811s] Level 1:colcon.colcon_core.package_identification:_identify(src/f1tenth_lab3_template/img) by extension 'python'
[0.811s] Level 1:colcon.colcon_core.package_identification:_identify(src/f1tenth_lab3_template/img) by extensions ['python_setup_py']
[0.811s] Level 1:colcon.colcon_core.package_identification:_identify(src/f1tenth_lab3_template/img) by extension 'python_setup_py'
[0.811s] Level 1:colcon.colcon_core.package_identification:_identify(src/f1tenth_lab3_template/wall_follow) by extensions ['ignore', 'ignore_ament_install']
[0.812s] Level 1:colcon.colcon_core.package_identification:_identify(src/f1tenth_lab3_template/wall_follow) by extension 'ignore'
[0.812s] Level 1:colcon.colcon_core.package_identification:_identify(src/f1tenth_lab3_template/wall_follow) by extension 'ignore_ament_install'
[0.812s] Level 1:colcon.colcon_core.package_identification:_identify(src/f1tenth_lab3_template/wall_follow) by extensions ['colcon_pkg']
[0.812s] Level 1:colcon.colcon_core.package_identification:_identify(src/f1tenth_lab3_template/wall_follow) by extension 'colcon_pkg'
[0.812s] Level 1:colcon.colcon_core.package_identification:_identify(src/f1tenth_lab3_template/wall_follow) by extensions ['colcon_meta']
[0.812s] Level 1:colcon.colcon_core.package_identification:_identify(src/f1tenth_lab3_template/wall_follow) by extension 'colcon_meta'
[0.812s] Level 1:colcon.colcon_core.package_identification:_identify(src/f1tenth_lab3_template/wall_follow) by extensions ['ros']
[0.812s] Level 1:colcon.colcon_core.package_identification:_identify(src/f1tenth_lab3_template/wall_follow) by extension 'ros'
[0.813s] DEBUG:colcon.colcon_core.package_identification:Package 'src/f1tenth_lab3_template/wall_follow' with type 'ros.ament_cmake' and name 'wall_follow'
[0.813s] Level 1:colcon.colcon_core.package_identification:_identify(src/f1tenth_lab4_template) by extensions ['ignore', 'ignore_ament_install']
[0.813s] Level 1:colcon.colcon_core.package_identification:_identify(src/f1tenth_lab4_template) by extension 'ignore'
[0.813s] Level 1:colcon.colcon_core.package_identification:_identify(src/f1tenth_lab4_template) by extension 'ignore_ament_install'
[0.814s] Level 1:colcon.colcon_core.package_identification:_identify(src/f1tenth_lab4_template) by extensions ['colcon_pkg']
[0.814s] Level 1:colcon.colcon_core.package_identification:_identify(src/f1tenth_lab4_template) by extension 'colcon_pkg'
[0.814s] Level 1:colcon.colcon_core.package_identification:_identify(src/f1tenth_lab4_template) by extensions ['colcon_meta']
[0.814s] Level 1:colcon.colcon_core.package_identification:_identify(src/f1tenth_lab4_template) by extension 'colcon_meta'
[0.814s] Level 1:colcon.colcon_core.package_identification:_identify(src/f1tenth_lab4_template) by extensions ['ros']
[0.815s] Level 1:colcon.colcon_core.package_identification:_identify(src/f1tenth_lab4_template) by extension 'ros'
[0.815s] Level 1:colcon.colcon_core.package_identification:_identify(src/f1tenth_lab4_template) by extensions ['cmake', 'python']
[0.815s] Level 1:colcon.colcon_core.package_identification:_identify(src/f1tenth_lab4_template) by extension 'cmake'
[0.815s] Level 1:colcon.colcon_core.package_identification:_identify(src/f1tenth_lab4_template) by extension 'python'
[0.815s] Level 1:colcon.colcon_core.package_identification:_identify(src/f1tenth_lab4_template) by extensions ['python_setup_py']
[0.815s] Level 1:colcon.colcon_core.package_identification:_identify(src/f1tenth_lab4_template) by extension 'python_setup_py'
[0.815s] Level 1:colcon.colcon_core.package_identification:_identify(src/f1tenth_lab4_template/gap_follow) by extensions ['ignore', 'ignore_ament_install']
[0.816s] Level 1:colcon.colcon_core.package_identification:_identify(src/f1tenth_lab4_template/gap_follow) by extension 'ignore'
[0.816s] Level 1:colcon.colcon_core.package_identification:_identify(src/f1tenth_lab4_template/gap_follow) by extension 'ignore_ament_install'
[0.816s] Level 1:colcon.colcon_core.package_identification:_identify(src/f1tenth_lab4_template/gap_follow) by extensions ['colcon_pkg']
[0.816s] Level 1:colcon.colcon_core.package_identification:_identify(src/f1tenth_lab4_template/gap_follow) by extension 'colcon_pkg'
[0.816s] Level 1:colcon.colcon_core.package_identification:_identify(src/f1tenth_lab4_template/gap_follow) by extensions ['colcon_meta']
[0.816s] Level 1:colcon.colcon_core.package_identification:_identify(src/f1tenth_lab4_template/gap_follow) by extension 'colcon_meta'
[0.816s] Level 1:colcon.colcon_core.package_identification:_identify(src/f1tenth_lab4_template/gap_follow) by extensions ['ros']
[0.816s] Level 1:colcon.colcon_core.package_identification:_identify(src/f1tenth_lab4_template/gap_follow) by extension 'ros'
[0.818s] DEBUG:colcon.colcon_core.package_identification:Package 'src/f1tenth_lab4_template/gap_follow' with type 'ros.ament_cmake' and name 'gap_follow'
[0.818s] Level 1:colcon.colcon_core.package_discovery:discover_packages(recursive) using defaults
[0.818s] Level 1:colcon.colcon_core.package_discovery:discover_packages(ignore) discover
[0.818s] Level 1:colcon.colcon_core.package_discovery:discover_packages(ignore) using defaults
[0.819s] Level 1:colcon.colcon_core.package_discovery:discover_packages(path) discover
[0.819s] Level 1:colcon.colcon_core.package_discovery:discover_packages(path) using defaults
[0.858s] INFO:colcon.colcon_core.package_selection:Skipping not selected package 'f1tenth_gym_ros' in 'src/f1tenth_gym_ros'
[0.859s] INFO:colcon.colcon_core.package_selection:Skipping not selected package 'safety_node' in 'src/f1tenth_lab2_template/safety_node'
[0.859s] INFO:colcon.colcon_core.package_selection:Skipping not selected package 'wall_follow' in 'src/f1tenth_lab3_template/wall_follow'
[0.859s] Level 1:colcon.colcon_core.package_discovery:discover_packages(prefix_path) check parameters
[0.859s] Level 1:colcon.colcon_core.package_discovery:discover_packages(prefix_path) discover
[0.868s] DEBUG:colcon.colcon_installed_package_information.package_discovery:Found 4 installed packages in /home/mrc/sim_ws/install
[0.871s] DEBUG:colcon.colcon_installed_package_information.package_discovery:Found 301 installed packages in /opt/ros/foxy
[0.884s] Level 1:colcon.colcon_core.package_discovery:discover_packages(prefix_path) using defaults
[1.010s] Level 5:colcon.colcon_core.verb:set package 'gap_follow' build argument 'cmake_args' from command line to 'None'
[1.010s] Level 5:colcon.colcon_core.verb:set package 'gap_follow' build argument 'cmake_target' from command line to 'None'
[1.010s] Level 5:colcon.colcon_core.verb:set package 'gap_follow' build argument 'cmake_target_skip_unavailable' from command line to 'False'
[1.010s] Level 5:colcon.colcon_core.verb:set package 'gap_follow' build argument 'cmake_clean_cache' from command line to 'False'
[1.010s] Level 5:colcon.colcon_core.verb:set package 'gap_follow' build argument 'cmake_clean_first' from command line to 'False'
[1.010s] Level 5:colcon.colcon_core.verb:set package 'gap_follow' build argument 'cmake_force_configure' from command line to 'False'
[1.010s] Level 5:colcon.colcon_core.verb:set package 'gap_follow' build argument 'ament_cmake_args' from command line to 'None'
[1.010s] Level 5:colcon.colcon_core.verb:set package 'gap_follow' build argument 'catkin_cmake_args' from command line to 'None'
[1.010s] Level 5:colcon.colcon_core.verb:set package 'gap_follow' build argument 'catkin_skip_building_tests' from command line to 'False'
[1.010s] DEBUG:colcon.colcon_core.verb:Building package 'gap_follow' with the following arguments: {'ament_cmake_args': None, 'build_base': '/home/mrc/sim_ws/build/gap_follow', 'catkin_cmake_args': None, 'catkin_skip_building_tests': False, 'cmake_args': None, 'cmake_clean_cache': False, 'cmake_clean_first': False, 'cmake_force_configure': False, 'cmake_target': None, 'cmake_target_skip_unavailable': False, 'install_base': '/home/mrc/sim_ws/install/gap_follow', 'merge_install': False, 'path': '/home/mrc/sim_ws/src/f1tenth_lab4_template/gap_follow', 'symlink_install': False, 'test_result_base': None}
[1.010s] INFO:colcon.colcon_core.executor:Executing jobs using 'parallel' executor
[1.011s] DEBUG:colcon.colcon_parallel_executor.executor.parallel:run_until_complete
[1.012s] INFO:colcon.colcon_ros.task.ament_cmake.build:Building ROS package in '/home/mrc/sim_ws/src/f1tenth_lab4_template/gap_follow' with build type 'ament_cmake'
[1.012s] INFO:colcon.colcon_cmake.task.cmake.build:Building CMake package in '/home/mrc/sim_ws/src/f1tenth_lab4_template/gap_follow'
[1.017s] INFO:colcon.colcon_core.plugin_system:Skipping extension 'colcon_core.shell.bat': Not used on non-Windows systems
[1.017s] INFO:colcon.colcon_core.shell:Skip shell extension 'powershell' for command environment: Not usable outside of PowerShell
[1.018s] DEBUG:colcon.colcon_core.shell:Skip shell extension 'dsv' for command environment
[1.079s] DEBUG:colcon.colcon_core.event_handler.log_command:Invoking command in '/home/mrc/sim_ws/build/gap_follow': CMAKE_PREFIX_PATH=${CMAKE_PREFIX_PATH}:/home/mrc/sim_ws/install/f1tenth_gym_ros:/opt/ros/foxy /usr/bin/cmake --build /home/mrc/sim_ws/build/gap_follow -- -j2 -l2
[1.227s] DEBUG:colcon.colcon_core.event_handler.log_command:Invoked command in '/home/mrc/sim_ws/build/gap_follow' returned '0': CMAKE_PREFIX_PATH=${CMAKE_PREFIX_PATH}:/home/mrc/sim_ws/install/f1tenth_gym_ros:/opt/ros/foxy /usr/bin/cmake --build /home/mrc/sim_ws/build/gap_follow -- -j2 -l2
[1.263s] DEBUG:colcon.colcon_core.event_handler.log_command:Invoking command in '/home/mrc/sim_ws/build/gap_follow': CMAKE_PREFIX_PATH=${CMAKE_PREFIX_PATH}:/home/mrc/sim_ws/install/f1tenth_gym_ros:/opt/ros/foxy /usr/bin/cmake --install /home/mrc/sim_ws/build/gap_follow
[1.376s] Level 1:colcon.colcon_core.environment:create_environment_scripts_only(gap_follow)
[1.385s] Level 1:colcon.colcon_core.environment:checking '/home/mrc/sim_ws/install/gap_follow' for CMake module files
[1.387s] DEBUG:colcon.colcon_core.event_handler.log_command:Invoked command in '/home/mrc/sim_ws/build/gap_follow' returned '0': CMAKE_PREFIX_PATH=${CMAKE_PREFIX_PATH}:/home/mrc/sim_ws/install/f1tenth_gym_ros:/opt/ros/foxy /usr/bin/cmake --install /home/mrc/sim_ws/build/gap_follow
[1.393s] Level 1:colcon.colcon_core.environment:checking '/home/mrc/sim_ws/install/gap_follow' for CMake config files
[1.393s] Level 1:colcon.colcon_core.shell:create_environment_hook('gap_follow', 'cmake_prefix_path')
[1.394s] INFO:colcon.colcon_core.shell:Creating environment hook '/home/mrc/sim_ws/install/gap_follow/share/gap_follow/hook/cmake_prefix_path.ps1'
[1.395s] INFO:colcon.colcon_core.shell:Creating environment descriptor '/home/mrc/sim_ws/install/gap_follow/share/gap_follow/hook/cmake_prefix_path.dsv'
[1.396s] INFO:colcon.colcon_core.shell:Creating environment hook '/home/mrc/sim_ws/install/gap_follow/share/gap_follow/hook/cmake_prefix_path.sh'
[1.398s] Level 1:colcon.colcon_core.environment:checking '/home/mrc/sim_ws/install/gap_follow/lib'
[1.399s] Level 1:colcon.colcon_core.environment:checking '/home/mrc/sim_ws/install/gap_follow/bin'
[1.399s] Level 1:colcon.colcon_core.environment:checking '/home/mrc/sim_ws/install/gap_follow/lib/pkgconfig/gap_follow.pc'
[1.399s] Level 1:colcon.colcon_core.environment:checking '/home/mrc/sim_ws/install/gap_follow/lib/python3.8/site-packages'
[1.399s] Level 1:colcon.colcon_core.shell:create_environment_hook('gap_follow', 'pythonpath')
[1.399s] INFO:colcon.colcon_core.shell:Creating environment hook '/home/mrc/sim_ws/install/gap_follow/share/gap_follow/hook/pythonpath.ps1'
[1.400s] INFO:colcon.colcon_core.shell:Creating environment descriptor '/home/mrc/sim_ws/install/gap_follow/share/gap_follow/hook/pythonpath.dsv'
[1.404s] INFO:colcon.colcon_core.shell:Creating environment hook '/home/mrc/sim_ws/install/gap_follow/share/gap_follow/hook/pythonpath.sh'
[1.409s] Level 1:colcon.colcon_core.environment:checking '/home/mrc/sim_ws/install/gap_follow/bin'
[1.411s] INFO:colcon.colcon_core.shell:Creating package script '/home/mrc/sim_ws/install/gap_follow/share/gap_follow/package.ps1'
[1.413s] INFO:colcon.colcon_core.shell:Creating package descriptor '/home/mrc/sim_ws/install/gap_follow/share/gap_follow/package.dsv'
[1.415s] INFO:colcon.colcon_core.shell:Creating package script '/home/mrc/sim_ws/install/gap_follow/share/gap_follow/package.sh'
[1.420s] INFO:colcon.colcon_core.shell:Creating package script '/home/mrc/sim_ws/install/gap_follow/share/gap_follow/package.bash'
[1.422s] INFO:colcon.colcon_core.shell:Creating package script '/home/mrc/sim_ws/install/gap_follow/share/gap_follow/package.zsh'
[1.423s] Level 1:colcon.colcon_core.environment:create_file_with_runtime_dependencies(/home/mrc/sim_ws/install/gap_follow/share/colcon-core/packages/gap_follow)
[1.426s] Level 1:colcon.colcon_core.environment:create_environment_scripts_only(gap_follow)
[1.426s] Level 1:colcon.colcon_core.environment:checking '/home/mrc/sim_ws/install/gap_follow' for CMake module files
[1.428s] Level 1:colcon.colcon_core.environment:checking '/home/mrc/sim_ws/install/gap_follow' for CMake config files
[1.429s] Level 1:colcon.colcon_core.shell:create_environment_hook('gap_follow', 'cmake_prefix_path')
[1.430s] INFO:colcon.colcon_core.shell:Creating environment hook '/home/mrc/sim_ws/install/gap_follow/share/gap_follow/hook/cmake_prefix_path.ps1'
[1.431s] INFO:colcon.colcon_core.shell:Creating environment descriptor '/home/mrc/sim_ws/install/gap_follow/share/gap_follow/hook/cmake_prefix_path.dsv'
[1.432s] INFO:colcon.colcon_core.shell:Creating environment hook '/home/mrc/sim_ws/install/gap_follow/share/gap_follow/hook/cmake_prefix_path.sh'
[1.433s] Level 1:colcon.colcon_core.environment:checking '/home/mrc/sim_ws/install/gap_follow/lib'
[1.433s] Level 1:colcon.colcon_core.environment:checking '/home/mrc/sim_ws/install/gap_follow/bin'
[1.433s] Level 1:colcon.colcon_core.environment:checking '/home/mrc/sim_ws/install/gap_follow/lib/pkgconfig/gap_follow.pc'
[1.434s] Level 1:colcon.colcon_core.environment:checking '/home/mrc/sim_ws/install/gap_follow/lib/python3.8/site-packages'
[1.434s] Level 1:colcon.colcon_core.shell:create_environment_hook('gap_follow', 'pythonpath')
[1.434s] INFO:colcon.colcon_core.shell:Creating environment hook '/home/mrc/sim_ws/install/gap_follow/share/gap_follow/hook/pythonpath.ps1'
[1.435s] INFO:colcon.colcon_core.shell:Creating environment descriptor '/home/mrc/sim_ws/install/gap_follow/share/gap_follow/hook/pythonpath.dsv'
[1.436s] INFO:colcon.colcon_core.shell:Creating environment hook '/home/mrc/sim_ws/install/gap_follow/share/gap_follow/hook/pythonpath.sh'
[1.440s] Level 1:colcon.colcon_core.environment:checking '/home/mrc/sim_ws/install/gap_follow/bin'
[1.441s] INFO:colcon.colcon_core.shell:Creating package script '/home/mrc/sim_ws/install/gap_follow/share/gap_follow/package.ps1'
[1.442s] INFO:colcon.colcon_core.shell:Creating package descriptor '/home/mrc/sim_ws/install/gap_follow/share/gap_follow/package.dsv'
[1.444s] INFO:colcon.colcon_core.shell:Creating package script '/home/mrc/sim_ws/install/gap_follow/share/gap_follow/package.sh'
[1.446s] INFO:colcon.colcon_core.shell:Creating package script '/home/mrc/sim_ws/install/gap_follow/share/gap_follow/package.bash'
[1.447s] INFO:colcon.colcon_core.shell:Creating package script '/home/mrc/sim_ws/install/gap_follow/share/gap_follow/package.zsh'
[1.448s] Level 1:colcon.colcon_core.environment:create_file_with_runtime_dependencies(/home/mrc/sim_ws/install/gap_follow/share/colcon-core/packages/gap_follow)
[1.450s] DEBUG:colcon.colcon_parallel_executor.executor.parallel:closing loop
[1.451s] DEBUG:colcon.colcon_parallel_executor.executor.parallel:loop closed
[1.451s] DEBUG:colcon.colcon_parallel_executor.executor.parallel:run_until_complete finished with '0'
[1.451s] DEBUG:colcon.colcon_core.event_reactor:joining thread
[1.472s] INFO:colcon.colcon_core.plugin_system:Skipping extension 'colcon_notification.desktop_notification.terminal_notifier': Not used on non-Darwin systems
[1.473s] INFO:colcon.colcon_core.plugin_system:Skipping extension 'colcon_notification.desktop_notification.win32': Not used on non-Windows systems
[1.473s] INFO:colcon.colcon_notification.desktop_notification:Sending desktop notification using 'notify2'
[1.527s] DEBUG:colcon.colcon_core.event_reactor:joined thread
[1.527s] INFO:colcon.colcon_core.shell:Creating prefix script '/home/mrc/sim_ws/install/local_setup.ps1'
[1.529s] INFO:colcon.colcon_core.shell:Creating prefix util module '/home/mrc/sim_ws/install/_local_setup_util_ps1.py'
[1.531s] INFO:colcon.colcon_core.shell:Creating prefix chain script '/home/mrc/sim_ws/install/setup.ps1'
[1.540s] INFO:colcon.colcon_core.shell:Creating prefix script '/home/mrc/sim_ws/install/local_setup.sh'
[1.542s] INFO:colcon.colcon_core.shell:Creating prefix util module '/home/mrc/sim_ws/install/_local_setup_util_sh.py'
[1.545s] INFO:colcon.colcon_core.shell:Creating prefix chain script '/home/mrc/sim_ws/install/setup.sh'
[1.557s] INFO:colcon.colcon_core.shell:Creating prefix script '/home/mrc/sim_ws/install/local_setup.bash'
[1.559s] INFO:colcon.colcon_core.shell:Creating prefix chain script '/home/mrc/sim_ws/install/setup.bash'
[1.562s] INFO:colcon.colcon_core.shell:Creating prefix script '/home/mrc/sim_ws/install/local_setup.zsh'
[1.567s] INFO:colcon.colcon_core.shell:Creating prefix chain script '/home/mrc/sim_ws/install/setup.zsh'
