[0.074s] Invoking command in '/home/mrc/sim_ws/build/pure_pursuit': CMAKE_PREFIX_PATH=/opt/ros/foxy /usr/bin/cmake --build /home/mrc/sim_ws/build/pure_pursuit -- -j2 -l2
[0.203s] Invoked command in '/home/mrc/sim_ws/build/pure_pursuit' returned '0': CMAKE_PREFIX_PATH=/opt/ros/foxy /usr/bin/cmake --build /home/mrc/sim_ws/build/pure_pursuit -- -j2 -l2
[0.214s] Invoking command in '/home/mrc/sim_ws/build/pure_pursuit': CMAKE_PREFIX_PATH=/opt/ros/foxy /usr/bin/cmake --install /home/mrc/sim_ws/build/pure_pursuit
[0.253s] -- Install configuration: ""
[0.254s] -- Up-to-date: /home/mrc/sim_ws/install/pure_pursuit/share/pure_pursuit/environment/pythonpath.sh
[0.254s] -- Up-to-date: /home/mrc/sim_ws/install/pure_pursuit/share/pure_pursuit/environment/pythonpath.dsv
[0.255s] -- Up-to-date: /home/mrc/sim_ws/install/pure_pursuit/lib/python3.8/site-packages/pure_pursuit
[0.255s] -- Up-to-date: /home/mrc/sim_ws/install/pure_pursuit/lib/python3.8/site-packages/pure_pursuit/__init__.py
[0.345s] Listing '/home/mrc/sim_ws/install/pure_pursuit/lib/python3.8/site-packages/pure_pursuit'...
[0.368s] -- Up-to-date: /home/mrc/sim_ws/install/pure_pursuit/lib/pure_pursuit/pure_pursuit_node.py
[0.369s] -- Up-to-date: /home/mrc/sim_ws/install/pure_pursuit/share/ament_index/resource_index/package_run_dependencies/pure_pursuit
[0.370s] -- Up-to-date: /home/mrc/sim_ws/install/pure_pursuit/share/ament_index/resource_index/parent_prefix_path/pure_pursuit
[0.371s] -- Up-to-date: /home/mrc/sim_ws/install/pure_pursuit/share/pure_pursuit/environment/ament_prefix_path.sh
[0.372s] -- Up-to-date: /home/mrc/sim_ws/install/pure_pursuit/share/pure_pursuit/environment/ament_prefix_path.dsv
[0.372s] -- Up-to-date: /home/mrc/sim_ws/install/pure_pursuit/share/pure_pursuit/environment/path.sh
[0.373s] -- Up-to-date: /home/mrc/sim_ws/install/pure_pursuit/share/pure_pursuit/environment/path.dsv
[0.375s] -- Up-to-date: /home/mrc/sim_ws/install/pure_pursuit/share/pure_pursuit/local_setup.bash
[0.375s] -- Up-to-date: /home/mrc/sim_ws/install/pure_pursuit/share/pure_pursuit/local_setup.sh
[0.375s] -- Up-to-date: /home/mrc/sim_ws/install/pure_pursuit/share/pure_pursuit/local_setup.zsh
[0.376s] -- Up-to-date: /home/mrc/sim_ws/install/pure_pursuit/share/pure_pursuit/local_setup.dsv
[0.376s] -- Installing: /home/mrc/sim_ws/install/pure_pursuit/share/pure_pursuit/package.dsv
[0.378s] -- Up-to-date: /home/mrc/sim_ws/install/pure_pursuit/share/ament_index/resource_index/packages/pure_pursuit
[0.378s] -- Up-to-date: /home/mrc/sim_ws/install/pure_pursuit/share/pure_pursuit/cmake/pure_pursuitConfig.cmake
[0.379s] -- Up-to-date: /home/mrc/sim_ws/install/pure_pursuit/share/pure_pursuit/cmake/pure_pursuitConfig-version.cmake
[0.379s] -- Up-to-date: /home/mrc/sim_ws/install/pure_pursuit/share/pure_pursuit/package.xml
[0.390s] Invoked command in '/home/mrc/sim_ws/build/pure_pursuit' returned '0': CMAKE_PREFIX_PATH=/opt/ros/foxy /usr/bin/cmake --install /home/mrc/sim_ws/build/pure_pursuit
