[0.033s] Invoking command in '/home/mrc/sim_ws/build/safety_node': CMAKE_PREFIX_PATH=${CMAKE_PREFIX_PATH}:/home/mrc/sim_ws/install/f1tenth_gym_ros:/opt/ros/foxy /usr/bin/cmake --build /home/mrc/sim_ws/build/safety_node -- -j2 -l2
[0.161s] Invoked command in '/home/mrc/sim_ws/build/safety_node' returned '0': CMAKE_PREFIX_PATH=${CMAKE_PREFIX_PATH}:/home/mrc/sim_ws/install/f1tenth_gym_ros:/opt/ros/foxy /usr/bin/cmake --build /home/mrc/sim_ws/build/safety_node -- -j2 -l2
[0.163s] Invoking command in '/home/mrc/sim_ws/build/safety_node': CMAKE_PREFIX_PATH=${CMAKE_PREFIX_PATH}:/home/mrc/sim_ws/install/f1tenth_gym_ros:/opt/ros/foxy /usr/bin/cmake --install /home/mrc/sim_ws/build/safety_node
[0.179s] -- Install configuration: ""
[0.179s] -- Up-to-date: /home/mrc/sim_ws/install/safety_node/share/safety_node/environment/pythonpath.sh
[0.180s] -- Up-to-date: /home/mrc/sim_ws/install/safety_node/share/safety_node/environment/pythonpath.dsv
[0.180s] -- Up-to-date: /home/mrc/sim_ws/install/safety_node/lib/python3.8/site-packages/safety_node
[0.181s] -- Up-to-date: /home/mrc/sim_ws/install/safety_node/lib/python3.8/site-packages/safety_node/__init__.py
[0.241s] Listing '/home/mrc/sim_ws/install/safety_node/lib/python3.8/site-packages/safety_node'...
[0.258s] -- Up-to-date: /home/mrc/sim_ws/install/safety_node/lib/safety_node/safety_node.py
[0.258s] -- Up-to-date: /home/mrc/sim_ws/install/safety_node/share/ament_index/resource_index/package_run_dependencies/safety_node
[0.258s] -- Up-to-date: /home/mrc/sim_ws/install/safety_node/share/ament_index/resource_index/parent_prefix_path/safety_node
[0.258s] -- Up-to-date: /home/mrc/sim_ws/install/safety_node/share/safety_node/environment/ament_prefix_path.sh
[0.259s] -- Up-to-date: /home/mrc/sim_ws/install/safety_node/share/safety_node/environment/ament_prefix_path.dsv
[0.259s] -- Up-to-date: /home/mrc/sim_ws/install/safety_node/share/safety_node/environment/path.sh
[0.259s] -- Up-to-date: /home/mrc/sim_ws/install/safety_node/share/safety_node/environment/path.dsv
[0.259s] -- Up-to-date: /home/mrc/sim_ws/install/safety_node/share/safety_node/local_setup.bash
[0.259s] -- Up-to-date: /home/mrc/sim_ws/install/safety_node/share/safety_node/local_setup.sh
[0.259s] -- Up-to-date: /home/mrc/sim_ws/install/safety_node/share/safety_node/local_setup.zsh
[0.259s] -- Up-to-date: /home/mrc/sim_ws/install/safety_node/share/safety_node/local_setup.dsv
[0.259s] -- Installing: /home/mrc/sim_ws/install/safety_node/share/safety_node/package.dsv
[0.259s] -- Up-to-date: /home/mrc/sim_ws/install/safety_node/share/ament_index/resource_index/packages/safety_node
[0.259s] -- Up-to-date: /home/mrc/sim_ws/install/safety_node/share/safety_node/cmake/safety_nodeConfig.cmake
[0.259s] -- Up-to-date: /home/mrc/sim_ws/install/safety_node/share/safety_node/cmake/safety_nodeConfig-version.cmake
[0.259s] -- Up-to-date: /home/mrc/sim_ws/install/safety_node/share/safety_node/package.xml
[0.264s] Invoked command in '/home/mrc/sim_ws/build/safety_node' returned '0': CMAKE_PREFIX_PATH=${CMAKE_PREFIX_PATH}:/home/mrc/sim_ws/install/f1tenth_gym_ros:/opt/ros/foxy /usr/bin/cmake --install /home/mrc/sim_ws/build/safety_node
