[3.583s] Invoking command in '/home/mrc/sim_ws/src/rrt_package': PYTHONPATH=/home/mrc/sim_ws/build/rrt_package/prefix_override:/usr/lib/python3/dist-packages/colcon_core/task/python/colcon_distutils_commands:/home/mrc/sim_ws/install/rrt_package/lib/python3.8/site-packages:${PYTHONPATH} /usr/bin/python3 -W ignore:setup.py install is deprecated -W ignore:easy_install command is deprecated setup.py egg_info --egg-base ../../build/rrt_package build --build-base /home/mrc/sim_ws/build/rrt_package/build install --record /home/mrc/sim_ws/build/rrt_package/install.log --install-scripts $base/lib/rrt_package --single-version-externally-managed install_data
[4.821s] running egg_info
[4.831s] writing ../../build/rrt_package/rrt_package.egg-info/PKG-INFO
[4.833s] writing dependency_links to ../../build/rrt_package/rrt_package.egg-info/dependency_links.txt
[4.837s] writing entry points to ../../build/rrt_package/rrt_package.egg-info/entry_points.txt
[4.839s] writing requirements to ../../build/rrt_package/rrt_package.egg-info/requires.txt
[4.840s] writing top-level names to ../../build/rrt_package/rrt_package.egg-info/top_level.txt
[5.020s] reading manifest file '../../build/rrt_package/rrt_package.egg-info/SOURCES.txt'
[5.033s] writing manifest file '../../build/rrt_package/rrt_package.egg-info/SOURCES.txt'
[5.034s] running build
[5.034s] running build_py
[5.035s] copying rrt_package/RRT_node.py -> /home/mrc/sim_ws/build/rrt_package/build/lib/rrt_package
[5.036s] running install
[5.057s] running install_lib
[5.063s] copying /home/mrc/sim_ws/build/rrt_package/build/lib/rrt_package/RRT_node.py -> /home/mrc/sim_ws/install/rrt_package/lib/python3.8/site-packages/rrt_package
[5.065s] byte-compiling /home/mrc/sim_ws/install/rrt_package/lib/python3.8/site-packages/rrt_package/RRT_node.py to RRT_node.cpython-38.pyc
[5.080s] running install_data
[5.081s] running install_egg_info
[5.095s] removing '/home/mrc/sim_ws/install/rrt_package/lib/python3.8/site-packages/rrt_package-0.0.0-py3.8.egg-info' (and everything under it)
[5.096s] Copying ../../build/rrt_package/rrt_package.egg-info to /home/mrc/sim_ws/install/rrt_package/lib/python3.8/site-packages/rrt_package-0.0.0-py3.8.egg-info
[5.099s] running install_scripts
[5.185s] Installing RRT_node script to /home/mrc/sim_ws/install/rrt_package/lib/rrt_package
[5.188s] writing list of installed files to '/home/mrc/sim_ws/build/rrt_package/install.log'
[5.317s] Invoked command in '/home/mrc/sim_ws/src/rrt_package' returned '0': PYTHONPATH=/home/mrc/sim_ws/build/rrt_package/prefix_override:/usr/lib/python3/dist-packages/colcon_core/task/python/colcon_distutils_commands:/home/mrc/sim_ws/install/rrt_package/lib/python3.8/site-packages:${PYTHONPATH} /usr/bin/python3 -W ignore:setup.py install is deprecated -W ignore:easy_install command is deprecated setup.py egg_info --egg-base ../../build/rrt_package build --build-base /home/mrc/sim_ws/build/rrt_package/build install --record /home/mrc/sim_ws/build/rrt_package/install.log --install-scripts $base/lib/rrt_package --single-version-externally-managed install_data
