[2.803s] Invoking command in '/home/mrc/sim_ws/src/ppo_racing': PYTHONPATH=/home/mrc/sim_ws/build/ppo_racing/prefix_override:/usr/lib/python3/dist-packages/colcon_core/task/python/colcon_distutils_commands:/home/mrc/sim_ws/install/ppo_racing/lib/python3.8/site-packages:${PYTHONPATH} /usr/bin/python3 -W ignore:setup.py install is deprecated -W ignore:easy_install command is deprecated setup.py egg_info --egg-base ../../build/ppo_racing build --build-base /home/mrc/sim_ws/build/ppo_racing/build install --record /home/mrc/sim_ws/build/ppo_racing/install.log --install-scripts $base/lib/ppo_racing --single-version-externally-managed install_data
[3.651s] running egg_info
[3.657s] writing ../../build/ppo_racing/ppo_racing.egg-info/PKG-INFO
[3.658s] writing dependency_links to ../../build/ppo_racing/ppo_racing.egg-info/dependency_links.txt
[3.659s] writing entry points to ../../build/ppo_racing/ppo_racing.egg-info/entry_points.txt
[3.660s] writing requirements to ../../build/ppo_racing/ppo_racing.egg-info/requires.txt
[3.661s] writing top-level names to ../../build/ppo_racing/ppo_racing.egg-info/top_level.txt
[3.760s] reading manifest file '../../build/ppo_racing/ppo_racing.egg-info/SOURCES.txt'
[3.763s] writing manifest file '../../build/ppo_racing/ppo_racing.egg-info/SOURCES.txt'
[3.764s] running build
[3.765s] running build_py
[3.767s] copying ppo_racing/reward_node.py -> /home/mrc/sim_ws/build/ppo_racing/build/lib/ppo_racing
[3.770s] copying ppo_racing/policy_node_local_obs.py -> /home/mrc/sim_ws/build/ppo_racing/build/lib/ppo_racing
[3.771s] copying ppo_racing/train.py -> /home/mrc/sim_ws/build/ppo_racing/build/lib/ppo_racing
[3.776s] copying ppo_racing/multi_train_test.py -> /home/mrc/sim_ws/build/ppo_racing/build/lib/ppo_racing
[3.779s] running install
[3.784s] running install_lib
[3.789s] copying /home/mrc/sim_ws/build/ppo_racing/build/lib/ppo_racing/reward_node.py -> /home/mrc/sim_ws/install/ppo_racing/lib/python3.8/site-packages/ppo_racing
[3.790s] copying /home/mrc/sim_ws/build/ppo_racing/build/lib/ppo_racing/policy_node_local_obs.py -> /home/mrc/sim_ws/install/ppo_racing/lib/python3.8/site-packages/ppo_racing
[3.791s] copying /home/mrc/sim_ws/build/ppo_racing/build/lib/ppo_racing/train.py -> /home/mrc/sim_ws/install/ppo_racing/lib/python3.8/site-packages/ppo_racing
[3.792s] copying /home/mrc/sim_ws/build/ppo_racing/build/lib/ppo_racing/multi_train_test.py -> /home/mrc/sim_ws/install/ppo_racing/lib/python3.8/site-packages/ppo_racing
[3.798s] byte-compiling /home/mrc/sim_ws/install/ppo_racing/lib/python3.8/site-packages/ppo_racing/reward_node.py to reward_node.cpython-38.pyc
[3.807s] byte-compiling /home/mrc/sim_ws/install/ppo_racing/lib/python3.8/site-packages/ppo_racing/policy_node_local_obs.py to policy_node_local_obs.cpython-38.pyc
[3.812s] byte-compiling /home/mrc/sim_ws/install/ppo_racing/lib/python3.8/site-packages/ppo_racing/train.py to train.cpython-38.pyc
[3.822s] byte-compiling /home/mrc/sim_ws/install/ppo_racing/lib/python3.8/site-packages/ppo_racing/multi_train_test.py to multi_train_test.cpython-38.pyc
[3.830s] running install_data
[3.831s] running install_egg_info
[3.839s] removing '/home/mrc/sim_ws/install/ppo_racing/lib/python3.8/site-packages/ppo_racing-0.0.0-py3.8.egg-info' (and everything under it)
[3.841s] Copying ../../build/ppo_racing/ppo_racing.egg-info to /home/mrc/sim_ws/install/ppo_racing/lib/python3.8/site-packages/ppo_racing-0.0.0-py3.8.egg-info
[3.845s] running install_scripts
[3.898s] Installing multi_agent_policy_node script to /home/mrc/sim_ws/install/ppo_racing/lib/ppo_racing
[3.901s] Installing policy_node script to /home/mrc/sim_ws/install/ppo_racing/lib/ppo_racing
[3.902s] Installing policy_node_local_obs script to /home/mrc/sim_ws/install/ppo_racing/lib/ppo_racing
[3.907s] writing list of installed files to '/home/mrc/sim_ws/build/ppo_racing/install.log'
[3.966s] Invoked command in '/home/mrc/sim_ws/src/ppo_racing' returned '0': PYTHONPATH=/home/mrc/sim_ws/build/ppo_racing/prefix_override:/usr/lib/python3/dist-packages/colcon_core/task/python/colcon_distutils_commands:/home/mrc/sim_ws/install/ppo_racing/lib/python3.8/site-packages:${PYTHONPATH} /usr/bin/python3 -W ignore:setup.py install is deprecated -W ignore:easy_install command is deprecated setup.py egg_info --egg-base ../../build/ppo_racing build --build-base /home/mrc/sim_ws/build/ppo_racing/build install --record /home/mrc/sim_ws/build/ppo_racing/install.log --install-scripts $base/lib/ppo_racing --single-version-externally-managed install_data
