[0.066s] Invoking command in '/home/mrc/sim_ws/build/wall_follow': CMAKE_PREFIX_PATH=/opt/ros/foxy /usr/bin/cmake --build /home/mrc/sim_ws/build/wall_follow -- -j2 -l2
[0.238s] Invoked command in '/home/mrc/sim_ws/build/wall_follow' returned '0': CMAKE_PREFIX_PATH=/opt/ros/foxy /usr/bin/cmake --build /home/mrc/sim_ws/build/wall_follow -- -j2 -l2
[0.247s] Invoking command in '/home/mrc/sim_ws/build/wall_follow': CMAKE_PREFIX_PATH=/opt/ros/foxy /usr/bin/cmake --install /home/mrc/sim_ws/build/wall_follow
[0.305s] -- Install configuration: ""
[0.305s] -- Up-to-date: /home/mrc/sim_ws/install/wall_follow/share/wall_follow/environment/pythonpath.sh
[0.306s] -- Up-to-date: /home/mrc/sim_ws/install/wall_follow/share/wall_follow/environment/pythonpath.dsv
[0.306s] -- Up-to-date: /home/mrc/sim_ws/install/wall_follow/lib/python3.8/site-packages/wall_follow
[0.307s] -- Up-to-date: /home/mrc/sim_ws/install/wall_follow/lib/python3.8/site-packages/wall_follow/__init__.py
[0.397s] Listing '/home/mrc/sim_ws/install/wall_follow/lib/python3.8/site-packages/wall_follow'...
[0.406s] -- Up-to-date: /home/mrc/sim_ws/install/wall_follow/lib/wall_follow/wall_follow_node.py
[0.407s] -- Up-to-date: /home/mrc/sim_ws/install/wall_follow/share/ament_index/resource_index/package_run_dependencies/wall_follow
[0.407s] -- Up-to-date: /home/mrc/sim_ws/install/wall_follow/share/ament_index/resource_index/parent_prefix_path/wall_follow
[0.408s] -- Up-to-date: /home/mrc/sim_ws/install/wall_follow/share/wall_follow/environment/ament_prefix_path.sh
[0.408s] -- Up-to-date: /home/mrc/sim_ws/install/wall_follow/share/wall_follow/environment/ament_prefix_path.dsv
[0.409s] -- Up-to-date: /home/mrc/sim_ws/install/wall_follow/share/wall_follow/environment/path.sh
[0.409s] -- Up-to-date: /home/mrc/sim_ws/install/wall_follow/share/wall_follow/environment/path.dsv
[0.410s] -- Up-to-date: /home/mrc/sim_ws/install/wall_follow/share/wall_follow/local_setup.bash
[0.411s] -- Up-to-date: /home/mrc/sim_ws/install/wall_follow/share/wall_follow/local_setup.sh
[0.411s] -- Up-to-date: /home/mrc/sim_ws/install/wall_follow/share/wall_follow/local_setup.zsh
[0.411s] -- Up-to-date: /home/mrc/sim_ws/install/wall_follow/share/wall_follow/local_setup.dsv
[0.411s] -- Installing: /home/mrc/sim_ws/install/wall_follow/share/wall_follow/package.dsv
[0.412s] -- Up-to-date: /home/mrc/sim_ws/install/wall_follow/share/ament_index/resource_index/packages/wall_follow
[0.412s] -- Up-to-date: /home/mrc/sim_ws/install/wall_follow/share/wall_follow/cmake/wall_followConfig.cmake
[0.412s] -- Up-to-date: /home/mrc/sim_ws/install/wall_follow/share/wall_follow/cmake/wall_followConfig-version.cmake
[0.412s] -- Up-to-date: /home/mrc/sim_ws/install/wall_follow/share/wall_follow/package.xml
[0.417s] Invoked command in '/home/mrc/sim_ws/build/wall_follow' returned '0': CMAKE_PREFIX_PATH=/opt/ros/foxy /usr/bin/cmake --install /home/mrc/sim_ws/build/wall_follow
