[0.414s] Invoking command in '/home/mrc/sim_ws/build/gap_follow': CMAKE_PREFIX_PATH=${CMAKE_PREFIX_PATH}:/home/mrc/sim_ws/install/rrt_package:/home/mrc/sim_ws/install/RRT_package:/home/mrc/sim_ws/install/particle_filter:/home/mrc/sim_ws/install/f1tenth_gym_ros:/opt/ros/foxy /usr/bin/cmake --build /home/mrc/sim_ws/build/gap_follow -- -j2 -l2
[0.509s] Invoked command in '/home/mrc/sim_ws/build/gap_follow' returned '0': CMAKE_PREFIX_PATH=${CMAKE_PREFIX_PATH}:/home/mrc/sim_ws/install/rrt_package:/home/mrc/sim_ws/install/RRT_package:/home/mrc/sim_ws/install/particle_filter:/home/mrc/sim_ws/install/f1tenth_gym_ros:/opt/ros/foxy /usr/bin/cmake --build /home/mrc/sim_ws/build/gap_follow -- -j2 -l2
[0.530s] Invoking command in '/home/mrc/sim_ws/build/gap_follow': CMAKE_PREFIX_PATH=${CMAKE_PREFIX_PATH}:/home/mrc/sim_ws/install/rrt_package:/home/mrc/sim_ws/install/RRT_package:/home/mrc/sim_ws/install/particle_filter:/home/mrc/sim_ws/install/f1tenth_gym_ros:/opt/ros/foxy /usr/bin/cmake --install /home/mrc/sim_ws/build/gap_follow
[0.555s] -- Install configuration: ""
[0.556s] -- Execute custom install script
[0.557s] -- Up-to-date symlink: /home/mrc/sim_ws/install/gap_follow/share/gap_follow/environment/pythonpath.sh
[0.557s] -- Up-to-date symlink: /home/mrc/sim_ws/install/gap_follow/share/gap_follow/environment/pythonpath.dsv
[0.559s] -- Up-to-date symlink: /home/mrc/sim_ws/install/gap_follow/lib/python3.8/site-packages/gap_follow/__init__.py
[0.560s] -- Up-to-date symlink: /home/mrc/sim_ws/install/gap_follow/lib/gap_follow/reactive_node.py
[0.560s] -- Up-to-date symlink: /home/mrc/sim_ws/install/gap_follow/share/ament_index/resource_index/package_run_dependencies/gap_follow
[0.562s] -- Up-to-date symlink: /home/mrc/sim_ws/install/gap_follow/share/ament_index/resource_index/parent_prefix_path/gap_follow
[0.563s] -- Up-to-date symlink: /home/mrc/sim_ws/install/gap_follow/share/gap_follow/environment/ament_prefix_path.sh
[0.564s] -- Up-to-date symlink: /home/mrc/sim_ws/install/gap_follow/share/gap_follow/environment/ament_prefix_path.dsv
[0.565s] -- Up-to-date symlink: /home/mrc/sim_ws/install/gap_follow/share/gap_follow/environment/path.sh
[0.566s] -- Up-to-date symlink: /home/mrc/sim_ws/install/gap_follow/share/gap_follow/environment/path.dsv
[0.568s] -- Up-to-date symlink: /home/mrc/sim_ws/install/gap_follow/share/gap_follow/local_setup.bash
[0.569s] -- Up-to-date symlink: /home/mrc/sim_ws/install/gap_follow/share/gap_follow/local_setup.sh
[0.570s] -- Up-to-date symlink: /home/mrc/sim_ws/install/gap_follow/share/gap_follow/local_setup.zsh
[0.571s] -- Up-to-date symlink: /home/mrc/sim_ws/install/gap_follow/share/gap_follow/local_setup.dsv
[0.572s] -- Symlinking: /home/mrc/sim_ws/install/gap_follow/share/gap_follow/package.dsv
[0.593s] -- Up-to-date symlink: /home/mrc/sim_ws/install/gap_follow/share/ament_index/resource_index/packages/gap_follow
[0.594s] -- Up-to-date symlink: /home/mrc/sim_ws/install/gap_follow/share/gap_follow/cmake/gap_followConfig.cmake
[0.594s] -- Up-to-date symlink: /home/mrc/sim_ws/install/gap_follow/share/gap_follow/cmake/gap_followConfig-version.cmake
[0.594s] -- Up-to-date symlink: /home/mrc/sim_ws/install/gap_follow/share/gap_follow/package.xml
[0.651s] Listing '/home/mrc/sim_ws/install/gap_follow/lib/python3.8/site-packages/gap_follow'...
[0.667s] Invoked command in '/home/mrc/sim_ws/build/gap_follow' returned '0': CMAKE_PREFIX_PATH=${CMAKE_PREFIX_PATH}:/home/mrc/sim_ws/install/rrt_package:/home/mrc/sim_ws/install/RRT_package:/home/mrc/sim_ws/install/particle_filter:/home/mrc/sim_ws/install/f1tenth_gym_ros:/opt/ros/foxy /usr/bin/cmake --install /home/mrc/sim_ws/build/gap_follow
