[0.095s] Invoking command in '/home/mrc/sim_ws/build/safety_node': CMAKE_PREFIX_PATH=${CMAKE_PREFIX_PATH}:/home/mrc/sim_ws/install/particle_filter:/home/mrc/sim_ws/install/f1tenth_gym_ros:/opt/ros/foxy /usr/bin/cmake --build /home/mrc/sim_ws/build/safety_node -- -j2 -l2
[0.562s] Invoked command in '/home/mrc/sim_ws/build/safety_node' returned '0': CMAKE_PREFIX_PATH=${CMAKE_PREFIX_PATH}:/home/mrc/sim_ws/install/particle_filter:/home/mrc/sim_ws/install/f1tenth_gym_ros:/opt/ros/foxy /usr/bin/cmake --build /home/mrc/sim_ws/build/safety_node -- -j2 -l2
[0.580s] Invoking command in '/home/mrc/sim_ws/build/safety_node': CMAKE_PREFIX_PATH=${CMAKE_PREFIX_PATH}:/home/mrc/sim_ws/install/particle_filter:/home/mrc/sim_ws/install/f1tenth_gym_ros:/opt/ros/foxy /usr/bin/cmake --install /home/mrc/sim_ws/build/safety_node
[0.678s] -- Install configuration: ""
[0.691s] -- Execute custom install script
[0.693s] -- Up-to-date symlink: /home/mrc/sim_ws/install/safety_node/share/safety_node/environment/pythonpath.sh
[0.700s] -- Up-to-date symlink: /home/mrc/sim_ws/install/safety_node/share/safety_node/environment/pythonpath.dsv
[0.712s] -- Up-to-date symlink: /home/mrc/sim_ws/install/safety_node/lib/python3.8/site-packages/safety_node/__init__.py
[0.722s] -- Up-to-date symlink: /home/mrc/sim_ws/install/safety_node/lib/safety_node/safety_node.py
[0.722s] -- Up-to-date symlink: /home/mrc/sim_ws/install/safety_node/share/ament_index/resource_index/package_run_dependencies/safety_node
[0.730s] -- Up-to-date symlink: /home/mrc/sim_ws/install/safety_node/share/ament_index/resource_index/parent_prefix_path/safety_node
[0.746s] -- Up-to-date symlink: /home/mrc/sim_ws/install/safety_node/share/safety_node/environment/ament_prefix_path.sh
[0.750s] -- Up-to-date symlink: /home/mrc/sim_ws/install/safety_node/share/safety_node/environment/ament_prefix_path.dsv
[0.760s] -- Up-to-date symlink: /home/mrc/sim_ws/install/safety_node/share/safety_node/environment/path.sh
[0.776s] -- Up-to-date symlink: /home/mrc/sim_ws/install/safety_node/share/safety_node/environment/path.dsv
[0.788s] -- Up-to-date symlink: /home/mrc/sim_ws/install/safety_node/share/safety_node/local_setup.bash
[0.798s] -- Up-to-date symlink: /home/mrc/sim_ws/install/safety_node/share/safety_node/local_setup.sh
[0.812s] -- Up-to-date symlink: /home/mrc/sim_ws/install/safety_node/share/safety_node/local_setup.zsh
[0.813s] -- Up-to-date symlink: /home/mrc/sim_ws/install/safety_node/share/safety_node/local_setup.dsv
[0.813s] -- Symlinking: /home/mrc/sim_ws/install/safety_node/share/safety_node/package.dsv
[0.944s] -- Up-to-date symlink: /home/mrc/sim_ws/install/safety_node/share/ament_index/resource_index/packages/safety_node
[0.949s] -- Up-to-date symlink: /home/mrc/sim_ws/install/safety_node/share/safety_node/cmake/safety_nodeConfig.cmake
[0.954s] -- Up-to-date symlink: /home/mrc/sim_ws/install/safety_node/share/safety_node/cmake/safety_nodeConfig-version.cmake
[0.957s] -- Up-to-date symlink: /home/mrc/sim_ws/install/safety_node/share/safety_node/package.xml
[1.485s] Listing '/home/mrc/sim_ws/install/safety_node/lib/python3.8/site-packages/safety_node'...
[1.560s] Invoked command in '/home/mrc/sim_ws/build/safety_node' returned '0': CMAKE_PREFIX_PATH=${CMAKE_PREFIX_PATH}:/home/mrc/sim_ws/install/particle_filter:/home/mrc/sim_ws/install/f1tenth_gym_ros:/opt/ros/foxy /usr/bin/cmake --install /home/mrc/sim_ws/build/safety_node
