[0.064s] Invoking command in '/home/mrc/sim_ws/build/gap_follow': CMAKE_PREFIX_PATH=${CMAKE_PREFIX_PATH}:/home/mrc/sim_ws/install/f1tenth_gym_ros:/opt/ros/foxy /usr/bin/cmake --build /home/mrc/sim_ws/build/gap_follow -- -j2 -l2
[0.273s] Invoked command in '/home/mrc/sim_ws/build/gap_follow' returned '0': CMAKE_PREFIX_PATH=${CMAKE_PREFIX_PATH}:/home/mrc/sim_ws/install/f1tenth_gym_ros:/opt/ros/foxy /usr/bin/cmake --build /home/mrc/sim_ws/build/gap_follow -- -j2 -l2
[0.322s] Invoking command in '/home/mrc/sim_ws/build/gap_follow': CMAKE_PREFIX_PATH=${CMAKE_PREFIX_PATH}:/home/mrc/sim_ws/install/f1tenth_gym_ros:/opt/ros/foxy /usr/bin/cmake --install /home/mrc/sim_ws/build/gap_follow
[0.376s] -- Install configuration: ""
[0.377s] -- Up-to-date: /home/mrc/sim_ws/install/gap_follow/share/gap_follow/environment/pythonpath.sh
[0.378s] -- Up-to-date: /home/mrc/sim_ws/install/gap_follow/share/gap_follow/environment/pythonpath.dsv
[0.378s] -- Up-to-date: /home/mrc/sim_ws/install/gap_follow/lib/python3.8/site-packages/gap_follow
[0.378s] -- Up-to-date: /home/mrc/sim_ws/install/gap_follow/lib/python3.8/site-packages/gap_follow/__init__.py
[0.515s] Listing '/home/mrc/sim_ws/install/gap_follow/lib/python3.8/site-packages/gap_follow'...
[0.531s] -- Installing: /home/mrc/sim_ws/install/gap_follow/lib/gap_follow/reactive_node.py
[0.541s] -- Up-to-date: /home/mrc/sim_ws/install/gap_follow/share/ament_index/resource_index/package_run_dependencies/gap_follow
[0.542s] -- Up-to-date: /home/mrc/sim_ws/install/gap_follow/share/ament_index/resource_index/parent_prefix_path/gap_follow
[0.543s] -- Up-to-date: /home/mrc/sim_ws/install/gap_follow/share/gap_follow/environment/ament_prefix_path.sh
[0.544s] -- Up-to-date: /home/mrc/sim_ws/install/gap_follow/share/gap_follow/environment/ament_prefix_path.dsv
[0.544s] -- Up-to-date: /home/mrc/sim_ws/install/gap_follow/share/gap_follow/environment/path.sh
[0.548s] -- Up-to-date: /home/mrc/sim_ws/install/gap_follow/share/gap_follow/environment/path.dsv
[0.548s] -- Up-to-date: /home/mrc/sim_ws/install/gap_follow/share/gap_follow/local_setup.bash
[0.549s] -- Up-to-date: /home/mrc/sim_ws/install/gap_follow/share/gap_follow/local_setup.sh
[0.554s] -- Up-to-date: /home/mrc/sim_ws/install/gap_follow/share/gap_follow/local_setup.zsh
[0.555s] -- Up-to-date: /home/mrc/sim_ws/install/gap_follow/share/gap_follow/local_setup.dsv
[0.555s] -- Installing: /home/mrc/sim_ws/install/gap_follow/share/gap_follow/package.dsv
[0.556s] -- Up-to-date: /home/mrc/sim_ws/install/gap_follow/share/ament_index/resource_index/packages/gap_follow
[0.556s] -- Up-to-date: /home/mrc/sim_ws/install/gap_follow/share/gap_follow/cmake/gap_followConfig.cmake
[0.557s] -- Up-to-date: /home/mrc/sim_ws/install/gap_follow/share/gap_follow/cmake/gap_followConfig-version.cmake
[0.558s] -- Up-to-date: /home/mrc/sim_ws/install/gap_follow/share/gap_follow/package.xml
[0.569s] Invoked command in '/home/mrc/sim_ws/build/gap_follow' returned '0': CMAKE_PREFIX_PATH=${CMAKE_PREFIX_PATH}:/home/mrc/sim_ws/install/f1tenth_gym_ros:/opt/ros/foxy /usr/bin/cmake --install /home/mrc/sim_ws/build/gap_follow
