[1.161s] Invoking command in '/home/mrc/sim_ws/build/gap_follow': CMAKE_PREFIX_PATH=/opt/ros/foxy /usr/bin/cmake --build /home/mrc/sim_ws/build/gap_follow -- -j2 -l2
[1.668s] Invoked command in '/home/mrc/sim_ws/build/gap_follow' returned '0': CMAKE_PREFIX_PATH=/opt/ros/foxy /usr/bin/cmake --build /home/mrc/sim_ws/build/gap_follow -- -j2 -l2
[1.765s] Invoking command in '/home/mrc/sim_ws/build/gap_follow': CMAKE_PREFIX_PATH=/opt/ros/foxy /usr/bin/cmake --install /home/mrc/sim_ws/build/gap_follow
[1.831s] -- Install configuration: ""
[1.831s] -- Up-to-date: /home/mrc/sim_ws/install/gap_follow/share/gap_follow/environment/pythonpath.sh
[1.838s] -- Up-to-date: /home/mrc/sim_ws/install/gap_follow/share/gap_follow/environment/pythonpath.dsv
[1.838s] -- Up-to-date: /home/mrc/sim_ws/install/gap_follow/lib/python3.8/site-packages/gap_follow
[1.838s] -- Up-to-date: /home/mrc/sim_ws/install/gap_follow/lib/python3.8/site-packages/gap_follow/__init__.py
[2.106s] Listing '/home/mrc/sim_ws/install/gap_follow/lib/python3.8/site-packages/gap_follow'...
[2.125s] -- Up-to-date: /home/mrc/sim_ws/install/gap_follow/lib/gap_follow/reactive_node.py
[2.125s] -- Up-to-date: /home/mrc/sim_ws/install/gap_follow/share/ament_index/resource_index/package_run_dependencies/gap_follow
[2.126s] -- Up-to-date: /home/mrc/sim_ws/install/gap_follow/share/ament_index/resource_index/parent_prefix_path/gap_follow
[2.132s] -- Up-to-date: /home/mrc/sim_ws/install/gap_follow/share/gap_follow/environment/ament_prefix_path.sh
[2.132s] -- Up-to-date: /home/mrc/sim_ws/install/gap_follow/share/gap_follow/environment/ament_prefix_path.dsv
[2.132s] -- Up-to-date: /home/mrc/sim_ws/install/gap_follow/share/gap_follow/environment/path.sh
[2.132s] -- Up-to-date: /home/mrc/sim_ws/install/gap_follow/share/gap_follow/environment/path.dsv
[2.133s] -- Up-to-date: /home/mrc/sim_ws/install/gap_follow/share/gap_follow/local_setup.bash
[2.133s] -- Up-to-date: /home/mrc/sim_ws/install/gap_follow/share/gap_follow/local_setup.sh
[2.133s] -- Up-to-date: /home/mrc/sim_ws/install/gap_follow/share/gap_follow/local_setup.zsh
[2.133s] -- Up-to-date: /home/mrc/sim_ws/install/gap_follow/share/gap_follow/local_setup.dsv
[2.133s] -- Installing: /home/mrc/sim_ws/install/gap_follow/share/gap_follow/package.dsv
[2.135s] -- Up-to-date: /home/mrc/sim_ws/install/gap_follow/share/ament_index/resource_index/packages/gap_follow
[2.135s] -- Up-to-date: /home/mrc/sim_ws/install/gap_follow/share/gap_follow/cmake/gap_followConfig.cmake
[2.138s] -- Up-to-date: /home/mrc/sim_ws/install/gap_follow/share/gap_follow/cmake/gap_followConfig-version.cmake
[2.138s] -- Up-to-date: /home/mrc/sim_ws/install/gap_follow/share/gap_follow/package.xml
[2.178s] Invoked command in '/home/mrc/sim_ws/build/gap_follow' returned '0': CMAKE_PREFIX_PATH=/opt/ros/foxy /usr/bin/cmake --install /home/mrc/sim_ws/build/gap_follow
