[2.665s] Invoking command in '/home/mrc/sim_ws/src/rrt_package': PYTHONPATH=/home/mrc/sim_ws/build/rrt_package/prefix_override:/usr/lib/python3/dist-packages/colcon_core/task/python/colcon_distutils_commands:/home/mrc/sim_ws/install/rrt_package/lib/python3.8/site-packages:${PYTHONPATH} /usr/bin/python3 -W ignore:setup.py install is deprecated -W ignore:easy_install command is deprecated setup.py egg_info --egg-base ../../build/rrt_package build --build-base /home/mrc/sim_ws/build/rrt_package/build install --record /home/mrc/sim_ws/build/rrt_package/install.log --install-scripts $base/lib/rrt_package --single-version-externally-managed install_data
[3.625s] running egg_info
[3.631s] writing ../../build/rrt_package/rrt_package.egg-info/PKG-INFO
[3.634s] writing dependency_links to ../../build/rrt_package/rrt_package.egg-info/dependency_links.txt
[3.635s] writing entry points to ../../build/rrt_package/rrt_package.egg-info/entry_points.txt
[3.637s] writing requirements to ../../build/rrt_package/rrt_package.egg-info/requires.txt
[3.638s] writing top-level names to ../../build/rrt_package/rrt_package.egg-info/top_level.txt
[3.753s] reading manifest file '../../build/rrt_package/rrt_package.egg-info/SOURCES.txt'
[3.757s] writing manifest file '../../build/rrt_package/rrt_package.egg-info/SOURCES.txt'
[3.758s] running build
[3.759s] running build_py
[3.764s] copying rrt_package/RRT_node.py -> /home/mrc/sim_ws/build/rrt_package/build/lib/rrt_package
[3.765s] running install
[3.768s] running install_lib
[3.771s] copying /home/mrc/sim_ws/build/rrt_package/build/lib/rrt_package/RRT_node.py -> /home/mrc/sim_ws/install/rrt_package/lib/python3.8/site-packages/rrt_package
[3.773s] byte-compiling /home/mrc/sim_ws/install/rrt_package/lib/python3.8/site-packages/rrt_package/RRT_node.py to RRT_node.cpython-38.pyc
[3.788s] running install_data
[3.789s] running install_egg_info
[3.796s] removing '/home/mrc/sim_ws/install/rrt_package/lib/python3.8/site-packages/rrt_package-0.0.0-py3.8.egg-info' (and everything under it)
[3.797s] Copying ../../build/rrt_package/rrt_package.egg-info to /home/mrc/sim_ws/install/rrt_package/lib/python3.8/site-packages/rrt_package-0.0.0-py3.8.egg-info
[3.800s] running install_scripts
[3.863s] Installing RRT_node script to /home/mrc/sim_ws/install/rrt_package/lib/rrt_package
[3.865s] Installing rrt_pure_pursuit script to /home/mrc/sim_ws/install/rrt_package/lib/rrt_package
[3.866s] writing list of installed files to '/home/mrc/sim_ws/build/rrt_package/install.log'
[3.956s] Invoked command in '/home/mrc/sim_ws/src/rrt_package' returned '0': PYTHONPATH=/home/mrc/sim_ws/build/rrt_package/prefix_override:/usr/lib/python3/dist-packages/colcon_core/task/python/colcon_distutils_commands:/home/mrc/sim_ws/install/rrt_package/lib/python3.8/site-packages:${PYTHONPATH} /usr/bin/python3 -W ignore:setup.py install is deprecated -W ignore:easy_install command is deprecated setup.py egg_info --egg-base ../../build/rrt_package build --build-base /home/mrc/sim_ws/build/rrt_package/build install --record /home/mrc/sim_ws/build/rrt_package/install.log --install-scripts $base/lib/rrt_package --single-version-externally-managed install_data
