[2.084s] Invoking command in '/home/mrc/sim_ws/src/ppo_racing': PYTHONPATH=/home/mrc/sim_ws/build/ppo_racing/prefix_override:/usr/lib/python3/dist-packages/colcon_core/task/python/colcon_distutils_commands:/home/mrc/sim_ws/install/ppo_racing/lib/python3.8/site-packages:${PYTHONPATH} /usr/bin/python3 -W ignore:setup.py install is deprecated -W ignore:easy_install command is deprecated setup.py egg_info --egg-base ../../build/ppo_racing build --build-base /home/mrc/sim_ws/build/ppo_racing/build install --record /home/mrc/sim_ws/build/ppo_racing/install.log --install-scripts $base/lib/ppo_racing --single-version-externally-managed install_data
[2.512s] running egg_info
[2.513s] writing ../../build/ppo_racing/ppo_racing.egg-info/PKG-INFO
[2.515s] writing dependency_links to ../../build/ppo_racing/ppo_racing.egg-info/dependency_links.txt
[2.516s] writing entry points to ../../build/ppo_racing/ppo_racing.egg-info/entry_points.txt
[2.517s] writing requirements to ../../build/ppo_racing/ppo_racing.egg-info/requires.txt
[2.518s] writing top-level names to ../../build/ppo_racing/ppo_racing.egg-info/top_level.txt
[2.582s] reading manifest file '../../build/ppo_racing/ppo_racing.egg-info/SOURCES.txt'
[2.586s] writing manifest file '../../build/ppo_racing/ppo_racing.egg-info/SOURCES.txt'
[2.587s] running build
[2.587s] running build_py
[2.588s] copying ppo_racing/reward_node.py -> /home/mrc/sim_ws/build/ppo_racing/build/lib/ppo_racing
[2.589s] copying ppo_racing/ppo_agent.py -> /home/mrc/sim_ws/build/ppo_racing/build/lib/ppo_racing
[2.591s] copying ppo_racing/multi_agent_policy_node.py -> /home/mrc/sim_ws/build/ppo_racing/build/lib/ppo_racing
[2.593s] copying ppo_racing/multi_agent_train.py -> /home/mrc/sim_ws/build/ppo_racing/build/lib/ppo_racing
[2.594s] running install
[2.596s] running install_lib
[2.598s] copying /home/mrc/sim_ws/build/ppo_racing/build/lib/ppo_racing/reward_node.py -> /home/mrc/sim_ws/install/ppo_racing/lib/python3.8/site-packages/ppo_racing
[2.599s] copying /home/mrc/sim_ws/build/ppo_racing/build/lib/ppo_racing/ppo_agent.py -> /home/mrc/sim_ws/install/ppo_racing/lib/python3.8/site-packages/ppo_racing
[2.599s] copying /home/mrc/sim_ws/build/ppo_racing/build/lib/ppo_racing/multi_agent_policy_node.py -> /home/mrc/sim_ws/install/ppo_racing/lib/python3.8/site-packages/ppo_racing
[2.600s] copying /home/mrc/sim_ws/build/ppo_racing/build/lib/ppo_racing/multi_agent_train.py -> /home/mrc/sim_ws/install/ppo_racing/lib/python3.8/site-packages/ppo_racing
[2.602s] byte-compiling /home/mrc/sim_ws/install/ppo_racing/lib/python3.8/site-packages/ppo_racing/reward_node.py to reward_node.cpython-38.pyc
[2.607s] byte-compiling /home/mrc/sim_ws/install/ppo_racing/lib/python3.8/site-packages/ppo_racing/ppo_agent.py to ppo_agent.cpython-38.pyc
[2.611s] byte-compiling /home/mrc/sim_ws/install/ppo_racing/lib/python3.8/site-packages/ppo_racing/multi_agent_policy_node.py to multi_agent_policy_node.cpython-38.pyc
[2.613s] byte-compiling /home/mrc/sim_ws/install/ppo_racing/lib/python3.8/site-packages/ppo_racing/multi_agent_train.py to multi_agent_train.cpython-38.pyc
[2.618s] running install_data
[2.618s] running install_egg_info
[2.620s] removing '/home/mrc/sim_ws/install/ppo_racing/lib/python3.8/site-packages/ppo_racing-0.0.0-py3.8.egg-info' (and everything under it)
[2.625s] Copying ../../build/ppo_racing/ppo_racing.egg-info to /home/mrc/sim_ws/install/ppo_racing/lib/python3.8/site-packages/ppo_racing-0.0.0-py3.8.egg-info
[2.628s] running install_scripts
[2.668s] Installing multi_agent_policy_node script to /home/mrc/sim_ws/install/ppo_racing/lib/ppo_racing
[2.669s] Installing policy_node script to /home/mrc/sim_ws/install/ppo_racing/lib/ppo_racing
[2.670s] writing list of installed files to '/home/mrc/sim_ws/build/ppo_racing/install.log'
[2.721s] Invoked command in '/home/mrc/sim_ws/src/ppo_racing' returned '0': PYTHONPATH=/home/mrc/sim_ws/build/ppo_racing/prefix_override:/usr/lib/python3/dist-packages/colcon_core/task/python/colcon_distutils_commands:/home/mrc/sim_ws/install/ppo_racing/lib/python3.8/site-packages:${PYTHONPATH} /usr/bin/python3 -W ignore:setup.py install is deprecated -W ignore:easy_install command is deprecated setup.py egg_info --egg-base ../../build/ppo_racing build --build-base /home/mrc/sim_ws/build/ppo_racing/build install --record /home/mrc/sim_ws/build/ppo_racing/install.log --install-scripts $base/lib/ppo_racing --single-version-externally-managed install_data
