[4.780s] Invoking command in '/home/mrc/sim_ws/src/ppo_racing': PYTHONPATH=/home/mrc/sim_ws/build/ppo_racing/prefix_override:/usr/lib/python3/dist-packages/colcon_core/task/python/colcon_distutils_commands:/home/mrc/sim_ws/install/ppo_racing/lib/python3.8/site-packages:${PYTHONPATH} /usr/bin/python3 -W ignore:setup.py install is deprecated -W ignore:easy_install command is deprecated setup.py egg_info --egg-base ../../build/ppo_racing build --build-base /home/mrc/sim_ws/build/ppo_racing/build install --record /home/mrc/sim_ws/build/ppo_racing/install.log --install-scripts $base/lib/ppo_racing --single-version-externally-managed install_data
[6.455s] running egg_info
[6.456s] writing ../../build/ppo_racing/ppo_racing.egg-info/PKG-INFO
[6.463s] writing dependency_links to ../../build/ppo_racing/ppo_racing.egg-info/dependency_links.txt
[6.466s] writing entry points to ../../build/ppo_racing/ppo_racing.egg-info/entry_points.txt
[6.466s] writing requirements to ../../build/ppo_racing/ppo_racing.egg-info/requires.txt
[6.467s] writing top-level names to ../../build/ppo_racing/ppo_racing.egg-info/top_level.txt
[6.666s] reading manifest file '../../build/ppo_racing/ppo_racing.egg-info/SOURCES.txt'
[6.672s] writing manifest file '../../build/ppo_racing/ppo_racing.egg-info/SOURCES.txt'
[6.673s] running build
[6.673s] running build_py
[6.674s] copying ppo_racing/policy_node.py -> /home/mrc/sim_ws/build/ppo_racing/build/lib/ppo_racing
[6.674s] copying ppo_racing/ppo_agent.py -> /home/mrc/sim_ws/build/ppo_racing/build/lib/ppo_racing
[6.677s] running install
[6.684s] running install_lib
[6.693s] copying /home/mrc/sim_ws/build/ppo_racing/build/lib/ppo_racing/policy_node.py -> /home/mrc/sim_ws/install/ppo_racing/lib/python3.8/site-packages/ppo_racing
[6.694s] copying /home/mrc/sim_ws/build/ppo_racing/build/lib/ppo_racing/ppo_agent.py -> /home/mrc/sim_ws/install/ppo_racing/lib/python3.8/site-packages/ppo_racing
[6.698s] byte-compiling /home/mrc/sim_ws/install/ppo_racing/lib/python3.8/site-packages/ppo_racing/policy_node.py to policy_node.cpython-38.pyc
[6.713s] byte-compiling /home/mrc/sim_ws/install/ppo_racing/lib/python3.8/site-packages/ppo_racing/ppo_agent.py to ppo_agent.cpython-38.pyc
[6.727s] running install_data
[6.728s] running install_egg_info
[6.738s] removing '/home/mrc/sim_ws/install/ppo_racing/lib/python3.8/site-packages/ppo_racing-0.0.0-py3.8.egg-info' (and everything under it)
[6.740s] Copying ../../build/ppo_racing/ppo_racing.egg-info to /home/mrc/sim_ws/install/ppo_racing/lib/python3.8/site-packages/ppo_racing-0.0.0-py3.8.egg-info
[6.743s] running install_scripts
[6.849s] Installing policy_node script to /home/mrc/sim_ws/install/ppo_racing/lib/ppo_racing
[6.854s] writing list of installed files to '/home/mrc/sim_ws/build/ppo_racing/install.log'
[6.984s] Invoked command in '/home/mrc/sim_ws/src/ppo_racing' returned '0': PYTHONPATH=/home/mrc/sim_ws/build/ppo_racing/prefix_override:/usr/lib/python3/dist-packages/colcon_core/task/python/colcon_distutils_commands:/home/mrc/sim_ws/install/ppo_racing/lib/python3.8/site-packages:${PYTHONPATH} /usr/bin/python3 -W ignore:setup.py install is deprecated -W ignore:easy_install command is deprecated setup.py egg_info --egg-base ../../build/ppo_racing build --build-base /home/mrc/sim_ws/build/ppo_racing/build install --record /home/mrc/sim_ws/build/ppo_racing/install.log --install-scripts $base/lib/ppo_racing --single-version-externally-managed install_data
