[1.609s] DEBUG:colcon:Command line arguments: ['/usr/bin/colcon', 'build', '--packages-select', 'rrt_package']
[1.610s] DEBUG:colcon:Parsed command line arguments: Namespace(allow_overriding=[], ament_cmake_args=None, base_paths=['.'], build_base='build', catkin_cmake_args=None, catkin_skip_building_tests=False, cmake_args=None, cmake_clean_cache=False, cmake_clean_first=False, cmake_force_configure=False, cmake_target=None, cmake_target_skip_unavailable=False, continue_on_error=False, event_handlers=None, executor='parallel', ignore_user_meta=False, install_base='install', log_base=None, log_level=None, main=<bound method BuildVerb.main of <colcon_core.verb.build.BuildVerb object at 0x7ff0fb6c31f0>>, merge_install=False, metas=['./colcon.meta'], mixin=None, mixin_files=None, mixin_verb=('build',), packages_above=None, packages_above_and_dependencies=None, packages_above_depth=None, packages_end=None, packages_ignore=None, packages_ignore_regex=None, packages_select=['rrt_package'], packages_select_build_failed=False, packages_select_by_dep=None, packages_select_regex=None, packages_select_test_failures=False, packages_skip=None, packages_skip_build_finished=False, packages_skip_by_dep=None, packages_skip_regex=None, packages_skip_test_passed=False, packages_skip_up_to=None, packages_start=None, packages_up_to=None, packages_up_to_regex=None, parallel_workers=2, paths=None, symlink_install=False, test_result_base=None, verb_extension=<colcon_core.verb.build.BuildVerb object at 0x7ff0fb6c31f0>, verb_name='build', verb_parser=<colcon_mixin.mixin.mixin_argument.MixinArgumentDecorator object at 0x7ff0fb6107c0>)
[2.826s] Level 1:colcon.colcon_core.package_discovery:discover_packages(colcon_meta) check parameters
[2.830s] Level 1:colcon.colcon_core.package_discovery:discover_packages(recursive) check parameters
[2.831s] Level 1:colcon.colcon_core.package_discovery:discover_packages(ignore) check parameters
[2.831s] Level 1:colcon.colcon_core.package_discovery:discover_packages(path) check parameters
[2.831s] Level 1:colcon.colcon_core.package_discovery:discover_packages(colcon_meta) discover
[2.831s] Level 1:colcon.colcon_core.package_discovery:discover_packages(recursive) discover
[2.831s] INFO:colcon.colcon_core.package_discovery:Crawling recursively for packages in '/home/mrc/sim_ws'
[2.834s] Level 1:colcon.colcon_core.package_identification:_identify(.) by extensions ['ignore', 'ignore_ament_install']
[2.835s] Level 1:colcon.colcon_core.package_identification:_identify(.) by extension 'ignore'
[2.835s] Level 1:colcon.colcon_core.package_identification:_identify(.) by extension 'ignore_ament_install'
[2.836s] Level 1:colcon.colcon_core.package_identification:_identify(.) by extensions ['colcon_pkg']
[2.836s] Level 1:colcon.colcon_core.package_identification:_identify(.) by extension 'colcon_pkg'
[2.836s] Level 1:colcon.colcon_core.package_identification:_identify(.) by extensions ['colcon_meta']
[2.836s] Level 1:colcon.colcon_core.package_identification:_identify(.) by extension 'colcon_meta'
[2.836s] Level 1:colcon.colcon_core.package_identification:_identify(.) by extensions ['ros']
[2.836s] Level 1:colcon.colcon_core.package_identification:_identify(.) by extension 'ros'
[2.933s] Level 1:colcon.colcon_core.package_identification:_identify(.) by extensions ['cmake', 'python']
[2.933s] Level 1:colcon.colcon_core.package_identification:_identify(.) by extension 'cmake'
[2.934s] Level 1:colcon.colcon_core.package_identification:_identify(.) by extension 'python'
[2.934s] Level 1:colcon.colcon_core.package_identification:_identify(.) by extensions ['python_setup_py']
[2.934s] Level 1:colcon.colcon_core.package_identification:_identify(.) by extension 'python_setup_py'
[2.935s] Level 1:colcon.colcon_core.package_identification:_identify(build) by extensions ['ignore', 'ignore_ament_install']
[2.935s] Level 1:colcon.colcon_core.package_identification:_identify(build) by extension 'ignore'
[2.935s] Level 1:colcon.colcon_core.package_identification:_identify(build) ignored
[2.936s] Level 1:colcon.colcon_core.package_identification:_identify(install) by extensions ['ignore', 'ignore_ament_install']
[2.942s] Level 1:colcon.colcon_core.package_identification:_identify(install) by extension 'ignore'
[2.942s] Level 1:colcon.colcon_core.package_identification:_identify(install) ignored
[2.943s] Level 1:colcon.colcon_core.package_identification:_identify(log) by extensions ['ignore', 'ignore_ament_install']
[2.943s] Level 1:colcon.colcon_core.package_identification:_identify(log) by extension 'ignore'
[2.943s] Level 1:colcon.colcon_core.package_identification:_identify(log) ignored
[2.943s] Level 1:colcon.colcon_core.package_identification:_identify(src) by extensions ['ignore', 'ignore_ament_install']
[2.944s] Level 1:colcon.colcon_core.package_identification:_identify(src) by extension 'ignore'
[2.945s] Level 1:colcon.colcon_core.package_identification:_identify(src) by extension 'ignore_ament_install'
[2.946s] Level 1:colcon.colcon_core.package_identification:_identify(src) by extensions ['colcon_pkg']
[2.946s] Level 1:colcon.colcon_core.package_identification:_identify(src) by extension 'colcon_pkg'
[2.948s] Level 1:colcon.colcon_core.package_identification:_identify(src) by extensions ['colcon_meta']
[2.948s] Level 1:colcon.colcon_core.package_identification:_identify(src) by extension 'colcon_meta'
[2.948s] Level 1:colcon.colcon_core.package_identification:_identify(src) by extensions ['ros']
[2.949s] Level 1:colcon.colcon_core.package_identification:_identify(src) by extension 'ros'
[2.949s] Level 1:colcon.colcon_core.package_identification:_identify(src) by extensions ['cmake', 'python']
[2.949s] Level 1:colcon.colcon_core.package_identification:_identify(src) by extension 'cmake'
[2.949s] Level 1:colcon.colcon_core.package_identification:_identify(src) by extension 'python'
[2.950s] Level 1:colcon.colcon_core.package_identification:_identify(src) by extensions ['python_setup_py']
[2.950s] Level 1:colcon.colcon_core.package_identification:_identify(src) by extension 'python_setup_py'
[2.950s] Level 1:colcon.colcon_core.package_identification:_identify(src/RRT_package) by extensions ['ignore', 'ignore_ament_install']
[2.950s] Level 1:colcon.colcon_core.package_identification:_identify(src/RRT_package) by extension 'ignore'
[2.951s] Level 1:colcon.colcon_core.package_identification:_identify(src/RRT_package) by extension 'ignore_ament_install'
[2.951s] Level 1:colcon.colcon_core.package_identification:_identify(src/RRT_package) by extensions ['colcon_pkg']
[2.951s] Level 1:colcon.colcon_core.package_identification:_identify(src/RRT_package) by extension 'colcon_pkg'
[2.951s] Level 1:colcon.colcon_core.package_identification:_identify(src/RRT_package) by extensions ['colcon_meta']
[2.951s] Level 1:colcon.colcon_core.package_identification:_identify(src/RRT_package) by extension 'colcon_meta'
[2.952s] Level 1:colcon.colcon_core.package_identification:_identify(src/RRT_package) by extensions ['ros']
[2.952s] Level 1:colcon.colcon_core.package_identification:_identify(src/RRT_package) by extension 'ros'
[2.952s] Level 1:colcon.colcon_core.package_identification:_identify(src/RRT_package) by extensions ['cmake', 'python']
[2.952s] Level 1:colcon.colcon_core.package_identification:_identify(src/RRT_package) by extension 'cmake'
[2.952s] Level 1:colcon.colcon_core.package_identification:_identify(src/RRT_package) by extension 'python'
[2.953s] Level 1:colcon.colcon_core.package_identification:_identify(src/RRT_package) by extensions ['python_setup_py']
[2.953s] Level 1:colcon.colcon_core.package_identification:_identify(src/RRT_package) by extension 'python_setup_py'
[2.956s] Level 1:colcon.colcon_core.package_identification:_identify(src/RRT_package/RRT_package) by extensions ['ignore', 'ignore_ament_install']
[2.957s] Level 1:colcon.colcon_core.package_identification:_identify(src/RRT_package/RRT_package) by extension 'ignore'
[2.957s] Level 1:colcon.colcon_core.package_identification:_identify(src/RRT_package/RRT_package) by extension 'ignore_ament_install'
[2.957s] Level 1:colcon.colcon_core.package_identification:_identify(src/RRT_package/RRT_package) by extensions ['colcon_pkg']
[2.957s] Level 1:colcon.colcon_core.package_identification:_identify(src/RRT_package/RRT_package) by extension 'colcon_pkg'
[2.958s] Level 1:colcon.colcon_core.package_identification:_identify(src/RRT_package/RRT_package) by extensions ['colcon_meta']
[2.958s] Level 1:colcon.colcon_core.package_identification:_identify(src/RRT_package/RRT_package) by extension 'colcon_meta'
[2.958s] Level 1:colcon.colcon_core.package_identification:_identify(src/RRT_package/RRT_package) by extensions ['ros']
[2.958s] Level 1:colcon.colcon_core.package_identification:_identify(src/RRT_package/RRT_package) by extension 'ros'
[2.958s] Level 1:colcon.colcon_core.package_identification:_identify(src/RRT_package/RRT_package) by extensions ['cmake', 'python']
[2.958s] Level 1:colcon.colcon_core.package_identification:_identify(src/RRT_package/RRT_package) by extension 'cmake'
[2.958s] Level 1:colcon.colcon_core.package_identification:_identify(src/RRT_package/RRT_package) by extension 'python'
[2.959s] Level 1:colcon.colcon_core.package_identification:_identify(src/RRT_package/RRT_package) by extensions ['python_setup_py']
[2.959s] Level 1:colcon.colcon_core.package_identification:_identify(src/RRT_package/RRT_package) by extension 'python_setup_py'
[2.959s] Level 1:colcon.colcon_core.package_identification:_identify(src/f1tenth_gym_ros) by extensions ['ignore', 'ignore_ament_install']
[2.959s] Level 1:colcon.colcon_core.package_identification:_identify(src/f1tenth_gym_ros) by extension 'ignore'
[2.960s] Level 1:colcon.colcon_core.package_identification:_identify(src/f1tenth_gym_ros) by extension 'ignore_ament_install'
[2.961s] Level 1:colcon.colcon_core.package_identification:_identify(src/f1tenth_gym_ros) by extensions ['colcon_pkg']
[2.965s] Level 1:colcon.colcon_core.package_identification:_identify(src/f1tenth_gym_ros) by extension 'colcon_pkg'
[2.965s] Level 1:colcon.colcon_core.package_identification:_identify(src/f1tenth_gym_ros) by extensions ['colcon_meta']
[2.965s] Level 1:colcon.colcon_core.package_identification:_identify(src/f1tenth_gym_ros) by extension 'colcon_meta'
[2.965s] Level 1:colcon.colcon_core.package_identification:_identify(src/f1tenth_gym_ros) by extensions ['ros']
[2.965s] Level 1:colcon.colcon_core.package_identification:_identify(src/f1tenth_gym_ros) by extension 'ros'
[2.978s] DEBUG:colcon.colcon_core.package_identification:Package 'src/f1tenth_gym_ros' with type 'ros.ament_python' and name 'f1tenth_gym_ros'
[2.979s] Level 1:colcon.colcon_core.package_identification:_identify(src/f1tenth_lab2_template) by extensions ['ignore', 'ignore_ament_install']
[2.979s] Level 1:colcon.colcon_core.package_identification:_identify(src/f1tenth_lab2_template) by extension 'ignore'
[2.979s] Level 1:colcon.colcon_core.package_identification:_identify(src/f1tenth_lab2_template) by extension 'ignore_ament_install'
[2.979s] Level 1:colcon.colcon_core.package_identification:_identify(src/f1tenth_lab2_template) by extensions ['colcon_pkg']
[2.979s] Level 1:colcon.colcon_core.package_identification:_identify(src/f1tenth_lab2_template) by extension 'colcon_pkg'
[2.979s] Level 1:colcon.colcon_core.package_identification:_identify(src/f1tenth_lab2_template) by extensions ['colcon_meta']
[2.979s] Level 1:colcon.colcon_core.package_identification:_identify(src/f1tenth_lab2_template) by extension 'colcon_meta'
[2.980s] Level 1:colcon.colcon_core.package_identification:_identify(src/f1tenth_lab2_template) by extensions ['ros']
[2.980s] Level 1:colcon.colcon_core.package_identification:_identify(src/f1tenth_lab2_template) by extension 'ros'
[2.980s] Level 1:colcon.colcon_core.package_identification:_identify(src/f1tenth_lab2_template) by extensions ['cmake', 'python']
[2.980s] Level 1:colcon.colcon_core.package_identification:_identify(src/f1tenth_lab2_template) by extension 'cmake'
[2.980s] Level 1:colcon.colcon_core.package_identification:_identify(src/f1tenth_lab2_template) by extension 'python'
[2.980s] Level 1:colcon.colcon_core.package_identification:_identify(src/f1tenth_lab2_template) by extensions ['python_setup_py']
[2.980s] Level 1:colcon.colcon_core.package_identification:_identify(src/f1tenth_lab2_template) by extension 'python_setup_py'
[2.981s] Level 1:colcon.colcon_core.package_identification:_identify(src/f1tenth_lab2_template/safety_node) by extensions ['ignore', 'ignore_ament_install']
[2.983s] Level 1:colcon.colcon_core.package_identification:_identify(src/f1tenth_lab2_template/safety_node) by extension 'ignore'
[2.983s] Level 1:colcon.colcon_core.package_identification:_identify(src/f1tenth_lab2_template/safety_node) by extension 'ignore_ament_install'
[2.983s] Level 1:colcon.colcon_core.package_identification:_identify(src/f1tenth_lab2_template/safety_node) by extensions ['colcon_pkg']
[2.983s] Level 1:colcon.colcon_core.package_identification:_identify(src/f1tenth_lab2_template/safety_node) by extension 'colcon_pkg'
[2.984s] Level 1:colcon.colcon_core.package_identification:_identify(src/f1tenth_lab2_template/safety_node) by extensions ['colcon_meta']
[2.984s] Level 1:colcon.colcon_core.package_identification:_identify(src/f1tenth_lab2_template/safety_node) by extension 'colcon_meta'
[2.984s] Level 1:colcon.colcon_core.package_identification:_identify(src/f1tenth_lab2_template/safety_node) by extensions ['ros']
[2.989s] Level 1:colcon.colcon_core.package_identification:_identify(src/f1tenth_lab2_template/safety_node) by extension 'ros'
[3.000s] DEBUG:colcon.colcon_core.package_identification:Package 'src/f1tenth_lab2_template/safety_node' with type 'ros.ament_cmake' and name 'safety_node'
[3.000s] Level 1:colcon.colcon_core.package_identification:_identify(src/f1tenth_lab3_template) by extensions ['ignore', 'ignore_ament_install']
[3.001s] Level 1:colcon.colcon_core.package_identification:_identify(src/f1tenth_lab3_template) by extension 'ignore'
[3.001s] Level 1:colcon.colcon_core.package_identification:_identify(src/f1tenth_lab3_template) by extension 'ignore_ament_install'
[3.005s] Level 1:colcon.colcon_core.package_identification:_identify(src/f1tenth_lab3_template) by extensions ['colcon_pkg']
[3.005s] Level 1:colcon.colcon_core.package_identification:_identify(src/f1tenth_lab3_template) by extension 'colcon_pkg'
[3.005s] Level 1:colcon.colcon_core.package_identification:_identify(src/f1tenth_lab3_template) by extensions ['colcon_meta']
[3.005s] Level 1:colcon.colcon_core.package_identification:_identify(src/f1tenth_lab3_template) by extension 'colcon_meta'
[3.005s] Level 1:colcon.colcon_core.package_identification:_identify(src/f1tenth_lab3_template) by extensions ['ros']
[3.005s] Level 1:colcon.colcon_core.package_identification:_identify(src/f1tenth_lab3_template) by extension 'ros'
[3.006s] Level 1:colcon.colcon_core.package_identification:_identify(src/f1tenth_lab3_template) by extensions ['cmake', 'python']
[3.006s] Level 1:colcon.colcon_core.package_identification:_identify(src/f1tenth_lab3_template) by extension 'cmake'
[3.006s] Level 1:colcon.colcon_core.package_identification:_identify(src/f1tenth_lab3_template) by extension 'python'
[3.006s] Level 1:colcon.colcon_core.package_identification:_identify(src/f1tenth_lab3_template) by extensions ['python_setup_py']
[3.006s] Level 1:colcon.colcon_core.package_identification:_identify(src/f1tenth_lab3_template) by extension 'python_setup_py'
[3.007s] Level 1:colcon.colcon_core.package_identification:_identify(src/f1tenth_lab3_template/img) by extensions ['ignore', 'ignore_ament_install']
[3.007s] Level 1:colcon.colcon_core.package_identification:_identify(src/f1tenth_lab3_template/img) by extension 'ignore'
[3.007s] Level 1:colcon.colcon_core.package_identification:_identify(src/f1tenth_lab3_template/img) by extension 'ignore_ament_install'
[3.007s] Level 1:colcon.colcon_core.package_identification:_identify(src/f1tenth_lab3_template/img) by extensions ['colcon_pkg']
[3.007s] Level 1:colcon.colcon_core.package_identification:_identify(src/f1tenth_lab3_template/img) by extension 'colcon_pkg'
[3.007s] Level 1:colcon.colcon_core.package_identification:_identify(src/f1tenth_lab3_template/img) by extensions ['colcon_meta']
[3.007s] Level 1:colcon.colcon_core.package_identification:_identify(src/f1tenth_lab3_template/img) by extension 'colcon_meta'
[3.008s] Level 1:colcon.colcon_core.package_identification:_identify(src/f1tenth_lab3_template/img) by extensions ['ros']
[3.008s] Level 1:colcon.colcon_core.package_identification:_identify(src/f1tenth_lab3_template/img) by extension 'ros'
[3.008s] Level 1:colcon.colcon_core.package_identification:_identify(src/f1tenth_lab3_template/img) by extensions ['cmake', 'python']
[3.008s] Level 1:colcon.colcon_core.package_identification:_identify(src/f1tenth_lab3_template/img) by extension 'cmake'
[3.008s] Level 1:colcon.colcon_core.package_identification:_identify(src/f1tenth_lab3_template/img) by extension 'python'
[3.008s] Level 1:colcon.colcon_core.package_identification:_identify(src/f1tenth_lab3_template/img) by extensions ['python_setup_py']
[3.009s] Level 1:colcon.colcon_core.package_identification:_identify(src/f1tenth_lab3_template/img) by extension 'python_setup_py'
[3.009s] Level 1:colcon.colcon_core.package_identification:_identify(src/f1tenth_lab3_template/wall_follow) by extensions ['ignore', 'ignore_ament_install']
[3.009s] Level 1:colcon.colcon_core.package_identification:_identify(src/f1tenth_lab3_template/wall_follow) by extension 'ignore'
[3.009s] Level 1:colcon.colcon_core.package_identification:_identify(src/f1tenth_lab3_template/wall_follow) by extension 'ignore_ament_install'
[3.010s] Level 1:colcon.colcon_core.package_identification:_identify(src/f1tenth_lab3_template/wall_follow) by extensions ['colcon_pkg']
[3.010s] Level 1:colcon.colcon_core.package_identification:_identify(src/f1tenth_lab3_template/wall_follow) by extension 'colcon_pkg'
[3.010s] Level 1:colcon.colcon_core.package_identification:_identify(src/f1tenth_lab3_template/wall_follow) by extensions ['colcon_meta']
[3.010s] Level 1:colcon.colcon_core.package_identification:_identify(src/f1tenth_lab3_template/wall_follow) by extension 'colcon_meta'
[3.010s] Level 1:colcon.colcon_core.package_identification:_identify(src/f1tenth_lab3_template/wall_follow) by extensions ['ros']
[3.010s] Level 1:colcon.colcon_core.package_identification:_identify(src/f1tenth_lab3_template/wall_follow) by extension 'ros'
[3.013s] DEBUG:colcon.colcon_core.package_identification:Package 'src/f1tenth_lab3_template/wall_follow' with type 'ros.ament_cmake' and name 'wall_follow'
[3.019s] Level 1:colcon.colcon_core.package_identification:_identify(src/f1tenth_lab4_template) by extensions ['ignore', 'ignore_ament_install']
[3.019s] Level 1:colcon.colcon_core.package_identification:_identify(src/f1tenth_lab4_template) by extension 'ignore'
[3.019s] Level 1:colcon.colcon_core.package_identification:_identify(src/f1tenth_lab4_template) by extension 'ignore_ament_install'
[3.019s] Level 1:colcon.colcon_core.package_identification:_identify(src/f1tenth_lab4_template) by extensions ['colcon_pkg']
[3.020s] Level 1:colcon.colcon_core.package_identification:_identify(src/f1tenth_lab4_template) by extension 'colcon_pkg'
[3.020s] Level 1:colcon.colcon_core.package_identification:_identify(src/f1tenth_lab4_template) by extensions ['colcon_meta']
[3.020s] Level 1:colcon.colcon_core.package_identification:_identify(src/f1tenth_lab4_template) by extension 'colcon_meta'
[3.020s] Level 1:colcon.colcon_core.package_identification:_identify(src/f1tenth_lab4_template) by extensions ['ros']
[3.020s] Level 1:colcon.colcon_core.package_identification:_identify(src/f1tenth_lab4_template) by extension 'ros'
[3.020s] Level 1:colcon.colcon_core.package_identification:_identify(src/f1tenth_lab4_template) by extensions ['cmake', 'python']
[3.020s] Level 1:colcon.colcon_core.package_identification:_identify(src/f1tenth_lab4_template) by extension 'cmake'
[3.021s] Level 1:colcon.colcon_core.package_identification:_identify(src/f1tenth_lab4_template) by extension 'python'
[3.022s] Level 1:colcon.colcon_core.package_identification:_identify(src/f1tenth_lab4_template) by extensions ['python_setup_py']
[3.022s] Level 1:colcon.colcon_core.package_identification:_identify(src/f1tenth_lab4_template) by extension 'python_setup_py'
[3.022s] Level 1:colcon.colcon_core.package_identification:_identify(src/f1tenth_lab4_template/gap_follow) by extensions ['ignore', 'ignore_ament_install']
[3.022s] Level 1:colcon.colcon_core.package_identification:_identify(src/f1tenth_lab4_template/gap_follow) by extension 'ignore'
[3.022s] Level 1:colcon.colcon_core.package_identification:_identify(src/f1tenth_lab4_template/gap_follow) by extension 'ignore_ament_install'
[3.022s] Level 1:colcon.colcon_core.package_identification:_identify(src/f1tenth_lab4_template/gap_follow) by extensions ['colcon_pkg']
[3.023s] Level 1:colcon.colcon_core.package_identification:_identify(src/f1tenth_lab4_template/gap_follow) by extension 'colcon_pkg'
[3.023s] Level 1:colcon.colcon_core.package_identification:_identify(src/f1tenth_lab4_template/gap_follow) by extensions ['colcon_meta']
[3.023s] Level 1:colcon.colcon_core.package_identification:_identify(src/f1tenth_lab4_template/gap_follow) by extension 'colcon_meta'
[3.023s] Level 1:colcon.colcon_core.package_identification:_identify(src/f1tenth_lab4_template/gap_follow) by extensions ['ros']
[3.023s] Level 1:colcon.colcon_core.package_identification:_identify(src/f1tenth_lab4_template/gap_follow) by extension 'ros'
[3.024s] DEBUG:colcon.colcon_core.package_identification:Package 'src/f1tenth_lab4_template/gap_follow' with type 'ros.ament_cmake' and name 'gap_follow'
[3.025s] Level 1:colcon.colcon_core.package_identification:_identify(src/f1tenth_lab6_template) by extensions ['ignore', 'ignore_ament_install']
[3.029s] Level 1:colcon.colcon_core.package_identification:_identify(src/f1tenth_lab6_template) by extension 'ignore'
[3.029s] Level 1:colcon.colcon_core.package_identification:_identify(src/f1tenth_lab6_template) by extension 'ignore_ament_install'
[3.030s] Level 1:colcon.colcon_core.package_identification:_identify(src/f1tenth_lab6_template) by extensions ['colcon_pkg']
[3.030s] Level 1:colcon.colcon_core.package_identification:_identify(src/f1tenth_lab6_template) by extension 'colcon_pkg'
[3.031s] Level 1:colcon.colcon_core.package_identification:_identify(src/f1tenth_lab6_template) by extensions ['colcon_meta']
[3.031s] Level 1:colcon.colcon_core.package_identification:_identify(src/f1tenth_lab6_template) by extension 'colcon_meta'
[3.031s] Level 1:colcon.colcon_core.package_identification:_identify(src/f1tenth_lab6_template) by extensions ['ros']
[3.031s] Level 1:colcon.colcon_core.package_identification:_identify(src/f1tenth_lab6_template) by extension 'ros'
[3.032s] Level 1:colcon.colcon_core.package_identification:_identify(src/f1tenth_lab6_template) by extensions ['cmake', 'python']
[3.032s] Level 1:colcon.colcon_core.package_identification:_identify(src/f1tenth_lab6_template) by extension 'cmake'
[3.032s] Level 1:colcon.colcon_core.package_identification:_identify(src/f1tenth_lab6_template) by extension 'python'
[3.032s] Level 1:colcon.colcon_core.package_identification:_identify(src/f1tenth_lab6_template) by extensions ['python_setup_py']
[3.032s] Level 1:colcon.colcon_core.package_identification:_identify(src/f1tenth_lab6_template) by extension 'python_setup_py'
[3.035s] Level 1:colcon.colcon_core.package_identification:_identify(src/f1tenth_lab6_template/pure_pursuit) by extensions ['ignore', 'ignore_ament_install']
[3.035s] Level 1:colcon.colcon_core.package_identification:_identify(src/f1tenth_lab6_template/pure_pursuit) by extension 'ignore'
[3.035s] Level 1:colcon.colcon_core.package_identification:_identify(src/f1tenth_lab6_template/pure_pursuit) by extension 'ignore_ament_install'
[3.035s] Level 1:colcon.colcon_core.package_identification:_identify(src/f1tenth_lab6_template/pure_pursuit) by extensions ['colcon_pkg']
[3.035s] Level 1:colcon.colcon_core.package_identification:_identify(src/f1tenth_lab6_template/pure_pursuit) by extension 'colcon_pkg'
[3.035s] Level 1:colcon.colcon_core.package_identification:_identify(src/f1tenth_lab6_template/pure_pursuit) by extensions ['colcon_meta']
[3.035s] Level 1:colcon.colcon_core.package_identification:_identify(src/f1tenth_lab6_template/pure_pursuit) by extension 'colcon_meta'
[3.036s] Level 1:colcon.colcon_core.package_identification:_identify(src/f1tenth_lab6_template/pure_pursuit) by extensions ['ros']
[3.036s] Level 1:colcon.colcon_core.package_identification:_identify(src/f1tenth_lab6_template/pure_pursuit) by extension 'ros'
[3.041s] DEBUG:colcon.colcon_core.package_identification:Package 'src/f1tenth_lab6_template/pure_pursuit' with type 'ros.ament_cmake' and name 'pure_pursuit'
[3.042s] Level 1:colcon.colcon_core.package_identification:_identify(src/particle_filter) by extensions ['ignore', 'ignore_ament_install']
[3.042s] Level 1:colcon.colcon_core.package_identification:_identify(src/particle_filter) by extension 'ignore'
[3.042s] Level 1:colcon.colcon_core.package_identification:_identify(src/particle_filter) by extension 'ignore_ament_install'
[3.042s] Level 1:colcon.colcon_core.package_identification:_identify(src/particle_filter) by extensions ['colcon_pkg']
[3.042s] Level 1:colcon.colcon_core.package_identification:_identify(src/particle_filter) by extension 'colcon_pkg'
[3.042s] Level 1:colcon.colcon_core.package_identification:_identify(src/particle_filter) by extensions ['colcon_meta']
[3.042s] Level 1:colcon.colcon_core.package_identification:_identify(src/particle_filter) by extension 'colcon_meta'
[3.042s] Level 1:colcon.colcon_core.package_identification:_identify(src/particle_filter) by extensions ['ros']
[3.042s] Level 1:colcon.colcon_core.package_identification:_identify(src/particle_filter) by extension 'ros'
[3.044s] DEBUG:colcon.colcon_core.package_identification:Package 'src/particle_filter' with type 'ros.ament_python' and name 'particle_filter'
[3.045s] Level 1:colcon.colcon_core.package_identification:_identify(src/rrt_package) by extensions ['ignore', 'ignore_ament_install']
[3.045s] Level 1:colcon.colcon_core.package_identification:_identify(src/rrt_package) by extension 'ignore'
[3.048s] Level 1:colcon.colcon_core.package_identification:_identify(src/rrt_package) by extension 'ignore_ament_install'
[3.048s] Level 1:colcon.colcon_core.package_identification:_identify(src/rrt_package) by extensions ['colcon_pkg']
[3.049s] Level 1:colcon.colcon_core.package_identification:_identify(src/rrt_package) by extension 'colcon_pkg'
[3.050s] Level 1:colcon.colcon_core.package_identification:_identify(src/rrt_package) by extensions ['colcon_meta']
[3.050s] Level 1:colcon.colcon_core.package_identification:_identify(src/rrt_package) by extension 'colcon_meta'
[3.051s] Level 1:colcon.colcon_core.package_identification:_identify(src/rrt_package) by extensions ['ros']
[3.051s] Level 1:colcon.colcon_core.package_identification:_identify(src/rrt_package) by extension 'ros'
[3.052s] DEBUG:colcon.colcon_core.package_identification:Package 'src/rrt_package' with type 'ros.ament_python' and name 'rrt_package'
[3.052s] Level 1:colcon.colcon_core.package_discovery:discover_packages(recursive) using defaults
[3.052s] Level 1:colcon.colcon_core.package_discovery:discover_packages(ignore) discover
[3.052s] Level 1:colcon.colcon_core.package_discovery:discover_packages(ignore) using defaults
[3.052s] Level 1:colcon.colcon_core.package_discovery:discover_packages(path) discover
[3.052s] Level 1:colcon.colcon_core.package_discovery:discover_packages(path) using defaults
[3.175s] INFO:colcon.colcon_core.package_selection:Skipping not selected package 'f1tenth_gym_ros' in 'src/f1tenth_gym_ros'
[3.175s] INFO:colcon.colcon_core.package_selection:Skipping not selected package 'gap_follow' in 'src/f1tenth_lab4_template/gap_follow'
[3.175s] INFO:colcon.colcon_core.package_selection:Skipping not selected package 'particle_filter' in 'src/particle_filter'
[3.175s] INFO:colcon.colcon_core.package_selection:Skipping not selected package 'pure_pursuit' in 'src/f1tenth_lab6_template/pure_pursuit'
[3.175s] INFO:colcon.colcon_core.package_selection:Skipping not selected package 'safety_node' in 'src/f1tenth_lab2_template/safety_node'
[3.175s] INFO:colcon.colcon_core.package_selection:Skipping not selected package 'wall_follow' in 'src/f1tenth_lab3_template/wall_follow'
[3.176s] Level 1:colcon.colcon_core.package_discovery:discover_packages(prefix_path) check parameters
[3.176s] Level 1:colcon.colcon_core.package_discovery:discover_packages(prefix_path) discover
[3.190s] DEBUG:colcon.colcon_installed_package_information.package_discovery:Found 8 installed packages in /home/mrc/sim_ws/install
[3.199s] DEBUG:colcon.colcon_installed_package_information.package_discovery:Found 339 installed packages in /opt/ros/foxy
[3.203s] Level 1:colcon.colcon_core.package_discovery:discover_packages(prefix_path) using defaults
[3.636s] Level 5:colcon.colcon_core.verb:set package 'rrt_package' build argument 'cmake_args' from command line to 'None'
[3.636s] Level 5:colcon.colcon_core.verb:set package 'rrt_package' build argument 'cmake_target' from command line to 'None'
[3.636s] Level 5:colcon.colcon_core.verb:set package 'rrt_package' build argument 'cmake_target_skip_unavailable' from command line to 'False'
[3.636s] Level 5:colcon.colcon_core.verb:set package 'rrt_package' build argument 'cmake_clean_cache' from command line to 'False'
[3.636s] Level 5:colcon.colcon_core.verb:set package 'rrt_package' build argument 'cmake_clean_first' from command line to 'False'
[3.636s] Level 5:colcon.colcon_core.verb:set package 'rrt_package' build argument 'cmake_force_configure' from command line to 'False'
[3.636s] Level 5:colcon.colcon_core.verb:set package 'rrt_package' build argument 'ament_cmake_args' from command line to 'None'
[3.636s] Level 5:colcon.colcon_core.verb:set package 'rrt_package' build argument 'catkin_cmake_args' from command line to 'None'
[3.636s] Level 5:colcon.colcon_core.verb:set package 'rrt_package' build argument 'catkin_skip_building_tests' from command line to 'False'
[3.636s] DEBUG:colcon.colcon_core.verb:Building package 'rrt_package' with the following arguments: {'ament_cmake_args': None, 'build_base': '/home/mrc/sim_ws/build/rrt_package', 'catkin_cmake_args': None, 'catkin_skip_building_tests': False, 'cmake_args': None, 'cmake_clean_cache': False, 'cmake_clean_first': False, 'cmake_force_configure': False, 'cmake_target': None, 'cmake_target_skip_unavailable': False, 'install_base': '/home/mrc/sim_ws/install/rrt_package', 'merge_install': False, 'path': '/home/mrc/sim_ws/src/rrt_package', 'symlink_install': False, 'test_result_base': None}
[3.637s] INFO:colcon.colcon_core.executor:Executing jobs using 'parallel' executor
[3.647s] DEBUG:colcon.colcon_parallel_executor.executor.parallel:run_until_complete
[3.648s] INFO:colcon.colcon_ros.task.ament_python.build:Building ROS package in '/home/mrc/sim_ws/src/rrt_package' with build type 'ament_python'
[3.648s] Level 1:colcon.colcon_core.shell:create_environment_hook('rrt_package', 'ament_prefix_path')
[3.656s] INFO:colcon.colcon_core.plugin_system:Skipping extension 'colcon_core.shell.bat': Not used on non-Windows systems
[3.656s] INFO:colcon.colcon_core.shell:Creating environment hook '/home/mrc/sim_ws/install/rrt_package/share/rrt_package/hook/ament_prefix_path.ps1'
[3.662s] INFO:colcon.colcon_core.shell:Creating environment descriptor '/home/mrc/sim_ws/install/rrt_package/share/rrt_package/hook/ament_prefix_path.dsv'
[3.670s] INFO:colcon.colcon_core.shell:Creating environment hook '/home/mrc/sim_ws/install/rrt_package/share/rrt_package/hook/ament_prefix_path.sh'
[3.683s] INFO:colcon.colcon_core.shell:Skip shell extension 'powershell' for command environment: Not usable outside of PowerShell
[3.683s] DEBUG:colcon.colcon_core.shell:Skip shell extension 'dsv' for command environment
[5.185s] INFO:colcon.colcon_core.task.python.build:Building Python package in '/home/mrc/sim_ws/src/rrt_package'
[5.191s] INFO:colcon.colcon_core.shell:Skip shell extension 'powershell' for command environment: Not usable outside of PowerShell
[5.192s] DEBUG:colcon.colcon_core.shell:Skip shell extension 'dsv' for command environment
[7.183s] DEBUG:colcon.colcon_core.event_handler.log_command:Invoking command in '/home/mrc/sim_ws/src/rrt_package': PYTHONPATH=/home/mrc/sim_ws/build/rrt_package/prefix_override:/usr/lib/python3/dist-packages/colcon_core/task/python/colcon_distutils_commands:/home/mrc/sim_ws/install/rrt_package/lib/python3.8/site-packages:${PYTHONPATH} /usr/bin/python3 -W ignore:setup.py install is deprecated -W ignore:easy_install command is deprecated setup.py egg_info --egg-base ../../build/rrt_package build --build-base /home/mrc/sim_ws/build/rrt_package/build install --record /home/mrc/sim_ws/build/rrt_package/install.log --install-scripts $base/lib/rrt_package --single-version-externally-managed install_data
[8.233s] DEBUG:colcon.colcon_core.event_handler.log_command:Invoked command in '/home/mrc/sim_ws/src/rrt_package' returned '0': PYTHONPATH=/home/mrc/sim_ws/build/rrt_package/prefix_override:/usr/lib/python3/dist-packages/colcon_core/task/python/colcon_distutils_commands:/home/mrc/sim_ws/install/rrt_package/lib/python3.8/site-packages:${PYTHONPATH} /usr/bin/python3 -W ignore:setup.py install is deprecated -W ignore:easy_install command is deprecated setup.py egg_info --egg-base ../../build/rrt_package build --build-base /home/mrc/sim_ws/build/rrt_package/build install --record /home/mrc/sim_ws/build/rrt_package/install.log --install-scripts $base/lib/rrt_package --single-version-externally-managed install_data
[8.235s] Level 1:colcon.colcon_core.environment:checking '/home/mrc/sim_ws/install/rrt_package' for CMake module files
[8.236s] Level 1:colcon.colcon_core.environment:checking '/home/mrc/sim_ws/install/rrt_package' for CMake config files
[8.238s] Level 1:colcon.colcon_core.environment:checking '/home/mrc/sim_ws/install/rrt_package/lib'
[8.238s] Level 1:colcon.colcon_core.environment:checking '/home/mrc/sim_ws/install/rrt_package/bin'
[8.238s] Level 1:colcon.colcon_core.environment:checking '/home/mrc/sim_ws/install/rrt_package/lib/pkgconfig/rrt_package.pc'
[8.239s] Level 1:colcon.colcon_core.environment:checking '/home/mrc/sim_ws/install/rrt_package/lib/python3.8/site-packages'
[8.239s] Level 1:colcon.colcon_core.shell:create_environment_hook('rrt_package', 'pythonpath')
[8.239s] INFO:colcon.colcon_core.shell:Creating environment hook '/home/mrc/sim_ws/install/rrt_package/share/rrt_package/hook/pythonpath.ps1'
[8.241s] INFO:colcon.colcon_core.shell:Creating environment descriptor '/home/mrc/sim_ws/install/rrt_package/share/rrt_package/hook/pythonpath.dsv'
[8.246s] INFO:colcon.colcon_core.shell:Creating environment hook '/home/mrc/sim_ws/install/rrt_package/share/rrt_package/hook/pythonpath.sh'
[8.248s] Level 1:colcon.colcon_core.environment:checking '/home/mrc/sim_ws/install/rrt_package/bin'
[8.248s] Level 1:colcon.colcon_core.environment:create_environment_scripts_only(rrt_package)
[8.249s] INFO:colcon.colcon_core.shell:Creating package script '/home/mrc/sim_ws/install/rrt_package/share/rrt_package/package.ps1'
[8.254s] INFO:colcon.colcon_core.shell:Creating package descriptor '/home/mrc/sim_ws/install/rrt_package/share/rrt_package/package.dsv'
[8.255s] INFO:colcon.colcon_core.shell:Creating package script '/home/mrc/sim_ws/install/rrt_package/share/rrt_package/package.sh'
[8.258s] INFO:colcon.colcon_core.shell:Creating package script '/home/mrc/sim_ws/install/rrt_package/share/rrt_package/package.bash'
[8.259s] INFO:colcon.colcon_core.shell:Creating package script '/home/mrc/sim_ws/install/rrt_package/share/rrt_package/package.zsh'
[8.261s] Level 1:colcon.colcon_core.environment:create_file_with_runtime_dependencies(/home/mrc/sim_ws/install/rrt_package/share/colcon-core/packages/rrt_package)
[8.263s] DEBUG:colcon.colcon_parallel_executor.executor.parallel:closing loop
[8.264s] DEBUG:colcon.colcon_parallel_executor.executor.parallel:loop closed
[8.264s] DEBUG:colcon.colcon_parallel_executor.executor.parallel:run_until_complete finished with '0'
[8.265s] DEBUG:colcon.colcon_core.event_reactor:joining thread
[8.300s] INFO:colcon.colcon_core.plugin_system:Skipping extension 'colcon_notification.desktop_notification.terminal_notifier': Not used on non-Darwin systems
[8.300s] INFO:colcon.colcon_core.plugin_system:Skipping extension 'colcon_notification.desktop_notification.win32': Not used on non-Windows systems
[8.300s] INFO:colcon.colcon_notification.desktop_notification:Sending desktop notification using 'notify2'
[8.367s] DEBUG:colcon.colcon_core.event_reactor:joined thread
[8.368s] INFO:colcon.colcon_core.shell:Creating prefix script '/home/mrc/sim_ws/install/local_setup.ps1'
[8.371s] INFO:colcon.colcon_core.shell:Creating prefix util module '/home/mrc/sim_ws/install/_local_setup_util_ps1.py'
[8.377s] INFO:colcon.colcon_core.shell:Creating prefix chain script '/home/mrc/sim_ws/install/setup.ps1'
[8.390s] INFO:colcon.colcon_core.shell:Creating prefix script '/home/mrc/sim_ws/install/local_setup.sh'
[8.393s] INFO:colcon.colcon_core.shell:Creating prefix util module '/home/mrc/sim_ws/install/_local_setup_util_sh.py'
[8.396s] INFO:colcon.colcon_core.shell:Creating prefix chain script '/home/mrc/sim_ws/install/setup.sh'
[8.407s] INFO:colcon.colcon_core.shell:Creating prefix script '/home/mrc/sim_ws/install/local_setup.bash'
[8.409s] INFO:colcon.colcon_core.shell:Creating prefix chain script '/home/mrc/sim_ws/install/setup.bash'
[8.423s] INFO:colcon.colcon_core.shell:Creating prefix script '/home/mrc/sim_ws/install/local_setup.zsh'
[8.426s] INFO:colcon.colcon_core.shell:Creating prefix chain script '/home/mrc/sim_ws/install/setup.zsh'
