[2.016s] Invoking command in '/home/mrc/sim_ws/src/rrt_package': PYTHONPATH=/home/mrc/sim_ws/build/rrt_package/prefix_override:/usr/lib/python3/dist-packages/colcon_core/task/python/colcon_distutils_commands:/home/mrc/sim_ws/install/rrt_package/lib/python3.8/site-packages:${PYTHONPATH} /usr/bin/python3 -W ignore:setup.py install is deprecated -W ignore:easy_install command is deprecated setup.py egg_info --egg-base ../../build/rrt_package build --build-base /home/mrc/sim_ws/build/rrt_package/build install --record /home/mrc/sim_ws/build/rrt_package/install.log --install-scripts $base/lib/rrt_package --single-version-externally-managed install_data
[2.810s] running egg_info
[2.812s] writing ../../build/rrt_package/rrt_package.egg-info/PKG-INFO
[2.813s] writing dependency_links to ../../build/rrt_package/rrt_package.egg-info/dependency_links.txt
[2.814s] writing entry points to ../../build/rrt_package/rrt_package.egg-info/entry_points.txt
[2.816s] writing requirements to ../../build/rrt_package/rrt_package.egg-info/requires.txt
[2.816s] writing top-level names to ../../build/rrt_package/rrt_package.egg-info/top_level.txt
[2.925s] reading manifest file '../../build/rrt_package/rrt_package.egg-info/SOURCES.txt'
[2.927s] writing manifest file '../../build/rrt_package/rrt_package.egg-info/SOURCES.txt'
[2.928s] running build
[2.928s] running build_py
[2.928s] copying rrt_package/rrt_pure_pursuit.py -> /home/mrc/sim_ws/build/rrt_package/build/lib/rrt_package
[2.934s] running install
[2.935s] running install_lib
[2.935s] copying /home/mrc/sim_ws/build/rrt_package/build/lib/rrt_package/rrt_pure_pursuit.py -> /home/mrc/sim_ws/install/rrt_package/lib/python3.8/site-packages/rrt_package
[2.939s] byte-compiling /home/mrc/sim_ws/install/rrt_package/lib/python3.8/site-packages/rrt_package/rrt_pure_pursuit.py to rrt_pure_pursuit.cpython-38.pyc
[2.944s] running install_data
[2.945s] running install_egg_info
[2.951s] removing '/home/mrc/sim_ws/install/rrt_package/lib/python3.8/site-packages/rrt_package-0.0.0-py3.8.egg-info' (and everything under it)
[2.951s] Copying ../../build/rrt_package/rrt_package.egg-info to /home/mrc/sim_ws/install/rrt_package/lib/python3.8/site-packages/rrt_package-0.0.0-py3.8.egg-info
[2.955s] running install_scripts
[3.010s] Installing RRT_node script to /home/mrc/sim_ws/install/rrt_package/lib/rrt_package
[3.011s] Installing rrt_pure_pursuit script to /home/mrc/sim_ws/install/rrt_package/lib/rrt_package
[3.012s] writing list of installed files to '/home/mrc/sim_ws/build/rrt_package/install.log'
[3.099s] Invoked command in '/home/mrc/sim_ws/src/rrt_package' returned '0': PYTHONPATH=/home/mrc/sim_ws/build/rrt_package/prefix_override:/usr/lib/python3/dist-packages/colcon_core/task/python/colcon_distutils_commands:/home/mrc/sim_ws/install/rrt_package/lib/python3.8/site-packages:${PYTHONPATH} /usr/bin/python3 -W ignore:setup.py install is deprecated -W ignore:easy_install command is deprecated setup.py egg_info --egg-base ../../build/rrt_package build --build-base /home/mrc/sim_ws/build/rrt_package/build install --record /home/mrc/sim_ws/build/rrt_package/install.log --install-scripts $base/lib/rrt_package --single-version-externally-managed install_data
