[1.628s] Invoking command in '/home/mrc/sim_ws/src/ppo_racing': PYTHONPATH=/home/mrc/sim_ws/build/ppo_racing/prefix_override:/usr/lib/python3/dist-packages/colcon_core/task/python/colcon_distutils_commands:/home/mrc/sim_ws/install/ppo_racing/lib/python3.8/site-packages:${PYTHONPATH} /usr/bin/python3 -W ignore:setup.py install is deprecated -W ignore:easy_install command is deprecated setup.py egg_info --egg-base ../../build/ppo_racing build --build-base /home/mrc/sim_ws/build/ppo_racing/build install --record /home/mrc/sim_ws/build/ppo_racing/install.log --install-scripts $base/lib/ppo_racing --single-version-externally-managed install_data
[2.165s] running egg_info
[2.167s] writing ../../build/ppo_racing/ppo_racing.egg-info/PKG-INFO
[2.168s] writing dependency_links to ../../build/ppo_racing/ppo_racing.egg-info/dependency_links.txt
[2.168s] writing entry points to ../../build/ppo_racing/ppo_racing.egg-info/entry_points.txt
[2.169s] writing requirements to ../../build/ppo_racing/ppo_racing.egg-info/requires.txt
[2.170s] writing top-level names to ../../build/ppo_racing/ppo_racing.egg-info/top_level.txt
[2.230s] reading manifest file '../../build/ppo_racing/ppo_racing.egg-info/SOURCES.txt'
[2.232s] writing manifest file '../../build/ppo_racing/ppo_racing.egg-info/SOURCES.txt'
[2.233s] running build
[2.233s] running build_py
[2.237s] copying ppo_racing/multi_agent_policy_node.py -> /home/mrc/sim_ws/build/ppo_racing/build/lib/ppo_racing
[2.239s] running install
[2.241s] running install_lib
[2.244s] copying /home/mrc/sim_ws/build/ppo_racing/build/lib/ppo_racing/multi_agent_policy_node.py -> /home/mrc/sim_ws/install/ppo_racing/lib/python3.8/site-packages/ppo_racing
[2.246s] byte-compiling /home/mrc/sim_ws/install/ppo_racing/lib/python3.8/site-packages/ppo_racing/multi_agent_policy_node.py to multi_agent_policy_node.cpython-38.pyc
[2.251s] running install_data
[2.251s] running install_egg_info
[2.254s] removing '/home/mrc/sim_ws/install/ppo_racing/lib/python3.8/site-packages/ppo_racing-0.0.0-py3.8.egg-info' (and everything under it)
[2.254s] Copying ../../build/ppo_racing/ppo_racing.egg-info to /home/mrc/sim_ws/install/ppo_racing/lib/python3.8/site-packages/ppo_racing-0.0.0-py3.8.egg-info
[2.259s] running install_scripts
[2.297s] Installing multi_agent_policy_node script to /home/mrc/sim_ws/install/ppo_racing/lib/ppo_racing
[2.297s] Installing policy_node script to /home/mrc/sim_ws/install/ppo_racing/lib/ppo_racing
[2.299s] writing list of installed files to '/home/mrc/sim_ws/build/ppo_racing/install.log'
[2.347s] Invoked command in '/home/mrc/sim_ws/src/ppo_racing' returned '0': PYTHONPATH=/home/mrc/sim_ws/build/ppo_racing/prefix_override:/usr/lib/python3/dist-packages/colcon_core/task/python/colcon_distutils_commands:/home/mrc/sim_ws/install/ppo_racing/lib/python3.8/site-packages:${PYTHONPATH} /usr/bin/python3 -W ignore:setup.py install is deprecated -W ignore:easy_install command is deprecated setup.py egg_info --egg-base ../../build/ppo_racing build --build-base /home/mrc/sim_ws/build/ppo_racing/build install --record /home/mrc/sim_ws/build/ppo_racing/install.log --install-scripts $base/lib/ppo_racing --single-version-externally-managed install_data
