[0.329s] Invoking command in '/home/mrc/sim_ws/build/wall_follow': CMAKE_PREFIX_PATH=${CMAKE_PREFIX_PATH}:/home/mrc/sim_ws/install/particle_filter:/home/mrc/sim_ws/install/f1tenth_gym_ros:/opt/ros/foxy /usr/bin/cmake --build /home/mrc/sim_ws/build/wall_follow -- -j2 -l2
[0.988s] Invoked command in '/home/mrc/sim_ws/build/wall_follow' returned '0': CMAKE_PREFIX_PATH=${CMAKE_PREFIX_PATH}:/home/mrc/sim_ws/install/particle_filter:/home/mrc/sim_ws/install/f1tenth_gym_ros:/opt/ros/foxy /usr/bin/cmake --build /home/mrc/sim_ws/build/wall_follow -- -j2 -l2
[1.025s] Invoking command in '/home/mrc/sim_ws/build/wall_follow': CMAKE_PREFIX_PATH=${CMAKE_PREFIX_PATH}:/home/mrc/sim_ws/install/particle_filter:/home/mrc/sim_ws/install/f1tenth_gym_ros:/opt/ros/foxy /usr/bin/cmake --install /home/mrc/sim_ws/build/wall_follow
[1.208s] -- Install configuration: ""
[1.214s] -- Execute custom install script
[1.217s] -- Up-to-date symlink: /home/mrc/sim_ws/install/wall_follow/share/wall_follow/environment/pythonpath.sh
[1.217s] -- Up-to-date symlink: /home/mrc/sim_ws/install/wall_follow/share/wall_follow/environment/pythonpath.dsv
[1.228s] -- Up-to-date symlink: /home/mrc/sim_ws/install/wall_follow/lib/python3.8/site-packages/wall_follow/__init__.py
[1.229s] -- Up-to-date symlink: /home/mrc/sim_ws/install/wall_follow/lib/wall_follow/wall_follow_node.py
[1.233s] -- Up-to-date symlink: /home/mrc/sim_ws/install/wall_follow/share/ament_index/resource_index/package_run_dependencies/wall_follow
[1.237s] -- Up-to-date symlink: /home/mrc/sim_ws/install/wall_follow/share/ament_index/resource_index/parent_prefix_path/wall_follow
[1.243s] -- Up-to-date symlink: /home/mrc/sim_ws/install/wall_follow/share/wall_follow/environment/ament_prefix_path.sh
[1.244s] -- Up-to-date symlink: /home/mrc/sim_ws/install/wall_follow/share/wall_follow/environment/ament_prefix_path.dsv
[1.246s] -- Up-to-date symlink: /home/mrc/sim_ws/install/wall_follow/share/wall_follow/environment/path.sh
[1.247s] -- Up-to-date symlink: /home/mrc/sim_ws/install/wall_follow/share/wall_follow/environment/path.dsv
[1.250s] -- Up-to-date symlink: /home/mrc/sim_ws/install/wall_follow/share/wall_follow/local_setup.bash
[1.253s] -- Up-to-date symlink: /home/mrc/sim_ws/install/wall_follow/share/wall_follow/local_setup.sh
[1.254s] -- Up-to-date symlink: /home/mrc/sim_ws/install/wall_follow/share/wall_follow/local_setup.zsh
[1.256s] -- Up-to-date symlink: /home/mrc/sim_ws/install/wall_follow/share/wall_follow/local_setup.dsv
[1.257s] -- Symlinking: /home/mrc/sim_ws/install/wall_follow/share/wall_follow/package.dsv
[1.432s] -- Up-to-date symlink: /home/mrc/sim_ws/install/wall_follow/share/ament_index/resource_index/packages/wall_follow
[1.433s] -- Up-to-date symlink: /home/mrc/sim_ws/install/wall_follow/share/wall_follow/cmake/wall_followConfig.cmake
[1.433s] -- Up-to-date symlink: /home/mrc/sim_ws/install/wall_follow/share/wall_follow/cmake/wall_followConfig-version.cmake
[1.434s] -- Up-to-date symlink: /home/mrc/sim_ws/install/wall_follow/share/wall_follow/package.xml
[1.756s] Listing '/home/mrc/sim_ws/install/wall_follow/lib/python3.8/site-packages/wall_follow'...
[1.787s] Invoked command in '/home/mrc/sim_ws/build/wall_follow' returned '0': CMAKE_PREFIX_PATH=${CMAKE_PREFIX_PATH}:/home/mrc/sim_ws/install/particle_filter:/home/mrc/sim_ws/install/f1tenth_gym_ros:/opt/ros/foxy /usr/bin/cmake --install /home/mrc/sim_ws/build/wall_follow
