[3.503s] Invoking command in '/home/mrc/sim_ws/src/ppo_racing': PYTHONPATH=/home/mrc/sim_ws/build/ppo_racing/prefix_override:/usr/lib/python3/dist-packages/colcon_core/task/python/colcon_distutils_commands:/home/mrc/sim_ws/install/ppo_racing/lib/python3.8/site-packages:${PYTHONPATH} /usr/bin/python3 -W ignore:setup.py install is deprecated -W ignore:easy_install command is deprecated setup.py egg_info --egg-base ../../build/ppo_racing build --build-base /home/mrc/sim_ws/build/ppo_racing/build install --record /home/mrc/sim_ws/build/ppo_racing/install.log --install-scripts $base/lib/ppo_racing --single-version-externally-managed install_data
[4.506s] running egg_info
[4.508s] writing ../../build/ppo_racing/ppo_racing.egg-info/PKG-INFO
[4.512s] writing dependency_links to ../../build/ppo_racing/ppo_racing.egg-info/dependency_links.txt
[4.513s] writing entry points to ../../build/ppo_racing/ppo_racing.egg-info/entry_points.txt
[4.514s] writing requirements to ../../build/ppo_racing/ppo_racing.egg-info/requires.txt
[4.515s] writing top-level names to ../../build/ppo_racing/ppo_racing.egg-info/top_level.txt
[4.674s] reading manifest file '../../build/ppo_racing/ppo_racing.egg-info/SOURCES.txt'
[4.681s] writing manifest file '../../build/ppo_racing/ppo_racing.egg-info/SOURCES.txt'
[4.681s] running build
[4.682s] running build_py
[4.686s] copying ppo_racing/policy_node.py -> /home/mrc/sim_ws/build/ppo_racing/build/lib/ppo_racing
[4.687s] copying ppo_racing/reward_node.py -> /home/mrc/sim_ws/build/ppo_racing/build/lib/ppo_racing
[4.687s] copying ppo_racing/train.py -> /home/mrc/sim_ws/build/ppo_racing/build/lib/ppo_racing
[4.689s] running install
[4.692s] running install_lib
[4.699s] copying /home/mrc/sim_ws/build/ppo_racing/build/lib/ppo_racing/policy_node.py -> /home/mrc/sim_ws/install/ppo_racing/lib/python3.8/site-packages/ppo_racing
[4.699s] copying /home/mrc/sim_ws/build/ppo_racing/build/lib/ppo_racing/reward_node.py -> /home/mrc/sim_ws/install/ppo_racing/lib/python3.8/site-packages/ppo_racing
[4.701s] copying /home/mrc/sim_ws/build/ppo_racing/build/lib/ppo_racing/train.py -> /home/mrc/sim_ws/install/ppo_racing/lib/python3.8/site-packages/ppo_racing
[4.706s] byte-compiling /home/mrc/sim_ws/install/ppo_racing/lib/python3.8/site-packages/ppo_racing/policy_node.py to policy_node.cpython-38.pyc
[4.717s] byte-compiling /home/mrc/sim_ws/install/ppo_racing/lib/python3.8/site-packages/ppo_racing/reward_node.py to reward_node.cpython-38.pyc
[4.720s] byte-compiling /home/mrc/sim_ws/install/ppo_racing/lib/python3.8/site-packages/ppo_racing/train.py to train.cpython-38.pyc
[4.728s] running install_data
[4.730s] running install_egg_info
[4.735s] removing '/home/mrc/sim_ws/install/ppo_racing/lib/python3.8/site-packages/ppo_racing-0.0.0-py3.8.egg-info' (and everything under it)
[4.736s] Copying ../../build/ppo_racing/ppo_racing.egg-info to /home/mrc/sim_ws/install/ppo_racing/lib/python3.8/site-packages/ppo_racing-0.0.0-py3.8.egg-info
[4.738s] running install_scripts
[4.801s] Installing policy_node script to /home/mrc/sim_ws/install/ppo_racing/lib/ppo_racing
[4.804s] writing list of installed files to '/home/mrc/sim_ws/build/ppo_racing/install.log'
[4.889s] Invoked command in '/home/mrc/sim_ws/src/ppo_racing' returned '0': PYTHONPATH=/home/mrc/sim_ws/build/ppo_racing/prefix_override:/usr/lib/python3/dist-packages/colcon_core/task/python/colcon_distutils_commands:/home/mrc/sim_ws/install/ppo_racing/lib/python3.8/site-packages:${PYTHONPATH} /usr/bin/python3 -W ignore:setup.py install is deprecated -W ignore:easy_install command is deprecated setup.py egg_info --egg-base ../../build/ppo_racing build --build-base /home/mrc/sim_ws/build/ppo_racing/build install --record /home/mrc/sim_ws/build/ppo_racing/install.log --install-scripts $base/lib/ppo_racing --single-version-externally-managed install_data
