[2.135s] Invoking command in '/home/mrc/sim_ws/src/ppo_racing': PYTHONPATH=/home/mrc/sim_ws/build/ppo_racing/prefix_override:/usr/lib/python3/dist-packages/colcon_core/task/python/colcon_distutils_commands:/home/mrc/sim_ws/install/ppo_racing/lib/python3.8/site-packages:${PYTHONPATH} /usr/bin/python3 -W ignore:setup.py install is deprecated -W ignore:easy_install command is deprecated setup.py egg_info --egg-base ../../build/ppo_racing build --build-base /home/mrc/sim_ws/build/ppo_racing/build install --record /home/mrc/sim_ws/build/ppo_racing/install.log --install-scripts $base/lib/ppo_racing --single-version-externally-managed install_data
[2.785s] running egg_info
[2.787s] writing ../../build/ppo_racing/ppo_racing.egg-info/PKG-INFO
[2.789s] writing dependency_links to ../../build/ppo_racing/ppo_racing.egg-info/dependency_links.txt
[2.789s] writing entry points to ../../build/ppo_racing/ppo_racing.egg-info/entry_points.txt
[2.790s] writing requirements to ../../build/ppo_racing/ppo_racing.egg-info/requires.txt
[2.790s] writing top-level names to ../../build/ppo_racing/ppo_racing.egg-info/top_level.txt
[2.912s] reading manifest file '../../build/ppo_racing/ppo_racing.egg-info/SOURCES.txt'
[2.915s] writing manifest file '../../build/ppo_racing/ppo_racing.egg-info/SOURCES.txt'
[2.915s] running build
[2.916s] running build_py
[2.917s] copying ppo_racing/policy_node_local_obs.py -> /home/mrc/sim_ws/build/ppo_racing/build/lib/ppo_racing
[2.919s] running install
[2.921s] running install_lib
[2.923s] copying /home/mrc/sim_ws/build/ppo_racing/build/lib/ppo_racing/policy_node_local_obs.py -> /home/mrc/sim_ws/install/ppo_racing/lib/python3.8/site-packages/ppo_racing
[2.929s] byte-compiling /home/mrc/sim_ws/install/ppo_racing/lib/python3.8/site-packages/ppo_racing/policy_node_local_obs.py to policy_node_local_obs.cpython-38.pyc
[2.936s] running install_data
[2.936s] running install_egg_info
[2.940s] removing '/home/mrc/sim_ws/install/ppo_racing/lib/python3.8/site-packages/ppo_racing-0.0.0-py3.8.egg-info' (and everything under it)
[2.941s] Copying ../../build/ppo_racing/ppo_racing.egg-info to /home/mrc/sim_ws/install/ppo_racing/lib/python3.8/site-packages/ppo_racing-0.0.0-py3.8.egg-info
[2.944s] running install_scripts
[2.987s] Installing multi_agent_policy_node script to /home/mrc/sim_ws/install/ppo_racing/lib/ppo_racing
[2.988s] Installing policy_node script to /home/mrc/sim_ws/install/ppo_racing/lib/ppo_racing
[2.989s] Installing policy_node_local_obs script to /home/mrc/sim_ws/install/ppo_racing/lib/ppo_racing
[2.996s] writing list of installed files to '/home/mrc/sim_ws/build/ppo_racing/install.log'
[3.079s] Invoked command in '/home/mrc/sim_ws/src/ppo_racing' returned '0': PYTHONPATH=/home/mrc/sim_ws/build/ppo_racing/prefix_override:/usr/lib/python3/dist-packages/colcon_core/task/python/colcon_distutils_commands:/home/mrc/sim_ws/install/ppo_racing/lib/python3.8/site-packages:${PYTHONPATH} /usr/bin/python3 -W ignore:setup.py install is deprecated -W ignore:easy_install command is deprecated setup.py egg_info --egg-base ../../build/ppo_racing build --build-base /home/mrc/sim_ws/build/ppo_racing/build install --record /home/mrc/sim_ws/build/ppo_racing/install.log --install-scripts $base/lib/ppo_racing --single-version-externally-managed install_data
