[0.033s] Invoking command in '/home/mrc/sim_ws/build/pure_pursuit': CMAKE_PREFIX_PATH=${CMAKE_PREFIX_PATH}:/home/mrc/sim_ws/install/rrt_package:/home/mrc/sim_ws/install/particle_filter:/home/mrc/sim_ws/install/f1tenth_gym_ros:/home/mrc/sim_ws/install/RRT_package:/opt/ros/foxy /usr/bin/cmake --build /home/mrc/sim_ws/build/pure_pursuit -- -j2 -l2
[0.202s] Invoked command in '/home/mrc/sim_ws/build/pure_pursuit' returned '0': CMAKE_PREFIX_PATH=${CMAKE_PREFIX_PATH}:/home/mrc/sim_ws/install/rrt_package:/home/mrc/sim_ws/install/particle_filter:/home/mrc/sim_ws/install/f1tenth_gym_ros:/home/mrc/sim_ws/install/RRT_package:/opt/ros/foxy /usr/bin/cmake --build /home/mrc/sim_ws/build/pure_pursuit -- -j2 -l2
[0.258s] Invoking command in '/home/mrc/sim_ws/build/pure_pursuit': CMAKE_PREFIX_PATH=${CMAKE_PREFIX_PATH}:/home/mrc/sim_ws/install/rrt_package:/home/mrc/sim_ws/install/particle_filter:/home/mrc/sim_ws/install/f1tenth_gym_ros:/home/mrc/sim_ws/install/RRT_package:/opt/ros/foxy /usr/bin/cmake --install /home/mrc/sim_ws/build/pure_pursuit
[0.296s] -- Install configuration: ""
[0.298s] -- Execute custom install script
[0.299s] -- Up-to-date symlink: /home/mrc/sim_ws/install/pure_pursuit/share/pure_pursuit/environment/pythonpath.sh
[0.300s] -- Up-to-date symlink: /home/mrc/sim_ws/install/pure_pursuit/share/pure_pursuit/environment/pythonpath.dsv
[0.302s] -- Up-to-date symlink: /home/mrc/sim_ws/install/pure_pursuit/lib/python3.8/site-packages/pure_pursuit/__init__.py
[0.303s] -- Up-to-date symlink: /home/mrc/sim_ws/install/pure_pursuit/lib/pure_pursuit/pure_pursuit_node.py
[0.304s] -- Up-to-date symlink: /home/mrc/sim_ws/install/pure_pursuit/share/ament_index/resource_index/package_run_dependencies/pure_pursuit
[0.305s] -- Up-to-date symlink: /home/mrc/sim_ws/install/pure_pursuit/share/ament_index/resource_index/parent_prefix_path/pure_pursuit
[0.306s] -- Up-to-date symlink: /home/mrc/sim_ws/install/pure_pursuit/share/pure_pursuit/environment/ament_prefix_path.sh
[0.307s] -- Up-to-date symlink: /home/mrc/sim_ws/install/pure_pursuit/share/pure_pursuit/environment/ament_prefix_path.dsv
[0.308s] -- Up-to-date symlink: /home/mrc/sim_ws/install/pure_pursuit/share/pure_pursuit/environment/path.sh
[0.309s] -- Up-to-date symlink: /home/mrc/sim_ws/install/pure_pursuit/share/pure_pursuit/environment/path.dsv
[0.311s] -- Up-to-date symlink: /home/mrc/sim_ws/install/pure_pursuit/share/pure_pursuit/local_setup.bash
[0.312s] -- Up-to-date symlink: /home/mrc/sim_ws/install/pure_pursuit/share/pure_pursuit/local_setup.sh
[0.313s] -- Up-to-date symlink: /home/mrc/sim_ws/install/pure_pursuit/share/pure_pursuit/local_setup.zsh
[0.315s] -- Up-to-date symlink: /home/mrc/sim_ws/install/pure_pursuit/share/pure_pursuit/local_setup.dsv
[0.316s] -- Symlinking: /home/mrc/sim_ws/install/pure_pursuit/share/pure_pursuit/package.dsv
[0.348s] -- Up-to-date symlink: /home/mrc/sim_ws/install/pure_pursuit/share/ament_index/resource_index/packages/pure_pursuit
[0.349s] -- Up-to-date symlink: /home/mrc/sim_ws/install/pure_pursuit/share/pure_pursuit/cmake/pure_pursuitConfig.cmake
[0.351s] -- Up-to-date symlink: /home/mrc/sim_ws/install/pure_pursuit/share/pure_pursuit/cmake/pure_pursuitConfig-version.cmake
[0.352s] -- Up-to-date symlink: /home/mrc/sim_ws/install/pure_pursuit/share/pure_pursuit/package.xml
[0.477s] Listing '/home/mrc/sim_ws/install/pure_pursuit/lib/python3.8/site-packages/pure_pursuit'...
[0.500s] Invoked command in '/home/mrc/sim_ws/build/pure_pursuit' returned '0': CMAKE_PREFIX_PATH=${CMAKE_PREFIX_PATH}:/home/mrc/sim_ws/install/rrt_package:/home/mrc/sim_ws/install/particle_filter:/home/mrc/sim_ws/install/f1tenth_gym_ros:/home/mrc/sim_ws/install/RRT_package:/opt/ros/foxy /usr/bin/cmake --install /home/mrc/sim_ws/build/pure_pursuit
