-- Found ament_cmake: 0.9.12 (/opt/ros/foxy/share/ament_cmake/cmake)
-- Using PYTHON_EXECUTABLE: /usr/bin/python3
-- Override CMake install command with custom implementation using symlinks instead of copying resources
-- Found rclcpp: 2.4.3 (/opt/ros/foxy/share/rclcpp/cmake)
-- Using all available rosidl_typesupport_c: rosidl_typesupport_fastrtps_c;rosidl_typesupport_introspection_c
-- Found rosidl_adapter: 1.3.1 (/opt/ros/foxy/share/rosidl_adapter/cmake)
-- Using all available rosidl_typesupport_cpp: rosidl_typesupport_fastrtps_cpp;rosidl_typesupport_introspection_cpp
-- Found rmw_implementation_cmake: 1.0.4 (/opt/ros/foxy/share/rmw_implementation_cmake/cmake)
-- Using RMW implementation 'rmw_fastrtps_cpp' as default
-- Found rclpy: 1.0.13 (/opt/ros/foxy/share/rclpy/cmake)
-- Found geometry_msgs: 2.0.5 (/opt/ros/foxy/share/geometry_msgs/cmake)
-- Found nav_msgs: 2.0.5 (/opt/ros/foxy/share/nav_msgs/cmake)
-- Found ackermann_msgs: 2.0.2 (/opt/ros/foxy/share/ackermann_msgs/cmake)
-- Found sensor_msgs: 2.0.5 (/opt/ros/foxy/share/sensor_msgs/cmake)
-- Found ament_lint_auto: 0.9.8 (/opt/ros/foxy/share/ament_lint_auto/cmake)
-- Added test 'copyright' to check source files copyright and LICENSE
-- Added test 'flake8' to check Python code syntax and style conventions
-- Added test 'lint_cmake' to check CMake code style
-- Added test 'pep257' to check Python code against some of the style conventions in PEP 257
-- Added test 'xmllint' to check XML markup files
-- Configuring done
-- Generating done
-- Build files have been written to: /home/mrc/sim_ws/build/gap_follow
-- Install configuration: ""
-- Execute custom install script
-- Symlinking: /home/mrc/sim_ws/install/gap_follow/share/gap_follow/environment/pythonpath.sh
-- Symlinking: /home/mrc/sim_ws/install/gap_follow/share/gap_follow/environment/pythonpath.dsv
-- Symlinking: /home/mrc/sim_ws/install/gap_follow/lib/python3.8/site-packages/gap_follow/__init__.py
-- Symlinking: /home/mrc/sim_ws/install/gap_follow/lib/gap_follow/reactive_node.py
-- Symlinking: /home/mrc/sim_ws/install/gap_follow/share/ament_index/resource_index/package_run_dependencies/gap_follow
-- Symlinking: /home/mrc/sim_ws/install/gap_follow/share/ament_index/resource_index/parent_prefix_path/gap_follow
-- Symlinking: /home/mrc/sim_ws/install/gap_follow/share/gap_follow/environment/ament_prefix_path.sh
-- Symlinking: /home/mrc/sim_ws/install/gap_follow/share/gap_follow/environment/ament_prefix_path.dsv
-- Symlinking: /home/mrc/sim_ws/install/gap_follow/share/gap_follow/environment/path.sh
-- Symlinking: /home/mrc/sim_ws/install/gap_follow/share/gap_follow/environment/path.dsv
-- Symlinking: /home/mrc/sim_ws/install/gap_follow/share/gap_follow/local_setup.bash
-- Symlinking: /home/mrc/sim_ws/install/gap_follow/share/gap_follow/local_setup.sh
-- Symlinking: /home/mrc/sim_ws/install/gap_follow/share/gap_follow/local_setup.zsh
-- Symlinking: /home/mrc/sim_ws/install/gap_follow/share/gap_follow/local_setup.dsv
-- Symlinking: /home/mrc/sim_ws/install/gap_follow/share/gap_follow/package.dsv
-- Symlinking: /home/mrc/sim_ws/install/gap_follow/share/ament_index/resource_index/packages/gap_follow
-- Symlinking: /home/mrc/sim_ws/install/gap_follow/share/gap_follow/cmake/gap_followConfig.cmake
-- Symlinking: /home/mrc/sim_ws/install/gap_follow/share/gap_follow/cmake/gap_followConfig-version.cmake
-- Symlinking: /home/mrc/sim_ws/install/gap_follow/share/gap_follow/package.xml
Listing '/home/mrc/sim_ws/install/gap_follow/lib/python3.8/site-packages/gap_follow'...
