[1.378s] Invoking command in '/home/mrc/sim_ws/src/rrt_package': PYTHONPATH=/home/mrc/sim_ws/build/rrt_package/prefix_override:/usr/lib/python3/dist-packages/colcon_core/task/python/colcon_distutils_commands:/home/mrc/sim_ws/install/rrt_package/lib/python3.8/site-packages:${PYTHONPATH} /usr/bin/python3 -W ignore:setup.py install is deprecated -W ignore:easy_install command is deprecated setup.py egg_info --egg-base ../../build/rrt_package build --build-base /home/mrc/sim_ws/build/rrt_package/build install --record /home/mrc/sim_ws/build/rrt_package/install.log --install-scripts $base/lib/rrt_package --single-version-externally-managed install_data
[1.815s] running egg_info
[1.817s] writing ../../build/rrt_package/rrt_package.egg-info/PKG-INFO
[1.818s] writing dependency_links to ../../build/rrt_package/rrt_package.egg-info/dependency_links.txt
[1.819s] writing entry points to ../../build/rrt_package/rrt_package.egg-info/entry_points.txt
[1.820s] writing requirements to ../../build/rrt_package/rrt_package.egg-info/requires.txt
[1.820s] writing top-level names to ../../build/rrt_package/rrt_package.egg-info/top_level.txt
[1.906s] reading manifest file '../../build/rrt_package/rrt_package.egg-info/SOURCES.txt'
[1.909s] writing manifest file '../../build/rrt_package/rrt_package.egg-info/SOURCES.txt'
[1.911s] running build
[1.911s] running build_py
[1.912s] copying rrt_package/RRT_node.py -> /home/mrc/sim_ws/build/rrt_package/build/lib/rrt_package
[1.913s] running install
[1.917s] running install_lib
[1.921s] copying /home/mrc/sim_ws/build/rrt_package/build/lib/rrt_package/RRT_node.py -> /home/mrc/sim_ws/install/rrt_package/lib/python3.8/site-packages/rrt_package
[1.924s] byte-compiling /home/mrc/sim_ws/install/rrt_package/lib/python3.8/site-packages/rrt_package/RRT_node.py to RRT_node.cpython-38.pyc
[1.932s] running install_data
[1.933s] running install_egg_info
[1.938s] removing '/home/mrc/sim_ws/install/rrt_package/lib/python3.8/site-packages/rrt_package-0.0.0-py3.8.egg-info' (and everything under it)
[1.939s] Copying ../../build/rrt_package/rrt_package.egg-info to /home/mrc/sim_ws/install/rrt_package/lib/python3.8/site-packages/rrt_package-0.0.0-py3.8.egg-info
[1.943s] running install_scripts
[1.984s] Installing RRT_node script to /home/mrc/sim_ws/install/rrt_package/lib/rrt_package
[1.985s] Installing rrt_pure_pursuit script to /home/mrc/sim_ws/install/rrt_package/lib/rrt_package
[1.987s] writing list of installed files to '/home/mrc/sim_ws/build/rrt_package/install.log'
[2.043s] Invoked command in '/home/mrc/sim_ws/src/rrt_package' returned '0': PYTHONPATH=/home/mrc/sim_ws/build/rrt_package/prefix_override:/usr/lib/python3/dist-packages/colcon_core/task/python/colcon_distutils_commands:/home/mrc/sim_ws/install/rrt_package/lib/python3.8/site-packages:${PYTHONPATH} /usr/bin/python3 -W ignore:setup.py install is deprecated -W ignore:easy_install command is deprecated setup.py egg_info --egg-base ../../build/rrt_package build --build-base /home/mrc/sim_ws/build/rrt_package/build install --record /home/mrc/sim_ws/build/rrt_package/install.log --install-scripts $base/lib/rrt_package --single-version-externally-managed install_data
