[0.742s] DEBUG:colcon:Command line arguments: ['/usr/bin/colcon', 'build']
[0.742s] DEBUG:colcon:Parsed command line arguments: Namespace(allow_overriding=[], ament_cmake_args=None, base_paths=['.'], build_base='build', catkin_cmake_args=None, catkin_skip_building_tests=False, cmake_args=None, cmake_clean_cache=False, cmake_clean_first=False, cmake_force_configure=False, cmake_target=None, cmake_target_skip_unavailable=False, continue_on_error=False, event_handlers=None, executor='parallel', ignore_user_meta=False, install_base='install', log_base=None, log_level=None, main=<bound method BuildVerb.main of <colcon_core.verb.build.BuildVerb object at 0x7fe9c6820d00>>, merge_install=False, metas=['./colcon.meta'], mixin=None, mixin_files=None, mixin_verb=('build',), packages_above=None, packages_above_and_dependencies=None, packages_above_depth=None, packages_end=None, packages_ignore=None, packages_ignore_regex=None, packages_select=None, packages_select_build_failed=False, packages_select_by_dep=None, packages_select_regex=None, packages_select_test_failures=False, packages_skip=None, packages_skip_build_finished=False, packages_skip_by_dep=None, packages_skip_regex=None, packages_skip_test_passed=False, packages_skip_up_to=None, packages_start=None, packages_up_to=None, packages_up_to_regex=None, parallel_workers=2, paths=None, symlink_install=False, test_result_base=None, verb_extension=<colcon_core.verb.build.BuildVerb object at 0x7fe9c6820d00>, verb_name='build', verb_parser=<colcon_mixin.mixin.mixin_argument.MixinArgumentDecorator object at 0x7fe9c66973a0>)
[1.287s] Level 1:colcon.colcon_core.package_discovery:discover_packages(colcon_meta) check parameters
[1.288s] Level 1:colcon.colcon_core.package_discovery:discover_packages(recursive) check parameters
[1.288s] Level 1:colcon.colcon_core.package_discovery:discover_packages(ignore) check parameters
[1.288s] Level 1:colcon.colcon_core.package_discovery:discover_packages(path) check parameters
[1.288s] Level 1:colcon.colcon_core.package_discovery:discover_packages(colcon_meta) discover
[1.288s] Level 1:colcon.colcon_core.package_discovery:discover_packages(recursive) discover
[1.288s] INFO:colcon.colcon_core.package_discovery:Crawling recursively for packages in '/home/mrc/sim_ws'
[1.288s] Level 1:colcon.colcon_core.package_identification:_identify(.) by extensions ['ignore', 'ignore_ament_install']
[1.288s] Level 1:colcon.colcon_core.package_identification:_identify(.) by extension 'ignore'
[1.289s] Level 1:colcon.colcon_core.package_identification:_identify(.) by extension 'ignore_ament_install'
[1.289s] Level 1:colcon.colcon_core.package_identification:_identify(.) by extensions ['colcon_pkg']
[1.289s] Level 1:colcon.colcon_core.package_identification:_identify(.) by extension 'colcon_pkg'
[1.289s] Level 1:colcon.colcon_core.package_identification:_identify(.) by extensions ['colcon_meta']
[1.289s] Level 1:colcon.colcon_core.package_identification:_identify(.) by extension 'colcon_meta'
[1.289s] Level 1:colcon.colcon_core.package_identification:_identify(.) by extensions ['ros']
[1.289s] Level 1:colcon.colcon_core.package_identification:_identify(.) by extension 'ros'
[1.331s] Level 1:colcon.colcon_core.package_identification:_identify(.) by extensions ['cmake', 'python']
[1.331s] Level 1:colcon.colcon_core.package_identification:_identify(.) by extension 'cmake'
[1.331s] Level 1:colcon.colcon_core.package_identification:_identify(.) by extension 'python'
[1.331s] Level 1:colcon.colcon_core.package_identification:_identify(.) by extensions ['python_setup_py']
[1.331s] Level 1:colcon.colcon_core.package_identification:_identify(.) by extension 'python_setup_py'
[1.331s] Level 1:colcon.colcon_core.package_identification:_identify(build) by extensions ['ignore', 'ignore_ament_install']
[1.332s] Level 1:colcon.colcon_core.package_identification:_identify(build) by extension 'ignore'
[1.332s] Level 1:colcon.colcon_core.package_identification:_identify(build) ignored
[1.332s] Level 1:colcon.colcon_core.package_identification:_identify(install) by extensions ['ignore', 'ignore_ament_install']
[1.332s] Level 1:colcon.colcon_core.package_identification:_identify(install) by extension 'ignore'
[1.332s] Level 1:colcon.colcon_core.package_identification:_identify(install) ignored
[1.332s] Level 1:colcon.colcon_core.package_identification:_identify(log) by extensions ['ignore', 'ignore_ament_install']
[1.332s] Level 1:colcon.colcon_core.package_identification:_identify(log) by extension 'ignore'
[1.333s] Level 1:colcon.colcon_core.package_identification:_identify(log) ignored
[1.333s] Level 1:colcon.colcon_core.package_identification:_identify(src) by extensions ['ignore', 'ignore_ament_install']
[1.333s] Level 1:colcon.colcon_core.package_identification:_identify(src) by extension 'ignore'
[1.333s] Level 1:colcon.colcon_core.package_identification:_identify(src) by extension 'ignore_ament_install'
[1.333s] Level 1:colcon.colcon_core.package_identification:_identify(src) by extensions ['colcon_pkg']
[1.333s] Level 1:colcon.colcon_core.package_identification:_identify(src) by extension 'colcon_pkg'
[1.333s] Level 1:colcon.colcon_core.package_identification:_identify(src) by extensions ['colcon_meta']
[1.333s] Level 1:colcon.colcon_core.package_identification:_identify(src) by extension 'colcon_meta'
[1.333s] Level 1:colcon.colcon_core.package_identification:_identify(src) by extensions ['ros']
[1.333s] Level 1:colcon.colcon_core.package_identification:_identify(src) by extension 'ros'
[1.333s] Level 1:colcon.colcon_core.package_identification:_identify(src) by extensions ['cmake', 'python']
[1.334s] Level 1:colcon.colcon_core.package_identification:_identify(src) by extension 'cmake'
[1.334s] Level 1:colcon.colcon_core.package_identification:_identify(src) by extension 'python'
[1.334s] Level 1:colcon.colcon_core.package_identification:_identify(src) by extensions ['python_setup_py']
[1.334s] Level 1:colcon.colcon_core.package_identification:_identify(src) by extension 'python_setup_py'
[1.334s] Level 1:colcon.colcon_core.package_identification:_identify(src/f1tenth_gym_ros) by extensions ['ignore', 'ignore_ament_install']
[1.334s] Level 1:colcon.colcon_core.package_identification:_identify(src/f1tenth_gym_ros) by extension 'ignore'
[1.335s] Level 1:colcon.colcon_core.package_identification:_identify(src/f1tenth_gym_ros) by extension 'ignore_ament_install'
[1.335s] Level 1:colcon.colcon_core.package_identification:_identify(src/f1tenth_gym_ros) by extensions ['colcon_pkg']
[1.335s] Level 1:colcon.colcon_core.package_identification:_identify(src/f1tenth_gym_ros) by extension 'colcon_pkg'
[1.336s] Level 1:colcon.colcon_core.package_identification:_identify(src/f1tenth_gym_ros) by extensions ['colcon_meta']
[1.336s] Level 1:colcon.colcon_core.package_identification:_identify(src/f1tenth_gym_ros) by extension 'colcon_meta'
[1.336s] Level 1:colcon.colcon_core.package_identification:_identify(src/f1tenth_gym_ros) by extensions ['ros']
[1.336s] Level 1:colcon.colcon_core.package_identification:_identify(src/f1tenth_gym_ros) by extension 'ros'
[1.344s] DEBUG:colcon.colcon_core.package_identification:Package 'src/f1tenth_gym_ros' with type 'ros.ament_python' and name 'f1tenth_gym_ros'
[1.345s] Level 1:colcon.colcon_core.package_identification:_identify(src/f1tenth_lab2_template) by extensions ['ignore', 'ignore_ament_install']
[1.346s] Level 1:colcon.colcon_core.package_identification:_identify(src/f1tenth_lab2_template) by extension 'ignore'
[1.346s] Level 1:colcon.colcon_core.package_identification:_identify(src/f1tenth_lab2_template) by extension 'ignore_ament_install'
[1.346s] Level 1:colcon.colcon_core.package_identification:_identify(src/f1tenth_lab2_template) by extensions ['colcon_pkg']
[1.346s] Level 1:colcon.colcon_core.package_identification:_identify(src/f1tenth_lab2_template) by extension 'colcon_pkg'
[1.346s] Level 1:colcon.colcon_core.package_identification:_identify(src/f1tenth_lab2_template) by extensions ['colcon_meta']
[1.346s] Level 1:colcon.colcon_core.package_identification:_identify(src/f1tenth_lab2_template) by extension 'colcon_meta'
[1.347s] Level 1:colcon.colcon_core.package_identification:_identify(src/f1tenth_lab2_template) by extensions ['ros']
[1.347s] Level 1:colcon.colcon_core.package_identification:_identify(src/f1tenth_lab2_template) by extension 'ros'
[1.349s] Level 1:colcon.colcon_core.package_identification:_identify(src/f1tenth_lab2_template) by extensions ['cmake', 'python']
[1.349s] Level 1:colcon.colcon_core.package_identification:_identify(src/f1tenth_lab2_template) by extension 'cmake'
[1.350s] Level 1:colcon.colcon_core.package_identification:_identify(src/f1tenth_lab2_template) by extension 'python'
[1.350s] Level 1:colcon.colcon_core.package_identification:_identify(src/f1tenth_lab2_template) by extensions ['python_setup_py']
[1.350s] Level 1:colcon.colcon_core.package_identification:_identify(src/f1tenth_lab2_template) by extension 'python_setup_py'
[1.350s] Level 1:colcon.colcon_core.package_identification:_identify(src/f1tenth_lab2_template/safety_node) by extensions ['ignore', 'ignore_ament_install']
[1.350s] Level 1:colcon.colcon_core.package_identification:_identify(src/f1tenth_lab2_template/safety_node) by extension 'ignore'
[1.350s] Level 1:colcon.colcon_core.package_identification:_identify(src/f1tenth_lab2_template/safety_node) by extension 'ignore_ament_install'
[1.350s] Level 1:colcon.colcon_core.package_identification:_identify(src/f1tenth_lab2_template/safety_node) by extensions ['colcon_pkg']
[1.350s] Level 1:colcon.colcon_core.package_identification:_identify(src/f1tenth_lab2_template/safety_node) by extension 'colcon_pkg'
[1.351s] Level 1:colcon.colcon_core.package_identification:_identify(src/f1tenth_lab2_template/safety_node) by extensions ['colcon_meta']
[1.351s] Level 1:colcon.colcon_core.package_identification:_identify(src/f1tenth_lab2_template/safety_node) by extension 'colcon_meta'
[1.351s] Level 1:colcon.colcon_core.package_identification:_identify(src/f1tenth_lab2_template/safety_node) by extensions ['ros']
[1.351s] Level 1:colcon.colcon_core.package_identification:_identify(src/f1tenth_lab2_template/safety_node) by extension 'ros'
[1.352s] DEBUG:colcon.colcon_core.package_identification:Package 'src/f1tenth_lab2_template/safety_node' with type 'ros.ament_cmake' and name 'safety_node'
[1.353s] Level 1:colcon.colcon_core.package_identification:_identify(src/f1tenth_lab3_template) by extensions ['ignore', 'ignore_ament_install']
[1.353s] Level 1:colcon.colcon_core.package_identification:_identify(src/f1tenth_lab3_template) by extension 'ignore'
[1.353s] Level 1:colcon.colcon_core.package_identification:_identify(src/f1tenth_lab3_template) by extension 'ignore_ament_install'
[1.353s] Level 1:colcon.colcon_core.package_identification:_identify(src/f1tenth_lab3_template) by extensions ['colcon_pkg']
[1.353s] Level 1:colcon.colcon_core.package_identification:_identify(src/f1tenth_lab3_template) by extension 'colcon_pkg'
[1.353s] Level 1:colcon.colcon_core.package_identification:_identify(src/f1tenth_lab3_template) by extensions ['colcon_meta']
[1.353s] Level 1:colcon.colcon_core.package_identification:_identify(src/f1tenth_lab3_template) by extension 'colcon_meta'
[1.353s] Level 1:colcon.colcon_core.package_identification:_identify(src/f1tenth_lab3_template) by extensions ['ros']
[1.353s] Level 1:colcon.colcon_core.package_identification:_identify(src/f1tenth_lab3_template) by extension 'ros'
[1.353s] Level 1:colcon.colcon_core.package_identification:_identify(src/f1tenth_lab3_template) by extensions ['cmake', 'python']
[1.354s] Level 1:colcon.colcon_core.package_identification:_identify(src/f1tenth_lab3_template) by extension 'cmake'
[1.354s] Level 1:colcon.colcon_core.package_identification:_identify(src/f1tenth_lab3_template) by extension 'python'
[1.354s] Level 1:colcon.colcon_core.package_identification:_identify(src/f1tenth_lab3_template) by extensions ['python_setup_py']
[1.354s] Level 1:colcon.colcon_core.package_identification:_identify(src/f1tenth_lab3_template) by extension 'python_setup_py'
[1.354s] Level 1:colcon.colcon_core.package_identification:_identify(src/f1tenth_lab3_template/img) by extensions ['ignore', 'ignore_ament_install']
[1.354s] Level 1:colcon.colcon_core.package_identification:_identify(src/f1tenth_lab3_template/img) by extension 'ignore'
[1.355s] Level 1:colcon.colcon_core.package_identification:_identify(src/f1tenth_lab3_template/img) by extension 'ignore_ament_install'
[1.355s] Level 1:colcon.colcon_core.package_identification:_identify(src/f1tenth_lab3_template/img) by extensions ['colcon_pkg']
[1.355s] Level 1:colcon.colcon_core.package_identification:_identify(src/f1tenth_lab3_template/img) by extension 'colcon_pkg'
[1.355s] Level 1:colcon.colcon_core.package_identification:_identify(src/f1tenth_lab3_template/img) by extensions ['colcon_meta']
[1.355s] Level 1:colcon.colcon_core.package_identification:_identify(src/f1tenth_lab3_template/img) by extension 'colcon_meta'
[1.355s] Level 1:colcon.colcon_core.package_identification:_identify(src/f1tenth_lab3_template/img) by extensions ['ros']
[1.355s] Level 1:colcon.colcon_core.package_identification:_identify(src/f1tenth_lab3_template/img) by extension 'ros'
[1.355s] Level 1:colcon.colcon_core.package_identification:_identify(src/f1tenth_lab3_template/img) by extensions ['cmake', 'python']
[1.355s] Level 1:colcon.colcon_core.package_identification:_identify(src/f1tenth_lab3_template/img) by extension 'cmake'
[1.356s] Level 1:colcon.colcon_core.package_identification:_identify(src/f1tenth_lab3_template/img) by extension 'python'
[1.356s] Level 1:colcon.colcon_core.package_identification:_identify(src/f1tenth_lab3_template/img) by extensions ['python_setup_py']
[1.356s] Level 1:colcon.colcon_core.package_identification:_identify(src/f1tenth_lab3_template/img) by extension 'python_setup_py'
[1.356s] Level 1:colcon.colcon_core.package_identification:_identify(src/f1tenth_lab3_template/wall_follow) by extensions ['ignore', 'ignore_ament_install']
[1.356s] Level 1:colcon.colcon_core.package_identification:_identify(src/f1tenth_lab3_template/wall_follow) by extension 'ignore'
[1.356s] Level 1:colcon.colcon_core.package_identification:_identify(src/f1tenth_lab3_template/wall_follow) by extension 'ignore_ament_install'
[1.356s] Level 1:colcon.colcon_core.package_identification:_identify(src/f1tenth_lab3_template/wall_follow) by extensions ['colcon_pkg']
[1.356s] Level 1:colcon.colcon_core.package_identification:_identify(src/f1tenth_lab3_template/wall_follow) by extension 'colcon_pkg'
[1.356s] Level 1:colcon.colcon_core.package_identification:_identify(src/f1tenth_lab3_template/wall_follow) by extensions ['colcon_meta']
[1.356s] Level 1:colcon.colcon_core.package_identification:_identify(src/f1tenth_lab3_template/wall_follow) by extension 'colcon_meta'
[1.356s] Level 1:colcon.colcon_core.package_identification:_identify(src/f1tenth_lab3_template/wall_follow) by extensions ['ros']
[1.356s] Level 1:colcon.colcon_core.package_identification:_identify(src/f1tenth_lab3_template/wall_follow) by extension 'ros'
[1.360s] DEBUG:colcon.colcon_core.package_identification:Package 'src/f1tenth_lab3_template/wall_follow' with type 'ros.ament_cmake' and name 'wall_follow'
[1.361s] Level 1:colcon.colcon_core.package_identification:_identify(src/f1tenth_lab4_template) by extensions ['ignore', 'ignore_ament_install']
[1.361s] Level 1:colcon.colcon_core.package_identification:_identify(src/f1tenth_lab4_template) by extension 'ignore'
[1.362s] Level 1:colcon.colcon_core.package_identification:_identify(src/f1tenth_lab4_template) by extension 'ignore_ament_install'
[1.362s] Level 1:colcon.colcon_core.package_identification:_identify(src/f1tenth_lab4_template) by extensions ['colcon_pkg']
[1.363s] Level 1:colcon.colcon_core.package_identification:_identify(src/f1tenth_lab4_template) by extension 'colcon_pkg'
[1.364s] Level 1:colcon.colcon_core.package_identification:_identify(src/f1tenth_lab4_template) by extensions ['colcon_meta']
[1.364s] Level 1:colcon.colcon_core.package_identification:_identify(src/f1tenth_lab4_template) by extension 'colcon_meta'
[1.364s] Level 1:colcon.colcon_core.package_identification:_identify(src/f1tenth_lab4_template) by extensions ['ros']
[1.365s] Level 1:colcon.colcon_core.package_identification:_identify(src/f1tenth_lab4_template) by extension 'ros'
[1.365s] Level 1:colcon.colcon_core.package_identification:_identify(src/f1tenth_lab4_template) by extensions ['cmake', 'python']
[1.365s] Level 1:colcon.colcon_core.package_identification:_identify(src/f1tenth_lab4_template) by extension 'cmake'
[1.365s] Level 1:colcon.colcon_core.package_identification:_identify(src/f1tenth_lab4_template) by extension 'python'
[1.366s] Level 1:colcon.colcon_core.package_identification:_identify(src/f1tenth_lab4_template) by extensions ['python_setup_py']
[1.366s] Level 1:colcon.colcon_core.package_identification:_identify(src/f1tenth_lab4_template) by extension 'python_setup_py'
[1.367s] Level 1:colcon.colcon_core.package_identification:_identify(src/f1tenth_lab4_template/gap_follow) by extensions ['ignore', 'ignore_ament_install']
[1.367s] Level 1:colcon.colcon_core.package_identification:_identify(src/f1tenth_lab4_template/gap_follow) by extension 'ignore'
[1.367s] Level 1:colcon.colcon_core.package_identification:_identify(src/f1tenth_lab4_template/gap_follow) by extension 'ignore_ament_install'
[1.367s] Level 1:colcon.colcon_core.package_identification:_identify(src/f1tenth_lab4_template/gap_follow) by extensions ['colcon_pkg']
[1.367s] Level 1:colcon.colcon_core.package_identification:_identify(src/f1tenth_lab4_template/gap_follow) by extension 'colcon_pkg'
[1.367s] Level 1:colcon.colcon_core.package_identification:_identify(src/f1tenth_lab4_template/gap_follow) by extensions ['colcon_meta']
[1.368s] Level 1:colcon.colcon_core.package_identification:_identify(src/f1tenth_lab4_template/gap_follow) by extension 'colcon_meta'
[1.368s] Level 1:colcon.colcon_core.package_identification:_identify(src/f1tenth_lab4_template/gap_follow) by extensions ['ros']
[1.368s] Level 1:colcon.colcon_core.package_identification:_identify(src/f1tenth_lab4_template/gap_follow) by extension 'ros'
[1.378s] DEBUG:colcon.colcon_core.package_identification:Package 'src/f1tenth_lab4_template/gap_follow' with type 'ros.ament_cmake' and name 'gap_follow'
[1.378s] Level 1:colcon.colcon_core.package_discovery:discover_packages(recursive) using defaults
[1.379s] Level 1:colcon.colcon_core.package_discovery:discover_packages(ignore) discover
[1.379s] Level 1:colcon.colcon_core.package_discovery:discover_packages(ignore) using defaults
[1.379s] Level 1:colcon.colcon_core.package_discovery:discover_packages(path) discover
[1.379s] Level 1:colcon.colcon_core.package_discovery:discover_packages(path) using defaults
[1.441s] Level 1:colcon.colcon_core.package_discovery:discover_packages(prefix_path) check parameters
[1.441s] Level 1:colcon.colcon_core.package_discovery:discover_packages(prefix_path) discover
[1.449s] DEBUG:colcon.colcon_installed_package_information.package_discovery:Found 4 installed packages in /home/mrc/sim_ws/install
[1.457s] DEBUG:colcon.colcon_installed_package_information.package_discovery:Found 301 installed packages in /opt/ros/foxy
[1.491s] Level 1:colcon.colcon_core.package_discovery:discover_packages(prefix_path) using defaults
[1.714s] Level 5:colcon.colcon_core.verb:set package 'f1tenth_gym_ros' build argument 'cmake_args' from command line to 'None'
[1.715s] Level 5:colcon.colcon_core.verb:set package 'f1tenth_gym_ros' build argument 'cmake_target' from command line to 'None'
[1.715s] Level 5:colcon.colcon_core.verb:set package 'f1tenth_gym_ros' build argument 'cmake_target_skip_unavailable' from command line to 'False'
[1.715s] Level 5:colcon.colcon_core.verb:set package 'f1tenth_gym_ros' build argument 'cmake_clean_cache' from command line to 'False'
[1.716s] Level 5:colcon.colcon_core.verb:set package 'f1tenth_gym_ros' build argument 'cmake_clean_first' from command line to 'False'
[1.716s] Level 5:colcon.colcon_core.verb:set package 'f1tenth_gym_ros' build argument 'cmake_force_configure' from command line to 'False'
[1.716s] Level 5:colcon.colcon_core.verb:set package 'f1tenth_gym_ros' build argument 'ament_cmake_args' from command line to 'None'
[1.716s] Level 5:colcon.colcon_core.verb:set package 'f1tenth_gym_ros' build argument 'catkin_cmake_args' from command line to 'None'
[1.716s] Level 5:colcon.colcon_core.verb:set package 'f1tenth_gym_ros' build argument 'catkin_skip_building_tests' from command line to 'False'
[1.718s] DEBUG:colcon.colcon_core.verb:Building package 'f1tenth_gym_ros' with the following arguments: {'ament_cmake_args': None, 'build_base': '/home/mrc/sim_ws/build/f1tenth_gym_ros', 'catkin_cmake_args': None, 'catkin_skip_building_tests': False, 'cmake_args': None, 'cmake_clean_cache': False, 'cmake_clean_first': False, 'cmake_force_configure': False, 'cmake_target': None, 'cmake_target_skip_unavailable': False, 'install_base': '/home/mrc/sim_ws/install/f1tenth_gym_ros', 'merge_install': False, 'path': '/home/mrc/sim_ws/src/f1tenth_gym_ros', 'symlink_install': False, 'test_result_base': None}
[1.720s] Level 5:colcon.colcon_core.verb:set package 'gap_follow' build argument 'cmake_args' from command line to 'None'
[1.720s] Level 5:colcon.colcon_core.verb:set package 'gap_follow' build argument 'cmake_target' from command line to 'None'
[1.720s] Level 5:colcon.colcon_core.verb:set package 'gap_follow' build argument 'cmake_target_skip_unavailable' from command line to 'False'
[1.721s] Level 5:colcon.colcon_core.verb:set package 'gap_follow' build argument 'cmake_clean_cache' from command line to 'False'
[1.721s] Level 5:colcon.colcon_core.verb:set package 'gap_follow' build argument 'cmake_clean_first' from command line to 'False'
[1.721s] Level 5:colcon.colcon_core.verb:set package 'gap_follow' build argument 'cmake_force_configure' from command line to 'False'
[1.721s] Level 5:colcon.colcon_core.verb:set package 'gap_follow' build argument 'ament_cmake_args' from command line to 'None'
[1.721s] Level 5:colcon.colcon_core.verb:set package 'gap_follow' build argument 'catkin_cmake_args' from command line to 'None'
[1.721s] Level 5:colcon.colcon_core.verb:set package 'gap_follow' build argument 'catkin_skip_building_tests' from command line to 'False'
[1.721s] DEBUG:colcon.colcon_core.verb:Building package 'gap_follow' with the following arguments: {'ament_cmake_args': None, 'build_base': '/home/mrc/sim_ws/build/gap_follow', 'catkin_cmake_args': None, 'catkin_skip_building_tests': False, 'cmake_args': None, 'cmake_clean_cache': False, 'cmake_clean_first': False, 'cmake_force_configure': False, 'cmake_target': None, 'cmake_target_skip_unavailable': False, 'install_base': '/home/mrc/sim_ws/install/gap_follow', 'merge_install': False, 'path': '/home/mrc/sim_ws/src/f1tenth_lab4_template/gap_follow', 'symlink_install': False, 'test_result_base': None}
[1.721s] Level 5:colcon.colcon_core.verb:set package 'safety_node' build argument 'cmake_args' from command line to 'None'
[1.721s] Level 5:colcon.colcon_core.verb:set package 'safety_node' build argument 'cmake_target' from command line to 'None'
[1.721s] Level 5:colcon.colcon_core.verb:set package 'safety_node' build argument 'cmake_target_skip_unavailable' from command line to 'False'
[1.721s] Level 5:colcon.colcon_core.verb:set package 'safety_node' build argument 'cmake_clean_cache' from command line to 'False'
[1.721s] Level 5:colcon.colcon_core.verb:set package 'safety_node' build argument 'cmake_clean_first' from command line to 'False'
[1.722s] Level 5:colcon.colcon_core.verb:set package 'safety_node' build argument 'cmake_force_configure' from command line to 'False'
[1.722s] Level 5:colcon.colcon_core.verb:set package 'safety_node' build argument 'ament_cmake_args' from command line to 'None'
[1.722s] Level 5:colcon.colcon_core.verb:set package 'safety_node' build argument 'catkin_cmake_args' from command line to 'None'
[1.722s] Level 5:colcon.colcon_core.verb:set package 'safety_node' build argument 'catkin_skip_building_tests' from command line to 'False'
[1.722s] DEBUG:colcon.colcon_core.verb:Building package 'safety_node' with the following arguments: {'ament_cmake_args': None, 'build_base': '/home/mrc/sim_ws/build/safety_node', 'catkin_cmake_args': None, 'catkin_skip_building_tests': False, 'cmake_args': None, 'cmake_clean_cache': False, 'cmake_clean_first': False, 'cmake_force_configure': False, 'cmake_target': None, 'cmake_target_skip_unavailable': False, 'install_base': '/home/mrc/sim_ws/install/safety_node', 'merge_install': False, 'path': '/home/mrc/sim_ws/src/f1tenth_lab2_template/safety_node', 'symlink_install': False, 'test_result_base': None}
[1.723s] Level 5:colcon.colcon_core.verb:set package 'wall_follow' build argument 'cmake_args' from command line to 'None'
[1.723s] Level 5:colcon.colcon_core.verb:set package 'wall_follow' build argument 'cmake_target' from command line to 'None'
[1.723s] Level 5:colcon.colcon_core.verb:set package 'wall_follow' build argument 'cmake_target_skip_unavailable' from command line to 'False'
[1.723s] Level 5:colcon.colcon_core.verb:set package 'wall_follow' build argument 'cmake_clean_cache' from command line to 'False'
[1.723s] Level 5:colcon.colcon_core.verb:set package 'wall_follow' build argument 'cmake_clean_first' from command line to 'False'
[1.723s] Level 5:colcon.colcon_core.verb:set package 'wall_follow' build argument 'cmake_force_configure' from command line to 'False'
[1.723s] Level 5:colcon.colcon_core.verb:set package 'wall_follow' build argument 'ament_cmake_args' from command line to 'None'
[1.723s] Level 5:colcon.colcon_core.verb:set package 'wall_follow' build argument 'catkin_cmake_args' from command line to 'None'
[1.723s] Level 5:colcon.colcon_core.verb:set package 'wall_follow' build argument 'catkin_skip_building_tests' from command line to 'False'
[1.723s] DEBUG:colcon.colcon_core.verb:Building package 'wall_follow' with the following arguments: {'ament_cmake_args': None, 'build_base': '/home/mrc/sim_ws/build/wall_follow', 'catkin_cmake_args': None, 'catkin_skip_building_tests': False, 'cmake_args': None, 'cmake_clean_cache': False, 'cmake_clean_first': False, 'cmake_force_configure': False, 'cmake_target': None, 'cmake_target_skip_unavailable': False, 'install_base': '/home/mrc/sim_ws/install/wall_follow', 'merge_install': False, 'path': '/home/mrc/sim_ws/src/f1tenth_lab3_template/wall_follow', 'symlink_install': False, 'test_result_base': None}
[1.724s] INFO:colcon.colcon_core.executor:Executing jobs using 'parallel' executor
[1.725s] DEBUG:colcon.colcon_parallel_executor.executor.parallel:run_until_complete
[1.726s] INFO:colcon.colcon_ros.task.ament_python.build:Building ROS package in '/home/mrc/sim_ws/src/f1tenth_gym_ros' with build type 'ament_python'
[1.726s] Level 1:colcon.colcon_core.shell:create_environment_hook('f1tenth_gym_ros', 'ament_prefix_path')
[1.732s] INFO:colcon.colcon_core.plugin_system:Skipping extension 'colcon_core.shell.bat': Not used on non-Windows systems
[1.732s] INFO:colcon.colcon_core.shell:Creating environment hook '/home/mrc/sim_ws/install/f1tenth_gym_ros/share/f1tenth_gym_ros/hook/ament_prefix_path.ps1'
[1.738s] INFO:colcon.colcon_core.shell:Creating environment descriptor '/home/mrc/sim_ws/install/f1tenth_gym_ros/share/f1tenth_gym_ros/hook/ament_prefix_path.dsv'
[1.740s] INFO:colcon.colcon_core.shell:Creating environment hook '/home/mrc/sim_ws/install/f1tenth_gym_ros/share/f1tenth_gym_ros/hook/ament_prefix_path.sh'
[1.742s] INFO:colcon.colcon_core.shell:Skip shell extension 'powershell' for command environment: Not usable outside of PowerShell
[1.743s] DEBUG:colcon.colcon_core.shell:Skip shell extension 'dsv' for command environment
[1.768s] INFO:colcon.colcon_ros.task.ament_cmake.build:Building ROS package in '/home/mrc/sim_ws/src/f1tenth_lab4_template/gap_follow' with build type 'ament_cmake'
[1.769s] INFO:colcon.colcon_cmake.task.cmake.build:Building CMake package in '/home/mrc/sim_ws/src/f1tenth_lab4_template/gap_follow'
[1.771s] INFO:colcon.colcon_core.shell:Skip shell extension 'powershell' for command environment: Not usable outside of PowerShell
[1.771s] DEBUG:colcon.colcon_core.shell:Skip shell extension 'dsv' for command environment
[2.840s] INFO:colcon.colcon_core.task.python.build:Building Python package in '/home/mrc/sim_ws/src/f1tenth_gym_ros'
[2.842s] INFO:colcon.colcon_core.shell:Skip shell extension 'powershell' for command environment: Not usable outside of PowerShell
[2.842s] DEBUG:colcon.colcon_core.shell:Skip shell extension 'dsv' for command environment
[2.896s] DEBUG:colcon.colcon_core.event_handler.log_command:Invoking command in '/home/mrc/sim_ws/build/gap_follow': CMAKE_PREFIX_PATH=${CMAKE_PREFIX_PATH}:/home/mrc/sim_ws/install/f1tenth_gym_ros:/opt/ros/foxy /usr/bin/cmake --build /home/mrc/sim_ws/build/gap_follow -- -j2 -l2
[3.201s] DEBUG:colcon.colcon_core.event_handler.log_command:Invoked command in '/home/mrc/sim_ws/build/gap_follow' returned '0': CMAKE_PREFIX_PATH=${CMAKE_PREFIX_PATH}:/home/mrc/sim_ws/install/f1tenth_gym_ros:/opt/ros/foxy /usr/bin/cmake --build /home/mrc/sim_ws/build/gap_follow -- -j2 -l2
[3.289s] DEBUG:colcon.colcon_core.event_handler.log_command:Invoking command in '/home/mrc/sim_ws/build/gap_follow': CMAKE_PREFIX_PATH=${CMAKE_PREFIX_PATH}:/home/mrc/sim_ws/install/f1tenth_gym_ros:/opt/ros/foxy /usr/bin/cmake --install /home/mrc/sim_ws/build/gap_follow
[3.513s] Level 1:colcon.colcon_core.environment:create_environment_scripts_only(gap_follow)
[3.524s] DEBUG:colcon.colcon_core.event_handler.log_command:Invoked command in '/home/mrc/sim_ws/build/gap_follow' returned '0': CMAKE_PREFIX_PATH=${CMAKE_PREFIX_PATH}:/home/mrc/sim_ws/install/f1tenth_gym_ros:/opt/ros/foxy /usr/bin/cmake --install /home/mrc/sim_ws/build/gap_follow
[3.537s] Level 1:colcon.colcon_core.environment:checking '/home/mrc/sim_ws/install/gap_follow' for CMake module files
[3.555s] Level 1:colcon.colcon_core.environment:checking '/home/mrc/sim_ws/install/gap_follow' for CMake config files
[3.556s] Level 1:colcon.colcon_core.shell:create_environment_hook('gap_follow', 'cmake_prefix_path')
[3.558s] INFO:colcon.colcon_core.shell:Creating environment hook '/home/mrc/sim_ws/install/gap_follow/share/gap_follow/hook/cmake_prefix_path.ps1'
[3.573s] INFO:colcon.colcon_core.shell:Creating environment descriptor '/home/mrc/sim_ws/install/gap_follow/share/gap_follow/hook/cmake_prefix_path.dsv'
[3.581s] INFO:colcon.colcon_core.shell:Creating environment hook '/home/mrc/sim_ws/install/gap_follow/share/gap_follow/hook/cmake_prefix_path.sh'
[3.597s] Level 1:colcon.colcon_core.environment:checking '/home/mrc/sim_ws/install/gap_follow/lib'
[3.598s] Level 1:colcon.colcon_core.environment:checking '/home/mrc/sim_ws/install/gap_follow/bin'
[3.598s] Level 1:colcon.colcon_core.environment:checking '/home/mrc/sim_ws/install/gap_follow/lib/pkgconfig/gap_follow.pc'
[3.599s] Level 1:colcon.colcon_core.environment:checking '/home/mrc/sim_ws/install/gap_follow/lib/python3.8/site-packages'
[3.599s] Level 1:colcon.colcon_core.shell:create_environment_hook('gap_follow', 'pythonpath')
[3.599s] INFO:colcon.colcon_core.shell:Creating environment hook '/home/mrc/sim_ws/install/gap_follow/share/gap_follow/hook/pythonpath.ps1'
[3.606s] INFO:colcon.colcon_core.shell:Creating environment descriptor '/home/mrc/sim_ws/install/gap_follow/share/gap_follow/hook/pythonpath.dsv'
[3.608s] INFO:colcon.colcon_core.shell:Creating environment hook '/home/mrc/sim_ws/install/gap_follow/share/gap_follow/hook/pythonpath.sh'
[3.610s] Level 1:colcon.colcon_core.environment:checking '/home/mrc/sim_ws/install/gap_follow/bin'
[3.611s] INFO:colcon.colcon_core.shell:Creating package script '/home/mrc/sim_ws/install/gap_follow/share/gap_follow/package.ps1'
[3.621s] INFO:colcon.colcon_core.shell:Creating package descriptor '/home/mrc/sim_ws/install/gap_follow/share/gap_follow/package.dsv'
[3.623s] INFO:colcon.colcon_core.shell:Creating package script '/home/mrc/sim_ws/install/gap_follow/share/gap_follow/package.sh'
[3.639s] INFO:colcon.colcon_core.shell:Creating package script '/home/mrc/sim_ws/install/gap_follow/share/gap_follow/package.bash'
[3.641s] INFO:colcon.colcon_core.shell:Creating package script '/home/mrc/sim_ws/install/gap_follow/share/gap_follow/package.zsh'
[3.654s] Level 1:colcon.colcon_core.environment:create_file_with_runtime_dependencies(/home/mrc/sim_ws/install/gap_follow/share/colcon-core/packages/gap_follow)
[3.657s] Level 1:colcon.colcon_core.environment:create_environment_scripts_only(gap_follow)
[3.657s] Level 1:colcon.colcon_core.environment:checking '/home/mrc/sim_ws/install/gap_follow' for CMake module files
[3.662s] Level 1:colcon.colcon_core.environment:checking '/home/mrc/sim_ws/install/gap_follow' for CMake config files
[3.663s] Level 1:colcon.colcon_core.shell:create_environment_hook('gap_follow', 'cmake_prefix_path')
[3.663s] INFO:colcon.colcon_core.shell:Creating environment hook '/home/mrc/sim_ws/install/gap_follow/share/gap_follow/hook/cmake_prefix_path.ps1'
[3.664s] INFO:colcon.colcon_core.shell:Creating environment descriptor '/home/mrc/sim_ws/install/gap_follow/share/gap_follow/hook/cmake_prefix_path.dsv'
[3.683s] INFO:colcon.colcon_core.shell:Creating environment hook '/home/mrc/sim_ws/install/gap_follow/share/gap_follow/hook/cmake_prefix_path.sh'
[3.685s] Level 1:colcon.colcon_core.environment:checking '/home/mrc/sim_ws/install/gap_follow/lib'
[3.685s] Level 1:colcon.colcon_core.environment:checking '/home/mrc/sim_ws/install/gap_follow/bin'
[3.685s] Level 1:colcon.colcon_core.environment:checking '/home/mrc/sim_ws/install/gap_follow/lib/pkgconfig/gap_follow.pc'
[3.685s] Level 1:colcon.colcon_core.environment:checking '/home/mrc/sim_ws/install/gap_follow/lib/python3.8/site-packages'
[3.685s] Level 1:colcon.colcon_core.shell:create_environment_hook('gap_follow', 'pythonpath')
[3.685s] INFO:colcon.colcon_core.shell:Creating environment hook '/home/mrc/sim_ws/install/gap_follow/share/gap_follow/hook/pythonpath.ps1'
[3.686s] INFO:colcon.colcon_core.shell:Creating environment descriptor '/home/mrc/sim_ws/install/gap_follow/share/gap_follow/hook/pythonpath.dsv'
[3.706s] INFO:colcon.colcon_core.shell:Creating environment hook '/home/mrc/sim_ws/install/gap_follow/share/gap_follow/hook/pythonpath.sh'
[3.715s] Level 1:colcon.colcon_core.environment:checking '/home/mrc/sim_ws/install/gap_follow/bin'
[3.717s] INFO:colcon.colcon_core.shell:Creating package script '/home/mrc/sim_ws/install/gap_follow/share/gap_follow/package.ps1'
[3.738s] INFO:colcon.colcon_core.shell:Creating package descriptor '/home/mrc/sim_ws/install/gap_follow/share/gap_follow/package.dsv'
[3.742s] INFO:colcon.colcon_core.shell:Creating package script '/home/mrc/sim_ws/install/gap_follow/share/gap_follow/package.sh'
[3.750s] INFO:colcon.colcon_core.shell:Creating package script '/home/mrc/sim_ws/install/gap_follow/share/gap_follow/package.bash'
[3.753s] INFO:colcon.colcon_core.shell:Creating package script '/home/mrc/sim_ws/install/gap_follow/share/gap_follow/package.zsh'
[3.755s] Level 1:colcon.colcon_core.environment:create_file_with_runtime_dependencies(/home/mrc/sim_ws/install/gap_follow/share/colcon-core/packages/gap_follow)
[3.760s] INFO:colcon.colcon_ros.task.ament_cmake.build:Building ROS package in '/home/mrc/sim_ws/src/f1tenth_lab2_template/safety_node' with build type 'ament_cmake'
[3.760s] INFO:colcon.colcon_cmake.task.cmake.build:Building CMake package in '/home/mrc/sim_ws/src/f1tenth_lab2_template/safety_node'
[3.761s] INFO:colcon.colcon_core.shell:Skip shell extension 'powershell' for command environment: Not usable outside of PowerShell
[3.764s] DEBUG:colcon.colcon_core.shell:Skip shell extension 'dsv' for command environment
[3.870s] DEBUG:colcon.colcon_core.event_handler.log_command:Invoking command in '/home/mrc/sim_ws/build/safety_node': CMAKE_PREFIX_PATH=${CMAKE_PREFIX_PATH}:/home/mrc/sim_ws/install/f1tenth_gym_ros:/opt/ros/foxy /usr/bin/cmake --build /home/mrc/sim_ws/build/safety_node -- -j2 -l2
[4.091s] DEBUG:colcon.colcon_core.event_handler.log_command:Invoked command in '/home/mrc/sim_ws/build/safety_node' returned '0': CMAKE_PREFIX_PATH=${CMAKE_PREFIX_PATH}:/home/mrc/sim_ws/install/f1tenth_gym_ros:/opt/ros/foxy /usr/bin/cmake --build /home/mrc/sim_ws/build/safety_node -- -j2 -l2
[4.093s] DEBUG:colcon.colcon_core.event_handler.log_command:Invoking command in '/home/mrc/sim_ws/build/safety_node': CMAKE_PREFIX_PATH=${CMAKE_PREFIX_PATH}:/home/mrc/sim_ws/install/f1tenth_gym_ros:/opt/ros/foxy /usr/bin/cmake --install /home/mrc/sim_ws/build/safety_node
[4.470s] Level 1:colcon.colcon_core.environment:create_environment_scripts_only(safety_node)
[4.471s] Level 1:colcon.colcon_core.environment:checking '/home/mrc/sim_ws/install/safety_node' for CMake module files
[4.472s] Level 1:colcon.colcon_core.environment:checking '/home/mrc/sim_ws/install/safety_node' for CMake config files
[4.474s] DEBUG:colcon.colcon_core.event_handler.log_command:Invoked command in '/home/mrc/sim_ws/build/safety_node' returned '0': CMAKE_PREFIX_PATH=${CMAKE_PREFIX_PATH}:/home/mrc/sim_ws/install/f1tenth_gym_ros:/opt/ros/foxy /usr/bin/cmake --install /home/mrc/sim_ws/build/safety_node
[4.482s] Level 1:colcon.colcon_core.shell:create_environment_hook('safety_node', 'cmake_prefix_path')
[4.483s] INFO:colcon.colcon_core.shell:Creating environment hook '/home/mrc/sim_ws/install/safety_node/share/safety_node/hook/cmake_prefix_path.ps1'
[4.486s] INFO:colcon.colcon_core.shell:Creating environment descriptor '/home/mrc/sim_ws/install/safety_node/share/safety_node/hook/cmake_prefix_path.dsv'
[4.487s] INFO:colcon.colcon_core.shell:Creating environment hook '/home/mrc/sim_ws/install/safety_node/share/safety_node/hook/cmake_prefix_path.sh'
[4.490s] Level 1:colcon.colcon_core.environment:checking '/home/mrc/sim_ws/install/safety_node/lib'
[4.490s] Level 1:colcon.colcon_core.environment:checking '/home/mrc/sim_ws/install/safety_node/bin'
[4.490s] Level 1:colcon.colcon_core.environment:checking '/home/mrc/sim_ws/install/safety_node/lib/pkgconfig/safety_node.pc'
[4.491s] Level 1:colcon.colcon_core.environment:checking '/home/mrc/sim_ws/install/safety_node/lib/python3.8/site-packages'
[4.491s] Level 1:colcon.colcon_core.shell:create_environment_hook('safety_node', 'pythonpath')
[4.491s] INFO:colcon.colcon_core.shell:Creating environment hook '/home/mrc/sim_ws/install/safety_node/share/safety_node/hook/pythonpath.ps1'
[4.494s] INFO:colcon.colcon_core.shell:Creating environment descriptor '/home/mrc/sim_ws/install/safety_node/share/safety_node/hook/pythonpath.dsv'
[4.496s] INFO:colcon.colcon_core.shell:Creating environment hook '/home/mrc/sim_ws/install/safety_node/share/safety_node/hook/pythonpath.sh'
[4.502s] Level 1:colcon.colcon_core.environment:checking '/home/mrc/sim_ws/install/safety_node/bin'
[4.503s] INFO:colcon.colcon_core.shell:Creating package script '/home/mrc/sim_ws/install/safety_node/share/safety_node/package.ps1'
[4.505s] INFO:colcon.colcon_core.shell:Creating package descriptor '/home/mrc/sim_ws/install/safety_node/share/safety_node/package.dsv'
[4.507s] INFO:colcon.colcon_core.shell:Creating package script '/home/mrc/sim_ws/install/safety_node/share/safety_node/package.sh'
[4.509s] INFO:colcon.colcon_core.shell:Creating package script '/home/mrc/sim_ws/install/safety_node/share/safety_node/package.bash'
[4.514s] INFO:colcon.colcon_core.shell:Creating package script '/home/mrc/sim_ws/install/safety_node/share/safety_node/package.zsh'
[4.518s] Level 1:colcon.colcon_core.environment:create_file_with_runtime_dependencies(/home/mrc/sim_ws/install/safety_node/share/colcon-core/packages/safety_node)
[4.529s] Level 1:colcon.colcon_core.environment:create_environment_scripts_only(safety_node)
[4.530s] Level 1:colcon.colcon_core.environment:checking '/home/mrc/sim_ws/install/safety_node' for CMake module files
[4.535s] Level 1:colcon.colcon_core.environment:checking '/home/mrc/sim_ws/install/safety_node' for CMake config files
[4.535s] Level 1:colcon.colcon_core.shell:create_environment_hook('safety_node', 'cmake_prefix_path')
[4.536s] INFO:colcon.colcon_core.shell:Creating environment hook '/home/mrc/sim_ws/install/safety_node/share/safety_node/hook/cmake_prefix_path.ps1'
[4.537s] INFO:colcon.colcon_core.shell:Creating environment descriptor '/home/mrc/sim_ws/install/safety_node/share/safety_node/hook/cmake_prefix_path.dsv'
[4.550s] INFO:colcon.colcon_core.shell:Creating environment hook '/home/mrc/sim_ws/install/safety_node/share/safety_node/hook/cmake_prefix_path.sh'
[4.560s] Level 1:colcon.colcon_core.environment:checking '/home/mrc/sim_ws/install/safety_node/lib'
[4.560s] Level 1:colcon.colcon_core.environment:checking '/home/mrc/sim_ws/install/safety_node/bin'
[4.560s] Level 1:colcon.colcon_core.environment:checking '/home/mrc/sim_ws/install/safety_node/lib/pkgconfig/safety_node.pc'
[4.560s] Level 1:colcon.colcon_core.environment:checking '/home/mrc/sim_ws/install/safety_node/lib/python3.8/site-packages'
[4.561s] Level 1:colcon.colcon_core.shell:create_environment_hook('safety_node', 'pythonpath')
[4.561s] INFO:colcon.colcon_core.shell:Creating environment hook '/home/mrc/sim_ws/install/safety_node/share/safety_node/hook/pythonpath.ps1'
[4.565s] INFO:colcon.colcon_core.shell:Creating environment descriptor '/home/mrc/sim_ws/install/safety_node/share/safety_node/hook/pythonpath.dsv'
[4.566s] INFO:colcon.colcon_core.shell:Creating environment hook '/home/mrc/sim_ws/install/safety_node/share/safety_node/hook/pythonpath.sh'
[4.581s] Level 1:colcon.colcon_core.environment:checking '/home/mrc/sim_ws/install/safety_node/bin'
[4.582s] INFO:colcon.colcon_core.shell:Creating package script '/home/mrc/sim_ws/install/safety_node/share/safety_node/package.ps1'
[4.584s] INFO:colcon.colcon_core.shell:Creating package descriptor '/home/mrc/sim_ws/install/safety_node/share/safety_node/package.dsv'
[4.585s] INFO:colcon.colcon_core.shell:Creating package script '/home/mrc/sim_ws/install/safety_node/share/safety_node/package.sh'
[4.585s] INFO:colcon.colcon_core.shell:Creating package script '/home/mrc/sim_ws/install/safety_node/share/safety_node/package.bash'
[4.588s] INFO:colcon.colcon_core.shell:Creating package script '/home/mrc/sim_ws/install/safety_node/share/safety_node/package.zsh'
[4.589s] Level 1:colcon.colcon_core.environment:create_file_with_runtime_dependencies(/home/mrc/sim_ws/install/safety_node/share/colcon-core/packages/safety_node)
[4.594s] INFO:colcon.colcon_ros.task.ament_cmake.build:Building ROS package in '/home/mrc/sim_ws/src/f1tenth_lab3_template/wall_follow' with build type 'ament_cmake'
[4.595s] INFO:colcon.colcon_cmake.task.cmake.build:Building CMake package in '/home/mrc/sim_ws/src/f1tenth_lab3_template/wall_follow'
[4.597s] INFO:colcon.colcon_core.shell:Skip shell extension 'powershell' for command environment: Not usable outside of PowerShell
[4.605s] DEBUG:colcon.colcon_core.shell:Skip shell extension 'dsv' for command environment
[4.687s] DEBUG:colcon.colcon_core.event_handler.log_command:Invoking command in '/home/mrc/sim_ws/build/wall_follow': CMAKE_PREFIX_PATH=${CMAKE_PREFIX_PATH}:/home/mrc/sim_ws/install/f1tenth_gym_ros:/opt/ros/foxy /usr/bin/cmake --build /home/mrc/sim_ws/build/wall_follow -- -j2 -l2
[5.067s] DEBUG:colcon.colcon_core.event_handler.log_command:Invoked command in '/home/mrc/sim_ws/build/wall_follow' returned '0': CMAKE_PREFIX_PATH=${CMAKE_PREFIX_PATH}:/home/mrc/sim_ws/install/f1tenth_gym_ros:/opt/ros/foxy /usr/bin/cmake --build /home/mrc/sim_ws/build/wall_follow -- -j2 -l2
[5.069s] DEBUG:colcon.colcon_core.event_handler.log_command:Invoking command in '/home/mrc/sim_ws/build/wall_follow': CMAKE_PREFIX_PATH=${CMAKE_PREFIX_PATH}:/home/mrc/sim_ws/install/f1tenth_gym_ros:/opt/ros/foxy /usr/bin/cmake --install /home/mrc/sim_ws/build/wall_follow
[5.254s] Level 1:colcon.colcon_core.environment:create_environment_scripts_only(wall_follow)
[5.255s] Level 1:colcon.colcon_core.environment:checking '/home/mrc/sim_ws/install/wall_follow' for CMake module files
[5.255s] Level 1:colcon.colcon_core.environment:checking '/home/mrc/sim_ws/install/wall_follow' for CMake config files
[5.256s] Level 1:colcon.colcon_core.shell:create_environment_hook('wall_follow', 'cmake_prefix_path')
[5.256s] INFO:colcon.colcon_core.shell:Creating environment hook '/home/mrc/sim_ws/install/wall_follow/share/wall_follow/hook/cmake_prefix_path.ps1'
[5.257s] INFO:colcon.colcon_core.shell:Creating environment descriptor '/home/mrc/sim_ws/install/wall_follow/share/wall_follow/hook/cmake_prefix_path.dsv'
[5.263s] INFO:colcon.colcon_core.shell:Creating environment hook '/home/mrc/sim_ws/install/wall_follow/share/wall_follow/hook/cmake_prefix_path.sh'
[5.270s] Level 1:colcon.colcon_core.environment:checking '/home/mrc/sim_ws/install/wall_follow/lib'
[5.271s] Level 1:colcon.colcon_core.environment:checking '/home/mrc/sim_ws/install/wall_follow/bin'
[5.393s] Level 1:colcon.colcon_core.environment:checking '/home/mrc/sim_ws/install/wall_follow/lib/pkgconfig/wall_follow.pc'
[5.394s] Level 1:colcon.colcon_core.environment:checking '/home/mrc/sim_ws/install/wall_follow/lib/python3.8/site-packages'
[5.394s] Level 1:colcon.colcon_core.shell:create_environment_hook('wall_follow', 'pythonpath')
[5.396s] INFO:colcon.colcon_core.shell:Creating environment hook '/home/mrc/sim_ws/install/wall_follow/share/wall_follow/hook/pythonpath.ps1'
[5.407s] DEBUG:colcon.colcon_core.event_handler.log_command:Invoked command in '/home/mrc/sim_ws/build/wall_follow' returned '0': CMAKE_PREFIX_PATH=${CMAKE_PREFIX_PATH}:/home/mrc/sim_ws/install/f1tenth_gym_ros:/opt/ros/foxy /usr/bin/cmake --install /home/mrc/sim_ws/build/wall_follow
[5.414s] INFO:colcon.colcon_core.shell:Creating environment descriptor '/home/mrc/sim_ws/install/wall_follow/share/wall_follow/hook/pythonpath.dsv'
[5.418s] INFO:colcon.colcon_core.shell:Creating environment hook '/home/mrc/sim_ws/install/wall_follow/share/wall_follow/hook/pythonpath.sh'
[5.427s] Level 1:colcon.colcon_core.environment:checking '/home/mrc/sim_ws/install/wall_follow/bin'
[5.429s] INFO:colcon.colcon_core.shell:Creating package script '/home/mrc/sim_ws/install/wall_follow/share/wall_follow/package.ps1'
[5.441s] INFO:colcon.colcon_core.shell:Creating package descriptor '/home/mrc/sim_ws/install/wall_follow/share/wall_follow/package.dsv'
[5.447s] INFO:colcon.colcon_core.shell:Creating package script '/home/mrc/sim_ws/install/wall_follow/share/wall_follow/package.sh'
[5.456s] INFO:colcon.colcon_core.shell:Creating package script '/home/mrc/sim_ws/install/wall_follow/share/wall_follow/package.bash'
[5.457s] INFO:colcon.colcon_core.shell:Creating package script '/home/mrc/sim_ws/install/wall_follow/share/wall_follow/package.zsh'
[5.458s] Level 1:colcon.colcon_core.environment:create_file_with_runtime_dependencies(/home/mrc/sim_ws/install/wall_follow/share/colcon-core/packages/wall_follow)
[5.459s] Level 1:colcon.colcon_core.environment:create_environment_scripts_only(wall_follow)
[5.459s] Level 1:colcon.colcon_core.environment:checking '/home/mrc/sim_ws/install/wall_follow' for CMake module files
[5.460s] Level 1:colcon.colcon_core.environment:checking '/home/mrc/sim_ws/install/wall_follow' for CMake config files
[5.460s] Level 1:colcon.colcon_core.shell:create_environment_hook('wall_follow', 'cmake_prefix_path')
[5.461s] INFO:colcon.colcon_core.shell:Creating environment hook '/home/mrc/sim_ws/install/wall_follow/share/wall_follow/hook/cmake_prefix_path.ps1'
[5.470s] INFO:colcon.colcon_core.shell:Creating environment descriptor '/home/mrc/sim_ws/install/wall_follow/share/wall_follow/hook/cmake_prefix_path.dsv'
[5.472s] INFO:colcon.colcon_core.shell:Creating environment hook '/home/mrc/sim_ws/install/wall_follow/share/wall_follow/hook/cmake_prefix_path.sh'
[5.482s] Level 1:colcon.colcon_core.environment:checking '/home/mrc/sim_ws/install/wall_follow/lib'
[5.483s] Level 1:colcon.colcon_core.environment:checking '/home/mrc/sim_ws/install/wall_follow/bin'
[5.483s] Level 1:colcon.colcon_core.environment:checking '/home/mrc/sim_ws/install/wall_follow/lib/pkgconfig/wall_follow.pc'
[5.486s] Level 1:colcon.colcon_core.environment:checking '/home/mrc/sim_ws/install/wall_follow/lib/python3.8/site-packages'
[5.487s] Level 1:colcon.colcon_core.shell:create_environment_hook('wall_follow', 'pythonpath')
[5.487s] INFO:colcon.colcon_core.shell:Creating environment hook '/home/mrc/sim_ws/install/wall_follow/share/wall_follow/hook/pythonpath.ps1'
[5.492s] INFO:colcon.colcon_core.shell:Creating environment descriptor '/home/mrc/sim_ws/install/wall_follow/share/wall_follow/hook/pythonpath.dsv'
[5.494s] INFO:colcon.colcon_core.shell:Creating environment hook '/home/mrc/sim_ws/install/wall_follow/share/wall_follow/hook/pythonpath.sh'
[5.504s] Level 1:colcon.colcon_core.environment:checking '/home/mrc/sim_ws/install/wall_follow/bin'
[5.505s] INFO:colcon.colcon_core.shell:Creating package script '/home/mrc/sim_ws/install/wall_follow/share/wall_follow/package.ps1'
[5.509s] INFO:colcon.colcon_core.shell:Creating package descriptor '/home/mrc/sim_ws/install/wall_follow/share/wall_follow/package.dsv'
[5.516s] INFO:colcon.colcon_core.shell:Creating package script '/home/mrc/sim_ws/install/wall_follow/share/wall_follow/package.sh'
[5.522s] INFO:colcon.colcon_core.shell:Creating package script '/home/mrc/sim_ws/install/wall_follow/share/wall_follow/package.bash'
[5.525s] INFO:colcon.colcon_core.shell:Creating package script '/home/mrc/sim_ws/install/wall_follow/share/wall_follow/package.zsh'
[5.536s] Level 1:colcon.colcon_core.environment:create_file_with_runtime_dependencies(/home/mrc/sim_ws/install/wall_follow/share/colcon-core/packages/wall_follow)
[5.759s] DEBUG:colcon.colcon_core.event_handler.log_command:Invoking command in '/home/mrc/sim_ws/src/f1tenth_gym_ros': PYTHONPATH=/home/mrc/sim_ws/build/f1tenth_gym_ros/prefix_override:/usr/lib/python3/dist-packages/colcon_core/task/python/colcon_distutils_commands:/home/mrc/sim_ws/install/f1tenth_gym_ros/lib/python3.8/site-packages:${PYTHONPATH} /usr/bin/python3 -W ignore:setup.py install is deprecated -W ignore:easy_install command is deprecated setup.py egg_info --egg-base ../../build/f1tenth_gym_ros build --build-base /home/mrc/sim_ws/build/f1tenth_gym_ros/build install --record /home/mrc/sim_ws/build/f1tenth_gym_ros/install.log --single-version-externally-managed install_data
[6.934s] Level 1:colcon.colcon_core.environment:checking '/home/mrc/sim_ws/install/f1tenth_gym_ros' for CMake module files
[6.935s] DEBUG:colcon.colcon_core.event_handler.log_command:Invoked command in '/home/mrc/sim_ws/src/f1tenth_gym_ros' returned '0': PYTHONPATH=/home/mrc/sim_ws/build/f1tenth_gym_ros/prefix_override:/usr/lib/python3/dist-packages/colcon_core/task/python/colcon_distutils_commands:/home/mrc/sim_ws/install/f1tenth_gym_ros/lib/python3.8/site-packages:${PYTHONPATH} /usr/bin/python3 -W ignore:setup.py install is deprecated -W ignore:easy_install command is deprecated setup.py egg_info --egg-base ../../build/f1tenth_gym_ros build --build-base /home/mrc/sim_ws/build/f1tenth_gym_ros/build install --record /home/mrc/sim_ws/build/f1tenth_gym_ros/install.log --single-version-externally-managed install_data
[6.939s] Level 1:colcon.colcon_core.environment:checking '/home/mrc/sim_ws/install/f1tenth_gym_ros' for CMake config files
[6.941s] Level 1:colcon.colcon_core.environment:checking '/home/mrc/sim_ws/install/f1tenth_gym_ros/lib'
[6.943s] Level 1:colcon.colcon_core.environment:checking '/home/mrc/sim_ws/install/f1tenth_gym_ros/bin'
[6.946s] Level 1:colcon.colcon_core.environment:checking '/home/mrc/sim_ws/install/f1tenth_gym_ros/lib/pkgconfig/f1tenth_gym_ros.pc'
[6.948s] Level 1:colcon.colcon_core.environment:checking '/home/mrc/sim_ws/install/f1tenth_gym_ros/lib/python3.8/site-packages'
[6.948s] Level 1:colcon.colcon_core.shell:create_environment_hook('f1tenth_gym_ros', 'pythonpath')
[6.951s] INFO:colcon.colcon_core.shell:Creating environment hook '/home/mrc/sim_ws/install/f1tenth_gym_ros/share/f1tenth_gym_ros/hook/pythonpath.ps1'
[6.959s] INFO:colcon.colcon_core.shell:Creating environment descriptor '/home/mrc/sim_ws/install/f1tenth_gym_ros/share/f1tenth_gym_ros/hook/pythonpath.dsv'
[6.961s] INFO:colcon.colcon_core.shell:Creating environment hook '/home/mrc/sim_ws/install/f1tenth_gym_ros/share/f1tenth_gym_ros/hook/pythonpath.sh'
[6.965s] Level 1:colcon.colcon_core.environment:checking '/home/mrc/sim_ws/install/f1tenth_gym_ros/bin'
[6.965s] Level 1:colcon.colcon_core.environment:create_environment_scripts_only(f1tenth_gym_ros)
[6.966s] INFO:colcon.colcon_core.shell:Creating package script '/home/mrc/sim_ws/install/f1tenth_gym_ros/share/f1tenth_gym_ros/package.ps1'
[6.970s] INFO:colcon.colcon_core.shell:Creating package descriptor '/home/mrc/sim_ws/install/f1tenth_gym_ros/share/f1tenth_gym_ros/package.dsv'
[6.978s] INFO:colcon.colcon_core.shell:Creating package script '/home/mrc/sim_ws/install/f1tenth_gym_ros/share/f1tenth_gym_ros/package.sh'
[6.980s] INFO:colcon.colcon_core.shell:Creating package script '/home/mrc/sim_ws/install/f1tenth_gym_ros/share/f1tenth_gym_ros/package.bash'
[6.987s] INFO:colcon.colcon_core.shell:Creating package script '/home/mrc/sim_ws/install/f1tenth_gym_ros/share/f1tenth_gym_ros/package.zsh'
[6.989s] Level 1:colcon.colcon_core.environment:create_file_with_runtime_dependencies(/home/mrc/sim_ws/install/f1tenth_gym_ros/share/colcon-core/packages/f1tenth_gym_ros)
[6.992s] DEBUG:colcon.colcon_parallel_executor.executor.parallel:closing loop
[6.995s] DEBUG:colcon.colcon_parallel_executor.executor.parallel:loop closed
[6.996s] DEBUG:colcon.colcon_parallel_executor.executor.parallel:run_until_complete finished with '0'
[6.996s] DEBUG:colcon.colcon_core.event_reactor:joining thread
[7.004s] INFO:colcon.colcon_core.plugin_system:Skipping extension 'colcon_notification.desktop_notification.terminal_notifier': Not used on non-Darwin systems
[7.004s] INFO:colcon.colcon_core.plugin_system:Skipping extension 'colcon_notification.desktop_notification.win32': Not used on non-Windows systems
[7.004s] INFO:colcon.colcon_notification.desktop_notification:Sending desktop notification using 'notify2'
[7.099s] DEBUG:colcon.colcon_core.event_reactor:joined thread
[7.099s] INFO:colcon.colcon_core.shell:Creating prefix script '/home/mrc/sim_ws/install/local_setup.ps1'
[7.101s] INFO:colcon.colcon_core.shell:Creating prefix util module '/home/mrc/sim_ws/install/_local_setup_util_ps1.py'
[7.104s] INFO:colcon.colcon_core.shell:Creating prefix chain script '/home/mrc/sim_ws/install/setup.ps1'
[7.114s] INFO:colcon.colcon_core.shell:Creating prefix script '/home/mrc/sim_ws/install/local_setup.sh'
[7.118s] INFO:colcon.colcon_core.shell:Creating prefix util module '/home/mrc/sim_ws/install/_local_setup_util_sh.py'
[7.119s] INFO:colcon.colcon_core.shell:Creating prefix chain script '/home/mrc/sim_ws/install/setup.sh'
[7.126s] INFO:colcon.colcon_core.shell:Creating prefix script '/home/mrc/sim_ws/install/local_setup.bash'
[7.127s] INFO:colcon.colcon_core.shell:Creating prefix chain script '/home/mrc/sim_ws/install/setup.bash'
[7.137s] INFO:colcon.colcon_core.shell:Creating prefix script '/home/mrc/sim_ws/install/local_setup.zsh'
[7.139s] INFO:colcon.colcon_core.shell:Creating prefix chain script '/home/mrc/sim_ws/install/setup.zsh'
