[0.316s] DEBUG:colcon:Command line arguments: ['/usr/bin/colcon', 'build']
[0.316s] DEBUG:colcon:Parsed command line arguments: Namespace(allow_overriding=[], ament_cmake_args=None, base_paths=['.'], build_base='build', catkin_cmake_args=None, catkin_skip_building_tests=False, cmake_args=None, cmake_clean_cache=False, cmake_clean_first=False, cmake_force_configure=False, cmake_target=None, cmake_target_skip_unavailable=False, continue_on_error=False, event_handlers=None, executor='parallel', ignore_user_meta=False, install_base='install', log_base=None, log_level=None, main=<bound method BuildVerb.main of <colcon_core.verb.build.BuildVerb object at 0x7fa0aa716d00>>, merge_install=False, metas=['./colcon.meta'], mixin=None, mixin_files=None, mixin_verb=('build',), packages_above=None, packages_above_and_dependencies=None, packages_above_depth=None, packages_end=None, packages_ignore=None, packages_ignore_regex=None, packages_select=None, packages_select_build_failed=False, packages_select_by_dep=None, packages_select_regex=None, packages_select_test_failures=False, packages_skip=None, packages_skip_build_finished=False, packages_skip_by_dep=None, packages_skip_regex=None, packages_skip_test_passed=False, packages_skip_up_to=None, packages_start=None, packages_up_to=None, packages_up_to_regex=None, parallel_workers=2, paths=None, symlink_install=False, test_result_base=None, verb_extension=<colcon_core.verb.build.BuildVerb object at 0x7fa0aa716d00>, verb_name='build', verb_parser=<colcon_mixin.mixin.mixin_argument.MixinArgumentDecorator object at 0x7fa0aa58e3a0>)
[0.564s] Level 1:colcon.colcon_core.package_discovery:discover_packages(colcon_meta) check parameters
[0.564s] Level 1:colcon.colcon_core.package_discovery:discover_packages(recursive) check parameters
[0.564s] Level 1:colcon.colcon_core.package_discovery:discover_packages(ignore) check parameters
[0.565s] Level 1:colcon.colcon_core.package_discovery:discover_packages(path) check parameters
[0.565s] Level 1:colcon.colcon_core.package_discovery:discover_packages(colcon_meta) discover
[0.565s] Level 1:colcon.colcon_core.package_discovery:discover_packages(recursive) discover
[0.565s] INFO:colcon.colcon_core.package_discovery:Crawling recursively for packages in '/home/mrc/sim_ws'
[0.565s] Level 1:colcon.colcon_core.package_identification:_identify(.) by extensions ['ignore', 'ignore_ament_install']
[0.566s] Level 1:colcon.colcon_core.package_identification:_identify(.) by extension 'ignore'
[0.566s] Level 1:colcon.colcon_core.package_identification:_identify(.) by extension 'ignore_ament_install'
[0.566s] Level 1:colcon.colcon_core.package_identification:_identify(.) by extensions ['colcon_pkg']
[0.566s] Level 1:colcon.colcon_core.package_identification:_identify(.) by extension 'colcon_pkg'
[0.566s] Level 1:colcon.colcon_core.package_identification:_identify(.) by extensions ['colcon_meta']
[0.566s] Level 1:colcon.colcon_core.package_identification:_identify(.) by extension 'colcon_meta'
[0.566s] Level 1:colcon.colcon_core.package_identification:_identify(.) by extensions ['ros']
[0.567s] Level 1:colcon.colcon_core.package_identification:_identify(.) by extension 'ros'
[0.591s] Level 1:colcon.colcon_core.package_identification:_identify(.) by extensions ['cmake', 'python']
[0.591s] Level 1:colcon.colcon_core.package_identification:_identify(.) by extension 'cmake'
[0.591s] Level 1:colcon.colcon_core.package_identification:_identify(.) by extension 'python'
[0.591s] Level 1:colcon.colcon_core.package_identification:_identify(.) by extensions ['python_setup_py']
[0.592s] Level 1:colcon.colcon_core.package_identification:_identify(.) by extension 'python_setup_py'
[0.592s] Level 1:colcon.colcon_core.package_identification:_identify(build) by extensions ['ignore', 'ignore_ament_install']
[0.592s] Level 1:colcon.colcon_core.package_identification:_identify(build) by extension 'ignore'
[0.592s] Level 1:colcon.colcon_core.package_identification:_identify(build) ignored
[0.592s] Level 1:colcon.colcon_core.package_identification:_identify(install) by extensions ['ignore', 'ignore_ament_install']
[0.593s] Level 1:colcon.colcon_core.package_identification:_identify(install) by extension 'ignore'
[0.593s] Level 1:colcon.colcon_core.package_identification:_identify(install) ignored
[0.593s] Level 1:colcon.colcon_core.package_identification:_identify(log) by extensions ['ignore', 'ignore_ament_install']
[0.593s] Level 1:colcon.colcon_core.package_identification:_identify(log) by extension 'ignore'
[0.593s] Level 1:colcon.colcon_core.package_identification:_identify(log) ignored
[0.594s] Level 1:colcon.colcon_core.package_identification:_identify(src) by extensions ['ignore', 'ignore_ament_install']
[0.594s] Level 1:colcon.colcon_core.package_identification:_identify(src) by extension 'ignore'
[0.594s] Level 1:colcon.colcon_core.package_identification:_identify(src) by extension 'ignore_ament_install'
[0.594s] Level 1:colcon.colcon_core.package_identification:_identify(src) by extensions ['colcon_pkg']
[0.594s] Level 1:colcon.colcon_core.package_identification:_identify(src) by extension 'colcon_pkg'
[0.594s] Level 1:colcon.colcon_core.package_identification:_identify(src) by extensions ['colcon_meta']
[0.594s] Level 1:colcon.colcon_core.package_identification:_identify(src) by extension 'colcon_meta'
[0.594s] Level 1:colcon.colcon_core.package_identification:_identify(src) by extensions ['ros']
[0.594s] Level 1:colcon.colcon_core.package_identification:_identify(src) by extension 'ros'
[0.594s] Level 1:colcon.colcon_core.package_identification:_identify(src) by extensions ['cmake', 'python']
[0.594s] Level 1:colcon.colcon_core.package_identification:_identify(src) by extension 'cmake'
[0.594s] Level 1:colcon.colcon_core.package_identification:_identify(src) by extension 'python'
[0.594s] Level 1:colcon.colcon_core.package_identification:_identify(src) by extensions ['python_setup_py']
[0.594s] Level 1:colcon.colcon_core.package_identification:_identify(src) by extension 'python_setup_py'
[0.595s] Level 1:colcon.colcon_core.package_identification:_identify(src/f1tenth_gym_ros) by extensions ['ignore', 'ignore_ament_install']
[0.595s] Level 1:colcon.colcon_core.package_identification:_identify(src/f1tenth_gym_ros) by extension 'ignore'
[0.595s] Level 1:colcon.colcon_core.package_identification:_identify(src/f1tenth_gym_ros) by extension 'ignore_ament_install'
[0.595s] Level 1:colcon.colcon_core.package_identification:_identify(src/f1tenth_gym_ros) by extensions ['colcon_pkg']
[0.595s] Level 1:colcon.colcon_core.package_identification:_identify(src/f1tenth_gym_ros) by extension 'colcon_pkg'
[0.595s] Level 1:colcon.colcon_core.package_identification:_identify(src/f1tenth_gym_ros) by extensions ['colcon_meta']
[0.595s] Level 1:colcon.colcon_core.package_identification:_identify(src/f1tenth_gym_ros) by extension 'colcon_meta'
[0.595s] Level 1:colcon.colcon_core.package_identification:_identify(src/f1tenth_gym_ros) by extensions ['ros']
[0.595s] Level 1:colcon.colcon_core.package_identification:_identify(src/f1tenth_gym_ros) by extension 'ros'
[0.599s] DEBUG:colcon.colcon_core.package_identification:Package 'src/f1tenth_gym_ros' with type 'ros.ament_python' and name 'f1tenth_gym_ros'
[0.600s] Level 1:colcon.colcon_core.package_identification:_identify(src/f1tenth_lab2_template) by extensions ['ignore', 'ignore_ament_install']
[0.600s] Level 1:colcon.colcon_core.package_identification:_identify(src/f1tenth_lab2_template) by extension 'ignore'
[0.600s] Level 1:colcon.colcon_core.package_identification:_identify(src/f1tenth_lab2_template) by extension 'ignore_ament_install'
[0.600s] Level 1:colcon.colcon_core.package_identification:_identify(src/f1tenth_lab2_template) by extensions ['colcon_pkg']
[0.600s] Level 1:colcon.colcon_core.package_identification:_identify(src/f1tenth_lab2_template) by extension 'colcon_pkg'
[0.600s] Level 1:colcon.colcon_core.package_identification:_identify(src/f1tenth_lab2_template) by extensions ['colcon_meta']
[0.600s] Level 1:colcon.colcon_core.package_identification:_identify(src/f1tenth_lab2_template) by extension 'colcon_meta'
[0.600s] Level 1:colcon.colcon_core.package_identification:_identify(src/f1tenth_lab2_template) by extensions ['ros']
[0.600s] Level 1:colcon.colcon_core.package_identification:_identify(src/f1tenth_lab2_template) by extension 'ros'
[0.600s] Level 1:colcon.colcon_core.package_identification:_identify(src/f1tenth_lab2_template) by extensions ['cmake', 'python']
[0.600s] Level 1:colcon.colcon_core.package_identification:_identify(src/f1tenth_lab2_template) by extension 'cmake'
[0.600s] Level 1:colcon.colcon_core.package_identification:_identify(src/f1tenth_lab2_template) by extension 'python'
[0.601s] Level 1:colcon.colcon_core.package_identification:_identify(src/f1tenth_lab2_template) by extensions ['python_setup_py']
[0.601s] Level 1:colcon.colcon_core.package_identification:_identify(src/f1tenth_lab2_template) by extension 'python_setup_py'
[0.601s] Level 1:colcon.colcon_core.package_identification:_identify(src/f1tenth_lab2_template/safety_node) by extensions ['ignore', 'ignore_ament_install']
[0.601s] Level 1:colcon.colcon_core.package_identification:_identify(src/f1tenth_lab2_template/safety_node) by extension 'ignore'
[0.601s] Level 1:colcon.colcon_core.package_identification:_identify(src/f1tenth_lab2_template/safety_node) by extension 'ignore_ament_install'
[0.601s] Level 1:colcon.colcon_core.package_identification:_identify(src/f1tenth_lab2_template/safety_node) by extensions ['colcon_pkg']
[0.601s] Level 1:colcon.colcon_core.package_identification:_identify(src/f1tenth_lab2_template/safety_node) by extension 'colcon_pkg'
[0.602s] Level 1:colcon.colcon_core.package_identification:_identify(src/f1tenth_lab2_template/safety_node) by extensions ['colcon_meta']
[0.602s] Level 1:colcon.colcon_core.package_identification:_identify(src/f1tenth_lab2_template/safety_node) by extension 'colcon_meta'
[0.602s] Level 1:colcon.colcon_core.package_identification:_identify(src/f1tenth_lab2_template/safety_node) by extensions ['ros']
[0.602s] Level 1:colcon.colcon_core.package_identification:_identify(src/f1tenth_lab2_template/safety_node) by extension 'ros'
[0.603s] DEBUG:colcon.colcon_core.package_identification:Package 'src/f1tenth_lab2_template/safety_node' with type 'ros.ament_cmake' and name 'safety_node'
[0.604s] Level 1:colcon.colcon_core.package_identification:_identify(src/f1tenth_lab3_template) by extensions ['ignore', 'ignore_ament_install']
[0.604s] Level 1:colcon.colcon_core.package_identification:_identify(src/f1tenth_lab3_template) by extension 'ignore'
[0.604s] Level 1:colcon.colcon_core.package_identification:_identify(src/f1tenth_lab3_template) by extension 'ignore_ament_install'
[0.604s] Level 1:colcon.colcon_core.package_identification:_identify(src/f1tenth_lab3_template) by extensions ['colcon_pkg']
[0.604s] Level 1:colcon.colcon_core.package_identification:_identify(src/f1tenth_lab3_template) by extension 'colcon_pkg'
[0.604s] Level 1:colcon.colcon_core.package_identification:_identify(src/f1tenth_lab3_template) by extensions ['colcon_meta']
[0.604s] Level 1:colcon.colcon_core.package_identification:_identify(src/f1tenth_lab3_template) by extension 'colcon_meta'
[0.604s] Level 1:colcon.colcon_core.package_identification:_identify(src/f1tenth_lab3_template) by extensions ['ros']
[0.604s] Level 1:colcon.colcon_core.package_identification:_identify(src/f1tenth_lab3_template) by extension 'ros'
[0.604s] Level 1:colcon.colcon_core.package_identification:_identify(src/f1tenth_lab3_template) by extensions ['cmake', 'python']
[0.604s] Level 1:colcon.colcon_core.package_identification:_identify(src/f1tenth_lab3_template) by extension 'cmake'
[0.604s] Level 1:colcon.colcon_core.package_identification:_identify(src/f1tenth_lab3_template) by extension 'python'
[0.605s] Level 1:colcon.colcon_core.package_identification:_identify(src/f1tenth_lab3_template) by extensions ['python_setup_py']
[0.605s] Level 1:colcon.colcon_core.package_identification:_identify(src/f1tenth_lab3_template) by extension 'python_setup_py'
[0.605s] Level 1:colcon.colcon_core.package_identification:_identify(src/f1tenth_lab3_template/img) by extensions ['ignore', 'ignore_ament_install']
[0.605s] Level 1:colcon.colcon_core.package_identification:_identify(src/f1tenth_lab3_template/img) by extension 'ignore'
[0.605s] Level 1:colcon.colcon_core.package_identification:_identify(src/f1tenth_lab3_template/img) by extension 'ignore_ament_install'
[0.605s] Level 1:colcon.colcon_core.package_identification:_identify(src/f1tenth_lab3_template/img) by extensions ['colcon_pkg']
[0.605s] Level 1:colcon.colcon_core.package_identification:_identify(src/f1tenth_lab3_template/img) by extension 'colcon_pkg'
[0.605s] Level 1:colcon.colcon_core.package_identification:_identify(src/f1tenth_lab3_template/img) by extensions ['colcon_meta']
[0.605s] Level 1:colcon.colcon_core.package_identification:_identify(src/f1tenth_lab3_template/img) by extension 'colcon_meta'
[0.605s] Level 1:colcon.colcon_core.package_identification:_identify(src/f1tenth_lab3_template/img) by extensions ['ros']
[0.605s] Level 1:colcon.colcon_core.package_identification:_identify(src/f1tenth_lab3_template/img) by extension 'ros'
[0.605s] Level 1:colcon.colcon_core.package_identification:_identify(src/f1tenth_lab3_template/img) by extensions ['cmake', 'python']
[0.606s] Level 1:colcon.colcon_core.package_identification:_identify(src/f1tenth_lab3_template/img) by extension 'cmake'
[0.606s] Level 1:colcon.colcon_core.package_identification:_identify(src/f1tenth_lab3_template/img) by extension 'python'
[0.606s] Level 1:colcon.colcon_core.package_identification:_identify(src/f1tenth_lab3_template/img) by extensions ['python_setup_py']
[0.606s] Level 1:colcon.colcon_core.package_identification:_identify(src/f1tenth_lab3_template/img) by extension 'python_setup_py'
[0.606s] Level 1:colcon.colcon_core.package_identification:_identify(src/f1tenth_lab3_template/wall_follow) by extensions ['ignore', 'ignore_ament_install']
[0.606s] Level 1:colcon.colcon_core.package_identification:_identify(src/f1tenth_lab3_template/wall_follow) by extension 'ignore'
[0.606s] Level 1:colcon.colcon_core.package_identification:_identify(src/f1tenth_lab3_template/wall_follow) by extension 'ignore_ament_install'
[0.606s] Level 1:colcon.colcon_core.package_identification:_identify(src/f1tenth_lab3_template/wall_follow) by extensions ['colcon_pkg']
[0.606s] Level 1:colcon.colcon_core.package_identification:_identify(src/f1tenth_lab3_template/wall_follow) by extension 'colcon_pkg'
[0.606s] Level 1:colcon.colcon_core.package_identification:_identify(src/f1tenth_lab3_template/wall_follow) by extensions ['colcon_meta']
[0.606s] Level 1:colcon.colcon_core.package_identification:_identify(src/f1tenth_lab3_template/wall_follow) by extension 'colcon_meta'
[0.607s] Level 1:colcon.colcon_core.package_identification:_identify(src/f1tenth_lab3_template/wall_follow) by extensions ['ros']
[0.607s] Level 1:colcon.colcon_core.package_identification:_identify(src/f1tenth_lab3_template/wall_follow) by extension 'ros'
[0.608s] DEBUG:colcon.colcon_core.package_identification:Package 'src/f1tenth_lab3_template/wall_follow' with type 'ros.ament_cmake' and name 'wall_follow'
[0.609s] Level 1:colcon.colcon_core.package_identification:_identify(src/f1tenth_lab4_template) by extensions ['ignore', 'ignore_ament_install']
[0.609s] Level 1:colcon.colcon_core.package_identification:_identify(src/f1tenth_lab4_template) by extension 'ignore'
[0.609s] Level 1:colcon.colcon_core.package_identification:_identify(src/f1tenth_lab4_template) by extension 'ignore_ament_install'
[0.609s] Level 1:colcon.colcon_core.package_identification:_identify(src/f1tenth_lab4_template) by extensions ['colcon_pkg']
[0.609s] Level 1:colcon.colcon_core.package_identification:_identify(src/f1tenth_lab4_template) by extension 'colcon_pkg'
[0.609s] Level 1:colcon.colcon_core.package_identification:_identify(src/f1tenth_lab4_template) by extensions ['colcon_meta']
[0.609s] Level 1:colcon.colcon_core.package_identification:_identify(src/f1tenth_lab4_template) by extension 'colcon_meta'
[0.609s] Level 1:colcon.colcon_core.package_identification:_identify(src/f1tenth_lab4_template) by extensions ['ros']
[0.609s] Level 1:colcon.colcon_core.package_identification:_identify(src/f1tenth_lab4_template) by extension 'ros'
[0.609s] Level 1:colcon.colcon_core.package_identification:_identify(src/f1tenth_lab4_template) by extensions ['cmake', 'python']
[0.609s] Level 1:colcon.colcon_core.package_identification:_identify(src/f1tenth_lab4_template) by extension 'cmake'
[0.610s] Level 1:colcon.colcon_core.package_identification:_identify(src/f1tenth_lab4_template) by extension 'python'
[0.610s] Level 1:colcon.colcon_core.package_identification:_identify(src/f1tenth_lab4_template) by extensions ['python_setup_py']
[0.610s] Level 1:colcon.colcon_core.package_identification:_identify(src/f1tenth_lab4_template) by extension 'python_setup_py'
[0.610s] Level 1:colcon.colcon_core.package_identification:_identify(src/f1tenth_lab4_template/gap_follow) by extensions ['ignore', 'ignore_ament_install']
[0.610s] Level 1:colcon.colcon_core.package_identification:_identify(src/f1tenth_lab4_template/gap_follow) by extension 'ignore'
[0.610s] Level 1:colcon.colcon_core.package_identification:_identify(src/f1tenth_lab4_template/gap_follow) by extension 'ignore_ament_install'
[0.610s] Level 1:colcon.colcon_core.package_identification:_identify(src/f1tenth_lab4_template/gap_follow) by extensions ['colcon_pkg']
[0.610s] Level 1:colcon.colcon_core.package_identification:_identify(src/f1tenth_lab4_template/gap_follow) by extension 'colcon_pkg'
[0.610s] Level 1:colcon.colcon_core.package_identification:_identify(src/f1tenth_lab4_template/gap_follow) by extensions ['colcon_meta']
[0.610s] Level 1:colcon.colcon_core.package_identification:_identify(src/f1tenth_lab4_template/gap_follow) by extension 'colcon_meta'
[0.610s] Level 1:colcon.colcon_core.package_identification:_identify(src/f1tenth_lab4_template/gap_follow) by extensions ['ros']
[0.610s] Level 1:colcon.colcon_core.package_identification:_identify(src/f1tenth_lab4_template/gap_follow) by extension 'ros'
[0.612s] DEBUG:colcon.colcon_core.package_identification:Package 'src/f1tenth_lab4_template/gap_follow' with type 'ros.ament_cmake' and name 'gap_follow'
[0.612s] Level 1:colcon.colcon_core.package_discovery:discover_packages(recursive) using defaults
[0.612s] Level 1:colcon.colcon_core.package_discovery:discover_packages(ignore) discover
[0.612s] Level 1:colcon.colcon_core.package_discovery:discover_packages(ignore) using defaults
[0.612s] Level 1:colcon.colcon_core.package_discovery:discover_packages(path) discover
[0.612s] Level 1:colcon.colcon_core.package_discovery:discover_packages(path) using defaults
[0.636s] Level 1:colcon.colcon_core.package_discovery:discover_packages(prefix_path) check parameters
[0.636s] Level 1:colcon.colcon_core.package_discovery:discover_packages(prefix_path) discover
[0.641s] DEBUG:colcon.colcon_installed_package_information.package_discovery:Found 4 installed packages in /home/mrc/sim_ws/install
[0.643s] DEBUG:colcon.colcon_installed_package_information.package_discovery:Found 301 installed packages in /opt/ros/foxy
[0.662s] Level 1:colcon.colcon_core.package_discovery:discover_packages(prefix_path) using defaults
[0.799s] Level 5:colcon.colcon_core.verb:set package 'f1tenth_gym_ros' build argument 'cmake_args' from command line to 'None'
[0.799s] Level 5:colcon.colcon_core.verb:set package 'f1tenth_gym_ros' build argument 'cmake_target' from command line to 'None'
[0.799s] Level 5:colcon.colcon_core.verb:set package 'f1tenth_gym_ros' build argument 'cmake_target_skip_unavailable' from command line to 'False'
[0.799s] Level 5:colcon.colcon_core.verb:set package 'f1tenth_gym_ros' build argument 'cmake_clean_cache' from command line to 'False'
[0.799s] Level 5:colcon.colcon_core.verb:set package 'f1tenth_gym_ros' build argument 'cmake_clean_first' from command line to 'False'
[0.799s] Level 5:colcon.colcon_core.verb:set package 'f1tenth_gym_ros' build argument 'cmake_force_configure' from command line to 'False'
[0.799s] Level 5:colcon.colcon_core.verb:set package 'f1tenth_gym_ros' build argument 'ament_cmake_args' from command line to 'None'
[0.800s] Level 5:colcon.colcon_core.verb:set package 'f1tenth_gym_ros' build argument 'catkin_cmake_args' from command line to 'None'
[0.800s] Level 5:colcon.colcon_core.verb:set package 'f1tenth_gym_ros' build argument 'catkin_skip_building_tests' from command line to 'False'
[0.800s] DEBUG:colcon.colcon_core.verb:Building package 'f1tenth_gym_ros' with the following arguments: {'ament_cmake_args': None, 'build_base': '/home/mrc/sim_ws/build/f1tenth_gym_ros', 'catkin_cmake_args': None, 'catkin_skip_building_tests': False, 'cmake_args': None, 'cmake_clean_cache': False, 'cmake_clean_first': False, 'cmake_force_configure': False, 'cmake_target': None, 'cmake_target_skip_unavailable': False, 'install_base': '/home/mrc/sim_ws/install/f1tenth_gym_ros', 'merge_install': False, 'path': '/home/mrc/sim_ws/src/f1tenth_gym_ros', 'symlink_install': False, 'test_result_base': None}
[0.800s] Level 5:colcon.colcon_core.verb:set package 'gap_follow' build argument 'cmake_args' from command line to 'None'
[0.800s] Level 5:colcon.colcon_core.verb:set package 'gap_follow' build argument 'cmake_target' from command line to 'None'
[0.800s] Level 5:colcon.colcon_core.verb:set package 'gap_follow' build argument 'cmake_target_skip_unavailable' from command line to 'False'
[0.800s] Level 5:colcon.colcon_core.verb:set package 'gap_follow' build argument 'cmake_clean_cache' from command line to 'False'
[0.800s] Level 5:colcon.colcon_core.verb:set package 'gap_follow' build argument 'cmake_clean_first' from command line to 'False'
[0.800s] Level 5:colcon.colcon_core.verb:set package 'gap_follow' build argument 'cmake_force_configure' from command line to 'False'
[0.800s] Level 5:colcon.colcon_core.verb:set package 'gap_follow' build argument 'ament_cmake_args' from command line to 'None'
[0.800s] Level 5:colcon.colcon_core.verb:set package 'gap_follow' build argument 'catkin_cmake_args' from command line to 'None'
[0.800s] Level 5:colcon.colcon_core.verb:set package 'gap_follow' build argument 'catkin_skip_building_tests' from command line to 'False'
[0.800s] DEBUG:colcon.colcon_core.verb:Building package 'gap_follow' with the following arguments: {'ament_cmake_args': None, 'build_base': '/home/mrc/sim_ws/build/gap_follow', 'catkin_cmake_args': None, 'catkin_skip_building_tests': False, 'cmake_args': None, 'cmake_clean_cache': False, 'cmake_clean_first': False, 'cmake_force_configure': False, 'cmake_target': None, 'cmake_target_skip_unavailable': False, 'install_base': '/home/mrc/sim_ws/install/gap_follow', 'merge_install': False, 'path': '/home/mrc/sim_ws/src/f1tenth_lab4_template/gap_follow', 'symlink_install': False, 'test_result_base': None}
[0.801s] Level 5:colcon.colcon_core.verb:set package 'safety_node' build argument 'cmake_args' from command line to 'None'
[0.801s] Level 5:colcon.colcon_core.verb:set package 'safety_node' build argument 'cmake_target' from command line to 'None'
[0.801s] Level 5:colcon.colcon_core.verb:set package 'safety_node' build argument 'cmake_target_skip_unavailable' from command line to 'False'
[0.801s] Level 5:colcon.colcon_core.verb:set package 'safety_node' build argument 'cmake_clean_cache' from command line to 'False'
[0.801s] Level 5:colcon.colcon_core.verb:set package 'safety_node' build argument 'cmake_clean_first' from command line to 'False'
[0.801s] Level 5:colcon.colcon_core.verb:set package 'safety_node' build argument 'cmake_force_configure' from command line to 'False'
[0.801s] Level 5:colcon.colcon_core.verb:set package 'safety_node' build argument 'ament_cmake_args' from command line to 'None'
[0.801s] Level 5:colcon.colcon_core.verb:set package 'safety_node' build argument 'catkin_cmake_args' from command line to 'None'
[0.801s] Level 5:colcon.colcon_core.verb:set package 'safety_node' build argument 'catkin_skip_building_tests' from command line to 'False'
[0.801s] DEBUG:colcon.colcon_core.verb:Building package 'safety_node' with the following arguments: {'ament_cmake_args': None, 'build_base': '/home/mrc/sim_ws/build/safety_node', 'catkin_cmake_args': None, 'catkin_skip_building_tests': False, 'cmake_args': None, 'cmake_clean_cache': False, 'cmake_clean_first': False, 'cmake_force_configure': False, 'cmake_target': None, 'cmake_target_skip_unavailable': False, 'install_base': '/home/mrc/sim_ws/install/safety_node', 'merge_install': False, 'path': '/home/mrc/sim_ws/src/f1tenth_lab2_template/safety_node', 'symlink_install': False, 'test_result_base': None}
[0.802s] Level 5:colcon.colcon_core.verb:set package 'wall_follow' build argument 'cmake_args' from command line to 'None'
[0.802s] Level 5:colcon.colcon_core.verb:set package 'wall_follow' build argument 'cmake_target' from command line to 'None'
[0.802s] Level 5:colcon.colcon_core.verb:set package 'wall_follow' build argument 'cmake_target_skip_unavailable' from command line to 'False'
[0.802s] Level 5:colcon.colcon_core.verb:set package 'wall_follow' build argument 'cmake_clean_cache' from command line to 'False'
[0.802s] Level 5:colcon.colcon_core.verb:set package 'wall_follow' build argument 'cmake_clean_first' from command line to 'False'
[0.802s] Level 5:colcon.colcon_core.verb:set package 'wall_follow' build argument 'cmake_force_configure' from command line to 'False'
[0.802s] Level 5:colcon.colcon_core.verb:set package 'wall_follow' build argument 'ament_cmake_args' from command line to 'None'
[0.802s] Level 5:colcon.colcon_core.verb:set package 'wall_follow' build argument 'catkin_cmake_args' from command line to 'None'
[0.802s] Level 5:colcon.colcon_core.verb:set package 'wall_follow' build argument 'catkin_skip_building_tests' from command line to 'False'
[0.802s] DEBUG:colcon.colcon_core.verb:Building package 'wall_follow' with the following arguments: {'ament_cmake_args': None, 'build_base': '/home/mrc/sim_ws/build/wall_follow', 'catkin_cmake_args': None, 'catkin_skip_building_tests': False, 'cmake_args': None, 'cmake_clean_cache': False, 'cmake_clean_first': False, 'cmake_force_configure': False, 'cmake_target': None, 'cmake_target_skip_unavailable': False, 'install_base': '/home/mrc/sim_ws/install/wall_follow', 'merge_install': False, 'path': '/home/mrc/sim_ws/src/f1tenth_lab3_template/wall_follow', 'symlink_install': False, 'test_result_base': None}
[0.802s] INFO:colcon.colcon_core.executor:Executing jobs using 'parallel' executor
[0.804s] DEBUG:colcon.colcon_parallel_executor.executor.parallel:run_until_complete
[0.805s] INFO:colcon.colcon_ros.task.ament_python.build:Building ROS package in '/home/mrc/sim_ws/src/f1tenth_gym_ros' with build type 'ament_python'
[0.805s] Level 1:colcon.colcon_core.shell:create_environment_hook('f1tenth_gym_ros', 'ament_prefix_path')
[0.808s] INFO:colcon.colcon_core.plugin_system:Skipping extension 'colcon_core.shell.bat': Not used on non-Windows systems
[0.808s] INFO:colcon.colcon_core.shell:Creating environment hook '/home/mrc/sim_ws/install/f1tenth_gym_ros/share/f1tenth_gym_ros/hook/ament_prefix_path.ps1'
[0.809s] INFO:colcon.colcon_core.shell:Creating environment descriptor '/home/mrc/sim_ws/install/f1tenth_gym_ros/share/f1tenth_gym_ros/hook/ament_prefix_path.dsv'
[0.810s] INFO:colcon.colcon_core.shell:Creating environment hook '/home/mrc/sim_ws/install/f1tenth_gym_ros/share/f1tenth_gym_ros/hook/ament_prefix_path.sh'
[0.811s] INFO:colcon.colcon_core.shell:Skip shell extension 'powershell' for command environment: Not usable outside of PowerShell
[0.811s] DEBUG:colcon.colcon_core.shell:Skip shell extension 'dsv' for command environment
[0.821s] INFO:colcon.colcon_ros.task.ament_cmake.build:Building ROS package in '/home/mrc/sim_ws/src/f1tenth_lab4_template/gap_follow' with build type 'ament_cmake'
[0.822s] INFO:colcon.colcon_cmake.task.cmake.build:Building CMake package in '/home/mrc/sim_ws/src/f1tenth_lab4_template/gap_follow'
[0.822s] INFO:colcon.colcon_core.shell:Skip shell extension 'powershell' for command environment: Not usable outside of PowerShell
[0.822s] DEBUG:colcon.colcon_core.shell:Skip shell extension 'dsv' for command environment
[1.195s] INFO:colcon.colcon_core.task.python.build:Building Python package in '/home/mrc/sim_ws/src/f1tenth_gym_ros'
[1.196s] INFO:colcon.colcon_core.shell:Skip shell extension 'powershell' for command environment: Not usable outside of PowerShell
[1.196s] DEBUG:colcon.colcon_core.shell:Skip shell extension 'dsv' for command environment
[1.212s] DEBUG:colcon.colcon_core.event_handler.log_command:Invoking command in '/home/mrc/sim_ws/build/gap_follow': CMAKE_PREFIX_PATH=${CMAKE_PREFIX_PATH}:/home/mrc/sim_ws/install/f1tenth_gym_ros:/opt/ros/foxy /usr/bin/cmake /home/mrc/sim_ws/src/f1tenth_lab4_template/gap_follow -DCMAKE_INSTALL_PREFIX=/home/mrc/sim_ws/install/gap_follow
[1.985s] DEBUG:colcon.colcon_core.event_handler.log_command:Invoking command in '/home/mrc/sim_ws/src/f1tenth_gym_ros': PYTHONPATH=/home/mrc/sim_ws/build/f1tenth_gym_ros/prefix_override:/usr/lib/python3/dist-packages/colcon_core/task/python/colcon_distutils_commands:/home/mrc/sim_ws/install/f1tenth_gym_ros/lib/python3.8/site-packages:${PYTHONPATH} /usr/bin/python3 -W ignore:setup.py install is deprecated -W ignore:easy_install command is deprecated setup.py egg_info --egg-base ../../build/f1tenth_gym_ros build --build-base /home/mrc/sim_ws/build/f1tenth_gym_ros/build install --record /home/mrc/sim_ws/build/f1tenth_gym_ros/install.log --single-version-externally-managed install_data
[2.567s] DEBUG:colcon.colcon_core.event_handler.log_command:Invoked command in '/home/mrc/sim_ws/src/f1tenth_gym_ros' returned '0': PYTHONPATH=/home/mrc/sim_ws/build/f1tenth_gym_ros/prefix_override:/usr/lib/python3/dist-packages/colcon_core/task/python/colcon_distutils_commands:/home/mrc/sim_ws/install/f1tenth_gym_ros/lib/python3.8/site-packages:${PYTHONPATH} /usr/bin/python3 -W ignore:setup.py install is deprecated -W ignore:easy_install command is deprecated setup.py egg_info --egg-base ../../build/f1tenth_gym_ros build --build-base /home/mrc/sim_ws/build/f1tenth_gym_ros/build install --record /home/mrc/sim_ws/build/f1tenth_gym_ros/install.log --single-version-externally-managed install_data
[2.573s] Level 1:colcon.colcon_core.environment:checking '/home/mrc/sim_ws/install/f1tenth_gym_ros' for CMake module files
[2.575s] Level 1:colcon.colcon_core.environment:checking '/home/mrc/sim_ws/install/f1tenth_gym_ros' for CMake config files
[2.577s] Level 1:colcon.colcon_core.environment:checking '/home/mrc/sim_ws/install/f1tenth_gym_ros/lib'
[2.577s] Level 1:colcon.colcon_core.environment:checking '/home/mrc/sim_ws/install/f1tenth_gym_ros/bin'
[2.578s] Level 1:colcon.colcon_core.environment:checking '/home/mrc/sim_ws/install/f1tenth_gym_ros/lib/pkgconfig/f1tenth_gym_ros.pc'
[2.578s] Level 1:colcon.colcon_core.environment:checking '/home/mrc/sim_ws/install/f1tenth_gym_ros/lib/python3.8/site-packages'
[2.578s] Level 1:colcon.colcon_core.shell:create_environment_hook('f1tenth_gym_ros', 'pythonpath')
[2.579s] INFO:colcon.colcon_core.shell:Creating environment hook '/home/mrc/sim_ws/install/f1tenth_gym_ros/share/f1tenth_gym_ros/hook/pythonpath.ps1'
[2.580s] INFO:colcon.colcon_core.shell:Creating environment descriptor '/home/mrc/sim_ws/install/f1tenth_gym_ros/share/f1tenth_gym_ros/hook/pythonpath.dsv'
[2.582s] INFO:colcon.colcon_core.shell:Creating environment hook '/home/mrc/sim_ws/install/f1tenth_gym_ros/share/f1tenth_gym_ros/hook/pythonpath.sh'
[2.583s] Level 1:colcon.colcon_core.environment:checking '/home/mrc/sim_ws/install/f1tenth_gym_ros/bin'
[2.583s] Level 1:colcon.colcon_core.environment:create_environment_scripts_only(f1tenth_gym_ros)
[2.584s] INFO:colcon.colcon_core.shell:Creating package script '/home/mrc/sim_ws/install/f1tenth_gym_ros/share/f1tenth_gym_ros/package.ps1'
[2.585s] INFO:colcon.colcon_core.shell:Creating package descriptor '/home/mrc/sim_ws/install/f1tenth_gym_ros/share/f1tenth_gym_ros/package.dsv'
[2.587s] INFO:colcon.colcon_core.shell:Creating package script '/home/mrc/sim_ws/install/f1tenth_gym_ros/share/f1tenth_gym_ros/package.sh'
[2.588s] INFO:colcon.colcon_core.shell:Creating package script '/home/mrc/sim_ws/install/f1tenth_gym_ros/share/f1tenth_gym_ros/package.bash'
[2.590s] INFO:colcon.colcon_core.shell:Creating package script '/home/mrc/sim_ws/install/f1tenth_gym_ros/share/f1tenth_gym_ros/package.zsh'
[2.591s] Level 1:colcon.colcon_core.environment:create_file_with_runtime_dependencies(/home/mrc/sim_ws/install/f1tenth_gym_ros/share/colcon-core/packages/f1tenth_gym_ros)
[2.592s] INFO:colcon.colcon_ros.task.ament_cmake.build:Building ROS package in '/home/mrc/sim_ws/src/f1tenth_lab2_template/safety_node' with build type 'ament_cmake'
[2.593s] INFO:colcon.colcon_cmake.task.cmake.build:Building CMake package in '/home/mrc/sim_ws/src/f1tenth_lab2_template/safety_node'
[2.593s] INFO:colcon.colcon_core.shell:Skip shell extension 'powershell' for command environment: Not usable outside of PowerShell
[2.593s] DEBUG:colcon.colcon_core.shell:Skip shell extension 'dsv' for command environment
[2.634s] DEBUG:colcon.colcon_core.event_handler.log_command:Invoking command in '/home/mrc/sim_ws/build/safety_node': CMAKE_PREFIX_PATH=${CMAKE_PREFIX_PATH}:/home/mrc/sim_ws/install/f1tenth_gym_ros:/opt/ros/foxy /usr/bin/cmake --build /home/mrc/sim_ws/build/safety_node -- -j2 -l2
[2.713s] DEBUG:colcon.colcon_core.event_handler.log_command:Invoked command in '/home/mrc/sim_ws/build/safety_node' returned '0': CMAKE_PREFIX_PATH=${CMAKE_PREFIX_PATH}:/home/mrc/sim_ws/install/f1tenth_gym_ros:/opt/ros/foxy /usr/bin/cmake --build /home/mrc/sim_ws/build/safety_node -- -j2 -l2
[2.736s] DEBUG:colcon.colcon_core.event_handler.log_command:Invoking command in '/home/mrc/sim_ws/build/safety_node': CMAKE_PREFIX_PATH=${CMAKE_PREFIX_PATH}:/home/mrc/sim_ws/install/f1tenth_gym_ros:/opt/ros/foxy /usr/bin/cmake --install /home/mrc/sim_ws/build/safety_node
[2.833s] Level 1:colcon.colcon_core.environment:create_environment_scripts_only(safety_node)
[2.834s] DEBUG:colcon.colcon_core.event_handler.log_command:Invoked command in '/home/mrc/sim_ws/build/safety_node' returned '0': CMAKE_PREFIX_PATH=${CMAKE_PREFIX_PATH}:/home/mrc/sim_ws/install/f1tenth_gym_ros:/opt/ros/foxy /usr/bin/cmake --install /home/mrc/sim_ws/build/safety_node
[2.835s] Level 1:colcon.colcon_core.environment:checking '/home/mrc/sim_ws/install/safety_node' for CMake module files
[2.837s] Level 1:colcon.colcon_core.environment:checking '/home/mrc/sim_ws/install/safety_node' for CMake config files
[2.838s] Level 1:colcon.colcon_core.shell:create_environment_hook('safety_node', 'cmake_prefix_path')
[2.839s] INFO:colcon.colcon_core.shell:Creating environment hook '/home/mrc/sim_ws/install/safety_node/share/safety_node/hook/cmake_prefix_path.ps1'
[2.840s] INFO:colcon.colcon_core.shell:Creating environment descriptor '/home/mrc/sim_ws/install/safety_node/share/safety_node/hook/cmake_prefix_path.dsv'
[2.841s] INFO:colcon.colcon_core.shell:Creating environment hook '/home/mrc/sim_ws/install/safety_node/share/safety_node/hook/cmake_prefix_path.sh'
[2.845s] Level 1:colcon.colcon_core.environment:checking '/home/mrc/sim_ws/install/safety_node/lib'
[2.846s] Level 1:colcon.colcon_core.environment:checking '/home/mrc/sim_ws/install/safety_node/bin'
[2.847s] Level 1:colcon.colcon_core.environment:checking '/home/mrc/sim_ws/install/safety_node/lib/pkgconfig/safety_node.pc'
[2.847s] Level 1:colcon.colcon_core.environment:checking '/home/mrc/sim_ws/install/safety_node/lib/python3.8/site-packages'
[2.847s] Level 1:colcon.colcon_core.shell:create_environment_hook('safety_node', 'pythonpath')
[2.847s] INFO:colcon.colcon_core.shell:Creating environment hook '/home/mrc/sim_ws/install/safety_node/share/safety_node/hook/pythonpath.ps1'
[2.848s] INFO:colcon.colcon_core.shell:Creating environment descriptor '/home/mrc/sim_ws/install/safety_node/share/safety_node/hook/pythonpath.dsv'
[2.849s] INFO:colcon.colcon_core.shell:Creating environment hook '/home/mrc/sim_ws/install/safety_node/share/safety_node/hook/pythonpath.sh'
[2.851s] Level 1:colcon.colcon_core.environment:checking '/home/mrc/sim_ws/install/safety_node/bin'
[2.851s] INFO:colcon.colcon_core.shell:Creating package script '/home/mrc/sim_ws/install/safety_node/share/safety_node/package.ps1'
[2.853s] INFO:colcon.colcon_core.shell:Creating package descriptor '/home/mrc/sim_ws/install/safety_node/share/safety_node/package.dsv'
[2.854s] INFO:colcon.colcon_core.shell:Creating package script '/home/mrc/sim_ws/install/safety_node/share/safety_node/package.sh'
[2.855s] INFO:colcon.colcon_core.shell:Creating package script '/home/mrc/sim_ws/install/safety_node/share/safety_node/package.bash'
[2.856s] INFO:colcon.colcon_core.shell:Creating package script '/home/mrc/sim_ws/install/safety_node/share/safety_node/package.zsh'
[2.857s] Level 1:colcon.colcon_core.environment:create_file_with_runtime_dependencies(/home/mrc/sim_ws/install/safety_node/share/colcon-core/packages/safety_node)
[2.859s] Level 1:colcon.colcon_core.environment:create_environment_scripts_only(safety_node)
[2.860s] Level 1:colcon.colcon_core.environment:checking '/home/mrc/sim_ws/install/safety_node' for CMake module files
[2.860s] Level 1:colcon.colcon_core.environment:checking '/home/mrc/sim_ws/install/safety_node' for CMake config files
[2.861s] Level 1:colcon.colcon_core.shell:create_environment_hook('safety_node', 'cmake_prefix_path')
[2.862s] INFO:colcon.colcon_core.shell:Creating environment hook '/home/mrc/sim_ws/install/safety_node/share/safety_node/hook/cmake_prefix_path.ps1'
[2.863s] INFO:colcon.colcon_core.shell:Creating environment descriptor '/home/mrc/sim_ws/install/safety_node/share/safety_node/hook/cmake_prefix_path.dsv'
[2.866s] INFO:colcon.colcon_core.shell:Creating environment hook '/home/mrc/sim_ws/install/safety_node/share/safety_node/hook/cmake_prefix_path.sh'
[2.868s] Level 1:colcon.colcon_core.environment:checking '/home/mrc/sim_ws/install/safety_node/lib'
[2.868s] Level 1:colcon.colcon_core.environment:checking '/home/mrc/sim_ws/install/safety_node/bin'
[2.868s] Level 1:colcon.colcon_core.environment:checking '/home/mrc/sim_ws/install/safety_node/lib/pkgconfig/safety_node.pc'
[2.869s] Level 1:colcon.colcon_core.environment:checking '/home/mrc/sim_ws/install/safety_node/lib/python3.8/site-packages'
[2.869s] Level 1:colcon.colcon_core.shell:create_environment_hook('safety_node', 'pythonpath')
[2.870s] INFO:colcon.colcon_core.shell:Creating environment hook '/home/mrc/sim_ws/install/safety_node/share/safety_node/hook/pythonpath.ps1'
[2.872s] INFO:colcon.colcon_core.shell:Creating environment descriptor '/home/mrc/sim_ws/install/safety_node/share/safety_node/hook/pythonpath.dsv'
[2.874s] INFO:colcon.colcon_core.shell:Creating environment hook '/home/mrc/sim_ws/install/safety_node/share/safety_node/hook/pythonpath.sh'
[2.876s] Level 1:colcon.colcon_core.environment:checking '/home/mrc/sim_ws/install/safety_node/bin'
[2.877s] INFO:colcon.colcon_core.shell:Creating package script '/home/mrc/sim_ws/install/safety_node/share/safety_node/package.ps1'
[2.878s] INFO:colcon.colcon_core.shell:Creating package descriptor '/home/mrc/sim_ws/install/safety_node/share/safety_node/package.dsv'
[2.880s] INFO:colcon.colcon_core.shell:Creating package script '/home/mrc/sim_ws/install/safety_node/share/safety_node/package.sh'
[2.882s] INFO:colcon.colcon_core.shell:Creating package script '/home/mrc/sim_ws/install/safety_node/share/safety_node/package.bash'
[2.884s] INFO:colcon.colcon_core.shell:Creating package script '/home/mrc/sim_ws/install/safety_node/share/safety_node/package.zsh'
[2.885s] Level 1:colcon.colcon_core.environment:create_file_with_runtime_dependencies(/home/mrc/sim_ws/install/safety_node/share/colcon-core/packages/safety_node)
[2.886s] INFO:colcon.colcon_ros.task.ament_cmake.build:Building ROS package in '/home/mrc/sim_ws/src/f1tenth_lab3_template/wall_follow' with build type 'ament_cmake'
[2.886s] INFO:colcon.colcon_cmake.task.cmake.build:Building CMake package in '/home/mrc/sim_ws/src/f1tenth_lab3_template/wall_follow'
[2.887s] INFO:colcon.colcon_core.shell:Skip shell extension 'powershell' for command environment: Not usable outside of PowerShell
[2.887s] DEBUG:colcon.colcon_core.shell:Skip shell extension 'dsv' for command environment
[2.925s] DEBUG:colcon.colcon_core.event_handler.log_command:Invoking command in '/home/mrc/sim_ws/build/wall_follow': CMAKE_PREFIX_PATH=${CMAKE_PREFIX_PATH}:/home/mrc/sim_ws/install/f1tenth_gym_ros:/opt/ros/foxy /usr/bin/cmake --build /home/mrc/sim_ws/build/wall_follow -- -j2 -l2
[3.011s] DEBUG:colcon.colcon_core.event_handler.log_command:Invoked command in '/home/mrc/sim_ws/build/wall_follow' returned '0': CMAKE_PREFIX_PATH=${CMAKE_PREFIX_PATH}:/home/mrc/sim_ws/install/f1tenth_gym_ros:/opt/ros/foxy /usr/bin/cmake --build /home/mrc/sim_ws/build/wall_follow -- -j2 -l2
[3.020s] DEBUG:colcon.colcon_core.event_handler.log_command:Invoking command in '/home/mrc/sim_ws/build/wall_follow': CMAKE_PREFIX_PATH=${CMAKE_PREFIX_PATH}:/home/mrc/sim_ws/install/f1tenth_gym_ros:/opt/ros/foxy /usr/bin/cmake --install /home/mrc/sim_ws/build/wall_follow
[3.111s] Level 1:colcon.colcon_core.environment:create_environment_scripts_only(wall_follow)
[3.112s] Level 1:colcon.colcon_core.environment:checking '/home/mrc/sim_ws/install/wall_follow' for CMake module files
[3.114s] DEBUG:colcon.colcon_core.event_handler.log_command:Invoked command in '/home/mrc/sim_ws/build/wall_follow' returned '0': CMAKE_PREFIX_PATH=${CMAKE_PREFIX_PATH}:/home/mrc/sim_ws/install/f1tenth_gym_ros:/opt/ros/foxy /usr/bin/cmake --install /home/mrc/sim_ws/build/wall_follow
[3.114s] Level 1:colcon.colcon_core.environment:checking '/home/mrc/sim_ws/install/wall_follow' for CMake config files
[3.115s] Level 1:colcon.colcon_core.shell:create_environment_hook('wall_follow', 'cmake_prefix_path')
[3.116s] INFO:colcon.colcon_core.shell:Creating environment hook '/home/mrc/sim_ws/install/wall_follow/share/wall_follow/hook/cmake_prefix_path.ps1'
[3.117s] INFO:colcon.colcon_core.shell:Creating environment descriptor '/home/mrc/sim_ws/install/wall_follow/share/wall_follow/hook/cmake_prefix_path.dsv'
[3.118s] INFO:colcon.colcon_core.shell:Creating environment hook '/home/mrc/sim_ws/install/wall_follow/share/wall_follow/hook/cmake_prefix_path.sh'
[3.119s] Level 1:colcon.colcon_core.environment:checking '/home/mrc/sim_ws/install/wall_follow/lib'
[3.120s] Level 1:colcon.colcon_core.environment:checking '/home/mrc/sim_ws/install/wall_follow/bin'
[3.120s] Level 1:colcon.colcon_core.environment:checking '/home/mrc/sim_ws/install/wall_follow/lib/pkgconfig/wall_follow.pc'
[3.120s] Level 1:colcon.colcon_core.environment:checking '/home/mrc/sim_ws/install/wall_follow/lib/python3.8/site-packages'
[3.121s] Level 1:colcon.colcon_core.shell:create_environment_hook('wall_follow', 'pythonpath')
[3.121s] INFO:colcon.colcon_core.shell:Creating environment hook '/home/mrc/sim_ws/install/wall_follow/share/wall_follow/hook/pythonpath.ps1'
[3.123s] INFO:colcon.colcon_core.shell:Creating environment descriptor '/home/mrc/sim_ws/install/wall_follow/share/wall_follow/hook/pythonpath.dsv'
[3.124s] INFO:colcon.colcon_core.shell:Creating environment hook '/home/mrc/sim_ws/install/wall_follow/share/wall_follow/hook/pythonpath.sh'
[3.125s] Level 1:colcon.colcon_core.environment:checking '/home/mrc/sim_ws/install/wall_follow/bin'
[3.127s] INFO:colcon.colcon_core.shell:Creating package script '/home/mrc/sim_ws/install/wall_follow/share/wall_follow/package.ps1'
[3.128s] INFO:colcon.colcon_core.shell:Creating package descriptor '/home/mrc/sim_ws/install/wall_follow/share/wall_follow/package.dsv'
[3.129s] INFO:colcon.colcon_core.shell:Creating package script '/home/mrc/sim_ws/install/wall_follow/share/wall_follow/package.sh'
[3.131s] INFO:colcon.colcon_core.shell:Creating package script '/home/mrc/sim_ws/install/wall_follow/share/wall_follow/package.bash'
[3.132s] INFO:colcon.colcon_core.shell:Creating package script '/home/mrc/sim_ws/install/wall_follow/share/wall_follow/package.zsh'
[3.133s] Level 1:colcon.colcon_core.environment:create_file_with_runtime_dependencies(/home/mrc/sim_ws/install/wall_follow/share/colcon-core/packages/wall_follow)
[3.135s] Level 1:colcon.colcon_core.environment:create_environment_scripts_only(wall_follow)
[3.136s] Level 1:colcon.colcon_core.environment:checking '/home/mrc/sim_ws/install/wall_follow' for CMake module files
[3.137s] Level 1:colcon.colcon_core.environment:checking '/home/mrc/sim_ws/install/wall_follow' for CMake config files
[3.138s] Level 1:colcon.colcon_core.shell:create_environment_hook('wall_follow', 'cmake_prefix_path')
[3.139s] INFO:colcon.colcon_core.shell:Creating environment hook '/home/mrc/sim_ws/install/wall_follow/share/wall_follow/hook/cmake_prefix_path.ps1'
[3.140s] INFO:colcon.colcon_core.shell:Creating environment descriptor '/home/mrc/sim_ws/install/wall_follow/share/wall_follow/hook/cmake_prefix_path.dsv'
[3.141s] INFO:colcon.colcon_core.shell:Creating environment hook '/home/mrc/sim_ws/install/wall_follow/share/wall_follow/hook/cmake_prefix_path.sh'
[3.143s] Level 1:colcon.colcon_core.environment:checking '/home/mrc/sim_ws/install/wall_follow/lib'
[3.143s] Level 1:colcon.colcon_core.environment:checking '/home/mrc/sim_ws/install/wall_follow/bin'
[3.143s] Level 1:colcon.colcon_core.environment:checking '/home/mrc/sim_ws/install/wall_follow/lib/pkgconfig/wall_follow.pc'
[3.144s] Level 1:colcon.colcon_core.environment:checking '/home/mrc/sim_ws/install/wall_follow/lib/python3.8/site-packages'
[3.144s] Level 1:colcon.colcon_core.shell:create_environment_hook('wall_follow', 'pythonpath')
[3.145s] INFO:colcon.colcon_core.shell:Creating environment hook '/home/mrc/sim_ws/install/wall_follow/share/wall_follow/hook/pythonpath.ps1'
[3.147s] INFO:colcon.colcon_core.shell:Creating environment descriptor '/home/mrc/sim_ws/install/wall_follow/share/wall_follow/hook/pythonpath.dsv'
[3.148s] INFO:colcon.colcon_core.shell:Creating environment hook '/home/mrc/sim_ws/install/wall_follow/share/wall_follow/hook/pythonpath.sh'
[3.151s] Level 1:colcon.colcon_core.environment:checking '/home/mrc/sim_ws/install/wall_follow/bin'
[3.151s] INFO:colcon.colcon_core.shell:Creating package script '/home/mrc/sim_ws/install/wall_follow/share/wall_follow/package.ps1'
[3.154s] INFO:colcon.colcon_core.shell:Creating package descriptor '/home/mrc/sim_ws/install/wall_follow/share/wall_follow/package.dsv'
[3.155s] INFO:colcon.colcon_core.shell:Creating package script '/home/mrc/sim_ws/install/wall_follow/share/wall_follow/package.sh'
[3.156s] INFO:colcon.colcon_core.shell:Creating package script '/home/mrc/sim_ws/install/wall_follow/share/wall_follow/package.bash'
[3.157s] INFO:colcon.colcon_core.shell:Creating package script '/home/mrc/sim_ws/install/wall_follow/share/wall_follow/package.zsh'
[3.158s] Level 1:colcon.colcon_core.environment:create_file_with_runtime_dependencies(/home/mrc/sim_ws/install/wall_follow/share/colcon-core/packages/wall_follow)
[4.074s] DEBUG:colcon.colcon_core.event_handler.log_command:Invoked command in '/home/mrc/sim_ws/build/gap_follow' returned '0': CMAKE_PREFIX_PATH=${CMAKE_PREFIX_PATH}:/home/mrc/sim_ws/install/f1tenth_gym_ros:/opt/ros/foxy /usr/bin/cmake /home/mrc/sim_ws/src/f1tenth_lab4_template/gap_follow -DCMAKE_INSTALL_PREFIX=/home/mrc/sim_ws/install/gap_follow
[4.075s] DEBUG:colcon.colcon_core.event_handler.log_command:Invoking command in '/home/mrc/sim_ws/build/gap_follow': CMAKE_PREFIX_PATH=${CMAKE_PREFIX_PATH}:/home/mrc/sim_ws/install/f1tenth_gym_ros:/opt/ros/foxy /usr/bin/cmake --build /home/mrc/sim_ws/build/gap_follow -- -j2 -l2
[4.144s] DEBUG:colcon.colcon_core.event_handler.log_command:Invoked command in '/home/mrc/sim_ws/build/gap_follow' returned '0': CMAKE_PREFIX_PATH=${CMAKE_PREFIX_PATH}:/home/mrc/sim_ws/install/f1tenth_gym_ros:/opt/ros/foxy /usr/bin/cmake --build /home/mrc/sim_ws/build/gap_follow -- -j2 -l2
[4.145s] DEBUG:colcon.colcon_core.event_handler.log_command:Invoking command in '/home/mrc/sim_ws/build/gap_follow': CMAKE_PREFIX_PATH=${CMAKE_PREFIX_PATH}:/home/mrc/sim_ws/install/f1tenth_gym_ros:/opt/ros/foxy /usr/bin/cmake --install /home/mrc/sim_ws/build/gap_follow
[4.225s] Level 1:colcon.colcon_core.environment:create_environment_scripts_only(gap_follow)
[4.227s] Level 1:colcon.colcon_core.environment:checking '/home/mrc/sim_ws/install/gap_follow' for CMake module files
[4.229s] Level 1:colcon.colcon_core.environment:checking '/home/mrc/sim_ws/install/gap_follow' for CMake config files
[4.230s] Level 1:colcon.colcon_core.shell:create_environment_hook('gap_follow', 'cmake_prefix_path')
[4.230s] INFO:colcon.colcon_core.shell:Creating environment hook '/home/mrc/sim_ws/install/gap_follow/share/gap_follow/hook/cmake_prefix_path.ps1'
[4.231s] INFO:colcon.colcon_core.shell:Creating environment descriptor '/home/mrc/sim_ws/install/gap_follow/share/gap_follow/hook/cmake_prefix_path.dsv'
[4.231s] INFO:colcon.colcon_core.shell:Creating environment hook '/home/mrc/sim_ws/install/gap_follow/share/gap_follow/hook/cmake_prefix_path.sh'
[4.232s] Level 1:colcon.colcon_core.environment:checking '/home/mrc/sim_ws/install/gap_follow/lib'
[4.232s] Level 1:colcon.colcon_core.environment:checking '/home/mrc/sim_ws/install/gap_follow/bin'
[4.232s] Level 1:colcon.colcon_core.environment:checking '/home/mrc/sim_ws/install/gap_follow/lib/pkgconfig/gap_follow.pc'
[4.233s] Level 1:colcon.colcon_core.environment:checking '/home/mrc/sim_ws/install/gap_follow/lib/python3.8/site-packages'
[4.233s] Level 1:colcon.colcon_core.shell:create_environment_hook('gap_follow', 'pythonpath')
[4.233s] INFO:colcon.colcon_core.shell:Creating environment hook '/home/mrc/sim_ws/install/gap_follow/share/gap_follow/hook/pythonpath.ps1'
[4.234s] DEBUG:colcon.colcon_core.event_handler.log_command:Invoked command in '/home/mrc/sim_ws/build/gap_follow' returned '0': CMAKE_PREFIX_PATH=${CMAKE_PREFIX_PATH}:/home/mrc/sim_ws/install/f1tenth_gym_ros:/opt/ros/foxy /usr/bin/cmake --install /home/mrc/sim_ws/build/gap_follow
[4.235s] INFO:colcon.colcon_core.shell:Creating environment descriptor '/home/mrc/sim_ws/install/gap_follow/share/gap_follow/hook/pythonpath.dsv'
[4.235s] INFO:colcon.colcon_core.shell:Creating environment hook '/home/mrc/sim_ws/install/gap_follow/share/gap_follow/hook/pythonpath.sh'
[4.236s] Level 1:colcon.colcon_core.environment:checking '/home/mrc/sim_ws/install/gap_follow/bin'
[4.237s] INFO:colcon.colcon_core.shell:Creating package script '/home/mrc/sim_ws/install/gap_follow/share/gap_follow/package.ps1'
[4.239s] INFO:colcon.colcon_core.shell:Creating package descriptor '/home/mrc/sim_ws/install/gap_follow/share/gap_follow/package.dsv'
[4.241s] INFO:colcon.colcon_core.shell:Creating package script '/home/mrc/sim_ws/install/gap_follow/share/gap_follow/package.sh'
[4.243s] INFO:colcon.colcon_core.shell:Creating package script '/home/mrc/sim_ws/install/gap_follow/share/gap_follow/package.bash'
[4.245s] INFO:colcon.colcon_core.shell:Creating package script '/home/mrc/sim_ws/install/gap_follow/share/gap_follow/package.zsh'
[4.248s] Level 1:colcon.colcon_core.environment:create_file_with_runtime_dependencies(/home/mrc/sim_ws/install/gap_follow/share/colcon-core/packages/gap_follow)
[4.249s] Level 1:colcon.colcon_core.environment:create_environment_scripts_only(gap_follow)
[4.250s] Level 1:colcon.colcon_core.environment:checking '/home/mrc/sim_ws/install/gap_follow' for CMake module files
[4.250s] Level 1:colcon.colcon_core.environment:checking '/home/mrc/sim_ws/install/gap_follow' for CMake config files
[4.251s] Level 1:colcon.colcon_core.shell:create_environment_hook('gap_follow', 'cmake_prefix_path')
[4.251s] INFO:colcon.colcon_core.shell:Creating environment hook '/home/mrc/sim_ws/install/gap_follow/share/gap_follow/hook/cmake_prefix_path.ps1'
[4.252s] INFO:colcon.colcon_core.shell:Creating environment descriptor '/home/mrc/sim_ws/install/gap_follow/share/gap_follow/hook/cmake_prefix_path.dsv'
[4.254s] INFO:colcon.colcon_core.shell:Creating environment hook '/home/mrc/sim_ws/install/gap_follow/share/gap_follow/hook/cmake_prefix_path.sh'
[4.255s] Level 1:colcon.colcon_core.environment:checking '/home/mrc/sim_ws/install/gap_follow/lib'
[4.256s] Level 1:colcon.colcon_core.environment:checking '/home/mrc/sim_ws/install/gap_follow/bin'
[4.256s] Level 1:colcon.colcon_core.environment:checking '/home/mrc/sim_ws/install/gap_follow/lib/pkgconfig/gap_follow.pc'
[4.256s] Level 1:colcon.colcon_core.environment:checking '/home/mrc/sim_ws/install/gap_follow/lib/python3.8/site-packages'
[4.256s] Level 1:colcon.colcon_core.shell:create_environment_hook('gap_follow', 'pythonpath')
[4.256s] INFO:colcon.colcon_core.shell:Creating environment hook '/home/mrc/sim_ws/install/gap_follow/share/gap_follow/hook/pythonpath.ps1'
[4.257s] INFO:colcon.colcon_core.shell:Creating environment descriptor '/home/mrc/sim_ws/install/gap_follow/share/gap_follow/hook/pythonpath.dsv'
[4.258s] INFO:colcon.colcon_core.shell:Creating environment hook '/home/mrc/sim_ws/install/gap_follow/share/gap_follow/hook/pythonpath.sh'
[4.259s] Level 1:colcon.colcon_core.environment:checking '/home/mrc/sim_ws/install/gap_follow/bin'
[4.259s] INFO:colcon.colcon_core.shell:Creating package script '/home/mrc/sim_ws/install/gap_follow/share/gap_follow/package.ps1'
[4.260s] INFO:colcon.colcon_core.shell:Creating package descriptor '/home/mrc/sim_ws/install/gap_follow/share/gap_follow/package.dsv'
[4.261s] INFO:colcon.colcon_core.shell:Creating package script '/home/mrc/sim_ws/install/gap_follow/share/gap_follow/package.sh'
[4.262s] INFO:colcon.colcon_core.shell:Creating package script '/home/mrc/sim_ws/install/gap_follow/share/gap_follow/package.bash'
[4.263s] INFO:colcon.colcon_core.shell:Creating package script '/home/mrc/sim_ws/install/gap_follow/share/gap_follow/package.zsh'
[4.264s] Level 1:colcon.colcon_core.environment:create_file_with_runtime_dependencies(/home/mrc/sim_ws/install/gap_follow/share/colcon-core/packages/gap_follow)
[4.266s] DEBUG:colcon.colcon_parallel_executor.executor.parallel:closing loop
[4.267s] DEBUG:colcon.colcon_parallel_executor.executor.parallel:loop closed
[4.267s] DEBUG:colcon.colcon_parallel_executor.executor.parallel:run_until_complete finished with '0'
[4.267s] DEBUG:colcon.colcon_core.event_reactor:joining thread
[4.275s] INFO:colcon.colcon_core.plugin_system:Skipping extension 'colcon_notification.desktop_notification.terminal_notifier': Not used on non-Darwin systems
[4.275s] INFO:colcon.colcon_core.plugin_system:Skipping extension 'colcon_notification.desktop_notification.win32': Not used on non-Windows systems
[4.275s] INFO:colcon.colcon_notification.desktop_notification:Sending desktop notification using 'notify2'
[4.306s] DEBUG:colcon.colcon_core.event_reactor:joined thread
[4.306s] INFO:colcon.colcon_core.shell:Creating prefix script '/home/mrc/sim_ws/install/local_setup.ps1'
[4.308s] INFO:colcon.colcon_core.shell:Creating prefix util module '/home/mrc/sim_ws/install/_local_setup_util_ps1.py'
[4.310s] INFO:colcon.colcon_core.shell:Creating prefix chain script '/home/mrc/sim_ws/install/setup.ps1'
[4.312s] INFO:colcon.colcon_core.shell:Creating prefix script '/home/mrc/sim_ws/install/local_setup.sh'
[4.314s] INFO:colcon.colcon_core.shell:Creating prefix util module '/home/mrc/sim_ws/install/_local_setup_util_sh.py'
[4.316s] INFO:colcon.colcon_core.shell:Creating prefix chain script '/home/mrc/sim_ws/install/setup.sh'
[4.318s] INFO:colcon.colcon_core.shell:Creating prefix script '/home/mrc/sim_ws/install/local_setup.bash'
[4.320s] INFO:colcon.colcon_core.shell:Creating prefix chain script '/home/mrc/sim_ws/install/setup.bash'
[4.322s] INFO:colcon.colcon_core.shell:Creating prefix script '/home/mrc/sim_ws/install/local_setup.zsh'
[4.325s] INFO:colcon.colcon_core.shell:Creating prefix chain script '/home/mrc/sim_ws/install/setup.zsh'
