[0.037s] Invoking command in '/home/mrc/sim_ws/build/pure_pursuit': CMAKE_PREFIX_PATH=${CMAKE_PREFIX_PATH}:/home/mrc/sim_ws/install/camera_pkg:/home/mrc/sim_ws/install/rrt_package:/home/mrc/sim_ws/install/ppo_racing:/home/mrc/sim_ws/install/particle_filter:/home/mrc/sim_ws/install/f1tenth_gym_ros:/home/mrc/sim_ws/install/RRT_package:/opt/ros/foxy /usr/bin/cmake --build /home/mrc/sim_ws/build/pure_pursuit -- -j2 -l2
[0.923s] Invoked command in '/home/mrc/sim_ws/build/pure_pursuit' returned '0': CMAKE_PREFIX_PATH=${CMAKE_PREFIX_PATH}:/home/mrc/sim_ws/install/camera_pkg:/home/mrc/sim_ws/install/rrt_package:/home/mrc/sim_ws/install/ppo_racing:/home/mrc/sim_ws/install/particle_filter:/home/mrc/sim_ws/install/f1tenth_gym_ros:/home/mrc/sim_ws/install/RRT_package:/opt/ros/foxy /usr/bin/cmake --build /home/mrc/sim_ws/build/pure_pursuit -- -j2 -l2
[1.002s] Invoking command in '/home/mrc/sim_ws/build/pure_pursuit': CMAKE_PREFIX_PATH=${CMAKE_PREFIX_PATH}:/home/mrc/sim_ws/install/camera_pkg:/home/mrc/sim_ws/install/rrt_package:/home/mrc/sim_ws/install/ppo_racing:/home/mrc/sim_ws/install/particle_filter:/home/mrc/sim_ws/install/f1tenth_gym_ros:/home/mrc/sim_ws/install/RRT_package:/opt/ros/foxy /usr/bin/cmake --install /home/mrc/sim_ws/build/pure_pursuit
[1.043s] -- Install configuration: ""
[1.049s] -- Execute custom install script
[1.054s] -- Up-to-date symlink: /home/mrc/sim_ws/install/pure_pursuit/share/pure_pursuit/environment/pythonpath.sh
[1.060s] -- Up-to-date symlink: /home/mrc/sim_ws/install/pure_pursuit/share/pure_pursuit/environment/pythonpath.dsv
[1.070s] -- Up-to-date symlink: /home/mrc/sim_ws/install/pure_pursuit/lib/python3.8/site-packages/pure_pursuit/__init__.py
[1.073s] -- Up-to-date symlink: /home/mrc/sim_ws/install/pure_pursuit/lib/pure_pursuit/pure_pursuit_node.py
[1.074s] -- Up-to-date symlink: /home/mrc/sim_ws/install/pure_pursuit/share/ament_index/resource_index/package_run_dependencies/pure_pursuit
[1.080s] -- Up-to-date symlink: /home/mrc/sim_ws/install/pure_pursuit/share/ament_index/resource_index/parent_prefix_path/pure_pursuit
[1.083s] -- Up-to-date symlink: /home/mrc/sim_ws/install/pure_pursuit/share/pure_pursuit/environment/ament_prefix_path.sh
[1.086s] -- Up-to-date symlink: /home/mrc/sim_ws/install/pure_pursuit/share/pure_pursuit/environment/ament_prefix_path.dsv
[1.088s] -- Up-to-date symlink: /home/mrc/sim_ws/install/pure_pursuit/share/pure_pursuit/environment/path.sh
[1.090s] -- Up-to-date symlink: /home/mrc/sim_ws/install/pure_pursuit/share/pure_pursuit/environment/path.dsv
[1.093s] -- Up-to-date symlink: /home/mrc/sim_ws/install/pure_pursuit/share/pure_pursuit/local_setup.bash
[1.095s] -- Up-to-date symlink: /home/mrc/sim_ws/install/pure_pursuit/share/pure_pursuit/local_setup.sh
[1.096s] -- Up-to-date symlink: /home/mrc/sim_ws/install/pure_pursuit/share/pure_pursuit/local_setup.zsh
[1.100s] -- Up-to-date symlink: /home/mrc/sim_ws/install/pure_pursuit/share/pure_pursuit/local_setup.dsv
[1.103s] -- Symlinking: /home/mrc/sim_ws/install/pure_pursuit/share/pure_pursuit/package.dsv
[1.161s] -- Up-to-date symlink: /home/mrc/sim_ws/install/pure_pursuit/share/ament_index/resource_index/packages/pure_pursuit
[1.165s] -- Up-to-date symlink: /home/mrc/sim_ws/install/pure_pursuit/share/pure_pursuit/cmake/pure_pursuitConfig.cmake
[1.168s] -- Up-to-date symlink: /home/mrc/sim_ws/install/pure_pursuit/share/pure_pursuit/cmake/pure_pursuitConfig-version.cmake
[1.170s] -- Up-to-date symlink: /home/mrc/sim_ws/install/pure_pursuit/share/pure_pursuit/package.xml
[1.301s] Listing '/home/mrc/sim_ws/install/pure_pursuit/lib/python3.8/site-packages/pure_pursuit'...
[1.324s] Invoked command in '/home/mrc/sim_ws/build/pure_pursuit' returned '0': CMAKE_PREFIX_PATH=${CMAKE_PREFIX_PATH}:/home/mrc/sim_ws/install/camera_pkg:/home/mrc/sim_ws/install/rrt_package:/home/mrc/sim_ws/install/ppo_racing:/home/mrc/sim_ws/install/particle_filter:/home/mrc/sim_ws/install/f1tenth_gym_ros:/home/mrc/sim_ws/install/RRT_package:/opt/ros/foxy /usr/bin/cmake --install /home/mrc/sim_ws/build/pure_pursuit
