[2.835s] Invoking command in '/home/mrc/sim_ws/src/f1tenth_gym_ros': PYTHONPATH=/home/mrc/sim_ws/build/f1tenth_gym_ros/prefix_override:/usr/lib/python3/dist-packages/colcon_core/task/python/colcon_distutils_commands:/home/mrc/sim_ws/install/f1tenth_gym_ros/lib/python3.8/site-packages:${PYTHONPATH} /usr/bin/python3 -W ignore:setup.py install is deprecated -W ignore:easy_install command is deprecated setup.py egg_info --egg-base ../../build/f1tenth_gym_ros build --build-base /home/mrc/sim_ws/build/f1tenth_gym_ros/build install --record /home/mrc/sim_ws/build/f1tenth_gym_ros/install.log --single-version-externally-managed install_data
[3.741s] running egg_info
[3.742s] writing ../../build/f1tenth_gym_ros/f1tenth_gym_ros.egg-info/PKG-INFO
[3.744s] writing dependency_links to ../../build/f1tenth_gym_ros/f1tenth_gym_ros.egg-info/dependency_links.txt
[3.746s] writing entry points to ../../build/f1tenth_gym_ros/f1tenth_gym_ros.egg-info/entry_points.txt
[3.750s] writing requirements to ../../build/f1tenth_gym_ros/f1tenth_gym_ros.egg-info/requires.txt
[3.752s] writing top-level names to ../../build/f1tenth_gym_ros/f1tenth_gym_ros.egg-info/top_level.txt
[3.879s] reading manifest file '../../build/f1tenth_gym_ros/f1tenth_gym_ros.egg-info/SOURCES.txt'
[3.882s] writing manifest file '../../build/f1tenth_gym_ros/f1tenth_gym_ros.egg-info/SOURCES.txt'
[3.882s] running build
[3.883s] running build_py
[3.886s] running install
[3.888s] running install_lib
[3.893s] running install_data
[3.894s] copying config/amcl_params.yaml -> /home/mrc/sim_ws/install/f1tenth_gym_ros/share/f1tenth_gym_ros/config
[3.895s] running install_egg_info
[3.902s] removing '/home/mrc/sim_ws/install/f1tenth_gym_ros/lib/python3.8/site-packages/f1tenth_gym_ros-0.0.0-py3.8.egg-info' (and everything under it)
[3.905s] Copying ../../build/f1tenth_gym_ros/f1tenth_gym_ros.egg-info to /home/mrc/sim_ws/install/f1tenth_gym_ros/lib/python3.8/site-packages/f1tenth_gym_ros-0.0.0-py3.8.egg-info
[3.909s] running install_scripts
[3.975s] Installing gym_bridge script to /home/mrc/sim_ws/install/f1tenth_gym_ros/lib/f1tenth_gym_ros
[3.977s] writing list of installed files to '/home/mrc/sim_ws/build/f1tenth_gym_ros/install.log'
[4.054s] Invoked command in '/home/mrc/sim_ws/src/f1tenth_gym_ros' returned '0': PYTHONPATH=/home/mrc/sim_ws/build/f1tenth_gym_ros/prefix_override:/usr/lib/python3/dist-packages/colcon_core/task/python/colcon_distutils_commands:/home/mrc/sim_ws/install/f1tenth_gym_ros/lib/python3.8/site-packages:${PYTHONPATH} /usr/bin/python3 -W ignore:setup.py install is deprecated -W ignore:easy_install command is deprecated setup.py egg_info --egg-base ../../build/f1tenth_gym_ros build --build-base /home/mrc/sim_ws/build/f1tenth_gym_ros/build install --record /home/mrc/sim_ws/build/f1tenth_gym_ros/install.log --single-version-externally-managed install_data
